0.4411764705882353
0.5581395348837209
0.30769230769230765
0.3934426229508197
0.5034965034965034
0.875
0.41176470588235287
0.6857142857142857
0.7017543859649122
0.8088235294117647
0.3529411764705882
0.5084745762711865
0.689655172413793
0.46153846153846156
0.6511627906976744
0.38709677419354843
0.923076923076923
0.48
0.75
0
0.21052631578947364
0.5660377358490566
0.4444444444444444
0.6395939086294417
0.6829268292682926
0.6
0.5454545454545454
0.5283018867924528
0
0.33333333333333337
0.7875
0.5714285714285715
0.6562499999999999
0.5052631578947367
0.504201680672269
0.32432432432432434
0.5454545454545454
0.6862745098039216
0.47058823529411764
0.48979591836734687
0.5
0.4705882352941177
0.4
0.5
0.42857142857142855
0.46511627906976744
0.28571428571428575
0.20689655172413793
0.5194805194805195
0.6122448979591836
0
0.7875
0.30612244897959184
0.823529411764706
0.7499999999999999
0.39603960396039606
0.3888888888888889
0.4
0.7692307692307693
0.6818181818181818
0.6461538461538462
0.16393442622950818
0.7272727272727273
0.4210526315789474
0.32432432432432434
0.5555555555555556
0.16666666666666666
0.3333333333333333
0.5
0.4528301886792453
0.3870967741935483
0.2857142857142857
0.8695652173913044
0.2608695652173913
0.679245283018868
0.4137931034482759
0.4210526315789474
0.0
0.5217391304347827
0.4444444444444445
0
0.5333333333333333
0.46511627906976744
0.35714285714285715
0.8333333333333334
0.6521739130434783
0.5714285714285714
0.4
0.4571428571428572
0.15625
0.8516129032258064
0.49557522123893805
0.6486486486486486
0
0.4
0.6666666666666666
0.6428571428571428
0.17910447761194032
0.3157894736842105
0.8
0.5333333333333333
0.3
0.6060606060606061
0.5874125874125874
0.5333333333333333
0.43636363636363634
0.48979591836734687
0.4255319148936171
0.38095238095238093
0.6666666666666666
0.7692307692307693
0.8571428571428571
0.20588235294117646
0.48979591836734687
0.30769230769230765
0.6131386861313869
0.6122448979591836
0.7368421052631577
0.7999999999999999
0.1818181818181818
0.5405405405405406
0.4
0.375
0.7272727272727273
0.5294117647058824
0.0
0.7547169811320756
0.8000000000000002
0.22222222222222224
0.13333333333333333
0.40816326530612246
0.18181818181818182
0.631578947368421
0.5714285714285715
0.35294117647058826
0.39999999999999997
0.3529411764705882
0.5454545454545454
0.5045045045045046
1.0
0.40268456375838935
1.0
0.36363636363636365
0.3389830508474576
0.5714285714285715
0.9333333333333333
0.8571428571428571
0.3157894736842105
0.4
0.6390041493775934
0.34285714285714286
0.56
0.5755813953488371
0.3333333333333333
0.3870967741935484
0.4
0.44117647058823534
0.3636363636363636
0.4205607476635514
0.7129629629629629
0.496551724137931
0.5675675675675675
0.2962962962962963
0.8571428571428571
0.3333333333333333
0.47619047619047616
0.46153846153846156
0.591549295774648
0.6176470588235293
0.47619047619047616
0.375
0.4347826086956522
0.56
0.4883720930232558
0.28571428571428575
0.6
0.48979591836734687
0.5
0.6930693069306931
0.7142857142857143
0.5
0.8333333333333334
0.47058823529411764
0.3773584905660377
0.888888888888889
0.6666666666666666
0.3333333333333333
0.5
0.5
0.37974683544303794
0.6086956521739131
0.4444444444444444
0.4444444444444445
1.0
0.3125
0.4
0.3076923076923077
1.0
0.3578274760383386
0.33333333333333337
0.5874125874125874
0.3636363636363636
0.22222222222222224
0.631578947368421
0.35294117647058826
0.588235294117647
0.25
0.5825242718446602
0.3243243243243243
0.5714285714285715
0.606060606060606
0.4615384615384615
0.5128205128205129
0.4666666666666667
0.3773584905660377
0.6153846153846153
0.4
0.3870967741935483
0.380952380952381
0.4210526315789474
0.5454545454545454
0.38095238095238093
0.631578947368421
0.3981042654028436
0.6
0.4444444444444445
0.4444444444444444
0.7636363636363638
0.6086956521739131
0.2727272727272727
0.631578947368421
0.9090909090909091
0.5
0.5714285714285714
0.689655172413793
0.4067796610169491
0.4545454545454545
0.35294117647058826
0.5833333333333334
0.7894736842105262
0.3888888888888889
0.4102564102564103
0.48000000000000004
0.42857142857142855
0.5365853658536585
0.1509433962264151
0.5206611570247934
0.3934426229508197
0.7417218543046358
0.4
0.39436619718309857
0.7499999999999999
0.75
0.47619047619047616
0.4216867469879518
0.47244094488188976
0.0
0.20689655172413796
0.20202020202020202
0.588235294117647
0.4444444444444444
0.6
0.41666666666666663
0.375
0.8000000000000002
0.4
0.46601941747572817
1.0
0.7692307692307692
0.5737704918032788
0.588235294117647
0.6153846153846154
0.7272727272727272
0.631578947368421
0.380952380952381
0.3846153846153846
0.5436893203883495
0.4210526315789474
0.4137931034482759
0.375
1.0
0.48
0.6470588235294118
0.4444444444444445
0.42857142857142855
0.6666666666666666
0.2637362637362637
0.28571428571428575
0.6666666666666666
1.0
0.5874125874125874
0.40935672514619886
0.375
1.0
1.0
0.5109489051094891
0.1415929203539823
0.4444444444444445
0.8000000000000002
0.5599999999999999
0.35820895522388063
0.47058823529411764
0.5853658536585366
1.0
0.0
0.4
0.6779661016949152
0.3809523809523809
0.4137931034482759
0.2631578947368421
0.125
0.3333333333333333
0.44799999999999995
0.7272727272727273
0.6250000000000001
0.7499999999999999
0.5454545454545455
0.6222222222222222
0.42857142857142855
0.5714285714285715
0.5
1.0
0.4444444444444445
0.4958677685950413
0.8
0.45528455284552843
0.6363636363636364
0.5161290322580646
0.3773584905660377
0.4444444444444445
0.48979591836734687
0.37837837837837834
0.41447368421052627
0.4300341296928328
0.5660377358490566
0.6486486486486486
0.4666666666666666
0.4444444444444445
0.36363636363636365
0.39999999999999997
0.4044943820224719
0.2222222222222222
0.28571428571428575
0.5
0.41666666666666663
1.0
0.4444444444444444
0.5833333333333334
0.6549707602339182
1.0
0.375
0.38709677419354843
0.6324324324324324
1.0
1.0
0.7142857142857143
0.6194690265486726
0.3947368421052631
0.32432432432432434
0.8571428571428571
0.4347826086956522
0.3310344827586207
0.42857142857142855
0.4933920704845815
0.45454545454545453
0.2105263157894737
0.35
0.4123711340206186
0.2950819672131148
0.4216867469879518
0.5490196078431373
0.6340057636887607
0.7159090909090909
0.49295774647887325
0.48000000000000004
0.4918032786885245
0.4444444444444445
0.6461538461538462
0.5714285714285715
0.625
0.20588235294117646
0.3956043956043956
1.0
1.0
0.45953002610966054
1.0
0.5714285714285715
0.75
0.5
0.4705882352941177
1.0
0.375
0.38834951456310673
0.5185185185185186
0.7692307692307692
0.43478260869565216
0.22222222222222224
0.5454545454545454
0.8571428571428571
0.4
0.4
0.7058823529411765
0.4444444444444445
0.26666666666666666
0.7317073170731706
0.4827586206896552
0.4597701149425288
0.4
0.7228915662650602
0.8000000000000002
0.21276595744680848
0.4444444444444445
0.7692307692307692
0.42857142857142855
0.6666666666666666
1.0
0.8571428571428571
0.28571428571428575
0.3636363636363636
0.6111111111111112
0.5853658536585367
0.6875
0.8421052631578948
0.5714285714285715
0.6666666666666665
0.39999999999999997
0.46153846153846156
0.6666666666666666
0.42857142857142855
0.6153846153846154
0.8
0.4210526315789474
0.5479452054794521
0.13793103448275865
0.38709677419354843
0.30769230769230765
0.4000000000000001
0.0
0.41666666666666663
0.634920634920635
1.0
0.5
0.3660130718954248
0.6206896551724139
0.358974358974359
0.36363636363636365
0.36363636363636365
0.6
0.375
0.36363636363636365
0.6481481481481481
0.30188679245283023
0.4
0.36363636363636365
0.42553191489361697
0.34782608695652173
0.5925925925925926
0.42857142857142855
0.28571428571428575
0.6153846153846154
0.5633802816901409
0.5185185185185186
0.5
0.7272727272727273
0.5844155844155845
0.5673758865248226
0.7547169811320756
0.8
1.0
0.5454545454545454
0.5
0.6
0.7773851590106008
0.4444444444444445
0.6153846153846153
0.4444444444444445
0.28571428571428575
0.6
0.5357142857142858
0.5562913907284769
0.4
0.7422680412371134
0.5714285714285715
0.5454545454545455
0.5
0.4948453608247423
0.888888888888889
0.6412213740458015
0.4444444444444444
0.0
0
0.5714285714285715
0.5
0.5714285714285715
0.6153846153846153
0.4
0.36363636363636365
0.6153846153846154
0.3636363636363636
0.5
0.5
0.8
0.5714285714285715
0.6666666666666665
0.3225806451612903
0.25
0.5853658536585366
0.4444444444444444
0.8571428571428571
0.5853658536585367
0.33333333333333337
0.5714285714285715
0.75
0.5405405405405405
1.0
1.0
0.6131386861313869
0.6666666666666666
0.7417218543046358
0.4
0.8750000000000001
0.3925233644859813
1.0
0.4054054054054054
0.48979591836734687
0.29411764705882354
0.7499999999999999
0.375
0.2222222222222222
0.43902439024390244
0.25
0.8
0.6666666666666666
0.5714285714285715
0.47058823529411764
0.594059405940594
0.5333333333333333
0.5552050473186121
0.7368421052631577
0.49180327868852464
0.291970802919708
1.0
0.3333333333333333
0.328125
0.5820105820105821
0.8
0.25
0.30769230769230765
0.3
0.418848167539267
0.2105263157894737
0.5
0.4
0.6666666666666666
0.5217391304347826
0.588235294117647
0.5263157894736842
0.5172413793103449
0.25
0.30769230769230765
1.0
0.7142857142857142
0.5436893203883495
0.8
0.6666666666666666
0.2
0.591549295774648
0.6451612903225806
0
0.64
0.4
1.0
0.7228915662650602
0.25
0.43243243243243246
0.48387096774193544
1.0
0.4
0.5363984674329502
0.5555555555555556
1.0
0.5
0.2947368421052632
0.4
1.0
0.5714285714285715
0.6092307692307694
0.5
1.0
0.5
0.0
0.5607476635514019
0.4137931034482759
0.47058823529411764
0.5454545454545454
0.4210526315789474
0.6976744186046512
0.631578947368421
0.7887323943661971
0.5263157894736842
0.8000000000000002
0.5436893203883495
0.770053475935829
0.7547169811320756
0.5714285714285715
0.4210526315789474
0.4
0.4444444444444445
0.6666666666666666
0.6666666666666666
0.2962962962962963
0.606060606060606
0.5714285714285715
0.3508771929824561
0.8571428571428571
0.7692307692307692
0.38095238095238093
0.26086956521739135
0.47058823529411764
0.5454545454545454
0.3508771929824561
0.7368421052631577
0.375
0.5454545454545454
0.3636363636363636
0.4363636363636363
0.8235294117647058
0.4210526315789474
0.7317073170731706
0.3076923076923077
0.6075949367088607
0.3037974683544304
0.2916666666666667
0.4945054945054946
0.30303030303030304
0.5106382978723405
0.46875
0.888888888888889
0.5106382978723405
0.47058823529411764
0.625
0.5633802816901409
0.4210526315789474
0.4
0.5161290322580645
0.45751633986928103
0.3116883116883117
0.689655172413793
0.717948717948718
0.6521739130434783
0.0
0.6666666666666666
0.4210526315789474
0.32558139534883723
0.8333333333333333
0.27272727272727276
0.5925925925925926
0.22222222222222224
0.8750000000000001
0.5714285714285715
0.6451612903225806
0.3111111111111111
0.26666666666666666
0.5301204819277109
0.594059405940594
0.7142857142857143
0.39436619718309857
0.4545454545454545
0.448
0.5797101449275363
0.4897959183673469
0.8
0.5217391304347827
0.48979591836734687
0.27906976744186046
0.7692307692307693
0.7260726072607261
0.7766990291262137
0.6086956521739131
0.5555555555555556
0.631578947368421
0.48780487804878053
0.6187845303867403
0.48979591836734687
0.9473684210526316
0.5853658536585366
0.6153846153846153
0.42105263157894735
0.5333333333333333
0.5263157894736842
0.4161849710982659
0.5714285714285714
0.4
0.7272727272727272
0.4444444444444445
0.5555555555555556
0.5333333333333333
0.3125
0.0
0.504201680672269
0.3636363636363636
0.33333333333333337
0.4615384615384615
0.5
0.5714285714285714
0.6194690265486726
0.5185185185185186
0.5
0.75
0.28571428571428575
0.8000000000000002
0.26666666666666666
0.34782608695652173
0.4
0.6666666666666666
0
0.39999999999999997
0.5581395348837209
0.5970149253731343
0.888888888888889
0.42857142857142855
0.3333333333333333
0.39999999999999997
0.5217391304347826
0.5
0.5106382978723405
0.4878048780487804
0.37499999999999994
0.888888888888889
0.7088607594936709
0.22471910112359555
0.6153846153846155
1.0
0.6250000000000001
0.8510638297872342
0.48387096774193544
0.4274809160305344
0.5633802816901409
0.7999999999999999
0.5633802816901409
0.6
0.7058823529411765
0.6976744186046512
0.8391608391608392
0.6575342465753425
0.761904761904762
0.380952380952381
0.6666666666666666
0.5
0.2580645161290322
0.7368421052631579
0.3380281690140845
0.6511627906976744
0.21621621621621623
0.5217391304347826
0.35294117647058826
0.6818181818181818
0.6666666666666666
0.7999999999999999
0.6666666666666666
0.673076923076923
0.7499999999999999
0.631578947368421
0.6
0.25
0.3380281690140845
0.625
0.5429864253393666
0.7516778523489932
0.16
0.4
0.6481481481481481
0.7384615384615384
0.6666666666666666
0.30769230769230765
0.33333333333333337
0.47058823529411764
0.4
0.4545454545454545
0.7636363636363638
0.42857142857142855
0.4
0.28571428571428575
0.48780487804878053
0.5263157894736842
0.588235294117647
0.5521472392638037
0.448
0.4077669902912621
0.7272727272727273
0.2857142857142857
0.37209302325581395
0.42857142857142855
0.4444444444444444
0.5333333333333333
0.6
0.2553191489361702
0.6
0.48387096774193544
0.7407407407407408
0.4528301886792453
0.28571428571428575
0.5128205128205129
0.24
0.5263157894736842
0.35294117647058826
0.5853658536585366
0.5
0.16666666666666666
0.3846153846153846
0.19047619047619047
0.5045045045045046
0.4210526315789474
0.24242424242424246
0.5
0.5405405405405406
0.4528301886792453
0.5357142857142858
0.7368421052631579
0.3620689655172414
0.4210526315789473
0.5
0.6792452830188679
0.4918032786885245
0.5714285714285715
1.0
0.45454545454545453
0.5106382978723405
0.5957446808510638
0.4
0.27272727272727276
1.0
0.5217391304347826
0.888888888888889
0.6774193548387097
0.5
0.625
0.6666666666666666
0.6256983240223464
0.9090909090909091
0.5
0.4800000000000001
0.5957446808510638
0.6666666666666666
0.8
0.8296296296296296
0.3
0.6
0.5806451612903225
0.1111111111111111
0.32000000000000006
0.3333333333333333
0.5
0.46153846153846156
0.6666666666666666
0.4274809160305344
0.3783783783783784
1.0
0.2608695652173913
0.4878048780487804
0.42857142857142855
0.5430809399477806
0.19354838709677422
0.0
0.5538461538461538
0.3157894736842105
0.5303030303030303
0.6741573033707865
0.5194805194805195
0.4
1.0
0.8807339449541285
0.2857142857142857
0.29268292682926833
0.34285714285714286
1.0
0.6603773584905661
0.2285714285714286
0
0.2222222222222222
0.4444444444444445
0.5217391304347827
0.6787878787878787
0.691358024691358
0.3773584905660378
1.0
0.5581395348837209
0.5
0.7547169811320756
0.4
0.641095890410959
0.5454545454545454
0.5517241379310345
0.6857142857142857
1.0
0.75
0.4
0.5147058823529411
0.5
0.5142857142857143
0.75
0.7133757961783439
0.6666666666666666
0.5
1.0
0.23529411764705882
0.5106382978723405
0.45
0.75
0.47619047619047616
0.4000000000000001
0
0.5581395348837209
1.0
0.4787234042553191
0.6666666666666666
0.30769230769230765
0.3867403314917128
0.3493449781659389
0.5
0.3870967741935483
0.6666666666666665
1.0
0.5333333333333333
0.6481481481481481
0.4918032786885245
1.0
0.3829787234042553
0.46511627906976744
0.7272727272727272
0.2898550724637682
0.5833333333333334
0.679245283018868
0.45161290322580644
0.36363636363636365
0.4077669902912621
0.6473988439306358
0.4666666666666667
0.4000000000000001
0.4444444444444445
0.6796116504854369
0.34883720930232565
0.22857142857142856
0.631578947368421
1.0
0.4375
0.5
0.44036697247706424
0.22222222222222224
0.625
0.27586206896551724
1.0
0.5217391304347825
0.4827586206896552
0.345679012345679
0.577319587628866
0.5263157894736842
0.5294117647058824
0.5454545454545454
0.30303030303030304
0.6666666666666666
1.0
0.19047619047619047
1.0
0.1643835616438356
0.396039603960396
0.7516778523489932
0.48780487804878053
0.48
0.3076923076923077
0.6366559485530546
0.4444444444444445
0.35294117647058826
1.0
0.5263157894736842
0.35294117647058826
0.41379310344827586
0.608695652173913
0.5853658536585366
0.43853820598006643
0.47619047619047616
0.588235294117647
0.46153846153846156
0.49723756906077354
0.5
0.4067796610169491
0.0
0.3870967741935484
1.0
0.4827586206896552
0.36363636363636365
0.5454545454545454
0.4912280701754386
0.36363636363636365
0.28169014084507044
0.6021505376344085
0.6542056074766356
0.5333333333333333
0.26086956521739135
0.2649006622516556
0.47619047619047616
0.5714285714285715
0.4615384615384615
0.46153846153846156
0.3037974683544304
0.5384615384615384
1.0
0.5555555555555556
0.8333333333333334
0.2857142857142857
0.4444444444444444
0.631578947368421
1.0
0.8571428571428571
0.4148148148148148
0.4918032786885245
0.41666666666666663
0.5283018867924528
0.4444444444444445
0.18666666666666668
