0.7428571428571428
0.22222222222222224
0.4878048780487805
0.8148148148148148
0.68
0.6818181818181818
0.56
0.5625000000000001
0.7346938775510204
0.6923076923076923
0.30769230769230765
0.56
0.6666666666666666
0.6511627906976744
0.41666666666666663
0.6
0.6842105263157895
0.23076923076923075
0.3157894736842105
0.7037037037037037
0.28571428571428575
0.6
0.30769230769230765
0.7346938775510204
0.5
0.6779661016949152
0.5925925925925927
0.5641025641025641
0.7441860465116279
0.6666666666666665
0.7619047619047619
0.41379310344827586
0.72
0.3181818181818182
0.75
0.40816326530612246
0.4666666666666667
0.8399999999999999
0.5
0.7317073170731707
0.25
0.5945945945945946
0.5263157894736842
0.6923076923076923
0.4444444444444444
0.48
0.5
0.41379310344827586
0.55
0.47058823529411764
0.4615384615384615
0.8260869565217391
0.7234042553191491
0.5
0.717948717948718
0.5925925925925927
0.7692307692307693
0.5853658536585366
0.7692307692307692
0.5263157894736842
0.5
0.35714285714285715
0.7222222222222222
0.46511627906976744
0.45
0.6842105263157895
0.3125
0.7307692307692307
0.6037735849056605
0.5882352941176471
0.4615384615384615
0.30769230769230765
0.4313725490196078
0.5714285714285715
0.7142857142857143
0.41379310344827586
0.4102564102564102
0.5
0.5625
0.4166666666666667
0.2580645161290323
0.5714285714285714
0.7796610169491526
0.5
0.6274509803921569
0.26666666666666666
0.5833333333333334
0.5142857142857142
0.6363636363636364
0.5555555555555556
0.6779661016949152
0.7499999999999999
0.5098039215686274
0.6046511627906976
0.4444444444444444
0.7391304347826085
0.6415094339622641
0.631578947368421
0.6363636363636365
0.5365853658536585
0.47058823529411764
0.10000000000000002
0.7391304347826088
0.4210526315789474
0.28571428571428575
0.744186046511628
0.7272727272727272
0.5106382978723404
0.7
0.6875
0.6923076923076923
0.8260869565217391
0.6666666666666666
0.3333333333333333
0.22222222222222224
0.6956521739130435
0.5641025641025642
0.8
0.7636363636363636
0.588235294117647
0.6538461538461539
0.2105263157894737
0.1818181818181818
0.2857142857142857
0.2857142857142857
0.4444444444444444
0.5714285714285714
0.6875
0.5454545454545454
0.29411764705882354
0.26666666666666666
0.25
0.5555555555555556
0.31250000000000006
0.36363636363636365
0.4666666666666667
0.5
0.2580645161290323
0.5555555555555555
0.9090909090909091
0.39999999999999997
0.8571428571428571
0.4507042253521127
0.43478260869565216
0.5714285714285715
0.6428571428571429
0.5
0.30769230769230765
0.18750000000000003
0.6538461538461539
0.6046511627906976
0.6538461538461539
0.588235294117647
0.4912280701754386
0.6829268292682926
0.42857142857142855
0.5066666666666667
0.6470588235294118
0.4556962025316456
0.7083333333333333
0.5070422535211268
0.35483870967741943
0.3013698630136986
0.5833333333333334
0.41666666666666663
0.4242424242424242
0.26666666666666666
0.33333333333333337
0.3934426229508197
0.3125
0.6206896551724138
0.27272727272727276
0.3793103448275862
0.3448275862068965
0.07692307692307691
0.5714285714285714
0.46153846153846156
0.4444444444444445
0.41379310344827586
0.5
0.4
0.5789473684210527
0.35294117647058826
0.34615384615384615
0.380952380952381
0.25
0.38461538461538464
0.4126984126984127
0.380952380952381
0.4999999999999999
0.49180327868852464
0.16666666666666669
0.5
0.5555555555555556
0.10256410256410256
0.4799999999999999
0.33333333333333337
0.8571428571428571
0.3917525773195876
0.42857142857142855
0.5901639344262295
0.09523809523809525
0.5581395348837208
0.5454545454545455
0.3404255319148936
0.5853658536585366
0.6666666666666666
0.23076923076923075
0.3125
0.13793103448275862
0.5106382978723404
0.6153846153846154
0.5217391304347826
0.48275862068965514
0.2424242424242424
0.39999999999999997
0.16
0.4897959183673469
0.15
0.6
0.4528301886792453
0.5333333333333333
0.5
0.3870967741935484
0.6206896551724138
0.5833333333333334
0.20689655172413796
0.4444444444444445
0.7222222222222223
0.6222222222222223
0.4415584415584415
0.689655172413793
0.28571428571428575
0.4444444444444445
0.5714285714285715
0.4090909090909091
0.6031746031746031
0.7777777777777777
0.49056603773584906
0.5714285714285715
0.5
0.5507246376811593
0.5671641791044776
0.3448275862068966
0.4489795918367347
0.5652173913043479
0.46428571428571425
0.6557377049180327
0.7999999999999999
0.2105263157894737
0.32098765432098764
0.5263157894736842
0.56
0.30434782608695654
0.48
0.5185185185185186
0
0.48000000000000004
0.49230769230769234
0.7586206896551724
0.13333333333333333
0.6
0.3614457831325302
0.4666666666666667
0.6153846153846153
0.2916666666666667
0.4050632911392405
0.8666666666666667
0.5454545454545454
0.3902439024390244
0.42424242424242425
0.5
0.5263157894736842
0.4186046511627907
0.20833333333333334
0.35555555555555557
0.6451612903225806
0.5172413793103449
0.2456140350877193
0.4615384615384615
0.9285714285714286
0.17391304347826086
0.7555555555555555
0.4857142857142857
0.39999999999999997
0.7
0.42857142857142855
0.0909090909090909
0.32
0.9583333333333334
0.48484848484848486
0.2162162162162162
0.5517241379310344
0.9047619047619048
0.75
0.4444444444444445
0.4
0.3225806451612903
0.6250000000000001
0.4482758620689655
0.36065573770491804
0.5625
0.64
0.5714285714285715
0.75
0.4827586206896552
0.6875
0.5245901639344263
0.631578947368421
0.48571428571428577
0.18750000000000003
0.425531914893617
0.5168539325842697
0.6753246753246753
0.5714285714285715
0.7058823529411765
0.2127659574468085
0.5217391304347826
0.45161290322580644
0.47058823529411764
0.380952380952381
0.8421052631578948
0.34782608695652173
0.5853658536585366
0.5714285714285714
0.39473684210526316
0.48
0.28571428571428575
0.42857142857142855
0.5
0.6376811594202899
0.41935483870967744
0.47727272727272724
0.42105263157894735
0.22857142857142856
0.6511627906976744
0.33333333333333337
0.5714285714285714
0.37500000000000006
0.4
0.6206896551724138
0.411764705882353
0.12903225806451615
0.45783132530120485
0.5833333333333334
0.8571428571428571
0.6153846153846154
0.6666666666666667
0.5306122448979591
0.9387755102040817
0.5185185185185186
0.5555555555555556
0.5287356321839081
0.9285714285714286
0.9615384615384616
0.6829268292682926
0.41666666666666663
0.2608695652173913
0.3684210526315789
0.30769230769230765
0.38709677419354843
0.25
0.75
0.5172413793103448
0.6382978723404256
0.34615384615384615
0.3741403026134801
0.25
0.35714285714285715
0.4230769230769231
0.44000000000000006
0.4367816091954023
0.6666666666666666
0.47619047619047616
0.3142857142857143
0.631578947368421
0.45454545454545453
0.55
0.358974358974359
0.4
0.4444444444444444
0.606060606060606
0.9
0.9090909090909091
0.5168539325842697
0.9523809523809523
0.4444444444444444
0.8421052631578947
0.2608695652173913
0.41935483870967744
0.875
0.46511627906976744
0.2352941176470588
0.5507246376811593
0.6666666666666666
0.28571428571428575
0.11764705882352942
0.28571428571428564
0.5652173913043478
0.43478260869565216
0.26666666666666666
0.5172413793103449
0.5
0.22222222222222224
0.6976744186046512
0.4477611940298507
0.31746031746031744
0
0.22641509433962265
0.5357142857142857
0.2921348314606741
0.3846153846153846
0.5294117647058824
0.47619047619047616
0.5333333333333333
0.3333333333333333
0.4210526315789474
0.3888888888888889
0.2
0.6172839506172839
0.3
0.5757575757575758
0.6666666666666666
0.5714285714285714
0.5454545454545454
0.25
0.5833333333333334
0.39999999999999997
0.5853658536585366
0.2162162162162162
0.22222222222222224
0.46511627906976744
0.2553191489361702
0.4074074074074074
0.20833333333333334
0.29629629629629634
0.33333333333333326
0
0.46875000000000006
0.6301369863013698
0.28571428571428575
0.2857142857142857
0.5185185185185185
0.5714285714285715
0.3132530120481928
0.3571428571428571
0.5714285714285715
0.41025641025641024
0.3225806451612903
0.3
0.5185185185185186
0.3947368421052631
0.10526315789473685
0
0.36585365853658536
0.5945945945945946
0.5617977528089887
0.45901639344262296
0.1818181818181818
0.34285714285714286
0.45714285714285713
0.4242424242424243
0.16666666666666666
0.42857142857142855
0.5283018867924528
0.6440677966101694
0.26666666666666666
0.5714285714285714
0.4000000000000001
0.38888888888888884
0.16666666666666666
0.33333333333333337
0.4477611940298507
0.29629629629629634
0.36666666666666664
0.08333333333333334
0.4210526315789474
0.4615384615384615
0.35999999999999993
0.5573770491803278
0.32
0.5753424657534246
0.4
0.46808510638297873
0.4000000000000001
0.4857142857142857
0.6111111111111112
0.4999999999999999
0.16666666666666666
0
0.45454545454545453
0
0.125
0.13333333333333333
0.33333333333333337
0.16666666666666666
0.125
0.380952380952381
0.5
0
0.631578947368421
0.7999999999999999
0.3529411764705882
0.39999999999999997
0.13333333333333333
0.22222222222222224
0.3870967741935484
0.5
0.39999999999999997
0.43478260869565216
0.2222222222222222
0.19999999999999998
0.6
0.409090909090909
0.375
0.25
0.5882352941176471
0
0.711111111111111
0.3703703703703704
0.6521739130434783
0.32142857142857145
0.45454545454545453
0.6153846153846154
0.48484848484848486
0.32653061224489793
0.32
0.5714285714285715
0.4000000000000001
0.5074626865671642
0.2962962962962963
0.5555555555555556
0.6153846153846154
0.36363636363636365
0.41025641025641024
0.625
0.7096774193548386
0.3218390804597701
0.4878048780487805
0.5
0.42666666666666664
0.25
0.48
0.3333333333333333
0.5063291139240507
0.3529411764705882
0.10526315789473685
0.40816326530612246
0
0.17073170731707318
0.28571428571428575
0.1
0
0
0.6666666666666667
0.45
0.6486486486486486
0.2857142857142857
0.30769230769230765
0.23999999999999996
0.42857142857142855
0.6829268292682926
0.44000000000000006
0.26666666666666666
0.6666666666666665
0.5
0.5569620253164557
0.4444444444444445
0.4000000000000001
0.53125
0.30769230769230765
0.25
0.4680851063829787
0.22222222222222224
0.5161290322580646
0.619718309859155
0.7619047619047619
0.42857142857142855
0.4871794871794871
0.31578947368421056
0.6666666666666666
0.05405405405405406
0.380952380952381
0.3333333333333333
0.25
0.2222222222222222
0.5111111111111111
0.6470588235294118
0.5
0
0.125
0.42553191489361697
0.23529411764705882
0.3255813953488372
0.5454545454545454
0.4528301886792453
0.25
0.6153846153846153
0.7407407407407408
0.6190476190476191
0.31250000000000006
0.7391304347826088
0.7272727272727272
0.4186046511627907
0.5405405405405405
0.6666666666666666
0.5294117647058824
0.5128205128205129
0.2727272727272727
0.5882352941176471
0.29411764705882354
0.6086956521739131
0.4878048780487805
0.30769230769230765
0.8363636363636364
0.5116279069767442
0.7027027027027026
0.391304347826087
0.15384615384615383
0.4117647058823529
0.5
0.6190476190476191
0.4
0.5957446808510638
0.2105263157894737
0.4
0.7307692307692308
0.6530612244897959
0.5294117647058824
0.2631578947368421
0.5490196078431373
0.5909090909090909
0.5333333333333332
0.5641025641025641
0.5909090909090908
0.41025641025641024
0.39215686274509803
0.6666666666666666
0.45454545454545453
0.6341463414634146
0.6857142857142857
0.46153846153846156
0.6
0.5405405405405405
0.6470588235294117
0.5882352941176471
0.31999999999999995
0.4375
0.5294117647058824
0.30769230769230765
0.3
0.4666666666666667
0.358974358974359
0.6415094339622641
0.5
0.6666666666666667
0.7307692307692306
0.5
0.608695652173913
0.7083333333333334
0.7272727272727272
0.1818181818181818
0.6086956521739131
0.4864864864864865
0.7916666666666667
0.47619047619047616
0.6250000000000001
0.6666666666666667
0.6
0.4
0.5490196078431373
0.125
0.4324324324324324
0.7547169811320755
0.6521739130434783
0.6666666666666666
0.6896551724137931
0.6399999999999999
0.8205128205128205
0.30769230769230765
0.6046511627906976
0.5
0.39999999999999997
0.45161290322580644
0.8363636363636364
0.4444444444444445
0.6511627906976744
0.8461538461538461
0.5294117647058824
0.33333333333333337
0.8235294117647058
0.5490196078431373
0.75
0.3333333333333333
0.16326530612244897
0.8301886792452831
0.3225806451612903
0.43902439024390244
0.43749999999999994
0.5384615384615384
0.07407407407407407
0.43478260869565216
0.5833333333333334
0.2222222222222222
0.29411764705882354
0.15384615384615385
0.46153846153846156
0.2580645161290323
0.25
0.5
0.4827586206896552
0.380952380952381
0.37499999999999994
0.35714285714285715
0.6428571428571429
0.7234042553191489
0.5846153846153846
0.6451612903225806
0.2424242424242424
0.5833333333333334
0.5142857142857143
0.6875000000000001
0.723404255319149
0.5789473684210527
0.875
0.4888888888888889
0.5454545454545454
0.3333333333333333
0.6153846153846153
0.7659574468085107
0.29787234042553196
0.7755102040816326
0.6341463414634146
0.4666666666666667
0.6818181818181819
0.2777777777777778
0.8571428571428572
0.5128205128205129
0.6956521739130435
0.5142857142857142
0.5116279069767442
0.37499999999999994
0.6153846153846154
0.6808510638297872
0.627450980392157
0.7346938775510204
0.6222222222222223
0.48484848484848486
0.6451612903225806
0.6222222222222223
0.5531914893617021
0.6250000000000001
0.49056603773584906
0.5853658536585366
0.7894736842105263
0.2608695652173913
0.5909090909090909
0.5490196078431373
0.4166666666666667
0.6666666666666666
0.7391304347826088
0.5517241379310345
0.670926517571885
0.47058823529411764
0.4242424242424242
0.4230769230769231
0.7234042553191491
0.7796610169491527
0.43243243243243246
0.5405405405405405
0.4761904761904762
0.30769230769230765
0.4090909090909091
0.5
0.5384615384615384
0.5405405405405405
0.24242424242424243
0.26666666666666666
0.5531914893617021
0.7058823529411765
0.09523809523809525
0.693877551020408
0.4864864864864865
0.507936507936508
0.6842105263157895
0.5142857142857143
0.7777777777777777
0.7058823529411765
0.5853658536585366
0.5405405405405405
0.5405405405405405
0.631578947368421
0.689655172413793
0.5777777777777777
0.6875
0.6451612903225806
0.6274509803921569
0.4444444444444445
0.6666666666666667
0.4999999999999999
0.48148148148148145
0.39999999999999997
0.4390243902439024
0.4444444444444445
0
0.17391304347826086
0.33333333333333337
0.36363636363636365
0.08
0.358974358974359
0.22222222222222224
0.456140350877193
0.3
0.5128205128205129
0.35555555555555557
0.25
0.4864864864864865
0.2758620689655172
0.39999999999999997
0.37499999999999994
0.08333333333333333
0.3225806451612903
0.5581395348837209
0.26666666666666666
0.21428571428571427
0.90625
0.5531914893617021
0.6923076923076923
0.5217391304347827
0.5714285714285715
0.30434782608695654
0.7142857142857143
0.4615384615384615
0.34782608695652173
0.7234042553191491
0.2105263157894737
0.4666666666666667
0
0.6410256410256411
0.7096774193548386
0.6
0.2916666666666667
0.36363636363636365
0.45454545454545453
0.6428571428571429
0.8732394366197184
0.3636363636363637
0.5185185185185186
0.6
0.21052631578947364
0.06896551724137931
0.2222222222222222
0.5454545454545454
0.2222222222222222
0.22222222222222224
0.31884057971014496
0.4657534246575342
0.6666666666666666
0.4556962025316456
0.5822784810126582
0.410958904109589
0.5316455696202532
0.26086956521739124
0.3076923076923077
0.4050632911392405
0.3333333333333333
0.33333333333333337
0.6440677966101694
0.4
0.375
0.625
0.5952380952380952
0.46153846153846156
0.5
0.5853658536585366
0.5454545454545454
0.22641509433962265
0.3125
0.2
0.5853658536585366
0.375
0.7058823529411765
0.4482758620689655
0.4444444444444445
0.4507042253521127
0.42857142857142855
0.4
0
0.6111111111111113
0.24242424242424243
0.48101265822784806
0.6181818181818182
0.4444444444444445
0.29629629629629634
0.7586206896551724
0.5599999999999999
0.33333333333333326
0.39583333333333326
0.4615384615384615
0.41025641025641024
0.5
0.39215686274509803
0.6666666666666666
0.09523809523809525
0.3
0.2325581395348837
0.3076923076923077
0.4230769230769231
0.5333333333333333
0.819672131147541
0.4000000000000001
0.30769230769230765
0.5
0.5555555555555556
0.379746835443038
0.30769230769230765
0.20512820512820512
0.5
0.358974358974359
0.33333333333333326
0.3243243243243243
0.5
0.9
0.358974358974359
0.40625
0.43750000000000006
0.9285714285714286
0.2337662337662338
0.3125
0.3636363636363636
0.5263157894736842
0.7368421052631579
0.5714285714285714
0.44067796610169496
0.6428571428571429
0.15686274509803924
0.5384615384615385
0.6857142857142857
0.2641509433962264
0.411764705882353
0.5789473684210527
0.48
0.676056338028169
0.4
0.8787878787878788
0.4
0.6206896551724138
0.4358974358974359
0.17391304347826086
0.5333333333333333
0.6
0.8484848484848486
0.5333333333333333
0.3050847457627119
0.3835616438356165
0.4210526315789474
0.5365853658536586
0.5806451612903225
0.4117647058823529
0.14814814814814817
0.6666666666666667
0.875
0.3870967741935484
0.9444444444444444
0.37037037037037035
0.4888888888888889
0.3333333333333333
0.15789473684210525
0.29411764705882354
0.4
0.30769230769230765
0.2962962962962963
0.42857142857142855
0.9285714285714286
0.6101694915254238
0.3333333333333333
0.4390243902439025
0.4000000000000001
0.5714285714285715
0.4337349397590361
0.2857142857142857
0.625
0.5365853658536585
0.7391304347826088
0.7368421052631577
0.5217391304347826
0.4666666666666667
0.30434782608695654
0.9411764705882353
0.37837837837837834
0.3870967741935484
0.47058823529411764
0.5365853658536585
0.7741935483870969
0.3793103448275862
0.7567567567567567
0.4782608695652174
0.48000000000000004
0.2666666666666666
0.2711864406779661
0.5777777777777778
0
0.5517241379310345
0.4799999999999999
0.32142857142857145
0.3116883116883117
0.896551724137931
0.6341463414634148
0.43749999999999994
0.12121212121212122
0.34615384615384615
0.5454545454545454
0.9354838709677419
0.5714285714285713
0.4776119402985074
0.45
0.40816326530612246
0.5957446808510639
0.7450980392156863
0.6190476190476191
