0.7999999999999999
0.22222222222222224
0.5853658536585366
0.7407407407407408
0.68
0.8181818181818182
0.64
0.5625000000000001
0.7346938775510204
0.7692307692307693
0.41025641025641024
0.52
0.6666666666666666
0.6511627906976744
0.4999999999999999
0.6
0.6315789473684211
0.3846153846153846
0.4210526315789474
0.7407407407407408
0.28571428571428575
0.7
0.5
0.7755102040816326
0.5909090909090908
0.6440677966101694
0.6666666666666666
0.6153846153846154
0.7906976744186046
0.6666666666666665
0.7936507936507936
0.5517241379310345
0.72
0.3636363636363636
0.75
0.4489795918367347
0.5333333333333333
0.8399999999999999
0.5555555555555555
0.7804878048780488
0.5833333333333334
0.5945945945945946
0.5263157894736842
0.6923076923076923
0.5555555555555556
0.64
0.5500000000000002
0.4827586206896552
0.5
0.47058823529411764
0.5384615384615384
0.7826086956521738
0.7234042553191491
0.5
0.717948717948718
0.6296296296296297
0.7692307692307693
0.5853658536585366
0.7692307692307692
0.5789473684210527
0.625
0.35714285714285715
0.8333333333333334
0.5116279069767442
0.5
0.7368421052631579
0.3125
0.7307692307692307
0.6037735849056605
0.5294117647058824
0.4615384615384615
0.3846153846153846
0.7450980392156864
0.5
0.7142857142857143
0.4827586206896552
0.4615384615384615
0.5416666666666667
0.5625
0.4166666666666667
0.2580645161290323
0.6285714285714286
0.7796610169491526
0.6071428571428571
0.6666666666666666
0.33333333333333337
0.5833333333333334
0.5714285714285714
0.6363636363636364
0.5925925925925926
0.7118644067796611
0.7916666666666667
0.6666666666666667
0.6046511627906976
0.6666666666666667
0.782608695652174
0.7169811320754716
0.631578947368421
0.6818181818181818
0.5365853658536585
0.5294117647058824
0.75
0.6956521739130435
0.4736842105263158
0.28571428571428575
0.744186046511628
0.7272727272727272
0.6808510638297872
0.7
0.6875
0.6923076923076923
0.8260869565217391
0.7999999999999999
0.5333333333333333
0.22222222222222224
0.8260869565217391
0.5641025641025642
0.8444444444444444
0.7272727272727272
0.7058823529411764
0.6538461538461539
0.4210526315789474
0.303030303030303
0.39999999999999997
0.326530612244898
0.5000000000000001
0.7142857142857143
0.6875
0.7272727272727272
0.5294117647058824
0.26666666666666666
0.3
0.5555555555555556
0.375
0.4242424242424242
0.4666666666666667
0.5
0.3870967741935484
0.7407407407407408
0.9090909090909091
0.509090909090909
0.8571428571428571
0.47887323943661975
0.5217391304347826
0.5714285714285715
0.5
0.6
0.34615384615384615
0.43749999999999994
0.6923076923076923
0.5116279069767442
0.7692307692307693
0.7058823529411764
0.5964912280701754
0.7560975609756098
0.5
0.5066666666666667
0.6470588235294118
0.5822784810126581
0.7083333333333333
0.5070422535211268
0.41935483870967744
0.3835616438356164
0.6666666666666667
0.6666666666666667
0.5454545454545455
0.4
0.5416666666666667
0.6074600355239788
0.5
0.4827586206896552
0.5454545454545455
0.3448275862068965
0.48275862068965525
0.30769230769230765
0.5306122448979592
0.46153846153846156
0.4444444444444445
0.41379310344827586
0.625
0.4799999999999999
0.5789473684210527
0.35294117647058826
0.3846153846153846
0.47619047619047616
0.25
0.38461538461538464
0.380952380952381
0.5714285714285715
0.41666666666666663
0.36065573770491804
0.16666666666666669
0.5
0.5555555555555556
0.41025641025641024
0.64
0.4
0.8571428571428571
0.5567010309278351
0.47619047619047616
0.5245901639344263
0.380952380952381
0.5116279069767442
0.6060606060606061
0.5744680851063831
0.6341463414634146
0.7777777777777778
0.23076923076923075
0.37499999999999994
0.06896551724137931
0.6808510638297872
0.6153846153846154
0.5217391304347826
0.6436781609195402
0.42424242424242425
0.7000000000000001
0.16
0.5714285714285714
0.25
0.48
0.4528301886792453
0.6000000000000001
0.5
0.5161290322580645
0.5517241379310344
0.5833333333333334
0.3448275862068965
0.5777777777777778
0.5555555555555556
0.6666666666666666
0.4415584415584415
0.5517241379310344
0.5714285714285715
0.5185185185185186
0.7428571428571428
0.5
0.7301587301587301
0.7777777777777777
0.5283018867924528
0.5714285714285715
0.47500000000000003
0.5797101449275363
0.626865671641791
0.4827586206896552
0.5714285714285714
0.606936416184971
0.46428571428571425
0.6557377049180327
0.7999999999999999
0.3157894736842105
0.5185185185185186
0.5263157894736842
0.64
0.30434782608695654
0.5066666666666667
0.5555555555555555
0.28571428571428575
0.5599999999999999
0.5538461538461539
0.7586206896551724
0.3333333333333333
0.55
0.5542168674698795
0.5333333333333333
0.6153846153846153
0.41666666666666663
0.5569620253164557
0.8666666666666667
0.6363636363636365
0.5853658536585366
0.5454545454545454
0.7142857142857143
0.5263157894736842
0.46511627906976744
0.4583333333333333
0.4888888888888889
0.5483870967741935
0.6206896551724138
0.28070175438596484
0.4615384615384615
0.9285714285714286
0.2608695652173913
0.6666666666666666
0.5714285714285715
0.5142857142857143
0.6
0.5714285714285715
0.13636363636363635
0.4
0.9583333333333334
0.5454545454545455
0.3513513513513513
0.7586206896551724
0.9047619047619048
0.75
0.4444444444444445
0.3384615384615384
0.4946236559139785
0.75
0.5172413793103449
0.49180327868852464
0.5625
0.64
0.5714285714285715
0.6250000000000001
0.41379310344827586
0.625
0.5901639344262295
0.5964912280701755
0.5428571428571428
0.37500000000000006
0.425531914893617
0.49438202247191015
0.7835820895522387
0.6857142857142857
0.7058823529411765
0.6382978723404256
0.43478260869565216
0.5806451612903225
0.5098039215686274
0.28571428571428564
0.631578947368421
0.34782608695652173
0.5365853658536586
0.5714285714285714
0.39473684210526316
0.48
0.45714285714285713
0.5238095238095238
0.5
0.6956521739130435
0.45161290322580644
0.5681818181818183
0.605263157894737
0.34285714285714286
0.5116279069767442
0.380952380952381
0.7142857142857143
0.37500000000000006
0.56
0.6206896551724138
0.47058823529411764
0.2580645161290323
0.48192771084337344
0.4999999999999999
0.8571428571428571
0.5538461538461539
0.8333333333333333
0.6938775510204083
0.9387755102040817
0.4444444444444445
0.33333333333333326
0.5287356321839081
0.9285714285714286
0.9615384615384616
0.5853658536585366
0.5555555555555556
0.34782608695652173
0.4210526315789474
0.30769230769230765
0.41935483870967744
0.35714285714285715
0.75
0.6206896551724138
0.6382978723404256
0.3846153846153846
0.48785638859556496
0.39999999999999997
0.4642857142857143
0.4230769230769231
0.48
0.574712643678161
0.7037037037037037
0.507936507936508
0.45714285714285713
0.631578947368421
0.36363636363636365
0.6
0.4615384615384615
0.64
0.634920634920635
0.6666666666666666
0.9
0.9090909090909091
0.49438202247191015
0.9523809523809523
0.3333333333333333
0.7894736842105262
0.5217391304347826
0.5161290322580646
0.875
0.5116279069767442
0.4941176470588235
0.6376811594202898
0.6666666666666666
0.3928571428571428
0.11764705882352942
0.28571428571428564
0.6086956521739131
0.34782608695652173
0.39999999999999997
0.4827586206896552
0.5
0.29629629629629634
0.6046511627906977
0.5074626865671642
0.47619047619047616
0.16666666666666666
0.5283018867924528
0.5714285714285714
0.4044943820224719
0.30769230769230765
0.5882352941176471
0.5238095238095238
0.5333333333333333
0.3333333333333333
0.4210526315789474
0.33333333333333337
0.33333333333333337
0.5679012345679012
0.3
0.5151515151515151
0.7555555555555555
0.5714285714285714
0.6363636363636364
0.3
0.5
0.39999999999999997
0.5853658536585366
0.27027027027027023
0.4444444444444445
0.37209302325581395
0.29787234042553196
0.4444444444444445
0.25
0.29629629629629634
0.33333333333333326
0
0.53125
0.6027397260273972
0.28571428571428575
0.2857142857142857
0.5432098765432098
0.5952380952380952
0.40963855421686746
0.42857142857142855
0.5714285714285715
0.41025641025641024
0.38709677419354843
0.4000000000000001
0.5185185185185186
0.3947368421052631
0.10526315789473685
0
0.4146341463414634
0.5405405405405405
0.5393258426966292
0.6229508196721312
0.1818181818181818
0.28571428571428575
0.45714285714285713
0.48484848484848486
0.16666666666666666
0.42857142857142855
0.5660377358490566
0.6440677966101694
0.13333333333333333
0.5714285714285714
0.4000000000000001
0.33333333333333326
0.16666666666666666
0.33333333333333337
0.4776119402985075
0.37037037037037035
0.39999999999999997
0.33333333333333337
0.4210526315789474
0.5384615384615385
0.43999999999999995
0.6229508196721313
0.32
0.6301369863013699
0.42666666666666664
0.5106382978723404
0.3
0.5142857142857142
0.6111111111111112
0.37499999999999994
0.16666666666666666
0
0.36363636363636365
0
0.25
0.13333333333333333
0.33333333333333337
0.16666666666666666
0.1875
0.380952380952381
0.6111111111111112
0
0.631578947368421
0.7999999999999999
0.23529411764705882
0.39999999999999997
0.26666666666666666
0.3703703703703704
0.3870967741935484
0.5
0.39999999999999997
0.5652173913043478
0.3333333333333333
0.39999999999999997
0.6
0.409090909090909
0.375
0.25
0.6274509803921569
0
0.8444444444444444
0.3703703703703704
0.5652173913043478
0.2857142857142857
0.45454545454545453
0.6923076923076923
0.5454545454545455
0.5306122448979592
0.32
0.5714285714285715
0.4000000000000001
0.626865671641791
0.3703703703703703
0.4444444444444445
0.6923076923076923
0.36363636363636365
0.41025641025641024
0.6
0.7096774193548386
0.36781609195402304
0.43902439024390244
0.45454545454545453
0.3733333333333333
0.25
0.48
0.3
0.5569620253164557
0.3529411764705882
0.10526315789473685
0.44897959183673464
0
0.5365853658536586
0.28571428571428575
0.1
0
0
0.5666666666666665
0.45
0.6486486486486486
0.20408163265306126
0.15384615384615383
0.4
0.42857142857142855
0.6585365853658537
0.44000000000000006
0.26666666666666666
0.5555555555555556
0.4444444444444445
0.5316455696202531
0.47222222222222227
0.4000000000000001
0.46875
0.30769230769230765
0.25
0.5531914893617021
0.22222222222222224
0.5483870967741935
0.619718309859155
0.8571428571428571
0.42857142857142855
0.5384615384615384
0.36842105263157887
0.75
0.05405405405405406
0.4285714285714286
0.3333333333333333
0.25
0.2222222222222222
0.5111111111111111
0.6470588235294118
0.5
0
0.125
0.42553191489361697
0.4117647058823529
0.3255813953488372
0.5454545454545454
0.5660377358490566
0.375
0.717948717948718
0.7407407407407408
0.6190476190476191
0.5
0.6956521739130435
0.8
0.6046511627906977
0.8108108108108107
0.7083333333333334
0.5294117647058824
0.6153846153846153
0.5454545454545454
0.5882352941176471
0.47058823529411764
0.6086956521739131
0.5853658536585366
0.358974358974359
0.8363636363636364
0.5116279069767442
0.7027027027027026
0.43478260869565216
0.6153846153846153
0.47058823529411764
0.5
0.6190476190476191
0.5714285714285714
0.6808510638297872
0.10526315789473685
0.4
0.6923076923076923
0.6530612244897959
0.5294117647058824
0.3157894736842105
0.5882352941176471
0.6363636363636365
0.6666666666666666
0.717948717948718
0.6363636363636364
0.5641025641025641
0.39215686274509803
0.761904761904762
0.5909090909090908
0.6341463414634146
0.6857142857142857
0.5641025641025641
0.6
0.5945945945945945
0.6470588235294117
0.6470588235294117
0.36
0.5
0.7058823529411765
0.3846153846153846
0.5
0.5333333333333333
0.5641025641025642
0.6792452830188679
0.5
0.717948717948718
0.7307692307692306
0.5
0.608695652173913
0.7499999999999999
0.6818181818181819
0.5
0.6956521739130435
0.8108108108108109
0.7916666666666667
0.47619047619047616
0.7083333333333334
0.717948717948718
0.6
0.4
0.5098039215686274
0.125
0.6486486486486486
0.7547169811320755
0.6956521739130435
0.6666666666666666
0.7586206896551724
0.68
0.8205128205128205
0.41025641025641024
0.5581395348837209
0.45
0.509090909090909
0.45161290322580644
0.8363636363636364
0.7407407407407408
0.6511627906976744
0.8076923076923076
0.47058823529411764
0.5
0.7843137254901961
0.5490196078431373
0.75
0.6
0.40816326530612246
0.8301886792452831
0.5161290322580646
0.7317073170731707
0.5625
0.576923076923077
0.14814814814814814
0.5652173913043479
0.6666666666666666
0.2222222222222222
0.411764705882353
0.46153846153846156
0.5128205128205128
0.3870967741935484
0.25
0.5
0.6206896551724138
0.33333333333333337
0.5
0.42857142857142855
0.5714285714285715
0.7234042553191489
0.6153846153846154
0.6451612903225806
0.3636363636363636
0.5833333333333334
0.5714285714285714
0.75
0.723404255319149
0.5789473684210527
0.875
0.4888888888888889
0.509090909090909
0.3333333333333333
0.6153846153846153
0.7659574468085107
0.5106382978723404
0.8571428571428572
0.6829268292682926
0.6000000000000001
0.7727272727272727
0.4444444444444444
0.8571428571428572
0.6666666666666666
0.7391304347826085
0.5714285714285714
0.6511627906976744
0.4375
0.6923076923076923
0.7659574468085107
0.823529411764706
0.7755102040816326
0.6666666666666666
0.5454545454545455
0.7096774193548386
0.711111111111111
0.6808510638297872
0.6250000000000001
0.5660377358490567
0.6829268292682926
0.7894736842105263
0.34782608695652173
0.6363636363636365
0.5490196078431373
0.75
0.7037037037037037
0.7826086956521738
0.6896551724137931
0.7693379790940768
0.588235294117647
0.4242424242424242
0.5
0.7659574468085107
0.7796610169491527
0.5945945945945946
0.5945945945945946
0.4761904761904762
0.41025641025641024
0.5
0.5555555555555556
0.6923076923076924
0.5945945945945945
0.3636363636363636
0.5333333333333333
0.5957446808510638
0.6470588235294117
0.380952380952381
0.7755102040816326
0.5405405405405405
0.5396825396825397
0.6842105263157895
0.5714285714285715
0.8148148148148148
0.6666666666666666
0.6341463414634148
0.7027027027027027
0.48648648648648646
0.631578947368421
0.689655172413793
0.6222222222222222
0.5625
0.5806451612903226
0.7058823529411765
0.5555555555555556
0.6666666666666667
0.4999999999999999
0.48148148148148145
0.5333333333333333
0.6341463414634146
0.5185185185185186
0.27272727272727276
0.17391304347826086
0.4000000000000001
0.6363636363636364
0.16
0.5128205128205129
0.3703703703703704
0.5964912280701754
0.5
0.5128205128205129
0.5777777777777778
0.25
0.5405405405405405
0.2758620689655172
0.35000000000000003
0.4999999999999999
0.08333333333333333
0.5161290322580646
0.6511627906976745
0.39999999999999997
0.42857142857142855
0.90625
0.5957446808510638
0.6923076923076923
0.5217391304347827
0.5714285714285715
0.34782608695652173
0.7142857142857143
0.4923076923076923
0.34782608695652173
0.6808510638297872
0.10526315789473685
0.4666666666666667
0
0.6153846153846154
0.7096774193548386
0.6
0.2916666666666667
0.4318181818181818
0.45454545454545453
0.7142857142857143
0.9014084507042254
0.30303030303030304
0.4444444444444445
0.6444444444444445
0.21052631578947364
0.13793103448275862
0.2222222222222222
0.5454545454545454
0.27777777777777773
0.22222222222222224
0.31884057971014496
0.4657534246575342
0.6666666666666666
0.5063291139240507
0.5316455696202531
0.4383561643835617
0.5316455696202532
0.3260869565217391
0.3076923076923077
0.4556962025316456
0.3333333333333333
0.42424242424242425
0.6440677966101694
0.4
0.5
0.625
0.6904761904761905
0.5128205128205128
0.4642857142857143
0.5853658536585366
0.5454545454545454
0.2641509433962264
0.3125
0.4
0.48780487804878053
0.375
0.47058823529411764
0.5862068965517241
0.5333333333333333
0.5633802816901409
0.42857142857142855
0.35000000000000003
0.22222222222222224
0.6111111111111113
0.24242424242424243
0.5063291139240507
0.6181818181818182
0.4444444444444445
0.3703703703703704
0.689655172413793
0.5599999999999999
0.4444444444444445
0.4583333333333333
0.3846153846153846
0.4615384615384615
0.5
0.5490196078431373
0.7333333333333334
0.28571428571428564
0.5
0.2325581395348837
0.38461538461538464
0.5
0.5333333333333333
0.819672131147541
0.4000000000000001
0.30769230769230765
0.5500000000000002
0.5555555555555556
0.40506329113924044
0.30769230769230765
0.20512820512820512
0.5
0.5128205128205129
0.33333333333333326
0.3783783783783784
0.625
0.9
0.5897435897435896
0.5
0.5
0.9285714285714286
0.36363636363636365
0.5
0.42424242424242425
0.5789473684210527
0.5789473684210527
0.5357142857142857
0.5423728813559322
0.7142857142857143
0.4313725490196078
0.5384615384615385
0.8000000000000002
0.4150943396226415
0.5
0.631578947368421
0.56
0.7323943661971831
0.4
0.8787878787878788
0.5599999999999999
0.7586206896551724
0.6153846153846153
0.2608695652173913
0.5333333333333333
0.6666666666666666
0.8484848484848486
0.5333333333333333
0.44067796610169496
0.6027397260273971
0.5614035087719299
0.6829268292682927
0.5806451612903225
0.793028322440087
0.29629629629629634
0.5333333333333333
0.875
0.45161290322580644
0.9444444444444444
0.37037037037037035
0.4888888888888889
0.5238095238095238
0.3157894736842105
0.4117647058823529
0.5333333333333333
0.4230769230769231
0.2962962962962963
0.5238095238095238
0.9285714285714286
0.6440677966101694
0.6
0.39024390243902435
0.5
0.6666666666666666
0.5060240963855421
0.39285714285714285
0.625
0.5853658536585366
0.608695652173913
0.631578947368421
0.6086956521739131
0.33333333333333337
0.43478260869565216
0.9411764705882353
0.5135135135135135
0.5161290322580646
0.5882352941176471
0.5853658536585366
0.7741935483870969
0.5172413793103449
0.7027027027027027
0.4782608695652174
0.4
0.3555555555555555
0.3050847457627119
0.6666666666666666
0
0.6206896551724138
0.4799999999999999
0.4642857142857143
0.4155844155844156
0.896551724137931
0.5365853658536586
0.6875
0.30303030303030304
0.4615384615384615
0.5
0.9354838709677419
0.761904761904762
0.4776119402985074
0.6
0.4897959183673469
0.5106382978723405
0.7450980392156863
0.6666666666666666
