0.7608695652173915
0.4137931034482759
0.15384615384615383
0.5419354838709678
0.861244019138756
0.875
0.64
0.8000000000000002
0.842911877394636
0.8088235294117647
0.5263157894736842
0.7730061349693251
0.5714285714285715
0.8571428571428571
0.7999999999999999
0.42857142857142855
1.0
0.6
0.689655172413793
0.8135593220338982
0.4137931034482759
0.7384615384615384
0.5263157894736842
0.8016194331983806
0.5263157894736842
0.75
0.7777777777777777
0.631578947368421
0.6306306306306306
0.7499999999999999
0.9
0.6666666666666666
0.8
0.6428571428571428
0.504201680672269
0.47058823529411764
0.7692307692307693
0.8333333333333334
0.5333333333333333
0.631578947368421
0.4
0.7516778523489932
0.46511627906976744
0.5504587155963303
0.631578947368421
0.4210526315789474
0.5833333333333334
0.7741935483870969
0.4
0.7777777777777777
0.923076923076923
0.9
0.37383177570093457
0.8818897637795274
0.9473684210526316
0.7697368421052632
0.8076923076923077
0.47058823529411764
1.0
0.75
0.6461538461538462
0.5714285714285713
0.923076923076923
0.5263157894736842
0.42857142857142855
0.5555555555555556
0.4444444444444444
0.6486486486486486
0.7692307692307692
0.5970149253731343
0.7088607594936709
0.3333333333333333
0.9166666666666666
0.5454545454545454
0.8571428571428572
0.588235294117647
0.5217391304347826
0.2962962962962963
0.7741935483870969
0.30769230769230765
0.6666666666666666
0.689655172413793
0.6923076923076924
0.41666666666666663
0.8333333333333334
0.5454545454545455
0.5714285714285714
0.5581395348837209
0.7999999999999999
0.6412213740458015
0.8488745980707394
0.7999999999999999
0.761904761904762
0.8235294117647058
0.689655172413793
0.6666666666666666
0.7226277372262774
0.7058823529411764
0.3157894736842105
0.8
0.5084745762711864
0.4444444444444445
0.7407407407407408
0.5454545454545454
0.7272727272727273
0.5874125874125874
0.5714285714285714
0.5511811023622047
0.8181818181818182
0.4918032786885245
0.9333333333333333
0.8571428571428571
0.7058823529411765
0.5357142857142858
0.375
0.6176470588235293
0.5555555555555556
0.8421052631578948
0.7999999999999999
0.25
0.9090909090909091
0.7058823529411765
0.43636363636363634
0.8333333333333333
0.41666666666666663
0.4528301886792453
0.7547169811320756
0.8000000000000002
0.4615384615384615
0.13333333333333333
0.5357142857142858
0.36363636363636365
0.6774193548387097
0.4
0.5555555555555556
0.5504587155963303
0.6666666666666666
0.7317073170731706
0.717948717948718
1.0
0.6060606060606061
1.0
0.48979591836734687
0.45487364620938625
0.8
0.7317073170731706
0.5357142857142858
0.3973509933774834
0.28571428571428575
0.8414239482200646
0.56
0.6395939086294417
0.6786632390745502
0.5714285714285715
0.36363636363636365
0.6153846153846153
0.5882352941176471
0.6666666666666667
0.4858299595141701
0.8730158730158729
0.6101694915254238
0.42857142857142855
0.43795620437956206
0.8571428571428571
0.606060606060606
0.631578947368421
0.5714285714285715
0.6666666666666665
0.6666666666666666
0.6
0.4
0.7773851590106008
0.5901639344262296
0.41379310344827586
0.1818181818181818
0.6122448979591836
0.5357142857142858
0.6451612903225806
0.7636363636363638
0.5714285714285714
0.4
0.8333333333333334
0.6666666666666666
0.5228215767634855
0.888888888888889
0.6666666666666666
0.3333333333333333
0.5405405405405405
0.8
0.3529411764705882
0.5691056910569107
0.6666666666666666
0.5454545454545454
1.0
0.6521739130434783
0.8571428571428571
0.6122448979591836
1.0
0.27343749999999994
0.5454545454545454
0.5874125874125874
0.5
0.27906976744186046
0.7499999999999999
0.5699481865284974
0.6666666666666666
0.375
0.5925925925925926
0.3243243243243243
0.5714285714285715
0.5333333333333333
0.6153846153846153
0.6086956521739131
0.5625
0.5
0.6153846153846153
0.28571428571428575
0.47619047619047616
0.5957446808510638
0.5633802816901409
0.591549295774648
0.6857142857142857
0.5
0.3103448275862069
0.75
0.7272727272727273
0.4444444444444444
0.7636363636363638
0.8045977011494253
0.4081632653061225
0.5106382978723405
1.0
0.8
0.5106382978723405
0.689655172413793
0.4067796610169491
0.6804123711340206
0.6666666666666665
0.663157894736842
0.9090909090909091
0.6175438596491227
0.5274725274725274
0.6666666666666666
0.42857142857142855
0.47058823529411764
0.4395604395604396
0.5294117647058824
0.4
0.8520710059171598
0.5714285714285715
0.4848484848484848
0.5714285714285715
0.75
0.38834951456310685
0.4216867469879518
0.631578947368421
0.3333333333333333
0.3157894736842105
0.3703703703703704
0.6666666666666666
0.6666666666666666
0.816326530612245
0.62882096069869
0.36363636363636365
0.8000000000000002
0.5454545454545454
0.5999999999999999
1.0
0.6153846153846153
0.39999999999999997
0.923076923076923
0.4444444444444445
0.631578947368421
0.7999999999999999
0.47058823529411764
0.5504587155963303
0.7193460490463216
0.577319587628866
0.6292134831460674
0.5333333333333333
1.0
0.48
0.9166666666666666
0.5294117647058824
0.5555555555555556
1.0
0.48125
0.4
0.6666666666666666
1.0
0.770053475935829
0.5877551020408163
0.34782608695652173
1.0
1.0
0.6086956521739131
0.34285714285714286
0.6407766990291262
0.8000000000000002
0.46979865771812085
0.6176470588235293
0.4067796610169491
0.6521739130434783
1.0
0.28571428571428575
0.46153846153846156
0.689655172413793
0.5249999999999999
0.5806451612903225
0.3703703703703704
0.16
0.49180327868852464
0.598326359832636
0.689655172413793
0.6741573033707865
1.0
0.588235294117647
0.5714285714285715
0.9090909090909091
0.711864406779661
0.3333333333333333
1.0
0.4444444444444445
0.5874125874125874
0.8
0.5292096219931272
0.6666666666666665
0.721311475409836
0.48387096774193544
0.4444444444444445
0.4591836734693878
0.4444444444444445
0.5413533834586466
0.5405405405405405
0.6153846153846153
0.7999999999999999
0.6481481481481481
0.6153846153846154
0.5333333333333333
0.392156862745098
0.5925925925925927
0.4
0.25
0.631578947368421
0.3174603174603175
1.0
0.5647058823529412
0.6702127659574467
0.6549707602339182
1.0
0.30769230769230765
0.4615384615384615
0.7358490566037735
1.0
1.0
0.7142857142857143
0.6194690265486726
0.37499999999999994
0.5185185185185186
0.8659793814432989
0.5185185185185186
0.39436619718309857
0.7499999999999999
0.6015037593984962
0.49180327868852464
0.3652173913043478
0.3716814159292035
0.4869565217391304
0.5475285171102662
0.45901639344262296
0.7741935483870969
0.7850467289719627
0.770053475935829
0.4999999999999999
0.6206896551724138
0.5970149253731343
0.48780487804878053
0.5454545454545454
0.625
0.8
0.6311475409836065
0.519174041297935
1.0
1.0
0.598326359832636
1.0
0.46153846153846156
1.0
0.8
0.5217391304347826
1.0
0.6716417910447761
0.5797101449275363
0.5185185185185186
0.7692307692307692
0.7000000000000001
0.36363636363636365
0.31578947368421056
0.9333333333333333
0.5714285714285715
0.4
0.6382978723404256
0.923076923076923
0.4000000000000001
0.7317073170731706
0.6122448979591836
0.48979591836734687
0
0.6486486486486486
0.8470588235294118
0.4225352112676056
0.4444444444444445
0.6779661016949152
0.625
0.6666666666666666
1.0
0.6666666666666666
0.5714285714285715
0.28571428571428575
0.6293706293706294
0.5217391304347826
0.6875
0.7272727272727272
0.7058823529411765
0.6666666666666665
0.5333333333333333
0.5
0.6666666666666666
0.5555555555555556
0.7741935483870969
0.8
0.6153846153846153
0.7446808510638298
0.4210526315789474
0.48780487804878053
0.5
0.48
0.6666666666666666
0.5487804878048781
0.7071428571428572
1.0
0.5
0.4827586206896552
0.5901639344262295
0.35294117647058826
0.5714285714285715
0.5714285714285715
0.6857142857142857
0.375
0.7058823529411765
0.606060606060606
0.6075949367088608
0.0
0.36363636363636365
0.45161290322580644
0.5333333333333333
0.6984126984126984
0.591549295774648
0.22222222222222224
0.7692307692307693
0.48387096774193544
0.5517241379310345
0.5
0.8333333333333333
0.8181818181818182
0.8
0.7547169811320756
1.0
1.0
0.6153846153846154
0.6666666666666666
1.0
0.8488745980707394
0.3636363636363636
0.5714285714285715
0.6666666666666665
0.4
0.75
0.42857142857142855
0.6549707602339182
0.5
0.8224299065420562
0.7258064516129034
0.7058823529411764
0.8
0.64
0.7741935483870969
0.6412213740458015
0.6666666666666666
0.6666666666666666
0.9333333333333333
0.5714285714285715
0.5
0.8
0.5106382978723405
0.4
0.42857142857142855
0.6666666666666665
0.6976744186046512
0.5
0.5
1.0
0.5714285714285715
0.6666666666666665
0.5668016194331984
0.25
0.6521739130434783
0.6666666666666666
0.8571428571428571
0.8224299065420562
0.631578947368421
0.5714285714285715
0.75
0.4210526315789474
1.0
1.0
0.8089887640449439
0.0
0.8988764044943819
0.36363636363636365
0.9411764705882353
0.6176470588235293
1.0
0.48780487804878053
0.42857142857142855
0.631578947368421
0.7499999999999999
0.75
0.2222222222222222
0.577319587628866
0.3333333333333333
0.816326530612245
0.6666666666666666
0.5714285714285715
0.3582089552238806
0.7199999999999999
0.8000000000000002
0.5607476635514018
0.7368421052631577
0.42857142857142855
0.42211055276381904
1.0
0.6
0.5316455696202531
0.5820105820105821
1.0
0.5
0.20408163265306123
0.4000000000000001
0.6127659574468085
0.26666666666666666
0.3333333333333333
0.5714285714285715
0.6666666666666666
0.4067796610169492
0.5333333333333333
0.576923076923077
0.56
0.7272727272727273
0.888888888888889
1.0
0.7951807228915662
0.7368421052631577
0.8
0.8571428571428571
0.3333333333333333
0.6666666666666665
0.9090909090909091
0
0.6666666666666666
0.4
1.0
0.588235294117647
0.25
0.3571428571428571
0.6545454545454545
1.0
0.4
0.7333333333333334
0.5555555555555556
1.0
0.5714285714285715
0.7000000000000001
0.4
1.0
0.7499999999999999
0.670391061452514
0.4
1.0
0.5
0.5
0.5607476635514019
0.5853658536585366
0.7272727272727272
0.8571428571428571
0.5217391304347826
0.7272727272727272
0.6774193548387097
0.7887323943661971
0.47058823529411764
0.5333333333333333
0.7887323943661971
0.9523809523809523
0.7547169811320756
1.0
0.5714285714285715
0.4615384615384615
0.4444444444444445
0.7058823529411765
0.5333333333333333
0.4444444444444444
0.6666666666666666
0.5882352941176471
0.6666666666666667
1.0
0.8695652173913043
0.6153846153846154
0.2727272727272727
0.5263157894736842
0.6122448979591836
0.6666666666666667
0.7368421052631577
0.3
0.7999999999999999
0.6153846153846154
0.6666666666666666
1.0
0.6722689075630253
0.7317073170731706
0.38709677419354843
0.6871165644171779
0.3157894736842105
0.6741573033707865
0.6923076923076923
0.6603773584905661
0.6829268292682926
0.625
1.0
0.6829268292682926
0.5853658536585366
0.9090909090909091
0.6588235294117646
0.576923076923077
0.4
0.761904761904762
0.5925925925925926
0.4628099173553719
0.689655172413793
0.7058823529411765
0.3870967741935483
0.3243243243243243
0.5970149253731343
0.5479452054794521
0.7777777777777777
0.8333333333333333
0.7894736842105262
0.8888888888888888
0.6666666666666666
0.8750000000000001
0.7567567567567567
0.8
0.4571428571428572
0.26666666666666666
0.721311475409836
0.8
0.7142857142857143
0.6728971962616823
0.689655172413793
0.6086956521739131
0.8135593220338982
0.41379310344827586
0.8
0.8181818181818182
0.6885245901639345
0.44776119402985076
0.7999999999999999
0.7880597014925373
0.7766990291262137
0.6086956521739131
0.6
0.631578947368421
0.7777777777777777
0.6256983240223464
0.48979591836734687
0.9473684210526316
0.6666666666666666
0.8
0.6871165644171779
0.4615384615384615
0.5714285714285715
0.6666666666666666
0.5714285714285714
0.5925925925925927
0.631578947368421
0.4307692307692308
0.9113924050632911
0.6666666666666666
0.5
0.47058823529411764
0.4123711340206186
0.5454545454545454
0.6075949367088608
0.3529411764705882
0.5714285714285715
0.5714285714285714
0.576923076923077
0.5185185185185186
0.26666666666666666
0.6818181818181818
0.5714285714285715
0.6857142857142857
0.34285714285714286
0.5333333333333333
0.5217391304347826
0.7894736842105262
0.9473684210526316
0.7692307692307692
0.6451612903225806
0.5970149253731343
1.0
0.42857142857142855
0.47058823529411764
0.4918032786885245
0.75
0.75
0.4848484848484848
0.5989304812834224
0.3157894736842105
0.888888888888889
0.5925925925925926
0.4347826086956522
0.9230769230769231
1.0
0.75
0.9523809523809523
0.48387096774193544
0.6961325966850829
0.6250000000000001
0.7974683544303799
0.5633802816901409
0.5384615384615384
0.7058823529411765
0.9090909090909091
0.8391608391608392
0.8571428571428572
0.761904761904762
0.606060606060606
0.6666666666666666
0.6666666666666666
0.5932203389830508
0.8
0.24000000000000002
0.6511627906976744
0.7017543859649122
0.75
0.6666666666666665
0.5
0.5384615384615384
0.6299212598425198
0.8044692737430167
0.6021505376344085
0.888888888888889
0.816326530612245
0.6
0.5
0.36585365853658536
0.9
0.9230769230769231
0.7999999999999999
0.25
0.6153846153846153
0.717948717948718
0.8110599078341013
0.6666666666666666
0.5333333333333333
0.816326530612245
0.5853658536585366
0.6451612903225806
0.5633802816901409
0.7567567567567567
0.7272727272727272
0.9090909090909091
0.23529411764705882
0.5185185185185186
0.6796116504854369
0.7317073170731706
0.9128630705394191
0.6810810810810811
0.8044692737430167
0.8450704225352113
0.48979591836734687
0.6956521739130435
0.5714285714285714
0.5714285714285715
0.4615384615384615
0.5
0.56
0.6
0.8088235294117647
0.7407407407407408
0.5970149253731343
0.5454545454545454
0.5045045045045046
0.30769230769230765
0.5882352941176471
0.5454545454545454
0.27272727272727276
0.7499999999999999
0.16666666666666666
0.7516778523489932
0.42857142857142855
0.7044025157232704
0.6250000000000001
0.4040404040404041
0.7567567567567567
0.631578947368421
0.4528301886792453
0.48979591836734687
0.6722689075630253
0.37383177570093457
0.5581395348837209
0.7272727272727272
0.8695652173913044
0.588235294117647
0.7407407407407408
1.0
0.2727272727272727
0.5263157894736842
0.6792452830188679
0.5714285714285715
0.3529411764705882
1.0
0.5035971223021583
0.7741935483870969
0.64
0.5
0.8333333333333334
0.6666666666666666
0.7093596059113301
0.9090909090909091
0.6
0.5555555555555556
0.7142857142857142
0.4444444444444444
0.816326530612245
0.9158249158249158
0.6857142857142857
0.8
0.6122448979591836
0.3333333333333333
0.8000000000000002
0.6
0.8
0.46153846153846156
1.0
0.39215686274509803
0.6666666666666666
1.0
0.5572139303482587
0.7199999999999999
0.56
0.6111111111111113
0.28571428571428575
0
0.5655526992287918
0.4
0.5594405594405595
0.75
0.47058823529411764
0.5714285714285715
1.0
0.7566137566137566
0.8
0.5217391304347826
0.48979591836734687
0.8571428571428571
0.5555555555555556
0.5714285714285714
0.6
0.8571428571428571
0.6122448979591836
0.888888888888889
0.7159090909090909
0.6486486486486486
0.42780748663101603
1.0
0.5853658536585366
0.5
0.8333333333333333
0.6666666666666666
0.6593406593406592
0.6666666666666665
0.43749999999999994
0.888888888888889
1.0
0.75
0.7058823529411765
0.6547619047619048
0.6
0.6766917293233083
0.8571428571428571
0.7088607594936709
0.4444444444444444
0.8
1.0
0.47058823529411764
0.6153846153846154
0.7563025210084034
0.8571428571428571
0.6206896551724137
0.48
0.0
0.7058823529411765
1.0
0.603448275862069
0.6666666666666666
0.30769230769230765
0.42211055276381904
0.48484848484848486
0.5
0.923076923076923
0.7741935483870969
1.0
0.576923076923077
0.717948717948718
0.4615384615384615
1.0
0.4
0.5106382978723405
0.816326530612245
0.6185567010309277
0.7466666666666666
0.8571428571428572
0.5833333333333334
0.4615384615384615
0.5906040268456376
0.6885245901639345
0.5647058823529412
0.4000000000000001
0.4046242774566475
0.8135593220338982
0.5
0.3076923076923077
0.588235294117647
1.0
0.6547619047619048
0.7142857142857143
0.4375
0.26666666666666666
0.9090909090909091
0.6976744186046512
1.0
0.7999999999999999
0.5142857142857143
0.2941176470588235
0.6116504854368933
0.47058823529411764
0.5
0.48780487804878053
0.7241379310344827
0.8571428571428571
1.0
0.4054054054054054
1.0
0.30769230769230765
0.64
0.7974683544303799
0.6122448979591836
0.7446808510638298
0.4444444444444445
0.5161290322580646
0.6153846153846154
0.42857142857142855
1.0
0.6086956521739131
0.4800000000000001
0.4
0.6549707602339182
0.6666666666666666
0.5555555555555555
0.47619047619047616
0.5970149253731343
0.7415730337078651
0.6824644549763033
0.631578947368421
0.6666666666666666
0.625
0.2553191489361702
1.0
0.37974683544303806
0.4800000000000001
0.5217391304347827
0.5384615384615385
0.7058823529411765
0.5217391304347826
0.6395939086294417
0.7199999999999999
0.6
0.4999999999999999
0.4864864864864865
0.47619047619047616
0.5714285714285715
0.44303797468354433
0.8571428571428571
0.39215686274509803
0.6057692307692307
1.0
0.5555555555555556
0.7407407407407408
0.19047619047619047
0.6306306306306306
0.8659793814432989
1.0
0.8571428571428571
0.5833333333333334
0.588235294117647
0.3846153846153846
0.631578947368421
1.0
0.8571428571428571
