0.7608695652173915
0.5
0.30769230769230765
0.5419354838709678
0.861244019138756
0.8076923076923077
0.6363636363636364
0.8000000000000002
0.842911877394636
0.7692307692307692
0.4210526315789474
0.676056338028169
0.5714285714285715
0.8571428571428571
0.5932203389830508
0.26086956521739135
0.923076923076923
0.6
0.6153846153846153
0.8135593220338982
0.4137931034482759
0.7384615384615384
0.380952380952381
0.7200000000000001
0.5
0.7058823529411765
0.6666666666666665
0.7368421052631577
0.6885245901639345
0.7499999999999999
0.9
0.5714285714285715
0.7000000000000001
0.5410628019323671
0.504201680672269
0.7058823529411764
0.7692307692307693
0.8333333333333334
0.47058823529411764
0.631578947368421
0.5
0.6956521739130435
0.5263157894736842
0.5504587155963303
0.631578947368421
0.4210526315789474
0.5454545454545454
0.4615384615384615
0.43478260869565216
0.711864406779661
0.7547169811320756
0.9
0.41666666666666663
0.823529411764706
0.9473684210526316
0.7843137254901961
0.8076923076923077
0.30769230769230765
1.0
0.6818181818181818
0.7466666666666666
0.47619047619047616
0.923076923076923
0.5
0.2105263157894737
0.606060606060606
0.26666666666666666
0.6923076923076924
0.7258064516129034
0.5970149253731343
0.6131386861313869
0.2857142857142857
0.7929515418502203
0.5454545454545454
0.8571428571428572
0.36363636363636365
0.380952380952381
0.4166666666666667
0.7741935483870969
0.4
0.4
0.588235294117647
0.6545454545454545
0.35714285714285715
0.7894736842105262
0.5128205128205129
0.6857142857142857
0.43478260869565216
0.7999999999999999
0.5
0.8516129032258064
0.7516778523489932
0.7088607594936709
0.8235294117647058
0.5217391304347826
0.6666666666666666
0.7226277372262774
0.7706422018348624
0.3157894736842105
0.8
0.5970149253731343
0.3
0.7773851590106008
0.5874125874125874
0.7272727272727273
0.5874125874125874
0.5714285714285714
0.5511811023622047
0.7741935483870969
0.588235294117647
0.8571428571428571
0.8571428571428571
0.6562499999999999
0.42857142857142855
0.375
0.7133757961783439
0.6666666666666665
0.7368421052631577
0.7999999999999999
0.25
0.9090909090909091
0.6666666666666666
0.43636363636363634
0.5853658536585366
0.4864864864864864
0.5333333333333333
0.7547169811320756
0.8000000000000002
0.36363636363636365
0.13333333333333333
0.38095238095238093
0.14285714285714288
0.6829268292682926
0.5
0.42857142857142855
0.44943820224719094
0.47619047619047616
0.7317073170731706
0.6222222222222222
1.0
0.4712041884816754
1.0
0.4615384615384615
0.5438066465256798
0.8
0.8659793814432989
0.5714285714285714
0.410958904109589
0.4
0.7360594795539033
0.631578947368421
0.7031963470319634
0.6786632390745502
0.5
0.3870967741935484
0.5217391304347826
0.5882352941176471
0.8
0.4858299595141701
0.9166666666666666
0.6101694915254238
0.5185185185185186
0.5128205128205129
0.8571428571428571
0.3333333333333333
0.47619047619047616
0.7058823529411765
0.591549295774648
0.6666666666666666
0.5405405405405405
0.5217391304347826
0.5517241379310345
0.5925925925925926
0.45161290322580644
0.6153846153846154
0.6
0.42857142857142855
0.42857142857142855
0.7636363636363638
0.7142857142857143
0.4
0.8333333333333334
0.5263157894736842
0.619718309859155
0.6153846153846154
0.6666666666666666
0.3333333333333333
0.5504587155963303
0.8
0.3529411764705882
0.6086956521739131
0.4444444444444444
0.6153846153846154
1.0
0.5645161290322581
0.8571428571428571
0.22222222222222224
1.0
0.3578274760383386
0.5333333333333333
0.5874125874125874
0.3636363636363636
0.19354838709677416
0.631578947368421
0.35294117647058826
0.6666666666666666
0.375
0.7531380753138075
0.3243243243243243
0.5714285714285715
0.606060606060606
0.4615384615384615
0.6666666666666666
0.4666666666666667
0.5633802816901409
0.6153846153846153
0.5714285714285715
0.5217391304347826
0.4347826086956522
0.4210526315789474
0.5833333333333334
0.5714285714285714
0.631578947368421
0.34682080924855485
0.75
0.7272727272727273
0.3333333333333333
0.7636363636363638
0.6666666666666666
0.3157894736842105
0.42857142857142855
1.0
0.6666666666666666
0.5106382978723405
0.7692307692307692
0.35294117647058826
0.6521739130434783
0.6666666666666665
0.5419354838709678
0.9090909090909091
0.5490196078431373
0.6153846153846154
0.5806451612903226
0.5
0.5116279069767442
0.39999999999999997
0.6644295302013423
0.4411764705882353
0.6511627906976744
0.3333333333333333
0.42424242424242425
0.7499999999999999
0.75
0.26666666666666666
0.3571428571428571
0.631578947368421
0
0.3243243243243243
0.3703703703703704
0.6666666666666666
0.7407407407407408
0.8181818181818182
0.6557377049180327
0.375
0.8000000000000002
0.5454545454545454
0.583941605839416
1.0
0.588235294117647
0.5
0.8333333333333333
0.5454545454545454
0.631578947368421
0.4615384615384615
0.4301075268817204
0.29850746268656714
0.7819548872180452
0.577319587628866
0.4615384615384615
0.4615384615384615
1.0
0.6857142857142857
0.9166666666666666
0.5052631578947369
0.5555555555555556
1.0
0.33333333333333337
0.28571428571428575
0.6666666666666666
1.0
0.7486631016042781
0.40935672514619886
0.375
1.0
1.0
0.6086956521739131
0.5517241379310345
0.5
0.8000000000000002
0.5185185185185186
0.41379310344827586
0.5581395348837209
0.6521739130434783
1.0
0.28571428571428575
0.4
0.7692307692307692
0.6666666666666666
0.5806451612903225
0.303030303030303
0.125
0.45454545454545453
0.5751633986928104
0.6153846153846153
0.6250000000000001
1.0
0.4137931034482759
0.6222222222222222
0.6976744186046512
0.7499999999999999
0.5
1.0
0.4444444444444445
0.5454545454545454
0.8
0.5072463768115943
0.7777777777777777
0.6106870229007633
0.3773584905660377
0.4444444444444445
0.38095238095238093
0.45161290322580644
0.41447368421052627
0.5308310991957105
0.8450704225352113
0.7999999999999999
0.717948717948718
0.6153846153846154
0.5333333333333333
0.4615384615384615
0.6666666666666666
0.4
0.4
0.6984126984126984
0.38961038961038963
1.0
0.631578947368421
0.6292134831460674
0.6549707602339182
1.0
0.375
0.5106382978723405
0.6701030927835051
1.0
1.0
0.7142857142857143
0.6194690265486726
0.3692307692307692
0.43795620437956206
0.9333333333333333
0.6060606060606061
0.47904191616766467
0.7499999999999999
0.6015037593984962
0.45454545454545453
0.4827586206896552
0.4242424242424242
0.4528301886792453
0.5475285171102662
0.4640883977900553
0.7777777777777777
0.7240506329113923
0.770053475935829
0.5833333333333334
0.5517241379310345
0.6666666666666666
0.5454545454545454
0.6461538461538462
0.6666666666666666
0.7407407407407408
0.5727272727272726
0.5278592375366569
1.0
1.0
0.5751633986928104
1.0
0.7058823529411765
0.923076923076923
0.4444444444444444
0.5405405405405405
1.0
0.6428571428571429
0.4786324786324786
0.4827586206896552
0.7692307692307692
0.5555555555555556
0.22222222222222224
0.28571428571428575
0.9333333333333333
0.5714285714285715
0.4
0.6382978723404256
0.923076923076923
0.4000000000000001
0.7317073170731706
0.4827586206896552
0.5263157894736842
0.0
0.6666666666666666
0.8000000000000002
0.4225352112676056
0.4444444444444445
0.7692307692307692
0.5
0.6666666666666666
1.0
0.6666666666666666
0.4
0.3636363636363636
0.6962025316455697
0.8155339805825242
0.7193460490463216
0.7272727272727272
0.7058823529411765
0.6666666666666665
0.39999999999999997
0.6
0.6666666666666666
0.5
0.7017543859649122
0.8
0.6153846153846153
0.6250000000000001
0.25531914893617025
0.38709677419354843
0.5
0.48
0
0.5228758169934641
0.7142857142857143
1.0
0.5
0.4745762711864407
0.6206896551724139
0.3835616438356164
0.5714285714285715
0.5714285714285715
0.6
0.375
0.7058823529411765
0.6481481481481481
0.6075949367088608
0.0
0.7058823529411765
0.5405405405405405
0.5333333333333333
0.631578947368421
0.49180327868852464
0.22222222222222224
0.6153846153846154
0.5633802816901409
0.5806451612903226
0.5
0.8333333333333333
0.8181818181818182
0.761904761904762
0.7547169811320756
0.6666666666666666
1.0
0.5454545454545454
0.6666666666666666
0.5
0.7773851590106008
0.5454545454545454
0.6153846153846153
0.4444444444444445
0.4
0.6
0.7142857142857143
0.6549707602339182
0.4
0.7843137254901961
0.5
0.631578947368421
1.0
0.5714285714285715
0.7741935483870969
0.7000000000000001
0.6666666666666666
0.6666666666666666
0.8536585365853658
0.5714285714285715
0.5
0.5714285714285715
0.5106382978723405
0.4
0.5714285714285715
0.888888888888889
0.47058823529411764
0.0
0.5
1.0
0.5714285714285715
0.6666666666666665
0.4
0.25
0.5853658536585366
0.6666666666666666
0.8571428571428571
0.5853658536585367
0.25
0.5714285714285715
0.75
0.5405405405405405
1.0
1.0
0.7544910179640719
0.6666666666666666
0.8520710059171598
0.28571428571428575
0.8750000000000001
0.6131386861313869
1.0
0.4054054054054054
0.48979591836734687
0.576923076923077
0.631578947368421
0.75
0.2222222222222222
0.6545454545454545
0.3333333333333333
0.9090909090909091
0.6666666666666666
0.5714285714285715
0.3582089552238806
0.8
0.8000000000000002
0.5892857142857143
0.7887323943661971
0.591549295774648
0.3636363636363637
1.0
0.6
0.5833333333333334
0.5263157894736842
1.0
0.5
0.5263157894736842
0.6
0.5714285714285714
0.2105263157894737
0.3333333333333333
0.8571428571428571
0.6666666666666666
0.5217391304347826
0.6666666666666666
0.576923076923077
0.5714285714285713
0.8333333333333333
0.5
1.0
0.7594936708860761
0.6194690265486726
0.8
0.5714285714285715
0.3333333333333333
0.5572139303482587
0.821917808219178
0
0.8135593220338982
0.4
1.0
0.7999999999999999
0.25
0.4848484848484849
0.6923076923076924
1.0
0.4
0.6271777003484321
0.625
1.0
0.41379310344827586
0.6412213740458015
0.4
1.0
0.7499999999999999
0.6395348837209303
0.4
1.0
0.5
0.5
0.631578947368421
0.47058823529411764
0.7272727272727272
0.6153846153846154
0.5217391304347826
0.7608695652173915
0.631578947368421
0.7887323943661971
0.5263157894736842
0.6857142857142857
0.7368421052631577
0.8181818181818182
0.7547169811320756
1.0
0.5137614678899083
0.36363636363636365
0.38709677419354843
0.8
0.6666666666666666
0.4444444444444444
0.6666666666666666
0.5714285714285715
0.6666666666666667
1.0
0.821917808219178
0.6153846153846154
0.26086956521739135
0.47058823529411764
0.6122448979591836
0.8045977011494253
0.7368421052631577
0.1875
0.7999999999999999
0.3636363636363636
0.6153846153846154
0.9473684210526316
0.56
0.7317073170731706
0.3076923076923077
0.7272727272727274
0.34782608695652173
0.608695652173913
0.6515837104072398
0.6603773584905661
0.576923076923077
0.625
0.9473684210526316
0.5106382978723405
0.5853658536585366
0.9090909090909091
0.5633802816901409
0.5106382978723405
0.4
0.761904761904762
0.56
0.3116883116883117
0.6153846153846153
0.761904761904762
0.7547169811320756
0.0
0.6666666666666666
0.4210526315789474
0.7777777777777777
0.8333333333333333
0.7894736842105262
0.761904761904762
0.588235294117647
0.8750000000000001
0.7058823529411765
0.8
0.509090909090909
0.3333333333333333
0.6804123711340206
0.8
0.7142857142857143
0.6395939086294417
0.689655172413793
0.5637583892617449
0.9090909090909091
0.41379310344827586
0.7058823529411765
0.7241379310344827
0.6885245901639345
0.44776119402985076
0.9333333333333333
0.790273556231003
0.8256880733944955
0.6086956521739131
0.6
0.5660377358490566
0.48780487804878053
0.5419354838709678
0.48979591836734687
0.9473684210526316
0.6666666666666666
0.8
0.64
0.4210526315789474
0.5714285714285715
0.586046511627907
0.5714285714285714
0.5925925925925927
0.7272727272727272
0.4000000000000001
0.8695652173913044
0.6666666666666666
0.45454545454545453
0.5333333333333333
0.3
0.3636363636363636
0.6075949367088608
0.4137931034482759
0.631578947368421
0.48979591836734687
0.5436893203883495
0.45901639344262296
0.5
0.6
0.28571428571428575
0.6857142857142857
0.4000000000000001
0.5333333333333333
0.5217391304347826
0.9333333333333333
0.9473684210526316
0.821917808219178
0.7636363636363638
0.5970149253731343
0.888888888888889
0.6
0.4137931034482759
0.4528301886792453
0.75
0.75
0.45528455284552843
0.7142857142857142
0.3157894736842105
0.888888888888889
0.56
0.4
0.9230769230769231
1.0
0.689655172413793
0.9523809523809523
0.48387096774193544
0.6549707602339182
0.6250000000000001
0.7516778523489932
0.5633802816901409
0.6486486486486486
0.7058823529411765
0.9090909090909091
0.8829431438127091
0.761904761904762
0.7133757961783439
0.49382716049382713
0.5853658536585366
0.5853658536585366
0.5233644859813084
0.8
0.2857142857142857
0.7000000000000001
0.7017543859649122
0.75
0.6666666666666665
0.46875
0.6666666666666666
0.6956521739130435
0.6666666666666666
0.6021505376344085
0.888888888888889
0.7272727272727272
0.5
0.5
0.39999999999999997
0.9
0.9230769230769231
0.7516778523489932
0.30769230769230765
0.6153846153846153
0.5555555555555556
0.7384615384615384
0.6666666666666666
0.36363636363636365
0.8235294117647058
0.5853658536585366
0.4
0.689655172413793
0.823529411764706
0.47058823529411764
0.8571428571428571
0.28571428571428575
0.3305785123966942
0.6796116504854369
0.7317073170731706
0.8256880733944955
0.6473988439306358
0.7455621301775148
0.923076923076923
0.34285714285714286
0.5925925925925926
0.5714285714285714
0.5128205128205129
0.5333333333333333
0.6818181818181818
0.4799999999999999
0.6
0.7317073170731706
0.6666666666666666
0.4528301886792453
0.5454545454545454
0.4761904761904762
0.24
0.5882352941176471
0.35294117647058826
0.6666666666666666
0.631578947368421
0.16666666666666666
0.5
0.14285714285714285
0.6666666666666666
0.375
0.36363636363636365
0.5
0.6976744186046512
0.4528301886792453
0.48979591836734687
0.6885245901639345
0.3191489361702128
0.3333333333333333
0.631578947368421
0.7783783783783783
0.4528301886792453
0.5714285714285715
1.0
0.45454545454545453
0.631578947368421
0.5957446808510638
0.5
0.4137931034482759
1.0
0.5637583892617449
0.7741935483870969
0.6086956521739131
0.5
0.8333333333333334
0.6666666666666666
0.663157894736842
0.9090909090909091
0.6
0.4800000000000001
0.7142857142857142
0.4444444444444444
0.9090909090909091
0.8888888888888888
0.6857142857142857
0.7058823529411765
0.5475285171102662
0.2727272727272727
0.8000000000000002
0.5
0.8
0.6
1.0
0.49645390070921985
0.6666666666666666
1.0
0.631578947368421
0.5957446808510638
0.48
0.7222222222222222
0.22018348623853212
0.3333333333333333
0.5882352941176471
0.3157894736842105
0.5303030303030303
0.75
0.5194805194805195
0.4
1.0
0.8807339449541285
0.8
0.43636363636363634
0.48979591836734687
1.0
0.5833333333333334
0.5714285714285714
0.7272727272727273
0.7692307692307693
0.5454545454545454
0.7741935483870969
0.6787878787878787
0.7865168539325842
0.3773584905660378
1.0
0.6666666666666666
0.5
0.8333333333333333
0.6666666666666666
0.787878787878788
0.6666666666666665
0.6299212598425198
0.8000000000000002
1.0
0.8571428571428571
0.8571428571428571
0.625
0.5
0.6766917293233083
0.8571428571428571
0.7133757961783439
0.4444444444444444
0.8
1.0
0.32
0.6153846153846154
0.7199999999999999
0.8571428571428571
0.6206896551724137
0.48
0.0
0.7058823529411765
1.0
0.4787234042553191
0.6666666666666666
0.4210526315789474
0.3867403314917128
0.45714285714285713
0.5
0.6521739130434783
0.7741935483870969
1.0
0.5714285714285715
0.717948717948718
0.4528301886792453
1.0
0.3829787234042553
0.576923076923077
0.816326530612245
0.6185567010309277
0.7875
0.8571428571428572
0.5833333333333334
0.36363636363636365
0.4077669902912621
0.6473988439306358
0.5249999999999999
0.4000000000000001
0.4
0.823529411764706
0.6140350877192982
0.24742268041237106
0.923076923076923
1.0
0.4921875
0.625
0.37499999999999994
0.4615384615384615
0.8333333333333334
0.816326530612245
1.0
0.7999999999999999
0.5454545454545454
0.29850746268656714
0.5333333333333333
0.5263157894736842
0.5669291338582677
0.6122448979591836
0.48780487804878053
0.8571428571428571
1.0
0.5217391304347827
1.0
0.18181818181818182
0.504201680672269
0.7999999999999999
0.6122448979591836
0.8155339805825242
0.4444444444444445
0.5475285171102662
0.6666666666666666
0.35294117647058826
1.0
0.6086956521739131
0.35294117647058826
0.5714285714285715
0.5185185185185186
0.5853658536585366
0.583554376657825
0.47619047619047616
0.7317073170731706
0.7058823529411765
0.7200000000000001
0.5
0.761904761904762
0.625
0.3
1.0
0.40935672514619886
0.4800000000000001
0.4444444444444445
0.5384615384615385
0.7058823529411765
0.5825242718446602
0.6021505376344085
0.7563025210084034
0.8000000000000002
0.4067796610169492
0.24242424242424243
0.5217391304347826
0.5714285714285715
0.41666666666666663
0.8571428571428571
0.3037974683544304
0.5743589743589744
1.0
0.5555555555555556
0.8333333333333334
0.2857142857142857
0.5217391304347826
0.8659793814432989
1.0
0.8571428571428571
0.663157894736842
0.5217391304347825
0.41666666666666663
0.6774193548387097
1.0
0.7044025157232704
