0.7894736842105262
0.4137931034482759
0.15384615384615383
0.5419354838709678
0.861244019138756
0.875
0.64
0.7272727272727272
0.842911877394636
0.816326530612245
0.5555555555555556
0.7225806451612904
0.8058608058608059
0.9333333333333333
0.7974683544303799
0.4615384615384615
1.0
0.6857142857142857
0.8000000000000002
0.7432432432432433
0.6666666666666666
0.7974683544303799
0.5637583892617449
0.7553648068669527
0.5263157894736842
0.7272727272727272
0.7777777777777777
0.8421052631578948
0.6451612903225806
0.6666666666666666
1.0
0.6666666666666666
0.6222222222222222
0.4827586206896552
0.504201680672269
0.47058823529411764
0.7692307692307693
1.0
0.5333333333333333
0.631578947368421
0.4
0.7516778523489932
0.48780487804878053
0.5504587155963303
0.631578947368421
0.4210526315789474
0.5833333333333334
0.7272727272727272
0.4
0.7777777777777777
0.8333333333333333
0.9
0.6666666666666666
0.9411764705882353
0.9411764705882353
0.7422680412371134
0.8076923076923077
0.35294117647058826
1.0
0.75
0.8044692737430167
0.5714285714285713
0.923076923076923
0.5454545454545454
0.47058823529411764
0.606060606060606
0.5084745762711864
0.6741573033707865
0.5803108808290155
0.6588235294117646
0.7272727272727272
0.3333333333333333
0.8333333333333334
0.5454545454545454
0.861244019138756
0.588235294117647
0.5217391304347826
0.2962962962962963
0.7741935483870969
0.30769230769230765
0.6666666666666666
0.689655172413793
0.7028753993610224
0.4615384615384615
0.8181818181818182
0.673076923076923
0.5714285714285714
0.5581395348837209
0.6666666666666666
0.6412213740458015
0.851190476190476
0.7999999999999999
0.761904761904762
0.7368421052631579
0.689655172413793
0.7058823529411765
0.8333333333333333
0.7058823529411764
0.28571428571428564
0.7058823529411764
0.5084745762711864
0.6176470588235293
0.7003891050583658
0.5874125874125874
0.6666666666666666
0.5874125874125874
0.5714285714285714
0.4210526315789474
0.7999999999999999
0.4918032786885245
0.9411764705882353
0.8571428571428571
0.691358024691358
0.7792207792207793
0.42857142857142855
0.7929515418502203
0.5555555555555556
0.6363636363636365
0.7999999999999999
0.25
0.9090909090909091
0.5714285714285715
0.43636363636363634
0.8333333333333333
0.39779005524861877
0.4615384615384615
0.6521739130434783
0.8000000000000002
0.4615384615384615
0.42857142857142855
0.5333333333333333
0.36363636363636365
0.6774193548387097
0.4
0.5555555555555556
0.5504587155963303
0.6666666666666666
0.634920634920635
0.717948717948718
1.0
0.577319587628866
1.0
0.48979591836734687
0.380952380952381
0.6666666666666666
0.6486486486486486
0.4528301886792453
0.4752475247524753
0.5
0.8414239482200646
0.45652173913043476
0.6395939086294417
0.6786632390745502
0.5714285714285715
0.36363636363636365
0.6153846153846153
0.6162464985994398
0.7142857142857143
0.6431852986217458
0.5714285714285715
0.6372549019607844
0.39215686274509803
0.3821656050955414
0.8571428571428571
0.689655172413793
0.631578947368421
0.5714285714285715
0.7608695652173915
0.6666666666666666
0.6
0.4
0.7746478873239436
0.5325443786982248
0.5384615384615384
0.1818181818181818
0.6122448979591836
0.5357142857142858
0.5
0.47058823529411764
0.5714285714285714
0.5217391304347826
0.8333333333333334
0.689655172413793
0.4186046511627907
0.888888888888889
0.6666666666666666
0.3333333333333333
0.6829268292682926
0.8
0.6176470588235293
0.5957446808510638
0.6666666666666666
0.5454545454545454
1.0
0.6521739130434783
0.8571428571428571
0.26086956521739135
1.0
0.27343749999999994
0.5454545454545454
0.6837606837606838
0.5
0.7999999999999999
0.7499999999999999
0.5405405405405405
0.6666666666666666
0.375
0.591549295774648
0.3243243243243243
0.5714285714285715
0.5333333333333333
0.6153846153846153
0.6086956521739131
0.5625
0.5479452054794521
0.6153846153846153
0.28571428571428575
0.4210526315789474
0.5957446808510638
0.5633802816901409
0.4794520547945205
0.6857142857142857
0.5
0.4444444444444445
0.75
0.7272727272727273
0.5714285714285715
0.7636363636363638
0.8045977011494253
0.3636363636363636
0.5365853658536586
1.0
0.8
0.5106382978723405
0.689655172413793
0.44776119402985076
0.6741573033707865
0.6666666666666665
0.5153374233128835
0.9090909090909091
0.4982698961937716
0.586046511627907
0.6666666666666666
0.42857142857142855
0.4186046511627907
0.4395604395604396
0.5555555555555556
0.4
0.8520710059171598
0.38095238095238093
0.5
0.5714285714285715
0.75
0.38834951456310685
0.44919786096256686
0.676056338028169
0.3333333333333333
0.3157894736842105
0.31496062992125984
0.5555555555555556
0.6451612903225806
0.8653846153846153
0.62882096069869
0.36363636363636365
0.8000000000000002
0.5454545454545454
0.5517241379310345
1.0
0.6153846153846153
0.5233644859813084
0.7792207792207793
0.5714285714285715
0.631578947368421
0.7999999999999999
0.47058823529411764
0.29268292682926833
0.7819548872180452
0.5599999999999999
0.6122448979591836
0.34285714285714286
1.0
0.48
0.7199999999999999
0.5504587155963303
0.5555555555555556
1.0
0.519174041297935
0.4
0.7894736842105262
1.0
0.770053475935829
0.496551724137931
0.34782608695652173
1.0
1.0
0.6086956521739131
0.4247787610619469
0.6407766990291262
0.8000000000000002
0.32432432432432434
0.6176470588235293
0.4067796610169491
0.7547169811320756
1.0
0.4
0.4
0.6451612903225806
0.5647058823529412
0.625
0.3703703703703704
0.16
0.49180327868852464
0.5357142857142857
0.4615384615384615
0.6741573033707865
1.0
0.588235294117647
0.5714285714285715
0.9090909090909091
0.7017543859649122
0.3333333333333333
1.0
0.4444444444444445
0.5384615384615384
0.8
0.48951048951048953
0.7241379310344827
0.7904191616766466
0.48387096774193544
0.4444444444444445
0.4772727272727273
0.4444444444444445
0.45454545454545453
0.5128205128205129
0.6153846153846153
0.7999999999999999
0.6481481481481481
0.6153846153846154
0.5333333333333333
0.392156862745098
0.5925925925925927
0.4
0.25
0.631578947368421
0.45161290322580644
1.0
0.631578947368421
0.6702127659574467
0.6549707602339182
1.0
0.30769230769230765
0.5
0.6857142857142857
1.0
1.0
0.7142857142857143
0.6857142857142857
0.4210526315789474
0.5185185185185186
0.8659793814432989
0.5185185185185186
0.39436619718309857
0.7499999999999999
0.5142857142857142
0.5303030303030303
0.4324324324324324
0.340080971659919
0.5555555555555556
0.6666666666666666
0.47058823529411764
0.7741935483870969
0.6162464985994398
0.770053475935829
0.4999999999999999
0.6000000000000001
0.6666666666666666
0.4444444444444445
0.5454545454545454
0.625
0.8
0.6311475409836065
0.5901639344262295
1.0
1.0
0.5357142857142857
1.0
0.46153846153846156
1.0
0.5
0.47244094488188976
1.0
0.6716417910447761
0.5877862595419847
0.4186046511627907
0.7692307692307692
0.5714285714285715
0.36363636363636365
0.6666666666666665
0.9333333333333333
0.5714285714285715
0.0
0.5581395348837209
0.923076923076923
0.4000000000000001
0.7999999999999999
0.6122448979591836
0.5357142857142857
0
0.6486486486486486
0.7466666666666666
0.4444444444444445
0.4444444444444445
0.6779661016949152
0.625
0.6666666666666666
1.0
0.6666666666666666
0.5714285714285715
0.28571428571428575
0.6556291390728477
0.5217391304347826
0.6875
0.7272727272727272
0.7058823529411765
0.888888888888889
0.3243243243243243
0.5
0.6666666666666666
0.5555555555555556
0.7741935483870969
0.8
0.6153846153846153
0.689655172413793
0.4210526315789474
0.48780487804878053
0.5
0.48
0.6666666666666666
0.5581395348837208
0.6428571428571429
1.0
0.5
0.4827586206896552
0.5052631578947367
0.3745819397993311
0.5714285714285715
0.5714285714285715
0.6857142857142857
0.375
0.7058823529411765
0.606060606060606
0.5675675675675675
0.0
0.36363636363636365
0.4666666666666667
0.5333333333333333
0.6451612903225806
0.591549295774648
0.22222222222222224
0.8571428571428571
0.48387096774193544
0.6331658291457287
0.5
0.9333333333333333
0.8181818181818182
0.8
0.7547169811320756
1.0
1.0
0.6153846153846154
0.6666666666666666
1.0
0.7773851590106008
0.4444444444444445
0.6153846153846153
0.6666666666666665
0.4
0.75
0.5714285714285714
0.6549707602339182
0.5
0.8224299065420562
0.7258064516129034
0.7058823529411764
0.8
0.64
0.7741935483870969
0.6412213740458015
0.6666666666666666
0.6666666666666666
0.8536585365853658
0.5714285714285715
0.4615384615384615
0.8
0.2857142857142857
0.4
0.42857142857142855
0.6666666666666665
0.6976744186046512
0.5
0.5
1.0
0.5714285714285715
0.6666666666666665
0.6557377049180328
0.25
0.5
0.6666666666666666
0.8571428571428571
0.8224299065420562
0.631578947368421
0.5714285714285715
0.75
0.4210526315789474
1.0
1.0
0.770053475935829
0.0
0.8089887640449439
0.36363636363636365
1.0
0.8089887640449439
0.8571428571428571
0.48780487804878053
0.42857142857142855
0.5384615384615384
0.7499999999999999
0.75
0.2222222222222222
0.577319587628866
0.3333333333333333
0.816326530612245
0.6666666666666666
0.5714285714285715
0.3157894736842105
0.7563025210084034
0.8000000000000002
0.5714285714285715
0.7368421052631577
0.49180327868852464
0.42
1.0
0.6
0.56
0.5581395348837209
1.0
0.5
0.2758620689655173
0.4000000000000001
0.6127659574468085
0.26666666666666666
0.3333333333333333
0.5714285714285715
0.6666666666666666
0.4878048780487804
0.5333333333333333
0.576923076923077
0.6176470588235293
0.6666666666666666
0.7499999999999999
1.0
0.45901639344262296
0.7368421052631577
0.8
0.8571428571428571
0.3333333333333333
0.6666666666666665
0.9090909090909091
0
0.6666666666666666
0.4
1.0
0.588235294117647
0.25
0.38461538461538464
0.7317073170731706
0.9333333333333333
0.4
0.7333333333333334
0.5555555555555556
1.0
0.5714285714285715
0.7417218543046358
0.4
1.0
0.7499999999999999
0.670391061452514
0.5714285714285715
1.0
0.5
0.5
0.5607476635514019
0.5853658536585366
0.7272727272727272
0.625
0.6306306306306306
0.7272727272727272
0.6774193548387097
0.7887323943661971
0.47058823529411764
0.5333333333333333
0.7088607594936709
0.9523809523809523
0.7547169811320756
1.0
0.5454545454545454
0.6486486486486486
0.4444444444444445
0.5454545454545454
0.7999999999999999
0.49382716049382713
0.7974683544303799
0.5882352941176471
0.6666666666666667
1.0
0.8695652173913043
0.5106382978723405
0.16216216216216217
0.32
0.5714285714285715
0.5333333333333333
0.6829268292682926
0.823529411764706
0.4210526315789474
0.7272727272727272
0.6666666666666666
1.0
0.6299212598425198
0.7317073170731706
0.4444444444444445
0.6871165644171779
0.29268292682926833
0.7826086956521738
0.6545454545454545
0.6603773584905661
0.6829268292682926
0.5882352941176471
0.7272727272727272
0.6829268292682926
0.7317073170731706
0.9090909090909091
0.6588235294117646
0.576923076923077
0.4
0.761904761904762
0.6021505376344085
0.5217391304347826
0.7142857142857143
0.631578947368421
0.5
0.20512820512820512
0.5970149253731343
0.3636363636363636
0.7368421052631579
0.8333333333333333
0.75
0.6194690265486726
0.6818181818181818
0.9411764705882353
0.7567567567567567
0.7783783783783783
0.49079754601226994
0.26666666666666666
0.6260869565217392
0.8859060402684563
0.7142857142857143
0.6395939086294417
0.689655172413793
0.5109489051094891
0.7461139896373057
0.6666666666666666
0.8
0.7741935483870969
0.6885245901639345
0.44776119402985076
0.7999999999999999
0.6233766233766235
0.7766990291262137
0.6363636363636364
0.6
0.631578947368421
0.888888888888889
0.6896551724137931
0.375
0.8333333333333333
0.6666666666666666
0.8
0.6871165644171779
0.375
0.6
0.537313432835821
0.5357142857142857
0.5063291139240506
0.631578947368421
0.43523316062176165
0.8294930875576038
0.6666666666666665
0.5
0.4444444444444444
0.43478260869565216
0.5333333333333333
0.6075949367088608
0.3529411764705882
0.8000000000000002
0.634920634920635
0.576923076923077
0.5675675675675675
0.26666666666666666
0.6818181818181818
0.4444444444444445
0.23529411764705882
0.38709677419354843
0.4444444444444445
0.5217391304347826
0.9333333333333333
0.7730061349693251
0.7692307692307692
0.6451612903225806
0.8333333333333333
1.0
0.3333333333333333
0.38709677419354843
0.4918032786885245
0.75
0.823529411764706
0.5454545454545454
0.5185185185185186
0.3157894736842105
0.888888888888889
0.5454545454545454
0.4347826086956522
0.9230769230769231
0.8695652173913043
0.8
0.8520710059171598
0.48387096774193544
0.8319327731092436
0.6250000000000001
0.816326530612245
0.5263157894736842
0.5185185185185186
0.6486486486486486
0.9090909090909091
0.8461538461538461
0.8653846153846153
0.761904761904762
0.606060606060606
0.6666666666666666
0.6666666666666666
0.5932203389830508
0.792079207920792
0.27586206896551724
0.6511627906976744
0.8571428571428571
0.689655172413793
0.6666666666666665
0.5581395348837209
0.821917808219178
0.6299212598425198
0.7822222222222223
0.6021505376344085
0.888888888888889
0.816326530612245
0.6
0.5
0.7088607594936709
0.9523809523809523
0.8
0.8135593220338982
0.25
0.5333333333333333
0.6412213740458015
0.8421052631578948
0.625
0.5333333333333333
0.816326530612245
0.4615384615384615
0.6451612903225806
0.576923076923077
0.7567567567567567
0.7272727272727272
0.9090909090909091
0.28571428571428575
0.4752475247524753
0.6796116504854369
0.634920634920635
0.9128630705394191
0.5202312138728324
0.8044692737430167
0.8450704225352113
0.48979591836734687
0.8
0.6363636363636364
0.7000000000000001
0.4615384615384615
0.5
0.56
0.6
0.8088235294117647
0.7407407407407408
0.5970149253731343
0.5454545454545454
0.7241379310344827
0.30769230769230765
0.26666666666666666
0.4210526315789473
0.3333333333333333
0.7499999999999999
0.3333333333333333
0.7516778523489932
0.375
0.6086956521739131
0.6250000000000001
0.49295774647887325
0.7567567567567567
0.631578947368421
0.4528301886792453
0.634920634920635
0.7974683544303799
0.43410852713178294
0.7017543859649122
0.7272727272727272
0.8695652173913044
0.47058823529411764
0.7407407407407408
1.0
0.17391304347826086
0.5263157894736842
0.5185185185185186
0.5853658536585366
0.3529411764705882
1.0
0.47619047619047616
0.7741935483870969
0.64
0.5
0.8333333333333334
0.6666666666666666
0.7093596059113301
0.9090909090909091
0.6
0.5555555555555556
0.5925925925925926
0.5714285714285715
0.816326530612245
0.9158249158249158
0.8
0.8
0.5806451612903225
0.38461538461538464
0.8000000000000002
0.6
0.8
0.6
1.0
0.39215686274509803
0.6666666666666666
1.0
0.591549295774648
0.7199999999999999
0.5454545454545454
0.6091370558375635
0.28571428571428575
0
0.5655526992287918
0.3636363636363636
0.5594405594405595
0.75
0.47058823529411764
0.5714285714285715
1.0
0.7566137566137566
0.8
0.5217391304347826
0.48979591836734687
0.8571428571428571
0.588235294117647
0.6666666666666666
0.6
0.7142857142857143
0.6122448979591836
0.888888888888889
0.7159090909090909
0.5084745762711864
0.4046242774566475
1.0
0.5853658536585366
0.5
0.8333333333333333
0.6666666666666666
0.6593406593406592
0.6666666666666665
0.43749999999999994
0.6857142857142857
1.0
0.75
0.7058823529411765
0.6875
0.6
0.6611570247933884
0.8571428571428571
0.674698795180723
0.4444444444444444
0.8
1.0
0.47058823529411764
0.6153846153846154
0.7563025210084034
0.8571428571428571
0.6206896551724137
0.48
0.0
0.7058823529411765
1.0
0.5
0.6666666666666666
0.380952380952381
0.42211055276381904
0.48484848484848486
0.5
1.0
0.7741935483870969
1.0
0.576923076923077
0.717948717948718
0.4615384615384615
1.0
0.5551601423487544
0.5106382978723405
0.625
0.6185567010309277
0.7466666666666666
0.8571428571428572
0.6473988439306358
0.4615384615384615
0.5906040268456376
0.6829268292682926
0.5647058823529412
0.4000000000000001
0.5317220543806647
0.5656565656565655
0.4210526315789474
0.5901639344262295
0.588235294117647
1.0
0.6547619047619048
0.7142857142857143
0.41176470588235287
0.26666666666666666
0.8333333333333334
0.6976744186046512
1.0
0.7999999999999999
0.5142857142857143
0.3174603174603175
0.6116504854368933
0.47058823529411764
0.4675324675324675
0.9333333333333333
0.7706422018348624
0.8571428571428571
1.0
0.37499999999999994
1.0
0.30769230769230765
0.6829268292682926
0.6792452830188679
0.1951219512195122
0.5333333333333333
0.4444444444444445
0.578512396694215
0.6153846153846154
0.42857142857142855
1.0
0.6774193548387097
0.4800000000000001
0.47058823529411764
0.6549707602339182
0.6666666666666666
0.49689440993788814
0.5555555555555556
0.5970149253731343
0.7415730337078651
0.7500000000000001
0.631578947368421
0.6787878787878787
0.15384615384615385
0.25
1.0
0.40935672514619886
0.7142857142857143
0.4444444444444445
0.5714285714285715
0.7058823529411765
0.5217391304347826
0.6395939086294417
0.7594936708860761
0.6
0.4999999999999999
0.43636363636363634
0.47619047619047616
0.6666666666666666
0.380952380952381
0.8571428571428571
0.6549707602339182
0.4528301886792453
1.0
0.5555555555555556
0.6666666666666666
0.38095238095238093
0.6722689075630253
0.8659793814432989
1.0
0.8571428571428571
0.5833333333333334
0.5060240963855422
0.3846153846153846
0.8421052631578948
1.0
0.8571428571428571
