0.6837606837606838
0.5468749999999999
0.25
0
0.41379310344827586
0.8602150537634408
0.4444444444444445
0.8750000000000001
0.4210526315789474
0.7801418439716311
0.7943262411347517
0.8181818181818181
0.7058823529411765
0.5172413793103449
0.3333333333333333
0.5833333333333334
0.8333333333333333
0.30303030303030304
0.4210526315789473
0.4
0.4225352112676056
0.576923076923077
0.7017543859649122
0.6176470588235293
0.28571428571428575
0.7058823529411765
0.42857142857142855
0.22727272727272724
0.5
0.5454545454545454
0.7017543859649122
0.43165467625899273
0.42857142857142855
0.888888888888889
0.21428571428571427
0.9333333333333333
0.7017543859649122
0.6451612903225806
0.6521739130434783
0.5853658536585366
0.5000000000000001
0.35714285714285715
0.25
0.888888888888889
0.38709677419354843
0.6306306306306306
0.2105263157894737
0.24242424242424243
0.3508771929824561
0.5874125874125874
0.5714285714285714
0.8571428571428571
0.48000000000000004
0.5084745762711864
0.6666666666666666
0.5714285714285715
0.7999999999999999
0.5454545454545454
0.21052631578947364
1.0
0.888888888888889
0.6666666666666667
0.6829268292682926
0.923076923076923
0.2857142857142857
0.5217391304347826
0.5106382978723405
0.7741935483870969
0.7999999999999999
0.6666666666666666
0.4067796610169491
0.6666666666666666
0.8421052631578948
0.6306306306306306
0.6666666666666665
0.4
0.5
0.7692307692307692
0.7455621301775148
0.4255319148936171
0.7272727272727272
0.5
0.6956521739130435
0.48979591836734687
0.6481481481481481
0.7272727272727272
0.7446808510638298
0.25806451612903225
0.5357142857142858
0.8344370860927153
0.4
0.7368421052631577
0.6451612903225806
0.5833333333333334
0.7547169811320756
0.7692307692307692
0.8
0.4615384615384615
0.410958904109589
0.7777777777777777
0.64
0.5793103448275861
0.7317073170731706
0.23529411764705882
0.7058823529411765
0.7730061349693251
0.7777777777777777
0.6436781609195402
0.6250000000000001
0.8520710059171598
0.5106382978723405
0.7142857142857143
0.5479452054794521
0.6829268292682926
0.5106382978723405
0.6666666666666666
0.6511627906976744
0.25
0.34285714285714286
0.591549295774648
0.23076923076923073
0.6666666666666666
0.38709677419354843
0.30769230769230765
0.4081632653061225
0.7865168539325842
0.634920634920635
0.4444444444444445
0.6
0.6511627906976744
0.5882352941176471
0.5
0.5691056910569107
0.6885245901639345
0.4
0.32
0.6774193548387097
0.6818181818181818
0.5137614678899083
0.42857142857142855
0.42105263157894735
0.5333333333333333
0.7317073170731706
0.5562913907284769
0.2
0.5
0.7058823529411765
0.4225352112676056
0.6451612903225806
0.5479452054794521
0.3870967741935483
0.6976744186046512
0.5714285714285714
0.5555555555555556
0.6260869565217392
0.6153846153846153
0.6
0.48979591836734687
0.4948453608247423
0.35294117647058826
0.3
0.3076923076923077
0.4800000000000001
0.25531914893617025
0.5
0.8873239436619719
0.5454545454545454
0.7894736842105262
0.6562499999999999
0.5555555555555556
0.588235294117647
0.5
0.631578947368421
0.5263157894736842
0.5194805194805195
0.3947368421052631
0.631578947368421
0.5106382978723405
0.6153846153846154
0.5263157894736842
0.22222222222222224
0.5333333333333333
0.6557377049180328
0.7466666666666666
0.7272727272727272
0.6666666666666667
0.5263157894736842
0.7058823529411765
0.576923076923077
0.8818897637795274
0.4918032786885245
0.5454545454545454
0.6451612903225806
0.5806451612903226
0.5454545454545454
0.6666666666666666
0.42857142857142855
0.5714285714285715
0.625
0.5555555555555556
0.7368421052631577
0.4615384615384615
0.4615384615384615
0.7317073170731706
0.634920634920635
0.7777777777777777
0.717948717948718
0.8089887640449439
0.380952380952381
0.30769230769230765
0.75
0.4
0.45801526717557256
0.761904761904762
0.689655172413793
0.7058823529411764
0.6787878787878787
0.3333333333333333
0.631578947368421
0.625
0.5633802816901409
0.8602150537634408
0.7943262411347517
0.5714285714285714
0.47058823529411764
0.9523809523809523
0.5797101449275363
0.4
0.7608695652173915
0.7461139896373057
0.4528301886792453
0.6857142857142857
0.6666666666666666
0.689655172413793
0.6206896551724137
0.4081632653061225
0.7017543859649122
0.8750000000000001
0.44776119402985076
1.0
0.7476635514018691
0.6666666666666665
0.3636363636363636
0.47863247863247865
0.3636363636363637
0.6451612903225806
0.7741935483870969
0.6666666666666666
0.6779661016949152
0.6382978723404256
0.6363636363636365
0.6153846153846153
0.4210526315789474
0.5454545454545454
0.6206896551724139
0.30769230769230765
0.45528455284552843
0.6857142857142857
0.75
0.5263157894736842
0.6521739130434783
0.7692307692307692
0.625
0.5714285714285715
0.6451612903225806
0.4444444444444445
0.6829268292682926
0.8
0.4918032786885245
0.5
0.6976744186046512
0.6
0.48000000000000004
0.6796116504854369
0.49180327868852464
0.75
0.3333333333333333
0.5825242718446602
0.5660377358490566
0.4615384615384615
0.8181818181818181
0.7079646017699115
0.7706422018348624
0.7317073170731706
0.47058823529411764
0.42857142857142855
0.4
0.7000000000000001
0.4912280701754386
0.823529411764706
0.689655172413793
0.5333333333333333
0.75
0.3409090909090909
0.5454545454545454
0.4137931034482759
0.46979865771812085
0.6666666666666666
0.8155339805825242
0.5333333333333333
0.5833333333333334
0.4
0.4210526315789474
0.8235294117647058
0.5263157894736842
0.3636363636363636
0.5333333333333333
0.3636363636363636
0.2891566265060241
0.6
0.5555555555555556
0.8421052631578948
0.4
0.9333333333333333
0.606060606060606
0.0
0.6885245901639345
0.5263157894736842
0.6
0.3636363636363636
0.717948717948718
0.6666666666666667
0.7692307692307692
0.47058823529411764
0.591549295774648
0.8571428571428571
0.5454545454545454
0.7309644670050762
0.6706586826347306
0.6818181818181818
0.4444444444444444
0.375
0.34782608695652173
0.5063291139240507
0.6
0.631578947368421
0.47058823529411764
0.6021505376344085
0.8333333333333333
0.36363636363636365
0.6741573033707865
0.7407407407407408
0.5
0.6666666666666666
0.7777777777777778
0.676056338028169
0.56
0.631578947368421
0.588235294117647
0.674698795180723
0.5454545454545454
0.6779661016949152
0.631578947368421
0.6382978723404256
0.689655172413793
0.631578947368421
0.5
0.8155339805825242
0.5
0.5
0.7692307692307693
0.64
0.631578947368421
0.8135593220338982
0.3157894736842105
0.631578947368421
0.8461538461538461
0.5454545454545454
0.34285714285714286
0.6666666666666666
0.6153846153846153
0.5714285714285715
0.5970149253731343
0.5783132530120482
0.5555555555555556
0.6451612903225806
0.8571428571428571
0.34782608695652173
0.7368421052631577
0.6
0.43636363636363634
0.4897959183673469
0.689655172413793
0.6
0.2
0.6250000000000001
0.4897959183673469
0.6222222222222222
0.4444444444444445
0.888888888888889
0.6774193548387097
0.4444444444444445
0.7088607594936709
0.32
0.8520710059171598
0.8450704225352113
0.5714285714285715
0.6666666666666666
0.7407407407407408
0.8155339805825242
0.28571428571428575
0.689655172413793
0.5633802816901409
0.4444444444444444
0.576923076923077
0.5454545454545454
0.7499999999999999
0.576923076923077
0.7547169811320756
0.48780487804878053
0.48387096774193544
0.588235294117647
0.5263157894736842
0.8333333333333333
0.7
0.2727272727272727
0.8044692737430167
0.7964601769911505
0.3947368421052631
0.6428571428571429
0.6428571428571429
0.761904761904762
0.45161290322580644
0.3116883116883117
0.5263157894736842
0.5454545454545454
0.7350835322195703
0.6086956521739131
0.375
0.6
0.5825242718446602
0.7999999999999999
0.7142857142857143
0.4210526315789474
0.7777777777777777
0.5714285714285714
0.6363636363636364
1.0
0.6
0.7304347826086957
0.3636363636363636
0.4
0.8571428571428571
0.5714285714285715
0.4054054054054054
0.6268656716417911
0.3333333333333333
0.5504587155963303
0.4067796610169491
0.5333333333333333
0.5714285714285715
0.5
0.7446808510638298
0.6153846153846154
0.5853658536585366
0.7000000000000001
0.6829268292682926
0.7088607594936709
0.4067796610169491
0.6719999999999999
0.7142857142857143
0.717948717948718
0.27272727272727276
0.5853658536585366
0.35294117647058826
0.5
0.6829268292682926
0.5970149253731343
0.588235294117647
0.7499999999999999
0.36363636363636365
0.48979591836734687
0.4615384615384615
0.7659574468085106
0.64
0.4615384615384615
0.5675675675675675
0.5454545454545454
0.6436781609195402
0.2654867256637168
0.5
0.6666666666666665
0.45454545454545453
0.6722689075630253
0.56
0.41666666666666663
0.6
0.7567567567567567
0.689655172413793
0.823529411764706
0.4166666666666667
0.5333333333333333
0.576923076923077
0.5035971223021583
0.38709677419354843
0.3934426229508197
0.6461538461538462
0.42857142857142855
0.4528301886792453
0.7636363636363638
0.5106382978723405
0.5454545454545454
0.5
0.689655172413793
0.4615384615384615
0.9090909090909091
0.6363636363636364
0.6250000000000001
0.8000000000000002
0.5217391304347827
0.5797101449275363
0.7875
0.6666666666666666
0.8256880733944955
0.8333333333333333
0.6829268292682926
0.7164179104477612
0.5511811023622047
0.8571428571428571
0.5633802816901409
0.5
0.631578947368421
0.75
0.5263157894736842
0.6363636363636364
0.5833333333333334
0.5
0.8344370860927153
0.6050420168067226
0.4347826086956522
0.6363636363636364
0.47058823529411764
0.9045226130653266
0.30303030303030304
0.5714285714285715
0.22222222222222224
0.3333333333333333
0.30769230769230765
0.888888888888889
0.5714285714285715
0.5479452054794521
0.5454545454545454
0.5
0.3157894736842105
0.47619047619047616
0.6395939086294417
0.5
0.6557377049180328
0.6
0.3333333333333333
0.7317073170731706
0.823529411764706
0.5084745762711864
0.75
0.6461538461538462
0.7499999999999999
0.5660377358490566
0.6153846153846154
0.8
0.5714285714285713
0.5675675675675675
0.7563025210084034
0.38095238095238093
0.49180327868852464
0.5714285714285715
0.7
0.7741935483870969
0.42857142857142855
0.6666666666666666
0.5357142857142858
0.7706422018348624
0.8181818181818182
0.8333333333333334
0.7346938775510203
0.4444444444444444
0.380952380952381
0.5511811023622047
0.4
0.8944099378881988
0.39215686274509803
0.717948717948718
0.5882352941176471
0.4827586206896552
0.4615384615384615
0.8358208955223881
0.6956521739130435
0.8000000000000002
0.631578947368421
0.689655172413793
0.5468749999999999
0.4123711340206186
0.34285714285714286
0.6461538461538462
0.49382716049382713
0.5833333333333334
0.5714285714285715
0.6222222222222222
0.3636363636363636
0.4137931034482759
0.4615384615384615
0.7894736842105262
0.5797101449275363
0.34285714285714286
0.4444444444444444
0.6741573033707865
0.5333333333333333
0.5555555555555556
0.6451612903225806
0.7894736842105262
0.8372093023255814
0.717948717948718
0.43478260869565216
0.4
0.9090909090909091
0.4444444444444444
0.4225352112676056
0.5263157894736842
0.8155339805825242
0.7547169811320756
0.8750000000000001
0.7142857142857143
0.32876712328767127
0.30769230769230765
0.6666666666666666
1.0
0.48780487804878053
0.7422680412371134
0.7142857142857143
0.7
0.7407407407407408
0.8155339805825242
0.4615384615384615
0.7142857142857143
0.7272727272727273
0.5555555555555556
0.6153846153846154
0.5263157894736842
0.5084745762711865
0.6153846153846153
0.40579710144927533
0.3582089552238806
0.49295774647887325
0.6857142857142857
0.7058823529411765
0.689655172413793
0.8873239436619719
0.5932203389830508
0.634920634920635
0.31746031746031744
0.14285714285714288
0.625
0.8155339805825242
0.28571428571428575
0.5263157894736842
0.6549707602339182
0.7407407407407408
0.5
0.3380281690140845
0.4761904761904762
0.6666666666666666
0.5479452054794521
0.6666666666666666
0.634920634920635
0.0
0.5333333333333333
0.6702127659574467
0.32
0.380952380952381
0.4444444444444445
0.5825242718446602
0.8148148148148148
0.7241379310344827
0.5
0.5555555555555556
0.5454545454545454
0.7
0.46875
0.6451612903225806
0.7272727272727272
0.8358208955223881
0.6857142857142857
0.6
0.5714285714285715
0.42857142857142855
0.5263157894736842
0.47058823529411764
0.6666666666666666
0.6923076923076923
0.4210526315789474
0.5853658536585366
0.923076923076923
0.5
0.4444444444444445
0.28571428571428575
0.4444444444444445
0.8421052631578948
0.7017543859649122
0.6122448979591836
0.7200000000000001
0.9090909090909091
0.6857142857142857
0.5833333333333334
0.3636363636363636
0.7547169811320756
0.34782608695652173
0.18604651162790697
0.7058823529411764
0.7943262411347517
0.2857142857142857
0.7692307692307692
0.7636363636363638
0.4444444444444445
0.6451612903225806
0.3636363636363636
0.5357142857142858
0.5957446808510638
0.5
0.4444444444444445
0.4444444444444445
0.5853658536585366
0.3636363636363636
0.48979591836734687
0.8730158730158729
0.48979591836734687
0.38709677419354843
0.3488372093023256
0.5
0.5454545454545454
0.6306306306306306
0.6666666666666666
0.631578947368421
0.3529411764705882
0.6666666666666666
0.6666666666666665
0.689655172413793
0.8571428571428571
0.4444444444444445
0.8944099378881988
0.6
0.26666666666666666
0.7368421052631579
0.6666666666666665
0.7741935483870969
0.8181818181818182
0.4210526315789474
0.5217391304347826
0.8333333333333333
0.5555555555555556
0.5454545454545454
0.48192771084337344
0.6
0.17647058823529413
0.674698795180723
0.46511627906976744
0.6666666666666666
0.7058823529411765
0.6666666666666666
0.5263157894736842
0.5263157894736842
0.5479452054794521
0.5
0.6131386861313869
0.4
0.6250000000000001
0.6666666666666666
0.7407407407407408
0.46153846153846156
0.6122448979591836
0.64
0.5333333333333333
0.38961038961038963
0.717948717948718
0.7058823529411765
0.41379310344827586
0.2439024390243902
0.7317073170731706
0.6
0.6666666666666666
0.6153846153846153
0.42857142857142855
0.5405405405405405
0.19047619047619047
0.7304347826086957
0.7826086956521738
0.47058823529411764
0.35294117647058826
0.375
0.26666666666666666
0.5714285714285713
0.5555555555555556
0.923076923076923
0.5633802816901409
0.7272727272727272
0.3333333333333333
0.5637583892617449
0.8571428571428571
0.39999999999999997
0.5303030303030303
0.4615384615384615
0.21052631578947367
0.5333333333333333
0.634920634920635
0.6818181818181818
0.4000000000000001
0.380952380952381
0.5263157894736842
0.13953488372093023
0.7142857142857143
0.4255319148936171
0.7692307692307692
0.7974683544303799
0.6250000000000001
0.47058823529411764
0.8187134502923977
0.5555555555555556
0.28571428571428575
0.1111111111111111
0.7887323943661971
0.6153846153846154
0.6153846153846154
0.8727272727272727
0.591549295774648
0.30769230769230765
0.46511627906976744
0.7894736842105262
0.3157894736842105
0.782608695652174
0.4444444444444444
0.5925925925925926
0.30769230769230765
0.6666666666666666
0.48780487804878053
0.45454545454545453
0.6461538461538462
0.5454545454545454
0.8235294117647058
0.7499999999999999
0.6521739130434783
0.6575342465753425
0.3333333333333333
0.8358208955223881
0.6666666666666666
0.821917808219178
0.7070707070707072
0.4444444444444445
0.5333333333333333
0.603448275862069
0.7652173913043478
0.4210526315789474
0.761904761904762
0.5806451612903226
0.7792207792207793
0.6562499999999999
0.5581395348837209
0.5882352941176471
0.7894736842105262
0.8
0.7164179104477612
0.6382978723404256
0.7058823529411764
0.7272727272727273
0.5333333333333333
0.6666666666666667
0.7547169811320756
0.30769230769230765
0.625
0.4
0.75
0.6666666666666666
0.4137931034482759
0.38834951456310685
0.7499999999999999
0.4
0.4137931034482759
0.7000000000000001
0.4123711340206186
0.5
0.3333333333333333
0.588235294117647
0.6260869565217392
1.0
0.7142857142857143
0.6153846153846154
0.5333333333333333
0.4285714285714285
0.578512396694215
0.0
0.47058823529411764
0.5882352941176471
0.5263157894736842
0.5454545454545454
0.5
0.28571428571428575
0.375
0.7792207792207793
0.6185567010309277
0.47058823529411764
0.5
0.30769230769230765
0.42857142857142855
0.6451612903225806
0.42857142857142855
0.7272727272727273
0.36363636363636365
0.5454545454545454
0.6153846153846153
0.3
0.5454545454545454
0.42857142857142855
0.8155339805825242
0.8076923076923077
0.46875
0.2857142857142857
0.6961325966850829
0.4137931034482759
0.5
0.6
0.5
0.6486486486486486
0.6930693069306931
0.7692307692307692
0.7692307692307692
0.5783132530120482
0.821917808219178
0.6185567010309277
0.689655172413793
0.42857142857142855
0.5833333333333334
0.7951807228915662
0.6122448979591836
0.6153846153846153
0.4137931034482759
0.6885245901639345
0.7228915662650602
0.8571428571428571
0.5
0.6666666666666666
0.42857142857142855
0.7317073170731706
0.7547169811320756
0.8944099378881988
0.42857142857142855
0.7368421052631577
0.6818181818181818
0.4
0.5333333333333333
0.4444444444444445
0.576923076923077
0.6338028169014085
0.923076923076923
0.4827586206896552
0.5333333333333333
0.3636363636363636
0.8659793814432989
0.5853658536585366
0.5833333333333334
0.23529411764705882
0.6250000000000001
0.8695652173913043
0.5833333333333334
0.4912280701754386
0.4615384615384615
0.5
0.4800000000000001
0.5874125874125874
0.8372093023255814
0.923076923076923
1.0
0.8571428571428571
0.47058823529411764
0.5333333333333333
0.4528301886792453
0.6666666666666665
0.5581395348837209
0.5333333333333333
0.6666666666666666
0.6
0.4444444444444444
0.7241379310344827
0.8818897637795274
0.3636363636363636
0.631578947368421
0.7058823529411764
0.6857142857142857
0.6666666666666666
0.8750000000000001
0.4705882352941177
0.5468749999999999
0.4
0.45161290322580644
0.5121951219512195
0.5333333333333333
0.9333333333333333
0.75
0.7741935483870969
0.4301075268817204
0.7999999999999999
0.47058823529411764
0.5853658536585366
0.35294117647058826
0.4060913705583757
0.5454545454545454
0.9166666666666666
0.6
0.4444444444444445
0.7636363636363638
0.4210526315789474
0.6
0.6
0.4444444444444445
0.5970149253731343
0.47058823529411764
0.5555555555555556
0.3243243243243243
0.6122448979591836
0.5714285714285715
0.5316455696202531
0.7741935483870969
0.5932203389830508
0.3157894736842105
0.47058823529411764
0.6122448979591836
0.634920634920635
0.4210526315789474
0.5
0.5825242718446602
0.72
0.5714285714285715
0.7894736842105262
0.7241379310344827
0.4444444444444445
0.25
0.7777777777777777
0.5970149253731343
0.591549295774648
0.8421052631578948
0.4
0.761904761904762
0.3582089552238806
0.7741935483870969
0.3703703703703703
0.7272727272727272
0.9090909090909091
0.5581395348837208
0.6
0.75
0.7272727272727272
0.7792207792207793
0.7058823529411765
0.6451612903225806
0.5454545454545454
0.7692307692307692
0.7692307692307692
0.689655172413793
0.672782874617737
0.5594405594405595
0.5
0.5106382978723405
0.7887323943661971
0.375
0.37499999999999994
0.7241379310344827
0.380952380952381
0.606060606060606
0.8235294117647058
0.4444444444444445
0.6461538461538462
0.923076923076923
0.5454545454545454
0.7317073170731706
0.47058823529411764
0.509090909090909
0.3582089552238806
0.6857142857142857
0.6
0.6122448979591836
0.6666666666666666
0.5714285714285715
0.75
0.3076923076923077
0.606060606060606
0.7
0.4054054054054054
0.4444444444444445
0.631578947368421
0.8750000000000001
0.4705882352941177
0.6666666666666666
0.8944099378881988
0.5454545454545454
0.34782608695652173
0.7304347826086957
0.22222222222222224
0.7783783783783783
0.64
0.2608695652173913
0.631578947368421
0.48979591836734687
0.4444444444444445
0.7446808510638298
0.5384615384615384
0.7225806451612904
0.7058823529411764
0.9523809523809523
0.6666666666666666
0.5555555555555556
0.7692307692307692
0.7272727272727272
0.7317073170731706
0.6666666666666665
0.631578947368421
0.6603773584905661
0.6562499999999999
0.5714285714285714
0.3947368421052631
0.6194690265486726
0.5581395348837209
0.8695652173913043
0.5
0.3333333333333333
0.5309734513274336
0.3333333333333333
0.5
0.5106382978723405
0.6666666666666666
0.5454545454545454
0.48000000000000004
1.0
0.5555555555555556
0.5714285714285715
0.5714285714285714
0.8333333333333333
0.47619047619047616
0.4000000000000001
0.4137931034482759
0.4081632653061225
0.7894736842105262
0.3870967741935483
0.5526315789473685
0.6666666666666665
0.39999999999999997
0.2758620689655173
0.8421052631578948
0.6153846153846153
0.7730061349693251
0.47058823529411764
0.47058823529411764
0.5263157894736842
0.39999999999999997
0.48780487804878053
0.7000000000000001
0.9090909090909091
0.7407407407407408
0.5833333333333334
0.5217391304347827
0.6666666666666666
0.5
0.4363636363636363
0.631578947368421
0.5
0.2857142857142857
0.5714285714285715
0.380952380952381
0.3692307692307692
0.5853658536585366
0.8421052631578948
0.631578947368421
0.816326530612245
0.5714285714285713
0.7516778523489932
0.4444444444444444
0.4958677685950413
0.30769230769230765
0.6153846153846154
0.9090909090909091
0.5217391304347827
0.7894736842105262
0.4528301886792453
0.8571428571428572
0.4
0.8571428571428571
0.7692307692307693
0.923076923076923
0.6976744186046512
0.4615384615384615
0.588235294117647
0.7142857142857143
0.4761904761904762
0.3157894736842105
0.5333333333333333
0.7272727272727273
0.4444444444444445
0.4000000000000001
0.34285714285714286
0.6666666666666667
0.6511627906976744
0.6521739130434783
0.41379310344827586
0.5333333333333333
0.22222222222222224
0.7407407407407408
0.5263157894736842
0.4210526315789474
0.631578947368421
0.8358208955223881
0.7241379310344827
0.5333333333333333
0.7544910179640719
0.375
0.6666666666666666
0.5555555555555556
0.6131386861313869
0.923076923076923
0.5454545454545454
0.49382716049382713
0.7317073170731706
0.48780487804878053
0.6153846153846153
0.6666666666666666
0.631578947368421
0.588235294117647
0.8571428571428572
0.4
0.3157894736842105
0.4
0.16666666666666666
0.38095238095238093
0.5853658536585366
0.8818897637795274
0.6796116504854369
0.37499999999999994
0.6818181818181818
0.6666666666666666
0.9523809523809523
0.8333333333333333
0.14285714285714285
0.26666666666666666
0.48
0.3870967741935483
0.6363636363636365
0.7142857142857143
0.5714285714285715
0.7272727272727272
0.6857142857142857
0.5
0.576923076923077
0.6779661016949152
0.7567567567567567
0.6666666666666666
0.8
0.2
0.41666666666666663
0.47058823529411764
0.5333333333333333
0.6575342465753425
0.823529411764706
0.4444444444444444
0.6666666666666666
0.44776119402985076
0.6818181818181818
0.5
0.5333333333333333
0.689655172413793
0.8135593220338982
0.22222222222222224
0.5825242718446602
0.6857142857142857
0.6829268292682926
0.8000000000000002
0.7659574468085107
0.6779661016949152
0.7317073170731706
0.6862745098039216
0.7887323943661971
0.8520710059171598
0.49295774647887325
0.5128205128205129
0.6666666666666666
0.5
0.6666666666666665
0.5555555555555556
0.6021505376344085
0.6818181818181818
0.7706422018348624
0.7792207792207793
0.47619047619047616
0.6
0.5263157894736842
0.5454545454545454
0.47619047619047616
0.689655172413793
0.5504587155963303
0.6060606060606061
0.5454545454545454
0.6666666666666666
0.7088607594936709
0.6176470588235293
0.7142857142857143
0.28571428571428575
0.5490196078431373
0.5806451612903226
0.6222222222222222
1.0
0.5405405405405405
0.7384615384615384
0.46511627906976744
0.8155339805825242
0.6862745098039216
0.7826086956521738
0.6306306306306306
0.8571428571428571
0.3
0.8181818181818181
0.9
0.8076923076923077
0.8
0.43636363636363634
0.761904761904762
1.0
0.5
0.2962962962962963
0.7228915662650602
0.5970149253731343
0.5
0.5
0.5714285714285715
0.34782608695652173
0.5217391304347826
0.3076923076923077
0.5333333333333333
0.7943262411347517
0.43636363636363634
0.6666666666666666
0.7200000000000001
0.25
0.42857142857142855
0.6857142857142857
0.45454545454545453
0.5333333333333333
0.8275862068965518
0.7706422018348624
0.5384615384615384
0.5555555555555556
0.48000000000000004
0.5555555555555556
0.7368421052631577
0.5263157894736842
0.7207207207207208
0.4444444444444445
0.7741935483870969
0.6857142857142857
0.3157894736842105
0.5714285714285715
0.4615384615384615
0.3636363636363636
0.42857142857142855
0.3529411764705882
0.26666666666666666
0.6481481481481481
0.606060606060606
0.6185567010309277
0.4
0.5333333333333333
0.6741573033707865
0.6187845303867403
0.7058823529411765
0.6666666666666666
0.3934426229508197
0.6461538461538462
0.689655172413793
0.5714285714285715
0.1904761904761905
0.8873239436619719
0.7777777777777777
0.44303797468354433
0.6885245901639345
0.48979591836734687
0.3
0.634920634920635
0.7636363636363638
0.7499999999999999
0.823529411764706
0.9523809523809523
0.35555555555555557
0.5454545454545455
0.47058823529411764
0.5
0.5555555555555556
0.631578947368421
0.7407407407407408
0.6666666666666666
0.6353790613718412
0.4615384615384615
0.7547169811320756
0.8275862068965518
0.7258064516129034
0.6
0.7407407407407408
0.6666666666666666
0.1818181818181818
0.689655172413793
0.6153846153846153
0.6153846153846154
0.2608695652173913
0.8602150537634408
0.4912280701754386
0.3529411764705882
0.28571428571428575
0.7608695652173915
0.42857142857142855
0.5454545454545454
0.631578947368421
0.8876080691642652
0.6575342465753425
0.7272727272727272
0.3636363636363636
0.8450704225352113
0.7058823529411764
0.7272727272727272
0.5797101449275363
0.6666666666666666
0.7317073170731706
0.7317073170731706
0.5833333333333334
0.5714285714285715
0.588235294117647
0.606060606060606
0.588235294117647
0.34285714285714286
0.5853658536585366
0.4
0.4000000000000001
0.25
0.5194805194805195
0.7894736842105262
0.3
0.7499999999999999
0.6666666666666666
0.6666666666666666
0.7088607594936709
0.8333333333333333
0.75
0.3243243243243243
0.7133757961783439
0.8695652173913044
0.6131386861313869
0.6206896551724138
0.6
0.5333333333333333
0.5633802816901409
0.5581395348837208
0.6666666666666667
0.5217391304347826
0.7407407407407408
0.576923076923077
0.5217391304347826
0.5
0.8571428571428571
0.22222222222222224
0.5
0.2222222222222222
0.603448275862069
0.42857142857142855
0.7272727272727272
0.8333333333333333
0.6
0.7325581395348836
0.4615384615384615
0.5084745762711864
0.7272727272727272
0.19999999999999998
0.3636363636363636
0.4
0.64
0.7777777777777778
0.842911877394636
0.5
0.6153846153846154
0.7272727272727272
0.5333333333333333
0.591549295774648
0.7317073170731706
0.49295774647887325
0.6666666666666666
0.42857142857142855
0.8135593220338982
0.689655172413793
0.7547169811320756
0.4
0.7000000000000001
0.6593406593406592
0.5217391304347826
0.4444444444444444
0.9090909090909091
0.7499999999999999
0.6481481481481481
0.8333333333333333
0.47058823529411764
0.5384615384615384
0.75
0.5
0.7272727272727272
0.16666666666666666
0.3076923076923077
0.5
0.5714285714285715
0.4301075268817204
0.5106382978723405
0.5217391304347826
0.48
0.42857142857142855
0.9411764705882353
0.4329896907216495
0.8571428571428571
0.3636363636363636
0.5333333333333333
0.4137931034482759
0.35714285714285715
0.3636363636363636
0.41379310344827586
1.0
0.48
0.4444444444444444
0.8
0.8571428571428571
0.5
0.7228915662650602
0.5106382978723405
0.7741935483870969
0.5714285714285715
0.5882352941176471
0.21428571428571427
0.7741935483870969
0.48780487804878053
0.4948453608247423
0.4067796610169491
0.42857142857142855
0.6779661016949152
0.42857142857142855
0.4444444444444444
0.6412213740458015
0.5555555555555556
0.375
0.5555555555555556
0.43636363636363634
0.606060606060606
0.43795620437956206
0.6233766233766234
0.28571428571428575
0.3333333333333333
0.5333333333333333
0.5333333333333333
0.6153846153846153
0.6461538461538462
0.717948717948718
0.4411764705882353
0.375
0.3
0.6451612903225806
0.6766917293233083
0.5555555555555556
0.5
0.5384615384615384
0.7058823529411765
0.888888888888889
0.5
0.7133757961783439
0.6666666666666665
0.625
0.5970149253731343
0.3
0.6
0.7692307692307693
0.29629629629629634
0.6666666666666666
0.4615384615384615
0.888888888888889
0.380952380952381
0.2926829268292683
0.6666666666666667
0.5
0.5714285714285715
0.4210526315789474
0.6885245901639345
0.5217391304347826
0.5
0.6666666666666666
0.588235294117647
0.8333333333333333
0.5
0.5263157894736842
0.5
0.5
0.3636363636363636
0.6666666666666666
0.4137931034482759
0.375
0.5172413793103449
0.5882352941176471
0.6666666666666665
0.28571428571428575
0.6666666666666666
0.48
0.588235294117647
0.7017543859649122
0.6428571428571429
0.48
0.47058823529411764
0.38461538461538464
0.717948717948718
0.631578947368421
0.7999999999999999
0.8181818181818182
0.4
0.5825242718446602
0.43636363636363634
0.8421052631578948
0.5454545454545454
0.8383233532934132
0.673076923076923
0.8000000000000002
0.7368421052631579
0.4444444444444444
0.30769230769230765
0.5333333333333333
0.9411764705882353
0.22222222222222224
0.4210526315789474
0.36363636363636365
0.631578947368421
0.6666666666666666
0.4528301886792453
0.5
0.6956521739130435
0.380952380952381
0.5555555555555556
1.0
0.5333333333333333
0.6829268292682926
0.5
0.5263157894736842
0.631578947368421
0.5714285714285715
0.5
0.6575342465753425
0.6666666666666666
0.4615384615384615
0.3225806451612903
0.42857142857142855
0.5
0.4
0.7567567567567567
0.6486486486486486
0.6451612903225806
0.6194690265486726
0.6122448979591836
0.5783132530120482
0.5882352941176471
0.5217391304347827
0.4705882352941177
0.5970149253731343
0.8421052631578948
0.4444444444444445
0.7446808510638298
0.44776119402985076
0.761904761904762
0.631578947368421
0.4918032786885245
0.47058823529411764
0.9
0.6818181818181818
0.4
0.6666666666666666
0.7887323943661971
0.48
0.48192771084337344
0.691358024691358
0.5
0.5106382978723405
1.0
0.5454545454545454
0.3333333333333333
0.30769230769230765
0.3636363636363636
0.7272727272727272
0.7368421052631579
0.7567567567567567
0.6976744186046512
0.4444444444444445
0.7446808510638298
0.16
0.7241379310344827
0.7499999999999999
0.5
0.7199999999999999
0.5263157894736842
0.7368421052631577
0.375
0.5581395348837208
0.5932203389830508
0.5
0.4444444444444445
0.4137931034482759
0.5882352941176471
0.5454545454545454
0.6885245901639345
0.24000000000000002
0.44943820224719094
0.6829268292682926
0.8235294117647058
0.7070707070707072
0.5853658536585366
0.3703703703703704
0.6748466257668712
0.9
0.5217391304347826
0.875
0.631578947368421
0.6363636363636364
0.6153846153846153
0.8571428571428572
0.6549707602339182
0.7777777777777777
0.48387096774193544
0.7272727272727272
0.5691056910569107
0.5454545454545454
0.5
0.5714285714285715
0.2857142857142857
0.6481481481481481
0.7999999999999999
0.5714285714285715
0.6666666666666666
0.23529411764705882
0.42857142857142855
0.6176470588235293
0.6153846153846153
0.588235294117647
0.8333333333333333
0.6930693069306931
0.689655172413793
0.5637583892617449
0.631578947368421
0.6451612903225806
0.7384615384615384
0.3582089552238806
0.631578947368421
0.8571428571428571
0.2857142857142857
0.75
0.6451612903225806
0.28571428571428575
0.9090909090909091
0.4040404040404041
0.6153846153846154
0.36363636363636365
0.7499999999999999
0.6153846153846154
0.20689655172413796
0.46153846153846156
0.6562499999999999
0.47058823529411764
0.7368421052631577
0.39999999999999997
0.6153846153846154
0.4615384615384615
0.4666666666666666
0.7999999999999999
0.3846153846153846
0.6222222222222222
0.380952380952381
0.3529411764705882
0.4444444444444444
0.5454545454545454
0.48979591836734687
0.6250000000000001
0.5
0.5825242718446602
0.6666666666666666
0.509090909090909
0.6666666666666666
0.49382716049382713
0.6086956521739131
0.37499999999999994
0.8275862068965518
0.75
0.7692307692307693
0.7499999999999999
0.38709677419354843
0.5084745762711864
0.4444444444444445
0.32000000000000006
0.5084745762711864
0.41666666666666663
0.375
0.9090909090909091
0.5970149253731343
0.8750000000000001
0.6792452830188679
0.7547169811320756
0.49295774647887325
0.7783783783783783
0.75
0.32432432432432434
0.7865168539325842
0.3636363636363636
0.5454545454545454
0.4210526315789474
0.606060606060606
0.4615384615384615
0.7272727272727273
0.5
0.6057692307692307
0.5970149253731343
0.5217391304347826
0.39999999999999997
0.5
0.4597701149425288
0.8256880733944955
0.7142857142857143
0.5714285714285715
0.2
0.6250000000000001
0.18181818181818182
0.5454545454545454
0.761904761904762
0.4210526315789474
0.5217391304347826
0.5333333333333333
0.761904761904762
0.25
0.4137931034482759
0.625
0.46511627906976744
0.673076923076923
0.5581395348837208
0.8155339805825242
0.2580645161290323
0.5
0.35294117647058826
0.5
0.28571428571428575
0.5714285714285715
0.8333333333333334
0.8
0.4444444444444445
0.6153846153846154
0.606060606060606
0.75
0.5714285714285713
0.8296296296296296
0.6557377049180328
0.588235294117647
0.42857142857142855
0.9333333333333333
0.35294117647058826
0.6511627906976744
0.8818897637795274
0.56
0.5932203389830508
0.7741935483870969
0.37499999999999994
0.6666666666666666
0.25
0.3333333333333333
0.38709677419354843
0.6818181818181818
0.4
0.5333333333333333
0.4137931034482759
0.8256880733944955
0.676056338028169
0.6889952153110048
0.16666666666666666
0.761904761904762
0.7272727272727274
0.7563025210084034
0.5555555555555556
0.6250000000000001
0.6250000000000001
0.8
0.5853658536585366
0.6511627906976744
0.375
0.4
0.36363636363636365
0.5454545454545454
0.40579710144927533
0.7894736842105262
0.7563025210084034
0.7466666666666666
0.6451612903225806
0.5970149253731343
0.6250000000000001
0.6666666666666666
0.1818181818181818
0.7777777777777778
0.28571428571428575
0.4000000000000001
0.7272727272727273
