0.28571428571428575
0.7368421052631577
0.48780487804878053
0.5405405405405405
0.6
0.7058823529411765
0.375
0.8275862068965517
0.6473988439306358
0.7531380753138075
0.5925925925925926
0.7272727272727272
0.8571428571428571
0.8450704225352113
0.7058823529411765
0.47058823529411764
0.35294117647058826
0.28571428571428575
0.48
0.5970149253731343
0.6086956521739131
0.7272727272727273
0.5647058823529412
0.6250000000000001
0.8818897637795274
0.9473684210526316
0.588235294117647
0.4528301886792453
0.9333333333333333
0.8275862068965518
0.689655172413793
0.9600000000000001
0.5714285714285715
0.5714285714285713
0.6116504854368933
0.816326530612245
0.6299212598425198
0.8296296296296296
0.36363636363636365
0.30769230769230765
0.7909604519774012
0.8
0.6473988439306358
0.7093596059113301
0.4615384615384615
0.6779661016949152
0.8044692737430167
0.37499999999999994
0.8571428571428571
0.967741935483871
0.6818181818181818
0.5172413793103449
0.7500000000000001
0.5217391304347826
0.576923076923077
0.8
0.6666666666666666
0.7272727272727273
0.7826086956521738
0.48979591836734687
0.9166666666666666
0.48979591836734687
0.6885245901639345
0.56
0.8045977011494253
0.5
0.689655172413793
0.5853658536585366
0.5853658536585366
0.7272727272727273
0.6233766233766234
0.3902439024390244
0.631578947368421
0.7142857142857143
0.7272727272727272
0.8256880733944955
0.7159090909090909
0.7070707070707072
0.5454545454545454
0.631578947368421
0.7979274611398963
0.49411764705882355
0.5833333333333334
0.6122448979591836
0.5555555555555556
0.5714285714285715
0.7826086956521738
0.7070707070707072
0.631578947368421
0.6
0.4
0.6976744186046512
0.8235294117647058
0.8571428571428571
0.6
0.9090909090909091
0.9523809523809523
0.7000000000000001
0.576923076923077
0.5333333333333333
0.7384615384615384
0.7446808510638298
0.5
0.634920634920635
0.7088607594936709
0.5217391304347826
0.6666666666666666
0.7777777777777777
0.5333333333333333
0.5454545454545454
0.6666666666666666
0.7516778523489932
0.7207207207207208
0.888888888888889
0.7999999999999999
0.4067796610169491
0.5454545454545454
0.6486486486486486
0.6153846153846153
0.7228915662650602
0.6956521739130435
0.6521739130434783
0.6511627906976744
0.721311475409836
0.591549295774648
0.28571428571428575
0.7079646017699115
0.7199999999999999
0.43636363636363634
0.8333333333333333
0.923076923076923
0.5714285714285715
0.8571428571428572
0.5970149253731343
0.4444444444444445
0.9333333333333333
0.5882352941176471
0.7999999999999999
0.7974683544303799
0.6666666666666667
0.6206896551724138
0.770053475935829
0.7384615384615384
0.4347826086956522
0.5106382978723404
0.8
0.6511627906976744
0.42857142857142855
0.3692307692307692
0.5217391304347826
0.26666666666666666
0.4640883977900553
0.8470588235294118
0.8646288209606987
0.7608695652173915
0.7
0.888888888888889
0.7446808510638298
0.5263157894736842
0.8181818181818182
0.8406466512702079
0.6451612903225806
0.6521739130434783
0.7272727272727272
1.0
0.8275862068965518
0.5454545454545454
0.3333333333333333
0.861878453038674
0.6557377049180327
0.6153846153846154
0.8333333333333333
0.6666666666666665
0.5714285714285714
0.728744939271255
0.5454545454545454
0.9090909090909091
0.8818897637795274
0.7777777777777777
0.5121951219512195
0.7792207792207793
0.6774193548387097
0.9
0.7000000000000001
0.5882352941176471
0.6829268292682926
0.823529411764706
0.594059405940594
0.5333333333333333
0.8
0.625
0.5185185185185186
0.5633802816901409
0.5714285714285714
0.8571428571428571
1.0
0.5555555555555556
0.761904761904762
0.47058823529411764
0.6176470588235293
0.5714285714285715
0.9330143540669856
0.6511627906976744
0.8058608058608059
0.5714285714285713
0.26086956521739135
0.6666666666666666
0.8333333333333333
0.8076923076923077
0.6557377049180328
0.6306306306306306
0.7887323943661971
0.8730158730158729
0.8571428571428571
0.5263157894736842
0.7086614173228345
0.5333333333333333
0.5
0.47619047619047616
0.36363636363636365
0.631578947368421
0.6810810810810811
0.3333333333333333
0.7674418604651163
0.4444444444444444
0.7070707070707072
0.923076923076923
0.4329896907216495
0.4444444444444444
0.8155339805825242
0.6666666666666666
0.6666666666666666
0.6666666666666665
0.47619047619047616
0.7999999999999999
0.9333333333333333
0.5825242718446602
0.5217391304347826
0.6140350877192982
0.5137614678899083
0.7329842931937172
0.8333333333333334
0.7272727272727272
0.38709677419354843
0.7627118644067797
0.8695652173913043
0.7058823529411765
0.6792452830188679
0.6666666666666666
0.5555555555555556
0.46875
0.5
0.5454545454545454
0.7547169811320756
0.6857142857142857
0.6486486486486486
0.7777777777777777
0.34285714285714286
1.0
0.577319587628866
0.770053475935829
0.3076923076923077
0.5496183206106869
0.6666666666666666
0.7536231884057971
0.761904761904762
0.7927927927927927
0.6412213740458015
0.7000000000000001
0.6
0.39999999999999997
0.4081632653061225
0.5714285714285713
0.9
0.7999999999999999
0.717948717948718
0.6593406593406592
0.5714285714285715
0.4444444444444444
0.6666666666666665
0.8421052631578948
0.3692307692307692
0.7636363636363638
0.4
0.5
0.7142857142857143
0.846153846153846
0.6956521739130435
0.7466666666666666
0.5853658536585366
0.5
0.8391608391608392
0.4000000000000001
0.6666666666666666
0.5
0.6185567010309277
0.42857142857142855
0.8294930875576038
0.8296296296296296
0.9
0.689655172413793
0.75
0.8155339805825242
0.6774193548387097
0.48
0.676056338028169
0.8
0.5
0.7627118644067797
0.634920634920635
0.17142857142857143
0.8888888888888888
0.7142857142857143
0.962962962962963
0.7
0.6
0.4528301886792453
0.5714285714285713
0.6930693069306931
0.43636363636363634
0.6511627906976744
0.6233766233766234
0.4347826086956522
0.3
0.4210526315789474
0.6666666666666665
0.7258064516129034
0.7741935483870969
0.6976744186046512
0.625
0.6153846153846154
0.5333333333333333
0.47058823529411764
0.7236842105263158
0.36363636363636365
0.6763285024154589
0.634920634920635
0.6965174129353234
0.816326530612245
0.6451612903225806
0.7159090909090909
0.4615384615384615
0.689655172413793
0.5263157894736842
0.8988764044943819
0.34285714285714286
0.7706422018348624
0.6256983240223464
0.6153846153846154
0.45801526717557256
0.4
0.5555555555555556
0.5333333333333333
0.5925925925925926
0.75
0.6779661016949152
0.6511627906976744
0.6666666666666666
0.6
0.46979865771812085
0.5882352941176471
0.8000000000000002
0.5581395348837209
0.823529411764706
0.380952380952381
0.5128205128205129
0.8988764044943819
0.7999999999999999
0.823529411764706
0.6101694915254238
0.4615384615384615
0.7832167832167831
0.8089887640449439
0.47058823529411764
0.7058823529411765
0.5194805194805195
0.6829268292682926
0.5333333333333333
0.7466666666666666
0.7741935483870969
0.4000000000000001
0.6829268292682926
0.7516778523489932
0.8602150537634408
0.923076923076923
0.6122448979591836
0.5454545454545454
0.6885245901639345
0.631578947368421
0.717948717948718
0.5294117647058824
0.30769230769230765
1.0
0.2857142857142857
0.75
0.717948717948718
0.816326530612245
0.6666666666666666
0.8602150537634408
0.5454545454545454
0.5
0.7133757961783439
0.9166666666666666
0.631578947368421
0.396039603960396
0.603448275862069
0.5101214574898785
0.8080808080808082
0.5714285714285715
0.7741935483870969
0.7894736842105262
0.5436893203883495
0.8695652173913043
0.9473684210526316
0.6666666666666666
0.5263157894736842
0.5
0.47058823529411764
0.5
0.6153846153846154
0.5555555555555556
0.8450704225352113
0.770053475935829
0.8750000000000001
0.3243243243243243
0.5743589743589744
0.8076923076923077
0.8088235294117647
0.7974683544303799
0.8421052631578948
1.0
0.6086956521739131
0.816326530612245
0.689655172413793
0.6857142857142857
0.7128712871287128
0.3157894736842105
0.0
0.44943820224719094
0.5298013245033112
0.5333333333333333
0.4958677685950413
0.8939828080229226
0.3636363636363636
0.7272727272727274
0.47058823529411764
0.7058823529411765
0.3582089552238806
0.7943262411347517
0.7943262411347517
0.47863247863247865
0.4799999999999999
0.7000000000000001
0.7544910179640719
0.8659793814432989
0.8730158730158729
0.2790697674418604
0.41666666666666663
0.6363636363636365
0.8294930875576038
0.7384615384615384
0.6451612903225806
0.7086614173228345
0.6451612903225806
0.6363636363636364
0.7272727272727274
0.7567567567567567
0.782608695652174
0.4
0.4210526315789474
0.75
0.5
0.7058823529411765
0.4444444444444445
0.48
0.5714285714285715
0.4519774011299435
0.8338192419825073
0.47058823529411764
0.6153846153846154
0.6486486486486486
0.6222222222222222
0.923076923076923
0.4615384615384615
0.4210526315789474
0.64
0.6222222222222222
0.75
0.6666666666666666
0.7636363636363638
0.4615384615384615
0.7058823529411765
1.0
0.7692307692307693
0.8421052631578948
0.5
0.7659574468085106
0.7272727272727273
0.7241379310344827
0.5581395348837209
0.8135593220338982
0.3333333333333333
0.625
0.48979591836734687
0.5217391304347826
0.8944099378881988
0.5405405405405405
0.5675675675675675
0.75
0.36363636363636365
0.5874125874125874
0.591549295774648
0.9473684210526316
0.6412213740458015
0.888888888888889
0.5161290322580646
0.7088607594936709
0.375
0.8135593220338982
0.40875912408759124
0.6461538461538462
0.7207207207207208
0.5970149253731343
0.3636363636363636
0.888888888888889
0.5882352941176471
0.5
0.6511627906976744
0.6818181818181818
0.7636363636363638
0.8571428571428571
0.6857142857142857
0.5217391304347826
0.4444444444444445
0.9411764705882353
0.7567567567567567
0.6666666666666665
0.7476635514018691
0.8450704225352113
0.5874125874125874
0.7133757961783439
0.48979591836734687
0.6486486486486486
0.5316455696202531
0.7133757961783439
0.5625000000000001
0.7346938775510203
0.6666666666666665
0.588235294117647
0.4166666666666667
0.7777777777777778
0.5853658536585366
0.673076923076923
0.8818897637795274
0.45454545454545453
0.8510638297872342
0.6363636363636364
0.4444444444444445
0.6603773584905661
0.5333333333333333
0.6116504854368933
0.9090909090909091
0.5454545454545454
0.9411764705882353
0.47619047619047616
0.8296296296296296
0.7943262411347517
0.9411764705882353
0.8944099378881988
0.7058823529411764
1.0
0.6666666666666666
0.7826086956521738
0.631578947368421
0.5454545454545454
0.7058823529411765
0.6666666666666666
0.6666666666666665
0.9333333333333333
0.5405405405405405
0.375
0.7563025210084034
0.7003891050583658
0.7531380753138075
0.5714285714285715
0.6857142857142857
0.7272727272727272
0.8041237113402062
0.6666666666666666
0.6451612903225806
0.33333333333333326
0.5714285714285715
0.5
0.7058823529411765
0.7964601769911505
0.4137931034482759
0.8571428571428572
0.8155339805825242
0.7142857142857142
0.8750000000000001
0.6
0.3
0.5714285714285714
0.6511627906976744
0.6422018348623854
0.8646288209606987
0.3116883116883117
0.4615384615384615
0.5
0.7241379310344827
0.25
0.7499999999999999
0.7999999999999999
0.36363636363636365
0.17391304347826086
0.5970149253731343
0.888888888888889
0.6382978723404256
0.7692307692307692
0.9230769230769231
0.6363636363636364
0.5555555555555556
0.7000000000000001
0.6
0.9090909090909091
0.6549707602339182
0.9333333333333333
0.8571428571428571
0.8939828080229226
0.7865168539325842
0.8333333333333333
0.7692307692307692
0.7894736842105262
0.7741935483870969
0.7773851590106008
0.5217391304347826
0.42857142857142855
0.5581395348837209
0.6131386861313869
0.8470588235294118
0.8296296296296296
0.6666666666666666
0.5454545454545454
0.9090909090909091
0.5
0.5714285714285715
0.375
0.3636363636363636
0.34782608695652173
0.6666666666666666
0.6086956521739131
0.3529411764705882
0.42857142857142855
0.6122448979591836
0.6153846153846153
0.6666666666666666
0.9166666666666666
0.6057692307692307
0.8571428571428571
0.5410628019323671
0.6176470588235293
0.7692307692307692
0.8571428571428572
0.674698795180723
0.6837606837606838
0.5555555555555556
0.8383233532934132
0.8421052631578948
0.6593406593406592
0.48
0.7017543859649122
0.3692307692307692
0.888888888888889
0.7741935483870969
0.7887323943661971
0.19047619047619047
0.5637583892617449
0.5714285714285714
0.26666666666666666
0.7547169811320756
0.888888888888889
0.7692307692307692
0.7368421052631579
0.6956521739130435
0.9166666666666666
0.7636363636363638
0.39999999999999997
0.6086956521739131
0.7272727272727272
0.7826086956521738
0.6
0.8000000000000002
0.30769230769230765
0.7228915662650602
0.7636363636363638
0.8730158730158729
0.4615384615384615
0.4444444444444445
0.5544554455445544
0.4137931034482759
0.5384615384615384
0.9032258064516129
0.5555555555555556
0.7142857142857143
0.9045226130653266
0.9090909090909091
0.7792207792207793
0.6153846153846153
0.5185185185185186
0.5333333333333333
1.0
0.5
1.0
0.588235294117647
0.5128205128205129
0.5454545454545455
0.43636363636363634
0.7093596059113301
0.5581395348837209
0.7241379310344827
0.770053475935829
0.923076923076923
0.6206896551724138
0.375
0.6260869565217392
0.761904761904762
0.7741935483870969
0.7887323943661971
0.34782608695652173
0.5
0.7964601769911505
0.6256983240223464
0.8181818181818182
0.7368421052631579
0.8
0.5714285714285713
0.8235294117647058
0.42857142857142855
0.962962962962963
0.47058823529411764
0.5932203389830508
0.47058823529411764
0.6
0.5714285714285713
0.5853658536585366
0.625
0.5106382978723405
0.5
0.7455621301775148
0.7272727272727272
0.5
0.6
0.6511627906976744
0.4444444444444445
0.7608695652173915
0.8659793814432989
0.7317073170731706
0.7951807228915662
0.7801418439716311
0.75
0.6741573033707865
0.7368421052631577
0.7272727272727273
0.7031963470319634
0.5
0.7547169811320756
0.7142857142857143
0.42857142857142855
0.7407407407407408
0.689655172413793
1.0
0.7317073170731706
0.5581395348837209
0.7499999999999999
0.6131386861313869
0.7272727272727274
0.7741935483870969
0.8396946564885497
0.8216704288939053
0.44943820224719094
0.8044692737430167
0.375
0.634920634920635
0.5333333333333333
0.7017543859649122
0.6153846153846153
0.8333333333333333
0.28571428571428575
0.634920634920635
0.4
0.8076923076923077
0.8076923076923077
0.35398230088495575
0.6666666666666665
0.5714285714285715
0.8520710059171598
0.9333333333333333
0.6666666666666666
0.7516778523489932
0.823529411764706
0.7826086956521738
0.7741935483870969
0.7058823529411765
0.7499999999999999
0.7142857142857143
0.9090909090909091
0.5454545454545454
0.7929515418502203
0.8859060402684563
0.5882352941176471
0.6233766233766235
0.5714285714285715
0.3636363636363636
0.9565217391304348
0.7199999999999999
0.8799999999999999
0.47058823529411764
0.46511627906976744
0.7499999999999999
0.7200000000000001
0.3
0.5660377358490566
0.4918032786885245
0.4395604395604396
0.39999999999999997
0.7133757961783439
0.5970149253731343
0.631578947368421
0.43636363636363634
0.631578947368421
0.888888888888889
0.7058823529411765
0.5714285714285715
0.6
0.6461538461538462
0.6956521739130435
0.6666666666666666
0.3947368421052631
0.42857142857142855
0.5454545454545454
0.8045977011494253
0.8045977011494253
0.5544554455445544
0.7868852459016394
0.5517241379310345
0.3409090909090909
0.5970149253731343
0.689655172413793
0.576923076923077
0.6666666666666665
0.6461538461538462
0.5479452054794521
0.5555555555555556
0.64
0.5714285714285715
0.7407407407407408
0.816326530612245
0.6194690265486726
0.5263157894736842
0.6666666666666665
0.8181818181818181
0.5217391304347826
0.4210526315789474
0.9090909090909091
0.5714285714285715
0.7857142857142856
0.6824644549763033
0.5384615384615384
0.7058823529411765
0.578512396694215
0.5932203389830508
0.48000000000000004
0.5714285714285715
0.7999999999999999
0.7766990291262137
0.8888888888888888
0.5517241379310345
0.6857142857142857
0.42857142857142855
0.7407407407407408
0.7860262008733625
0.6086956521739131
0.631578947368421
0.75
0.47619047619047616
0.7142857142857143
0.5833333333333334
0.3846153846153846
0.5454545454545454
0.1904761904761905
0.6260869565217392
0.7142857142857143
0.631578947368421
0.6976744186046512
0.8235294117647058
0.6412213740458015
0.4827586206896552
0.8
0.875
0.4615384615384615
0.410958904109589
0.5194805194805195
0.5970149253731343
0.4635761589403974
0.7777777777777778
0.4615384615384615
0.7088607594936709
0.8818897637795274
0.7887323943661971
0.48000000000000004
0.7826086956521738
0.7407407407407408
0.0
0.7070707070707072
0.8695652173913043
1.0
0.7133757961783439
0.6
0.375
0.7706422018348624
0.6
0.6473988439306358
0.7466666666666666
0.888888888888889
0.9198606271777002
0.56
0.8076923076923077
0.8
0.6
0.5925925925925926
0.3773584905660377
0.6728971962616823
0.5
0.5853658536585366
0.8470588235294118
0.9090909090909091
0.5
0.6
0.8461538461538461
0.888888888888889
0.5882352941176471
0.5217391304347826
0.6299212598425198
0.7929515418502203
0.5833333333333334
0.8571428571428571
0.7058823529411765
0.8333333333333334
1.0
0.816326530612245
0.8764940239043824
0.9090909090909091
0.17391304347826086
0.5063291139240506
0.7792207792207793
0.5263157894736842
0.3870967741935483
0.6461538461538462
0.5384615384615384
0.46875
0.761904761904762
0.6829268292682926
0.7142857142857142
0.7999999999999999
0.7272727272727272
0.6956521739130435
0.5263157894736842
0.6666666666666666
0.5063291139240506
0.5333333333333333
0.5544554455445544
0.5
0.6451612903225806
0.8275862068965518
0.689655172413793
0.7943262411347517
0.6885245901639345
0.5
0.4615384615384615
0.48387096774193544
0.6451612903225806
0.7999999999999999
0.7567567567567567
0.380952380952381
0.6
0.6521739130434783
0.7368421052631579
0.588235294117647
0.4
0.8520710059171598
0.56
0.48000000000000004
0.7368421052631577
0.5454545454545454
0.6666666666666666
0.5599999999999999
0.6511627906976744
0.22222222222222224
0.4615384615384615
0.4
0.8
0.7706422018348624
0.4123711340206186
0.380952380952381
0.8181818181818182
0.8256880733944955
0.7999999999999999
0.5
0.6043165467625898
0.631578947368421
0.5454545454545454
0.5633802816901409
0.821917808219178
0.5714285714285715
0.25
0.6666666666666665
0.5783132530120482
0.7039106145251396
0.6885245901639345
0.32
1.0
0.5714285714285715
0.7058823529411765
0.75
0.728744939271255
0.7142857142857143
0.9166666666666666
0.6666666666666667
0.7516778523489932
0.7777777777777777
0.576923076923077
0.8333333333333334
0.5
0.6131386861313869
0.6233766233766234
1.0
0.6
0.5
0.3157894736842105
0.6562499999999999
0.5454545454545455
0.4444444444444445
0.7088607594936709
0.5333333333333333
0.923076923076923
0.5581395348837209
0.6779661016949152
0.5316455696202531
0.7317073170731706
0.6206896551724137
0.7058823529411764
0.7929515418502203
0.5405405405405406
0.7142857142857143
0.2962962962962963
0.9166666666666666
0.6428571428571429
0.8000000000000002
0.4999999999999999
0.4067796610169491
0.42857142857142855
0.6796116504854369
0.6021505376344085
0.8659793814432989
0.7058823529411765
0.5555555555555556
0.7692307692307692
0.9090909090909091
0.75
0.4040404040404041
0.7999999999999999
0.7058823529411765
1.0
0.75
0.8520710059171598
0.631578947368421
0.8333333333333333
0.6131386861313869
0.4528301886792453
0.6818181818181818
0.9
0.631578947368421
0.721311475409836
0.5714285714285715
0.8799999999999999
1.0
0.5714285714285715
0.4444444444444445
0.5263157894736842
0.3
0.6666666666666667
0.7368421052631577
0.6363636363636365
0.3333333333333333
0.8
0.4615384615384615
0.4615384615384615
0.8470588235294118
0.888888888888889
0.6666666666666666
0.28571428571428575
0.39999999999999997
0.6
0.5555555555555556
0.6588235294117646
0.7636363636363638
0.5333333333333333
0.6603773584905661
0.4255319148936171
0.7999999999999999
0.47619047619047616
0.5555555555555556
0.8
0.8735177865612648
0.5217391304347826
0.6666666666666665
0.8333333333333333
0.3243243243243243
0.875
0.6956521739130435
0.7058823529411765
0.36363636363636365
0.923076923076923
0.8571428571428571
0.689655172413793
0.8510638297872342
0.8181818181818182
0.7567567567567567
0.8296296296296296
0.6829268292682926
0.7317073170731706
0.816326530612245
0.5217391304347826
0.5555555555555556
0.6588235294117646
0.8148148148148148
0.6666666666666665
0.75
0.8358208955223881
0.8888888888888888
0.6486486486486486
0.5454545454545454
0.7407407407407408
0.7500000000000001
0.6473988439306358
0.5957446808510638
0.631578947368421
0.7466666666666666
0.5
0.4615384615384615
0.689655172413793
0.6562499999999999
0.4615384615384615
0.8571428571428571
0.7133757961783439
0.380952380952381
0.8750000000000001
0.8520710059171598
0.9045226130653266
0.9411764705882353
0.711864406779661
0.6545454545454545
0.375
0.7741935483870969
0.4363636363636364
0.5263157894736842
0.6829268292682926
0.962962962962963
0.5217391304347826
0.7133757961783439
0.5581395348837209
0.7499999999999999
0.888888888888889
0.6666666666666666
1.0
0.6666666666666666
0.9333333333333333
0.47619047619047616
0.5
0.6511627906976744
0.5647058823529413
0.6194690265486726
0.576923076923077
0.6984126984126984
0.7455621301775148
0.7741935483870969
0.7594936708860761
0.6153846153846154
0.6666666666666666
0.7031250000000001
0.4
0.6250000000000001
0.8000000000000002
0.689655172413793
0.6875
0.7207207207207208
0.6666666666666666
0.588235294117647
0.5970149253731343
0.5
0.8450704225352113
0.7000000000000001
0.7306273062730628
0.38095238095238093
0.6521739130434783
0.9230769230769231
0.3870967741935483
0.606060606060606
0.606060606060606
0.712871287128713
0.8571428571428571
0.6
0.9523809523809523
0.4
0.6306306306306306
0.6666666666666666
0.35294117647058826
0.7272727272727273
0.3333333333333333
0.816326530612245
0.6588235294117646
0.43636363636363634
0.7692307692307693
0.3333333333333333
0.4
0.7384615384615384
0.6818181818181818
0.6
0.8000000000000002
0.5333333333333333
0.4444444444444445
0.8333333333333334
0.7777777777777778
0.7875
0.6250000000000001
0.4615384615384615
0.6486486486486486
0.39999999999999997
0.7547169811320756
0.7133757961783439
0.7741935483870968
0.576923076923077
0.8461538461538461
0.47058823529411764
0.8750000000000001
0.8750000000000001
0.375
0.7317073170731706
0.41379310344827586
0.44776119402985076
0.33707865168539325
0.6666666666666666
0.6511627906976744
0.6382978723404256
0.5882352941176471
0.56
0.47244094488188976
0.8520710059171598
0.5384615384615384
0.631578947368421
0.6292134831460674
0.41666666666666663
0.6363636363636365
0.5
0.5714285714285715
0.631578947368421
0.861244019138756
0.43636363636363634
0.8333333333333333
0.676056338028169
0.7241379310344827
0.4799999999999999
0.43478260869565216
0.7692307692307692
0.5333333333333333
0.8247422680412372
0.7368421052631579
0.6338028169014085
0.46511627906976744
0.7272727272727272
0.5393258426966293
0.8
0.923076923076923
0.43795620437956206
0.48000000000000004
0.5128205128205129
0.56
0.3333333333333333
0.6666666666666666
0.6961325966850829
0.5555555555555556
0.717948717948718
0.3636363636363636
0.5
0.26666666666666666
0.7929515418502203
0.5316455696202531
0.4210526315789474
0.5517241379310345
0.7974683544303799
0.49382716049382713
0.9473684210526316
0.5172413793103449
0.7070707070707072
0.676056338028169
0.4
0.6885245901639345
0.7058823529411765
0.5454545454545454
0.6233766233766234
0.3125
0.3529411764705882
0.6363636363636365
0.8659793814432989
0.3333333333333333
0.6086956521739131
0.8722466960352422
0.6956521739130435
0.5555555555555556
0.6666666666666665
0.9166666666666666
0.7999999999999999
0.448
0.7272727272727272
1.0
0.4
0.7557251908396947
0.6363636363636364
0.606060606060606
0.7594936708860761
0.6829268292682926
0.7317073170731706
0.4528301886792453
0.7272727272727272
0.7741935483870969
0.689655172413793
0.3636363636363636
0.7822222222222223
0.7659574468085106
0.26086956521739135
0.4210526315789474
0.9090909090909091
0.7692307692307692
0.34285714285714286
0.9
0.6153846153846154
0.8646288209606987
0.8750000000000001
0.2222222222222222
0.5063291139240506
0.8571428571428571
0.5333333333333333
0.7228915662650602
0.8695652173913043
0.6
0.7346938775510203
0.3870967741935483
0.45454545454545453
0.7241379310344827
0.6
0.7291666666666666
0.5333333333333333
0.8571428571428571
0.7943262411347517
0.6666666666666666
0.6268656716417911
0.7142857142857143
0.8
0.8333333333333334
0.392156862745098
0.8421052631578948
0.8695652173913044
0.4968944099378882
0.6666666666666666
0.8571428571428571
0.4511278195488722
0.6779661016949152
0.6774193548387097
0.4528301886792453
0.761904761904762
0.6923076923076923
0.8
0.5
0.25
0.4528301886792453
0.7
0.823529411764706
0.8
0.761904761904762
0.5594405594405595
0.4444444444444445
0.5333333333333333
0.7792207792207793
0.6942148760330579
0.5714285714285715
0.6
0.6557377049180327
0.7142857142857143
0.4827586206896552
0.38709677419354843
0.5555555555555556
0.6779661016949152
0.6774193548387097
0.923076923076923
0.8358208955223881
0.5882352941176471
0.7659574468085106
0.6260869565217392
0.5
0.6486486486486486
0.6666666666666666
0.8108108108108107
0.875
0.47619047619047616
0.5454545454545454
0.7346938775510203
0.8000000000000002
0.4210526315789474
0.7142857142857143
0.5128205128205129
0.8759124087591241
0.6666666666666665
0.49382716049382713
0.2884615384615385
0.6
0.4
0.36363636363636365
0.47058823529411764
0.4615384615384615
0.7894736842105262
0.6511627906976744
0.7216494845360825
0.7832167832167831
0.7317073170731706
0.30769230769230765
0.7272727272727272
0.6122448979591836
0.6382978723404256
0.689655172413793
0.923076923076923
0.7692307692307693
0.9411764705882353
0.41666666666666663
0.4411764705882353
0.6857142857142857
0.7368421052631577
0.5957446808510638
0.5714285714285715
0.888888888888889
0.8536585365853658
0.823529411764706
0.40268456375838935
0.6176470588235293
0.9
0.5384615384615384
0.7272727272727272
0.48000000000000004
0.8333333333333333
0.6187845303867403
0.7777777777777778
0.6153846153846154
0.7241379310344827
0.6829268292682926
1.0
0.7031250000000001
0.32
0.7200000000000001
0.7894736842105262
0.5
0.5333333333333333
0.7777777777777778
0.861244019138756
0.4210526315789474
0.7999999999999999
0.5454545454545454
0.6956521739130435
0.4444444444444445
0.923076923076923
0.5555555555555556
0.5106382978723405
0.7317073170731706
0.47619047619047616
0.7142857142857143
0.7317073170731706
0.7777777777777778
0.7692307692307692
0.4615384615384615
0.6666666666666665
0.46783625730994155
1.0
0.761904761904762
0.8
0.8
0.8730158730158729
0.5468749999999999
0.816326530612245
0.8873239436619719
0.6545454545454545
0.5217391304347826
0.888888888888889
0.5714285714285715
0.8181818181818182
0.75
0.6451612903225806
0.4615384615384615
0.761904761904762
0.9090909090909091
0.7692307692307692
0.17647058823529413
0.4628099173553719
0.8571428571428571
0.5555555555555556
0.631578947368421
0.5333333333333333
0.7777777777777777
0.8642659279778393
0.5647058823529413
0.792079207920792
0.6481481481481481
0.631578947368421
0.5714285714285715
0.8275862068965518
0.888888888888889
0.7943262411347517
0.36363636363636365
0.6666666666666666
0.6818181818181818
0.6666666666666666
0.5
0.5128205128205129
0.6153846153846153
0.5
0.5333333333333333
0.5333333333333333
0.8108108108108107
0.7407407407407408
0.7875
0.923076923076923
0.3333333333333333
0.6250000000000001
0.4615384615384615
0.6741573033707865
0.6122448979591836
0.6666666666666666
0.41379310344827586
0.7241379310344827
0.5
0.47058823529411764
0.75
0.7826086956521738
0.8450704225352113
0.7943262411347517
0.6260869565217392
0.6153846153846154
0.631578947368421
0.75
0.47058823529411764
0.6511627906976744
0.6774193548387097
0.6
0.6666666666666667
0.7133757961783439
0.5853658536585366
0.761904761904762
0.8750000000000001
0.7692307692307692
0.7508532423208191
0.6666666666666666
0.8000000000000002
0.7142857142857143
1.0
0.5797101449275363
0.7783783783783783
0.4210526315789474
0.8571428571428571
0.5921052631578947
0.5714285714285715
0.6545454545454545
0.34782608695652173
0.5633802816901409
0.4444444444444445
0.6486486486486486
0.5714285714285715
0.6666666666666666
0.6829268292682926
0.4210526315789474
0.6363636363636365
0.7783783783783783
0.9473684210526316
0.576923076923077
0.8461538461538461
0.9523809523809523
0.6666666666666667
0.7979274611398963
0.9090909090909091
0.6666666666666665
0.631578947368421
0.8750000000000001
0.5
0.7777777777777778
0.46601941747572817
0.8516129032258064
0.5853658536585366
0.9
0.8695652173913043
0.26666666666666666
0.7093596059113301
0.6857142857142857
0.7792207792207793
0.4444444444444445
0.6
0.7826086956521738
0.5233644859813084
0.4
0.4615384615384615
0.5714285714285715
0.29268292682926833
0.770053475935829
0.6562499999999999
0.6086956521739131
0.7692307692307692
0.7272727272727272
0.4615384615384615
0.6557377049180328
0.7142857142857143
0.7017543859649122
0.6153846153846154
0.7384615384615384
0.8
0.30769230769230765
0.631578947368421
0.7455621301775148
0.689655172413793
0.689655172413793
0.39999999999999997
0.7777777777777778
0.7999999999999999
0.9473684210526316
0.4444444444444445
0.6451612903225806
0.8256880733944955
0.7594936708860761
0.631578947368421
0.816326530612245
0.6268656716417911
0.46153846153846156
0.8333333333333334
0.6666666666666665
0.3157894736842105
0.4
0.47058823529411764
0.7746478873239436
0.5
0.8
0.6116504854368933
0.9411764705882353
0.8695652173913043
0.5333333333333333
0.691358024691358
0.821917808219178
0.9523809523809523
0.7832167832167831
0.7865168539325842
0.46875
0.9
0.9333333333333333
1.0
0.631578947368421
0.6666666666666666
0.6857142857142857
0.42857142857142855
0.34285714285714286
0.6885245901639345
0.125
0.88
0.9333333333333333
0.4897959183673469
0.861244019138756
0.8571428571428571
0.4
0.6829268292682926
0.8118081180811808
0.8275862068965517
0.888888888888889
0.8358208955223881
0.4615384615384615
0.6666666666666666
0.47058823529411764
0.7636363636363638
0.8888888888888888
1.0
0.8571428571428571
0.5714285714285715
0.6829268292682926
0.7929515418502203
0.28571428571428575
0.7368421052631577
0.7272727272727272
0.37974683544303806
0.8148148148148148
0.7272727272727272
0.8
0.7999999999999999
0.6666666666666666
0.6521739130434783
0.5
0.5555555555555556
0.888888888888889
0.6131386861313869
0.823529411764706
0.6412213740458015
0.588235294117647
0.9
0.6818181818181818
0.8888888888888888
0.7031250000000001
0.6486486486486486
0.49557522123893805
0.6164383561643836
0.7999999999999999
0.8991825613079019
0.5454545454545454
0.5
0.9333333333333333
0.7241379310344827
0.7407407407407408
0.47619047619047616
0.56
0.823529411764706
0.608695652173913
0.42857142857142855
0.5544554455445544
0.8333333333333333
0.576923076923077
0.9473684210526316
0.6666666666666666
0.6779661016949152
0.537313432835821
0.591549295774648
0.47058823529411764
0.7534246575342466
0.8
0.8450704225352113
0.5714285714285713
0.3870967741935484
0.8333333333333333
0.7766990291262137
0.8425925925925926
0.631578947368421
0.5714285714285715
0.6603773584905661
0.3692307692307692
0.689655172413793
0.75
0.375
0.5454545454545454
0.5581395348837209
0.47058823529411764
0.9473684210526316
0.588235294117647
0.48780487804878053
0.6451612903225806
0.5106382978723405
0.8456375838926175
0.631578947368421
0.4123711340206186
0.5333333333333333
0.7058823529411765
0.5357142857142857
1.0
0.75
0.7692307692307693
0.5333333333333333
0.9230769230769231
0.6666666666666666
0.9473684210526316
0.5454545454545454
0.7777777777777778
0.6545454545454545
0.631578947368421
0.7627118644067797
0.33333333333333326
0.4
0.47619047619047616
0.8456375838926175
0.6185567010309277
0.15384615384615383
0.6
0.4210526315789474
0.7499999999999999
0.8029197080291971
0.7407407407407408
0.8571428571428572
0.7999999999999999
0.48979591836734687
0.5633802816901409
0.7741935483870969
0.6774193548387097
0.9473684210526316
0.6885245901639345
0.8235294117647058
0.5263157894736842
0.47058823529411764
0.5454545454545454
0.6666666666666666
0.5853658536585366
0.7199999999999999
0.9
0.6666666666666665
0.6990291262135921
0.3333333333333333
0.6666666666666666
0.7422680412371134
0.6292134831460674
0.8089887640449439
0.6666666666666665
0.5217391304347826
0.6666666666666666
0.4
0.4040404040404041
0.5
0.6829268292682926
0.7241379310344827
0.7741935483870969
0.7659574468085106
0.5714285714285714
0.6787878787878787
0.36363636363636365
0.816326530612245
0.8571428571428571
0.36363636363636365
0.5454545454545454
0.634920634920635
0.721311475409836
0.6774193548387097
0.5660377358490566
0.4347826086956522
0.5309734513274336
0.4444444444444444
0.5384615384615384
0.29850746268656714
0.5263157894736842
0.711864406779661
0.7058823529411764
0.5333333333333333
0.5
0.888888888888889
0.6382978723404256
0.8888888888888888
0.6131386861313869
0.8727272727272727
0.7422680412371134
0.5217391304347826
0.4444444444444444
0.3934426229508197
0.5
1.0
0.923076923076923
0.8988764044943819
0.5468749999999999
0.375
0.6306306306306306
0.5853658536585366
0.5
0.5128205128205129
0.31746031746031744
0.6976744186046512
0.5714285714285714
0.8818897637795274
0.47619047619047616
0.5714285714285715
0.5581395348837208
0.9411764705882353
0.888888888888889
0.6666666666666666
0.47058823529411764
0.631578947368421
0.6363636363636364
0.7407407407407408
0.6451612903225806
0.676056338028169
0.3333333333333333
0.7128712871287128
0.5853658536585366
0.8333333333333334
0.8294930875576038
0.6306306306306306
0.7133757961783439
0.606060606060606
0.9565217391304348
0.5217391304347826
0.6666666666666666
0.9411764705882353
0.7741935483870969
0.6021505376344085
0.8135593220338982
0.7133757961783439
0.6363636363636364
0.5833333333333334
0.823529411764706
0.6719999999999999
0.689655172413793
0.43478260869565216
0.32876712328767127
0.7792207792207793
0.6779661016949152
0.6153846153846153
0.8016194331983806
0.7159090909090909
0.6741573033707865
1.0
0.7773851590106008
0.588235294117647
0.5263157894736842
0.3934426229508196
0.8016194331983806
0.7272727272727272
0.5714285714285714
0.5833333333333334
0.4411764705882353
0.6153846153846153
0.34782608695652173
0.5882352941176471
0.42857142857142855
0.6603773584905661
0.4615384615384615
0.7058823529411765
0.8571428571428571
0.7500000000000001
0.8000000000000002
0.9473684210526316
0.6451612903225806
0.6818181818181818
0.6382978723404256
0.7741935483870969
0.7777777777777777
0.45454545454545453
0.3636363636363636
0.7317073170731706
0.4210526315789474
0.56
0.7368421052631579
0.7974683544303799
0.6666666666666666
0.6930693069306931
0.5970149253731343
0.36363636363636365
0.27586206896551724
0.606060606060606
0.625
0.625
0.7999999999999999
0.5217391304347827
0.7236842105263158
0.6666666666666666
0.6511627906976744
0.923076923076923
0.888888888888889
0.8358208955223881
0.3870967741935484
0.41666666666666663
0.606060606060606
0.4210526315789474
0.7567567567567567
0.8181818181818182
0.42424242424242425
0.875
0.5
0.64
0.606060606060606
0.36363636363636365
0.7894736842105262
0.6829268292682926
0.7894736842105262
0.8
0.7272727272727272
0.6515837104072398
0.7466666666666666
0.7777777777777777
0.9113924050632911
0.8235294117647058
0.8450704225352113
0.8
0.20689655172413793
0.6666666666666666
0.5263157894736842
0.6511627906976744
0.821917808219178
0.3418803418803419
0.4137931034482759
0.8333333333333333
0.5714285714285713
0.8235294117647058
0.6666666666666666
0.5882352941176471
0.576923076923077
0.5714285714285715
0.8571428571428572
0.842911877394636
0.6511627906976744
0.6885245901639345
0.3870967741935483
0.6857142857142857
0.7692307692307692
0.8181818181818182
0.6787878787878787
0.7317073170731706
0.43636363636363634
0.7567567567567567
1.0
0.6194690265486726
0.5357142857142858
0.6268656716417911
0.9523809523809523
0.8275862068965518
0.5128205128205129
0.7741935483870969
0.7236842105263158
0.6766917293233083
0.7706422018348624
0.5263157894736842
0.4666666666666667
0.7636363636363638
0.6562499999999999
0.7563025210084034
0.29850746268656714
0.3
0.5853658536585366
0.8750000000000001
0.6666666666666665
0.7868852459016394
0.375
0.4444444444444444
0.48387096774193544
0.761904761904762
0.7692307692307693
0.588235294117647
0.6101694915254238
0.588235294117647
0.7499999999999999
0.6131386861313869
0.7017543859649122
0.689655172413793
0.5217391304347826
0.6666666666666666
0.3333333333333333
0.8510638297872342
0.8461538461538461
0.5194805194805195
0.7780548628428927
0.625
0.75
0.5
0.39999999999999997
0.689655172413793
0.6131386861313869
0.717948717948718
0.6
0.8646288209606987
0.5714285714285713
0.5743589743589744
1.0
0.588235294117647
0.7466666666666666
0.6153846153846153
0.8333333333333333
0.4615384615384615
0.7547169811320756
0.75
0.8045977011494253
0.9565217391304348
0.7999999999999999
0.606060606060606
0.6363636363636365
0.7516778523489932
0.6
0.6306306306306306
0.9
0.5874125874125874
0.7407407407407408
0.923076923076923
0.23529411764705882
0.6857142857142857
0.7024390243902439
0.6153846153846153
0.8470588235294118
0.5
0.625
0.6153846153846153
0.34782608695652173
0.5714285714285714
0.7692307692307692
0.6545454545454545
0.674698795180723
0.5309734513274336
0.7329842931937172
0.8333333333333334
0.4411764705882353
0.663157894736842
0.7777777777777778
0.3157894736842105
0.75
0.2857142857142857
0.375
0.5084745762711864
0.6779661016949152
0.48192771084337344
0.875
0.8
0.7567567567567567
0.5063291139240506
0.7272727272727272
0.6306306306306306
0.6666666666666666
0.6818181818181818
0.5
0.582995951417004
0.823529411764706
0.8646288209606987
0.5714285714285715
0.32
0.7887323943661971
0.5633802816901409
0.4301075268817204
0.8727272727272727
0.7455621301775148
0.689655172413793
0.8181818181818181
0.48780487804878053
0.3636363636363636
0.47058823529411764
0.6885245901639345
0.6898954703832753
0.7304347826086957
0.6131386861313869
0.7422680412371134
0.6486486486486486
0.7228915662650602
0.21428571428571427
0.5925925925925927
0.7887323943661971
0.9045226130653266
0.46153846153846156
0.8571428571428571
0.823529411764706
0.861244019138756
0.7058823529411765
0.6666666666666666
0.75
0.7999999999999999
0.8044692737430167
0.47619047619047616
0.6412213740458015
0.816326530612245
0.6666666666666667
0.689655172413793
0.6871165644171779
0.5882352941176471
0.9090909090909091
0.6549707602339182
0.689655172413793
0.5
0.7547169811320756
0.7058823529411765
0.39999999999999997
0.6
0.6923076923076923
0.6260869565217392
0.2727272727272727
0.6666666666666666
0.7783783783783783
0.6511627906976744
0.7500000000000001
0.5581395348837209
0.5925925925925927
0.5333333333333333
0.75
0.6222222222222222
0.25
0.6250000000000001
0.5714285714285715
0.6250000000000001
0.9128630705394191
0.7659574468085107
0.6666666666666666
0.7594936708860761
0.6176470588235293
0.37499999999999994
0.36363636363636365
0.6829268292682926
0.9523809523809523
0.588235294117647
0.6976744186046512
0.8421052631578948
0.7692307692307693
0.9090909090909091
0.689655172413793
0.375
0.6562499999999999
0.35294117647058826
0.846153846153846
0.375
1.0
0.6363636363636364
0.7999999999999999
0.7927927927927927
0.9411764705882353
0.7058823529411765
0.64
0.7887323943661971
0.47058823529411764
0.5333333333333333
0.4528301886792453
0.3333333333333333
0.875
0.7368421052631577
0.45454545454545453
0.689655172413793
0.5599999999999999
0.4800000000000001
0.5779816513761468
0.9655172413793104
0.5999999999999999
0.7777777777777778
0.6956521739130435
0.8520710059171598
0.7999999999999999
0.5675675675675675
0.5106382978723405
0.8016194331983806
0.6666666666666666
0.4
0.5901639344262296
0.5581395348837209
0.7706422018348624
0.5
0.8148148148148148
0.32
0.7088607594936709
0.4067796610169491
0.7777777777777777
0.8108108108108107
0.5454545454545454
0.9045226130653266
0.8456375838926175
0.75
0.5333333333333333
0.5357142857142858
0.9333333333333333
0.689655172413793
0.631578947368421
0.7659574468085106
0.25
0.4615384615384615
0.711864406779661
0.7586206896551724
0.6250000000000001
0.2790697674418604
0.19047619047619047
0.8
0.7894736842105262
0.8659793814432989
0.875
0.7508532423208191
0.4912280701754386
0.8181818181818182
0.634920634920635
0.4705882352941177
0.9258160237388724
0.8
0.761904761904762
0.7692307692307692
0.4
0.6206896551724138
0.591549295774648
0.4615384615384615
0.8256880733944955
0.634920634920635
0.547945205479452
0.7058823529411764
0.631578947368421
0.6206896551724138
0.7017543859649122
0.5263157894736842
0.5970149253731343
0.816326530612245
0.9411764705882353
0.5
0.5
0.5825242718446602
0.9411764705882353
0.5454545454545454
0.7777777777777778
0.7516778523489932
0.888888888888889
0.3636363636363636
0.7058823529411765
0.689655172413793
0.2727272727272727
0.5853658536585366
0.5
0.7317073170731706
0.6451612903225806
0.6549707602339182
0.6666666666666667
1.0
0.625
0.7329842931937172
0.816326530612245
0.43636363636363634
0.631578947368421
0.6511627906976744
0.8044692737430167
0.5333333333333333
0.5625
0.8235294117647058
0.5454545454545454
0.6194690265486726
0.7031250000000001
0.8571428571428571
0.7070707070707072
0.8296296296296296
0.6666666666666666
0.3692307692307692
0.6486486486486486
0.8235294117647058
0.9523809523809523
0.5454545454545454
0.7894736842105262
0.6956521739130435
0.689655172413793
0.7407407407407408
0.7567567567567567
0.8235294117647058
0.7476635514018691
0.5263157894736842
0.5185185185185186
0.45454545454545453
0.631578947368421
0.28571428571428575
0.7943262411347517
0.37499999999999994
0.8333333333333334
0.32432432432432434
0.4
0.7142857142857143
0.9411764705882353
0.9333333333333333
0.5333333333333333
0.32
0.49557522123893805
0.6194690265486726
0.8421052631578948
1.0
0.583941605839416
0.9600000000000001
0.631578947368421
0.5217391304347826
0.8
0.75
0.7466666666666666
0.7199999999999999
0.6451612903225806
0.7317073170731706
0.8155339805825242
0.5882352941176471
0.5555555555555556
0.5517241379310344
0.6185567010309277
0.676056338028169
0.2857142857142857
0.676056338028169
0.7741935483870969
0.7652173913043478
0.6666666666666666
0.6
0.7860262008733625
0.8333333333333333
0.8
0.5384615384615384
0.6
0.5263157894736842
0.5333333333333333
0.5084745762711864
0.5714285714285714
0.34285714285714286
0.6666666666666666
0.631578947368421
0.591549295774648
0.6666666666666666
0.7407407407407408
0.6666666666666666
0.2727272727272727
0.5714285714285714
0.5263157894736842
0.588235294117647
0.6666666666666666
0.4444444444444444
0.5685279187817259
0.7943262411347517
0.6
0.586046511627907
0.4444444444444445
0.9523809523809523
0.761904761904762
0.34782608695652173
0.6306306306306306
0.7999999999999999
0.28571428571428575
0.5882352941176471
0.5063291139240507
0.4444444444444445
0.7741935483870969
0.5454545454545454
0.7706422018348624
0.36363636363636365
0.7058823529411765
0.6818181818181818
0.5957446808510638
0.8155339805825242
0.770053475935829
0.8421052631578948
0.47058823529411764
0.8750000000000001
0.5714285714285715
0.9523809523809523
0.4210526315789474
0.5555555555555556
0.5714285714285714
0.7317073170731706
0.5084745762711864
0.7777777777777777
0.47619047619047616
0.7058823529411765
0.7792207792207793
0.9090909090909091
0.7142857142857143
0.5633802816901409
0.38709677419354843
0.7407407407407408
0.7241379310344827
0.5128205128205129
0.5
0.8750000000000001
0.6824644549763033
0.5454545454545455
0.631578947368421
0.46511627906976744
0.8603351955307262
0.6666666666666666
0.5
0.7164179104477612
0.6857142857142857
0.8235294117647058
0.9166666666666666
0.5714285714285715
0.42857142857142855
0.5714285714285715
0.6829268292682926
0.6
0.6131386861313869
0.7142857142857143
0.8695652173913043
0.42857142857142855
0.27272727272727276
0.7516778523489932
0.8642659279778393
0.4528301886792453
0.9166666666666666
0.6127659574468085
0.7003891050583658
0.854368932038835
0.9090909090909091
0.7142857142857143
0.625
0.7636363636363638
0.5
0.3125
0.6666666666666665
0.576923076923077
0.8536585365853658
0.5714285714285715
0.6829268292682926
0.5263157894736842
0.6268656716417911
0.7058823529411764
0.6787878787878787
0.6575342465753425
0.7407407407407408
0.7272727272727273
0.8421052631578948
0.6956521739130435
0.576923076923077
0.42857142857142855
0.48780487804878053
0.5454545454545454
1.0
0.9473684210526316
0.5479452054794521
0.7142857142857143
0.8659793814432989
0.5714285714285713
0.9473684210526316
0.625
0.45454545454545453
0.56
0.5555555555555556
0.8571428571428572
0.588235294117647
0.7407407407407408
0.4054054054054054
0.43636363636363634
0.9333333333333333
0.47058823529411764
0.4137931034482759
0.47619047619047616
0.5971563981042655
0.5526315789473685
0.634920634920635
0.7499999999999999
0.5555555555555556
0.7017543859649122
0.761904761904762
0.6363636363636364
0.5
0.7088607594936709
0.7659574468085106
0.44776119402985076
0.923076923076923
0.6885245901639345
0.7594936708860761
0.5691056910569107
0.8659793814432989
0.631578947368421
0.7272727272727273
0.46875
0.7272727272727272
0.7567567567567567
0.7499999999999999
0.6666666666666665
0.5714285714285714
0.6422018348623854
0.35714285714285715
0.6233766233766235
0.37499999999999994
0.7272727272727272
0.4615384615384615
0.6829268292682926
0.6179775280898877
0.7142857142857142
0.8135593220338982
0.6666666666666665
0.7142857142857143
0.45801526717557256
0.6956521739130435
0.6486486486486486
0.34285714285714286
0.6153846153846153
0.8450704225352113
0.6870229007633587
0.6515837104072398
0.42857142857142855
0.375
0.56
0.6666666666666666
0.8571428571428571
0.7826086956521738
0.8421052631578948
0.7466666666666666
0.6796116504854369
0.631578947368421
0.2696629213483146
0.7133757961783439
0.4
0.75
0.6521739130434783
0.717948717948718
0.36363636363636365
0.6451612903225806
0.7272727272727272
0.7058823529411765
0.7058823529411765
0.7692307692307692
0.4195804195804196
0.47058823529411764
0.5
0.6557377049180328
0.7258064516129034
0.8818897637795274
0.4444444444444444
0.7407407407407408
0.5217391304347826
0.888888888888889
0.8076923076923077
0.6829268292682926
0.5217391304347827
0.6486486486486486
0.3157894736842105
0.634920634920635
0.8
0.25
0.823529411764706
0.47058823529411764
0.7578947368421053
0.5874125874125874
0.5
0.6250000000000001
0.5
0.75
0.5714285714285714
0.3636363636363637
0.46979865771812085
0.5555555555555556
0.5
0.577319587628866
0.8135593220338982
0.4799999999999999
0.7741935483870968
0.75
0.6153846153846153
1.0
0.4
0.5217391304347826
0.7317073170731706
0.8396946564885497
0.7346938775510203
0.6666666666666666
0.6176470588235293
0.7317073170731706
0.42857142857142855
0.8088235294117647
0.8275862068965518
0.4137931034482759
0.7142857142857143
0.6774193548387097
0.691358024691358
0.32876712328767127
0.6521739130434783
0.5479452054794521
0.7547169811320756
0.7887323943661971
0.4615384615384615
0.5333333333333333
0.8888888888888888
0.717948717948718
0.923076923076923
0.7544910179640719
0.3703703703703704
0.7407407407407408
0.823529411764706
0.5185185185185186
0.6666666666666666
0.6857142857142857
0.8750000000000001
0.7384615384615384
0.7058823529411765
0.4191616766467066
0.6153846153846154
0.821917808219178
0.5806451612903226
0.888888888888889
0.8421052631578948
0.8888888888888888
0.7692307692307692
0.8000000000000002
0.5233644859813084
0.5714285714285714
0.663157894736842
0.6792452830188679
0.6857142857142857
0.7999999999999999
0.6521739130434783
0.7974683544303799
0.7346938775510203
0.7058823529411765
0.9565217391304348
0.7943262411347517
0.6666666666666666
0.823529411764706
0.7088607594936709
0.8089887640449439
0.7567567567567567
0.7142857142857143
0.19047619047619047
0.7142857142857143
0.7887323943661971
0.625
0.3870967741935483
0.5
0.6666666666666665
0.7006369426751592
0.30303030303030304
0.9523809523809523
0.8421052631578948
0.8470588235294118
0.711864406779661
0.7368421052631577
0.28571428571428575
0.888888888888889
0.7058823529411764
0.888888888888889
0.7636363636363638
0.7142857142857143
0.8344370860927153
0.6
0.8016194331983806
0.689655172413793
0.22222222222222224
0.5555555555555556
0.7142857142857143
0.7260726072607261
0.2
0.9090909090909091
0.4444444444444444
0.5581395348837209
0.717948717948718
0.7692307692307693
0.5
0.5263157894736842
1.0
1.0
0.8818897637795274
0.5555555555555556
0.43478260869565216
0.5045045045045046
0.4528301886792453
0.7309644670050762
0.6818181818181818
0.9166666666666666
0.761904761904762
0.48
0.6511627906976744
0.5419354838709678
0.6086956521739131
0.717948717948718
0.6666666666666666
0.4615384615384615
0.6923076923076923
0.3846153846153846
0.962962962962963
0.6545454545454545
0.6521739130434783
0.7058823529411765
0.7943262411347517
0.6818181818181818
0.5128205128205129
0.4444444444444445
0.761904761904762
0.16666666666666666
0.588235294117647
0.7228915662650602
0.8520710059171598
0.36363636363636365
0.854368932038835
0.2941176470588235
0.5714285714285714
0.8076923076923077
0.3529411764705882
0.7199999999999999
0.5263157894736842
0.47058823529411764
0.8659793814432989
0.7826086956521738
0.8461538461538461
0.7407407407407408
0.7659574468085106
1.0
0.5825242718446602
0.816326530612245
0.3278688524590164
0.8470588235294118
0.5
0.41666666666666663
0.5714285714285715
0.7730061349693251
0.3076923076923077
0.42857142857142855
0.7643312101910827
0.75
0.30769230769230765
0.7058823529411765
0.4444444444444445
0.5874125874125874
0.6382978723404256
0.8076923076923077
0.9565217391304348
0.75
0.5
0.4210526315789474
0.6787878787878787
0.588235294117647
0.47058823529411764
0.7325581395348836
0.8571428571428572
1.0
0.888888888888889
0.6603773584905661
0.7058823529411765
0.7216494845360825
0.5894736842105263
0.6
0.5172413793103449
0.5555555555555556
0.56
0.48387096774193544
0.5217391304347826
0.7777777777777777
0.9090909090909091
0.375
0.823529411764706
0.34782608695652173
0.5633802816901409
0.586046511627907
0.5454545454545454
0.5454545454545454
0.9333333333333333
0.1818181818181818
0.4040404040404041
0.4081632653061225
0.8653846153846153
0.875
0.6153846153846154
0.4166666666666667
0.49382716049382713
0.6857142857142857
0.7777777777777778
0.7636363636363638
0.5263157894736842
0.5106382978723405
0.6
0.6774193548387097
0.6956521739130435
0.717948717948718
0.4166666666666667
0.6829268292682926
0.6956521739130435
0.5
0.7706422018348624
0.5555555555555556
0.8749999999999999
0.9
0.9333333333333333
0.631578947368421
0.75
0.6857142857142857
0.1875
1.0
0.8421052631578948
0.5209302325581395
0.8571428571428571
0.7692307692307693
0.7000000000000001
0.32876712328767127
0.8653846153846153
0.6511627906976744
0.9333333333333333
0.5454545454545454
0.41176470588235287
0.6486486486486486
0.8076923076923077
0.631578947368421
0.7692307692307692
0.8396946564885497
0.6666666666666665
0.26666666666666666
0.4444444444444445
0.6666666666666666
0.6956521739130435
0.5
0.5714285714285715
0.8235294117647058
0.8333333333333334
0.676056338028169
0.7272727272727272
0.9473684210526316
0.7868852459016394
0.8000000000000002
0.3076923076923077
0.5
0.9166666666666666
0.6666666666666667
0.6741573033707865
0.75
0.8470588235294118
0.4166666666666667
0.6741573033707865
0.8659793814432989
0.8944099378881988
0.5555555555555556
0.7272727272727273
0.41379310344827586
1.0
1.0
0.7368421052631579
0.7792207792207793
0.5217391304347827
0.5607476635514019
0.634920634920635
0.5691056910569107
0.7133757961783439
0.5714285714285715
0.5393258426966293
0.2222222222222222
0.6481481481481481
0.8155339805825242
0.7058823529411765
0.47058823529411764
0.34782608695652173
0.6666666666666665
0.6153846153846153
0.606060606060606
0.5714285714285714
0.6779661016949152
0.5454545454545454
0.9473684210526316
0.6176470588235293
0.6153846153846154
0.8294930875576038
0.7999999999999999
0.5833333333333334
0.6829268292682926
0.4444444444444444
0.6292134831460674
0.6857142857142857
0.8764940239043824
0.8155339805825242
0.5555555555555556
0.5333333333333333
0.8571428571428571
0.6562499999999999
0.5263157894736842
0.48780487804878053
0.42857142857142855
0.5263157894736842
0.7792207792207793
0.5633802816901409
0.6956521739130435
0.6222222222222222
0.509090909090909
0.5803108808290155
0.6481481481481481
0.606060606060606
0.7832167832167831
0.7999999999999999
0.8470588235294118
0.6486486486486486
0.9333333333333333
0.5333333333333333
0.4081632653061225
0.8296296296296296
0.5581395348837209
0.6857142857142857
0.7407407407407408
0.64
0.5454545454545454
0.9
0.3333333333333333
0.47058823529411764
0.6206896551724137
0.8571428571428571
0.631578947368421
0.9565217391304348
0.7272727272727272
0.6603773584905661
0.9333333333333333
0.6176470588235293
0.7199999999999999
0.9
0.634920634920635
0.4
0.4615384615384615
0.8750000000000001
0.5833333333333334
0.75
0.5714285714285713
0.6857142857142857
0.6451612903225806
0.9
0.4123711340206186
0.7058823529411765
0.32
0.9473684210526316
0.6521739130434783
0.75
0.3333333333333333
0.7058823529411764
0.4615384615384615
0.8333333333333333
0.8058608058608059
0.676056338028169
0.5454545454545454
0.7044025157232704
0.631578947368421
0.2608695652173913
0.5405405405405406
0.45454545454545453
0.7466666666666666
0.6774193548387097
0.8750000000000001
0.5217391304347826
0.4
0.6451612903225806
0.3225806451612903
0.4444444444444445
0.45454545454545453
0.42857142857142855
0.6260869565217392
0.9333333333333333
0.689655172413793
0.6666666666666666
0.46511627906976744
0.5084745762711864
0.8722466960352422
0.5
0.4444444444444445
0.5714285714285715
0.7272727272727272
0.48
0.5806451612903226
0.7142857142857143
0.4210526315789474
0.4166666666666667
0.39999999999999997
0.36363636363636365
0.42857142857142855
0.6222222222222222
0.5
0.5333333333333333
0.6451612903225806
0.36363636363636365
0.9090909090909091
1.0
0.5714285714285715
0.5454545454545454
0.5333333333333333
0.7225806451612904
0.7
0.7826086956521738
0.717948717948718
0.8365019011406845
0.8944099378881988
0.4444444444444445
0.6511627906976744
0.75
0.5217391304347826
0.5384615384615384
1.0
0.6719999999999999
0.5714285714285715
0.8
0.8750000000000001
0.6461538461538462
0.75
0.9090909090909091
0.6976744186046512
0.7088607594936709
0.6666666666666666
0.5
0.6
0.45454545454545453
0.18181818181818182
0.6412213740458015
0.28571428571428564
0.9473684210526316
0.7547169811320756
0.7122302158273381
0.6575342465753425
0.674698795180723
0.7407407407407408
0.6666666666666665
0.5
0.7325581395348836
0.9333333333333333
0.6122448979591836
0.6976744186046512
0.888888888888889
0.5675675675675675
0.6829268292682926
0.3773584905660378
0.5454545454545454
0.6923076923076923
0.42857142857142855
0.861244019138756
0.8344370860927153
0.631578947368421
0.3333333333333333
0.7407407407407408
0.4
0.8
0.25
0.7058823529411765
0.5833333333333334
0.47619047619047616
0.875
0.6
0.6666666666666665
0.7999999999999999
0.7368421052631577
0.380952380952381
0.5479452054794521
0.9281767955801106
0.5504587155963303
0.75
1.0
0.7058823529411765
0.6086956521739131
0.7199999999999999
0.7228915662650602
0.5714285714285715
0.3934426229508197
0.8695652173913043
0.8294930875576038
0.6075949367088608
0.6956521739130435
0.47058823529411764
0.8256880733944955
0.44776119402985076
0.823529411764706
0.5714285714285713
0.5454545454545454
0.5
0.36363636363636365
0.6334841628959276
0.8275862068965518
0.4
0.5714285714285715
0.6075949367088608
0.4615384615384615
0.56
0.6741573033707865
0.8333333333333333
0.7801418439716311
0.6666666666666666
0.4
0.689655172413793
0.9411764705882353
0.7199999999999999
0.6588235294117646
0.5511811023622047
0.6206896551724138
0.6666666666666666
0.8674698795180724
0.3636363636363637
0.9045226130653266
0.8571428571428572
0.7017543859649122
0.676056338028169
0.5333333333333333
0.5
0.4067796610169491
0.7594936708860761
0.717948717948718
0.7000000000000001
0.6666666666666666
0.5454545454545454
0.8456375838926175
0.7894736842105262
0.6666666666666666
0.4444444444444445
0.8722466960352422
0.8571428571428571
0.3333333333333333
0.6666666666666666
0.380952380952381
0.6666666666666665
0.5660377358490566
0.45454545454545453
0.7142857142857143
0.5714285714285715
0.8516129032258064
0.7272727272727272
0.7241379310344827
0.8659793814432989
0.75
0.6557377049180328
0.761904761904762
0.4347826086956522
0.7333333333333334
1.0
0.37499999999999994
0.7826086956521738
0.5454545454545454
0.6666666666666666
0.46153846153846156
0.4444444444444445
0.7000000000000001
0.8333333333333334
0.5970149253731343
0.46153846153846156
0.5
0.6956521739130435
0.823529411764706
0.5333333333333333
0.46511627906976744
0.5714285714285715
0.49382716049382713
0.6233766233766235
0.7024390243902439
0.5806451612903226
0.8749999999999999
1.0
0.7291666666666666
0.5358851674641149
0.5
0.49645390070921985
0.4444444444444445
0.6829268292682926
0.6666666666666666
0.5833333333333334
0.7142857142857142
0.5714285714285715
0.6153846153846153
0.49411764705882355
0.4615384615384615
0.606060606060606
0.5803108808290155
0.7241379310344827
0.7133757961783439
0.9333333333333333
0.631578947368421
0.7563025210084034
0.9411764705882353
0.6666666666666665
0.4444444444444445
0.4999999999999999
0.6829268292682926
0.5714285714285715
0.9523809523809523
0.2608695652173913
0.5581395348837209
0.7058823529411765
0.5637583892617449
0.5714285714285715
0.5384615384615384
0.7829181494661921
0.6829268292682926
0.3333333333333333
0.5109489051094891
0.4255319148936171
0.8
0.5714285714285713
0.5
0.6796116504854369
0.8421052631578948
0.7058823529411765
0.5454545454545454
0.8089887640449439
0.5
0.5675675675675675
0.9333333333333333
0.9411764705882353
0.7792207792207793
0.5714285714285715
0.28571428571428575
0.410958904109589
0.631578947368421
0.25
0.7
0.7466666666666666
0.7563025210084034
0.3947368421052631
0.7792207792207793
0.6862745098039216
0.34285714285714286
0.7216494845360825
0.5454545454545454
0.8076923076923077
0.5882352941176471
0.4301075268817204
0.7974683544303799
0.8150470219435738
0.7894736842105262
0.7228915662650602
0.588235294117647
0.6299212598425198
0.47058823529411764
0.5925925925925926
0.4
0.7058823529411764
0.7142857142857143
0.923076923076923
0.8516129032258064
0.7499999999999999
0.4137931034482759
0.6122448979591836
0.6153846153846154
0.8181818181818182
0.4274809160305344
1.0
0.5555555555555556
0.4444444444444445
0.7207207207207208
0.6666666666666666
0.5544554455445544
0.5833333333333334
0.9090909090909091
0.7024390243902439
0.7516778523489932
0.6428571428571429
0.6923076923076923
0.8450704225352113
0.7017543859649122
0.22222222222222224
0.6666666666666665
0.631578947368421
0.5357142857142858
0.5106382978723405
0.6666666666666666
0.7093596059113301
0.5333333333333333
0.75
0.6666666666666666
0.6829268292682926
0.663157894736842
0.3870967741935483
0.5504587155963303
0.4511278195488722
0.7142857142857143
0.5405405405405405
0.2857142857142857
0.606060606060606
0.6521739130434783
0.908256880733945
1.0
0.7317073170731706
0.6486486486486486
0.75
0.6250000000000001
0.9333333333333333
0.6237623762376238
0.4528301886792453
0.7943262411347517
0.6250000000000001
0.5691056910569107
0.43636363636363634
0.7142857142857143
0.6222222222222222
0.6153846153846153
0.8
0.26666666666666666
0.25
0.5599999999999999
0.8
0.5333333333333333
0.8148148148148148
0.8421052631578948
0.64
0.6075949367088608
0.5660377358490566
0.761904761904762
0.33333333333333326
0.5714285714285714
0.576923076923077
0.631578947368421
0.6075949367088608
0.832
0.5217391304347826
0.28571428571428564
0.2
0.6666666666666666
0.5384615384615384
0.47058823529411764
0.75
0.634920634920635
0.606060606060606
0.4166666666666667
0.9333333333333333
0.5161290322580646
0.631578947368421
0.625
0.7974683544303799
0.625
0.8294930875576038
0.7070707070707072
0.8396946564885497
0.8695652173913043
0.8695652173913044
0.6153846153846153
0.4
0.7422680412371134
0.606060606060606
0.823529411764706
0.6898954703832753
0.861244019138756
0.631578947368421
0.8653846153846153
0.7093596059113301
0.5357142857142858
0.5194805194805195
0.7999999999999999
0.8358208955223881
0.6666666666666666
0.588235294117647
0.4137931034482759
0.7547169811320756
0.6666666666666666
0.47058823529411764
0.6818181818181818
0.782608695652174
0.6194690265486726
1.0
0.75
0.8659793814432989
0.5882352941176471
0.8275862068965517
0.7417218543046358
0.8510638297872342
0.8358208955223881
0.6666666666666666
0.7508532423208191
0.3333333333333333
0.821917808219178
0.8076923076923077
0.5581395348837209
0.6666666666666666
0.43636363636363634
0.923076923076923
0.8
0.5797101449275363
0.64
0.5
0.7692307692307692
0.7615384615384616
0.7929515418502203
0.6603773584905661
0.4
0.7058823529411764
0.888888888888889
0.9090909090909091
0.8695652173913044
0.6222222222222222
0.8888888888888888
0.4615384615384615
0.75
0.5343511450381679
0.75
0.606060606060606
0.6666666666666666
0.5
0.9333333333333333
0.923076923076923
0.7832167832167831
1.0
0.5384615384615384
0.8571428571428571
0.8520710059171598
0.7058823529411765
0.5405405405405405
0.6382978723404256
0.7567567567567567
0.9285714285714286
0.6666666666666667
0.6
0.5454545454545454
0.7843137254901961
0.8155339805825242
0.7142857142857142
0.5454545454545454
0.6363636363636365
0.5599999999999999
0.4615384615384615
0.7272727272727272
0.5333333333333333
0.36363636363636365
0.6194690265486726
0.7133757961783439
0.7304347826086957
0.7272727272727273
0.5
0.7692307692307692
0.8944099378881988
0.6796116504854369
0.8155339805825242
0.75
0.3896103896103896
0.7692307692307692
0.5333333333333333
0.6549707602339182
0.6706586826347306
0.6666666666666666
0.6451612903225806
0.5
0.736196319018405
0.8
0.5263157894736842
0.7792207792207793
0.761904761904762
0.7021276595744681
0.46875
0.34782608695652173
0.9
0.8
0.4615384615384615
0.6837606837606838
0.48
0.631578947368421
0.48000000000000004
0.9333333333333333
0.816326530612245
0.7309644670050762
0.875
0.6486486486486486
0.8181818181818182
0.625
0.6
0.6766917293233083
0.8666666666666666
0.7860262008733625
0.6292134831460674
0.6101694915254238
0.7563025210084034
0.4
0.5853658536585366
0.631578947368421
0.9411764705882353
0.26666666666666666
0.6153846153846154
0.631578947368421
0.5263157894736842
0.6956521739130435
0.576923076923077
0.6666666666666666
0.8571428571428571
0.5333333333333333
0.8859060402684563
0.6451612903225806
0.6666666666666666
0.6
0.631578947368421
0.6666666666666666
0.5384615384615384
0.37499999999999994
0.75
0.6562499999999999
0.888888888888889
0.4761904761904762
0.5217391304347826
0.25531914893617025
0.47619047619047616
0.30769230769230765
0.875
0.7317073170731706
0.823529411764706
0.56
0.6666666666666665
0.504201680672269
0.6206896551724138
0.48979591836734687
0.5
0.5454545454545454
0.6363636363636364
0.49382716049382713
0.634920634920635
0.6976744186046512
0.6545454545454545
0.770053475935829
0.6702127659574467
0.5479452054794521
0.8421052631578948
0.4800000000000001
0.45454545454545453
0.43478260869565216
0.8799999999999999
0.5647058823529412
0.32
0.7466666666666666
0.8520710059171598
0.5128205128205129
0.5714285714285714
0.5504587155963303
0.7766990291262137
0.5333333333333333
0.7058823529411765
0.7547169811320756
0.6436781609195402
0.5217391304347826
0.6250000000000001
0.5333333333333333
0.22222222222222224
0.6818181818181818
0.8235294117647058
0.16666666666666666
0.5806451612903226
0.7384615384615384
0.7225806451612904
0.5
0.577319587628866
0.4615384615384615
0.6122448979591836
0.8256880733944955
0.7078651685393258
0.7241379310344827
0.6666666666666666
0.8155339805825242
0.6666666666666666
0.6511627906976744
0.6122448979591836
0.47058823529411764
0.576923076923077
0.5925925925925926
0.4528301886792453
0.7142857142857143
0.5
0.7133757961783439
0.6871165644171779
0.3333333333333333
0.375
0.5853658536585366
0.7499999999999999
0.5797101449275363
0.41379310344827586
0.5970149253731343
0.6857142857142857
0.4615384615384615
0.7826086956521738
0.3157894736842105
0.5882352941176471
0.717948717948718
0.5783132530120482
0.6338028169014085
0.75
0.6857142857142857
0.5714285714285715
0.663157894736842
0.4615384615384615
0.6382978723404256
0.56
0.4444444444444445
0.6
0.5502183406113538
0.8016194331983806
0.7476038338658147
0.7773851590106008
0.9128630705394191
0.42857142857142855
0.6153846153846153
0.861244019138756
0.8000000000000002
0.6521739130434783
0.7228915662650602
0.5106382978723405
0.7547169811320756
0.56
0.5106382978723405
0.8333333333333334
0.8
0.375
0.7692307692307692
1.0
0.5333333333333333
0.4444444444444445
0.6
0.3636363636363636
0.5
0.38095238095238093
0.4958677685950413
0.7777777777777778
0.7142857142857143
0.6666666666666667
0.88
0.5263157894736842
0.6
0.7272727272727273
0.7894736842105262
0.3529411764705882
0.6122448979591836
0.4528301886792453
0.717948717948718
0.7999999999999999
0.8089887640449439
0.6666666666666665
0.7079646017699115
0.770053475935829
0.5555555555555556
0.8571428571428571
0.4
0.923076923076923
0.5714285714285715
0.4210526315789474
0.5384615384615384
0.8571428571428571
0.6575342465753425
0.5419354838709678
0.4000000000000001
0.4615384615384615
0.9600000000000001
0.8571428571428571
0.7999999999999999
0.7407407407407408
0.5333333333333333
1.0
0.4897959183673469
0.7133757961783439
0.6666666666666666
0.6
0.6666666666666665
0.5970149253731343
0.7586206896551724
0.606060606060606
0.676056338028169
0.7544910179640719
0.6187845303867403
0.8488745980707394
0.5128205128205129
0.7133757961783439
0.717948717948718
0.6451612903225806
0.47058823529411764
0.8421052631578948
0.6635071090047394
0.8571428571428571
0.5263157894736842
0.689655172413793
0.4800000000000001
0.8333333333333333
0.4878048780487804
0.5833333333333334
0.888888888888889
0.6511627906976744
0.7594936708860761
0.7741935483870969
0.5106382978723405
0.6796116504854369
0.7017543859649122
0.5106382978723405
0.5562913907284769
0.5656565656565655
0.6395939086294417
0.7325581395348836
0.8296296296296296
0.8076923076923077
0.7692307692307693
0.8155339805825242
0.5714285714285715
0.8571428571428571
0.7850467289719627
0.4
0.5217391304347826
0.5060240963855422
0.8
0.577319587628866
0.6086956521739131
0.8
0.3243243243243243
0.8421052631578948
1.0
0.5263157894736842
0.6885245901639345
0.46153846153846156
0.5714285714285715
0.5217391304347826
0.8727272727272727
0.48780487804878053
0.7068273092369478
0.8294930875576038
0.586046511627907
0.7999999999999999
0.717948717948718
0.5581395348837209
0.4615384615384615
0.3636363636363636
0.43165467625899273
0.6382978723404256
0.7272727272727272
0.23529411764705882
0.4210526315789474
0.673076923076923
0.8181818181818181
0.7122302158273381
0.5833333333333334
0.47058823529411764
0.7832167832167831
0.6451612903225806
0.7887323943661971
0.7199999999999999
0.606060606060606
0.7317073170731706
0.9090909090909091
0.7058823529411765
0.5555555555555556
0.6306306306306306
0.3333333333333333
0.8764940239043824
0.48
0.8
1.0
0.4166666666666667
0.5369127516778524
0.6
0.7228915662650602
0.7142857142857143
0.8461538461538461
0.8
0.28571428571428575
0.47058823529411764
0.8421052631578948
0.5
0.875
0.8333333333333333
0.7547169811320756
0.9
0.8333333333333333
0.7567567567567567
0.7058823529411765
0.8571428571428571
0.7860262008733625
0.608695652173913
0.46875
0.6719999999999999
0.9523809523809523
0.7368421052631577
0.5137614678899082
0.8297872340425532
0.8759124087591241
0.8888888888888888
0.816326530612245
0.7894736842105262
0.8571428571428571
0.6
0.606060606060606
0.8
0.3835616438356164
0.7272727272727272
0.888888888888889
0.7000000000000001
0.6116504854368933
0.7368421052631579
0.3333333333333333
0.29268292682926833
0.75
0.5
0.5217391304347826
0.7875
0.75
0.7466666666666666
0.3225806451612903
0.717948717948718
0.823529411764706
0.7368421052631577
0.3076923076923077
0.75
0.7368421052631577
0.5358851674641149
0.6666666666666666
0.7446808510638298
0.7241379310344827
0.5555555555555556
0.5925925925925926
0.5825242718446602
0.6256983240223464
0.8372093023255814
0.7999999999999999
0.711864406779661
0.5
0.9
0.6787878787878787
0.7058823529411765
0.6666666666666666
0.4
0.5
0.7272727272727272
0.7594936708860761
0.5882352941176471
0.6206896551724138
0.7999999999999999
0.7272727272727273
0.8571428571428571
0.5084745762711865
0.676056338028169
0.6666666666666666
0.676056338028169
0.7228915662650602
0.7567567567567567
1.0
0.7508532423208191
0.5405405405405405
0.9090909090909091
0.6965174129353234
0.588235294117647
0.6666666666666667
0.3157894736842105
0.6666666666666666
0.4347826086956522
1.0
0.6603773584905661
0.7547169811320756
0.6131386861313869
0.8358208955223881
0.4615384615384615
0.9523809523809523
0.5333333333333333
0.7317073170731706
0.8520710059171598
0.5
0.8421052631578948
0.5419354838709678
0.7058823529411765
0.75
0.5599999999999999
0.5333333333333333
