0.7608695652173915
0.4615384615384615
0.35294117647058826
0.5419354838709678
0.861244019138756
0.8076923076923077
0.5714285714285715
0.7272727272727272
0.6824644549763033
0.8939828080229226
0.4761904761904762
0.5454545454545454
0.7773851590106008
0.8571428571428571
0.5825242718446602
0.26086956521739135
0.9333333333333333
0.6
0.48387096774193544
0.7586206896551724
0.4137931034482759
0.6666666666666666
0.5637583892617449
0.7200000000000001
0.5
0.717948717948718
0.8520710059171598
0.8421052631578948
0.6451612903225806
0.8
0.9523809523809523
0.5714285714285715
0.7826086956521738
0.4320987654320988
0.578512396694215
0.7058823529411764
0.7692307692307693
1.0
0.47058823529411764
0.631578947368421
0.2222222222222222
0.6956521739130435
0.5555555555555556
0.5454545454545454
0.25
0.5555555555555556
0.39999999999999997
0.32432432432432434
0.28571428571428575
0.711864406779661
0.6153846153846153
0.9473684210526316
0.5714285714285715
0.8421052631578948
0.9473684210526316
0.8108108108108107
0.6885245901639345
0.27906976744186046
1.0
0.9333333333333333
0.9045226130653266
0.47619047619047616
0.923076923076923
0.5
0.2105263157894737
0.606060606060606
0.23076923076923078
0.6666666666666667
0.5783132530120482
0.6153846153846153
0.7272727272727272
0.631578947368421
0.770053475935829
0.5454545454545454
0.9090909090909091
0.4615384615384615
0.48000000000000004
0.30769230769230765
0.7741935483870969
0.36363636363636365
0.4800000000000001
0.7142857142857143
0.6428571428571429
0.38961038961038963
0.9
0.588235294117647
0.7228915662650602
0.43478260869565216
0.6363636363636364
0.48000000000000004
0.8571428571428571
0.7516778523489932
0.7272727272727273
0.7368421052631579
0.48979591836734687
0.6666666666666666
0.6626506024096386
0.7608695652173915
0.34285714285714286
0.4000000000000001
0.7228915662650602
0.39999999999999997
0.7407407407407408
0.56
0.7272727272727273
0.5874125874125874
0.7792207792207793
0.6176470588235293
0.7516778523489932
0.6818181818181818
0.8275862068965518
0.9
0.5555555555555556
0.42857142857142855
0.25
0.8181818181818182
0.38709677419354843
0.7777777777777778
0.7904191616766466
0.4
0.7692307692307692
0.7499999999999999
0.5263157894736842
0.5853658536585366
0.5333333333333333
0.7317073170731706
0.923076923076923
0.816326530612245
0.34285714285714286
0.2
0.29268292682926833
0.14285714285714285
0.6829268292682926
0.5
0.42857142857142855
0.3773584905660377
0.5454545454545454
0.7142857142857143
0.6222222222222222
1.0
0.6260869565217392
1.0
0.48979591836734687
0.4736842105263158
0.8
0.5970149253731343
0.6666666666666666
0.4827586206896552
0.5853658536585366
0.7843137254901961
0.631578947368421
0.5803108808290155
0.6486486486486486
0.4081632653061225
0.37499999999999994
0.4615384615384615
0.5994550408719346
0.75
0.599670510708402
0.9230769230769231
0.6829268292682926
0.5185185185185186
0.47058823529411764
0.8571428571428571
0.4067796610169491
0.47619047619047616
0.7058823529411765
0.6666666666666666
0.6549707602339182
0.5405405405405405
0.42857142857142855
0.4444444444444445
0.577319587628866
0.5454545454545454
0.25
0.711864406779661
0.7142857142857143
0.22222222222222224
0.42857142857142855
0.7142857142857143
0.18181818181818182
0.634920634920635
0.5714285714285714
0.42857142857142855
0.6153846153846154
0.6666666666666666
0.5
0.6774193548387097
0.8
0.6486486486486486
0.608695652173913
0.4444444444444444
0.4444444444444445
1.0
0.6233766233766235
0.7499999999999999
0.576923076923077
1.0
0.3404255319148936
0.5999999999999999
0.5874125874125874
0.25
0.3157894736842105
0.7943262411347517
0.34285714285714286
0.6666666666666666
0.4
0.7058823529411764
0.42857142857142855
0.5
0.576923076923077
0.36363636363636365
0.6792452830188679
0.4883720930232558
0.6250000000000001
0.6153846153846153
0.4444444444444445
0.36363636363636365
0.2758620689655172
0.3333333333333333
0.5223880597014926
0.5714285714285714
0.5454545454545454
0.39215686274509803
0.75
0.6666666666666666
0.4615384615384615
0.631578947368421
0.6666666666666666
0.37383177570093457
0.4406779661016949
0.7407407407407408
0.6666666666666666
0.5714285714285714
0.7692307692307692
0.43478260869565216
0.6666666666666666
0.5
0.5517241379310345
0.816326530612245
0.61875
0.5925925925925927
0.721311475409836
0.5
0.4988662131519274
0.380952380952381
0.49777777777777776
0.4411764705882353
0.7
0.4
0.42424242424242425
0.5
0.75
0.26086956521739135
0.3571428571428571
0.5833333333333334
0
0.28571428571428575
0.375
0.5333333333333333
0.6153846153846153
0.7500000000000001
0.6260869565217392
0.375
0.6666666666666666
0.5714285714285713
0.5223880597014926
1.0
0.6857142857142857
0.5106382978723405
0.7792207792207793
0.7692307692307692
0.5333333333333333
0.5970149253731343
0.5
0.32876712328767127
0.7486910994764396
0.6256983240223464
0.5333333333333333
0.48979591836734687
1.0
0.8
0.7407407407407408
0.4591836734693878
0.7894736842105262
0.4
0.29629629629629634
0.35294117647058826
0.7317073170731706
1.0
0.7346938775510203
0.4485981308411215
0.39999999999999997
1.0
1.0
0.7346938775510203
0.5538461538461538
0.5274725274725275
0.8000000000000002
0.375
0.3870967741935484
0.5581395348837209
0.6857142857142857
1.0
0.3333333333333333
0.6382978723404256
0.7142857142857143
0.6666666666666666
0.7039999999999998
0.2631578947368421
0.23529411764705882
0.45454545454545453
0.5697211155378487
0.5333333333333333
0.6521739130434783
1.0
0.4615384615384615
0.6256983240223464
0.8
0.7943262411347517
0.4444444444444445
1.0
0.4444444444444445
0.5217391304347826
0.5714285714285715
0.5552050473186121
0.7241379310344827
0.6599999999999999
0.33333333333333337
0.4444444444444445
0.37209302325581395
0.5
0.3609022556390977
0.4
0.689655172413793
0.75
0.8421052631578948
0.6153846153846154
0.4137931034482759
0.4615384615384615
0.6666666666666666
0.42857142857142855
0.4
0.7471698113207547
0.2608695652173913
1.0
0.5333333333333333
0.6857142857142857
0.6829268292682926
1.0
0.38709677419354843
0.5
0.5950413223140496
1.0
1.0
0.7142857142857143
0.7
0.2553191489361702
0.43795620437956206
0.9333333333333333
0.6741573033707865
0.3818181818181818
0.7499999999999999
0.46511627906976744
0.5874125874125874
0.4615384615384615
0.46153846153846156
0.47619047619047616
0.7058823529411765
0.44680851063829785
0.7777777777777777
0.6046511627906976
0.770053475935829
0.6021505376344085
0.5333333333333333
0.47058823529411764
0.4210526315789474
0.6461538461538462
0.7692307692307693
0.5714285714285714
0.591549295774648
0.48322147651006714
1.0
1.0
0.5477178423236514
1.0
0.4444444444444445
0.923076923076923
0.28571428571428575
0.5405405405405405
1.0
0.6428571428571429
0.5161290322580646
0.4528301886792453
0.7692307692307692
0.5555555555555556
0.23076923076923073
0.888888888888889
1.0
0.5714285714285715
0.3636363636363636
0.7368421052631577
0.9333333333333333
0.4000000000000001
0.7317073170731706
0.5
0.711864406779661
0.4444444444444444
0.6666666666666666
0.7
0.6260869565217392
0.28571428571428575
0.48979591836734687
0.5263157894736842
0.6666666666666666
1.0
0.4
0.5
0.4137931034482759
0.6962025316455697
0.7706422018348624
0.7058823529411765
0.8944099378881988
0.5714285714285715
0.7741935483870969
0.39999999999999997
0.4615384615384615
0.75
0.4615384615384615
0.7017543859649122
0.8
0.689655172413793
0.6250000000000001
0.380952380952381
0.38709677419354843
0.631578947368421
0.48
0.3333333333333333
0.48611111111111116
0.689655172413793
0.6666666666666666
0.5
0.4745762711864407
0.5971563981042655
0.41025641025641024
0.5
0.5714285714285715
0.7272727272727272
0.5
0.7058823529411765
0.6829268292682926
0.6792452830188679
0.0
0.5714285714285715
0.5622489959839357
0.5333333333333333
0.5517241379310344
0.5833333333333334
0.28571428571428575
0.7692307692307692
0.5633802816901409
0.553846153846154
0.5
0.823529411764706
0.861244019138756
0.7826086956521738
0.7547169811320756
0.6666666666666666
1.0
0.5454545454545454
0.5
0.5
0.8224299065420562
0.5454545454545454
0.4827586206896552
0.4444444444444445
0.4
0.6
0.7317073170731706
0.6549707602339182
0.3333333333333333
0.7843137254901961
0.5
0.7058823529411764
1.0
0.5358851674641149
0.8000000000000002
0.7000000000000001
0.3333333333333333
0
0.9411764705882353
0.5
0.19047619047619047
0.8
0.5454545454545454
0.5
0.8235294117647058
1.0
0.5660377358490566
0.0
0.0
0.8
0.5714285714285715
1.0
0.5436893203883495
0.15384615384615383
0.5853658536585366
0.6666666666666666
0.75
0.5217391304347826
0.28571428571428575
0.6666666666666666
0.75
0.4705882352941177
1.0
0
0.7272727272727273
0
0.8520710059171598
0.6
0.8888888888888888
0.5511811023622047
0.75
0.4054054054054054
0.4615384615384615
0.7
0.3636363636363636
0.75
0.3333333333333333
0.6545454545454545
0.6
0.6666666666666666
0.6666666666666666
0.5714285714285715
0.25
0.8
0.8000000000000002
0.5294117647058824
0.7325581395348836
0.6575342465753425
0.380952380952381
1.0
0.6
0.5581395348837208
0.5945945945945946
1.0
0.7547169811320756
0.47058823529411764
0.4615384615384615
0.6028708133971291
0.380952380952381
0.28571428571428575
0.7058823529411765
0
0.5153374233128835
0.75
0.576923076923077
0.5217391304347826
0.7692307692307693
0.5714285714285715
1.0
0.5517241379310345
0.6194690265486726
0.8571428571428571
0.6
0.5
0.5572139303482587
0.861244019138756
0.3333333333333333
0.8520710059171598
0.4
1.0
0.7999999999999999
0.375
0.5084745762711865
0.689655172413793
1.0
0.3333333333333333
0.5413533834586466
0.625
1.0
0.4255319148936171
0.39999999999999997
1.0
1.0
0.7499999999999999
0.6521739130434783
0.923076923076923
1.0
0.5
0.5
0.5607476635514019
0.47058823529411764
0.7272727272727272
0.4
0.5217391304347826
0.7766990291262137
0.6412213740458015
0.8944099378881988
0.4444444444444444
0.6153846153846154
0.7368421052631577
0.8181818181818182
0.7547169811320756
1.0
0.591549295774648
0.5217391304347826
0.4615384615384615
0.8
0.9333333333333333
0.5333333333333333
0.717948717948718
0.5714285714285715
0.4444444444444445
0.8333333333333334
0.821917808219178
0.4615384615384615
0.34285714285714286
0.6461538461538462
0.5333333333333333
0.5479452054794521
0.8421052631578948
0.26666666666666666
0.6666666666666666
0.3636363636363636
0.6557377049180328
0.9411764705882353
0.5384615384615384
0.6818181818181818
0.35294117647058826
0.6829268292682926
0.3037974683544304
0.5454545454545454
0.6666666666666667
0.7241379310344827
0.576923076923077
0.625
0.9473684210526316
0.4897959183673469
0.689655172413793
0.9090909090909091
0.7058823529411765
0.5106382978723405
0.0
0.7133757961783439
0.6728971962616823
0.3703703703703704
0.4800000000000001
0.64
0.6
0.34285714285714286
0.6666666666666666
0.5479452054794521
0.7777777777777777
0.7692307692307693
0.8
0.7887323943661971
0.7058823529411765
0.8750000000000001
0.7058823529411765
0.7860262008733625
0.4800000000000001
0.49382716049382713
0.7457627118644068
0.9258160237388724
0.6666666666666666
0.4411764705882353
0.7142857142857143
0.5637583892617449
0.923076923076923
0.6787878787878787
0.7058823529411765
0.7024390243902439
0.8421052631578948
0.44776119402985076
0.7407407407407408
0.591549295774648
0.8256880733944955
0.6363636363636364
0.6
0.48780487804878053
0.6829268292682926
0.6256983240223464
0.4615384615384615
0.9600000000000001
0.7272727272727272
0.717948717948718
0.7826086956521738
0.4210526315789474
0.6857142857142857
0.7003367003367004
0.5263157894736842
0.6666666666666666
0.6153846153846154
0.5714285714285713
0.7309644670050762
0.5555555555555556
0.4444444444444445
0.5063291139240506
0.39999999999999997
0.4000000000000001
0.5468749999999999
0.4137931034482759
0.6666666666666665
0.34285714285714286
0.4444444444444444
0.6075949367088608
0.5
0.6
0.22222222222222224
0.5
0.3636363636363636
0.48387096774193544
0.5454545454545454
0.7058823529411765
0.9473684210526316
0.821917808219178
0.8944099378881988
0.7142857142857143
0.888888888888889
0.6
0.4137931034482759
0.5194805194805195
0.75
0.75
0.6006825938566553
0.6057692307692307
0.1818181818181818
0.8
0.5217391304347826
0.32
0.9230769230769231
0.821917808219178
0.7058823529411764
0.9523809523809523
0.48387096774193544
0.7228915662650602
0.6250000000000001
0.7826086956521738
0.4615384615384615
0.5925925925925927
0.6486486486486486
0.9090909090909091
0.8829431438127091
0.7826086956521738
0.8089887640449439
0.5714285714285713
0.5853658536585366
0.5853658536585366
0.6176470588235293
0.631578947368421
0.2857142857142857
0.7000000000000001
0.8571428571428571
0.8155339805825242
0.6666666666666665
0.5882352941176471
0.770053475935829
0.6956521739130435
0.5454545454545454
0.5063291139240506
0.6666666666666665
0.7159090909090909
0.4444444444444445
0.631578947368421
0.6787878787878787
0.8181818181818182
0.8
0.8135593220338982
0.2
0.5
0.2962962962962963
0.7384615384615384
0.6666666666666666
0.4210526315789474
0.625
0.5454545454545454
0.4
0.7070707070707072
0.7777777777777777
0.23529411764705882
0.8571428571428571
0.36363636363636365
0.27972027972027974
0.6796116504854369
0.7317073170731706
0.8256880733944955
0.46979865771812085
0.7078651685393258
0.923076923076923
0.3157894736842105
0.6666666666666667
0.8
0.5128205128205129
0.5333333333333333
0.634920634920635
0.4
0.6
0.7317073170731706
0.6666666666666666
0.4528301886792453
0.5
0.6153846153846154
0.23076923076923078
0.5263157894736842
0.4137931034482759
0.6666666666666666
0.631578947368421
0.3243243243243243
0.5714285714285715
0.14285714285714285
0.6222222222222222
0.35294117647058826
0.5228758169934641
0.64
0.7407407407407408
0.4528301886792453
0.5633802816901409
0.7088607594936709
0.674698795180723
0.5
0.4444444444444445
0.7461139896373057
0.16666666666666666
0.5217391304347826
1.0
0.41666666666666663
0.631578947368421
0.42857142857142855
0.631578947368421
0.3934426229508197
1.0
0.591549295774648
0.6857142857142857
0.6086956521739131
0.6666666666666666
0.8450704225352113
0.5
0.663157894736842
0.9090909090909091
0.6857142857142857
0.4444444444444444
0.4444444444444444
0.5714285714285715
0.9090909090909091
0.8916408668730651
0.816326530612245
0.6976744186046512
0.5555555555555556
0.2727272727272727
0.631578947368421
0.5
0.8
0.6
1.0
0.4320987654320988
0.5647058823529413
1.0
0.631578947368421
0.5517241379310345
0.5803108808290155
0.7029288702928871
0.3431372549019608
0.3076923076923077
0.5789473684210527
0.3
0.56
0.7777777777777778
0.5194805194805195
0.4
0.5714285714285715
0.8396946564885497
0.8
0.3380281690140845
0.48979591836734687
0.6
0.36363636363636365
0.6666666666666666
1.0
0.5333333333333333
0.5217391304347826
0.6
0.6057692307692307
0.6486486486486486
0.30769230769230765
1.0
0.6666666666666666
0.4
0.7692307692307692
0.6
0.7647058823529412
0.5555555555555556
0.661764705882353
0.6857142857142857
1.0
0.8571428571428571
0.8571428571428571
0.6547619047619048
0.5
0.7003891050583658
0.8571428571428571
0.8319327731092436
0.4444444444444444
0.8
1.0
0.28571428571428575
0.6153846153846154
0.7199999999999999
0.5454545454545454
0.6810810810810811
0.6666666666666665
0.5
0.7368421052631577
0.8
0.5555555555555556
0.5
0.7017543859649122
0.3287671232876712
0.32085561497326204
1.0
0.6521739130434783
0.7741935483870969
1.0
0.5333333333333333
0.717948717948718
0.5555555555555556
1.0
0.43269230769230765
0.576923076923077
0.6666666666666666
0.5633802816901409
0.7875
0.8181818181818182
0.5217391304347826
0.46153846153846156
0.42424242424242425
0.6086956521739131
0.5647058823529412
0.4000000000000001
0.4158415841584158
0.6
0.588235294117647
0.625
0.8333333333333333
1.0
0.5060240963855421
0.588235294117647
0.3428571428571428
0.5714285714285715
0.7692307692307692
0.816326530612245
1.0
0.8181818181818182
0.5274725274725275
0.3243243243243243
0.48979591836734687
0.4444444444444445
0.5475285171102662
0.6666666666666666
0.588235294117647
0.47058823529411764
1.0
0.46511627906976744
1.0
0.1643835616438356
0.576923076923077
0.7999999999999999
0.47619047619047616
0.5128205128205129
0.4444444444444445
0.624113475177305
0.6486486486486486
0.375
1.0
0.5833333333333334
0.3333333333333333
0.6
0.5637583892617449
0.4615384615384615
0.5670103092783506
0.5263157894736842
0.7317073170731706
0.6233766233766235
0.8029197080291971
0.7058823529411765
0.75
0.6666666666666666
0.3
1.0
0.3680981595092025
0.42857142857142855
0.25
0.5714285714285715
0.7058823529411765
0.5263157894736842
0.6176470588235293
0.8
0.8000000000000002
0.4040404040404041
0.39436619718309857
0.5833333333333334
0.30769230769230765
0.30769230769230765
0.8571428571428571
0.39215686274509803
0.48000000000000004
1.0
0.46875
0.8333333333333334
0.5970149253731343
0.5217391304347826
0.8659793814432989
1.0
0.8571428571428571
0.663157894736842
0.625
0.4225352112676056
0.761904761904762
1.0
0.6706586826347306
