0.44799999999999995
1.0
0.18045112781954886
0.23762376237623764
0.5930232558139535
0.23529411764705882
0.7894736842105262
0.5
0.41791044776119407
0.5405405405405405
0.47368421052631576
0.6060606060606061
0.5161290322580646
0.5583756345177665
0.2727272727272727
0.578512396694215
0.4395604395604396
0.5255474452554744
0.3414634146341463
1.0
0.6426966292134831
0.35146443514644354
0.71395881006865
0.7341430499325236
0.7835820895522387
0.5294117647058824
0.5064935064935066
0.5454545454545455
0.37837837837837834
0.6117647058823529
0.972972972972973
0.47619047619047616
0.5384615384615384
0.6891891891891893
0.5405405405405405
0.5958333333333333
0.4615384615384615
0.414985590778098
0.34285714285714286
0.38461538461538464
0.5263157894736842
0.4752475247524752
0.3988603988603988
0.5609065155807366
0.625
0.34285714285714286
0.6461538461538462
0.41379310344827586
0.27027027027027023
0.6486486486486486
0.43373493975903615
0.46204620462046203
0.5674603174603176
0.37499999999999994
0.3125
0.5655526992287918
0.7843137254901961
0.8235294117647058
0.5555555555555556
0.4972375690607735
0.45
0.45
0.4
0.6132075471698113
0.6117647058823529
0.4736842105263158
0.4983818770226537
0.46473029045643155
0.6382978723404256
0.6644295302013423
0.35036496350364954
0.3365384615384615
0.5294117647058824
0.5806451612903225
0.6511627906976744
0.9375
0.4409448818897637
0.42748091603053434
0.8500000000000001
0.6132075471698113
0.45
0.6244541484716158
0.6179775280898877
0.7333333333333334
0.6651162790697676
0.4324324324324324
0.5584725536992841
0.5714285714285715
0.47058823529411764
0.8
0.3692307692307692
0.8484848484848485
0.5142857142857143
0.5
0.6150537634408603
0.39999999999999997
0.4972375690607735
0.4255319148936171
0.3097345132743363
0.4
0.5628997867803838
0.6153846153846153
0.676056338028169
0.4324324324324324
0.7754442649434572
0.4
0.5142857142857143
0.6567164179104478
0.6127946127946128
0.4752475247524753
0.5294117647058824
0.4666666666666667
0.5013927576601671
0.5333333333333333
0.5882352941176471
0.4571428571428571
0.3404255319148936
0.7240506329113923
0.6738660907127431
0.6956521739130435
0.5
0.47058823529411764
0.35175879396984927
0.4958677685950413
0.6779661016949153
0.40384615384615385
0.5294117647058824
0.44776119402985076
0.3482587064676617
0.5447470817120622
0.40935672514619886
0.5892857142857143
0.5
0.5161290322580646
0.45
0.4444444444444444
0.6455981941309257
0.4581818181818182
0.5853658536585366
0.08695652173913042
0.38961038961038963
0.888888888888889
0.36842105263157887
0.5853658536585366
0.4
0.5981873111782477
0.4864864864864865
0.3664921465968586
0.4255319148936171
0.599670510708402
0.4615384615384615
0.36842105263157887
0.4666666666666667
0.5294117647058824
0.5581395348837209
0.5555555555555555
0.2784810126582279
0.5250596658711217
0.5569620253164557
0.5942857142857143
0.6376811594202899
0.631578947368421
0.4444444444444444
0.5714285714285715
0.47745358090185674
0.3139013452914798
0.631578947368421
0.6033755274261603
0.42857142857142855
0.8423326133909286
0.6545454545454545
0.5454545454545454
0.3243243243243243
0.5294117647058824
0.5070422535211268
0.6666666666666666
0.6575342465753425
0.6282722513089005
0.3902439024390244
0.5714285714285715
0.71395881006865
0.5714285714285713
0.6419753086419754
0.2962962962962963
0.4534412955465587
0.6829268292682926
0.7672131147540984
0.49009900990099015
0.7777777777777778
0.40449438202247195
0.6226415094339622
0.25316455696202533
0.6150537634408603
0.5851063829787234
0.0
0.5263157894736842
0.5853658536585366
0.717948717948718
0.8496732026143791
0.8742857142857143
0.6162464985994398
0.42424242424242425
0.4785276073619632
0.5530726256983242
0.7199999999999999
0.7358490566037735
0.6122448979591836
0.39215686274509803
0.6588235294117646
0.7741935483870969
0.4472049689440994
0.6734693877551021
0.6346153846153847
0.5820105820105821
0.47058823529411764
0.37499999999999994
0.5714285714285715
0.20689655172413793
0.5714285714285715
0.3934426229508197
0.5751633986928104
0.6135693215339233
0.6875
0.6528189910979229
0.5054151624548736
0.2285714285714286
0.4210526315789474
0.6582278481012659
0.5039999999999999
0.5633802816901409
0.55
0.19672131147540983
0.50561797752809
0.47619047619047616
0.6554621848739496
0.9444444444444444
0.6075949367088608
0.6030927835051547
0.38754325259515576
0.5527638190954774
0.6382978723404256
0.13333333333333333
0.6666666666666667
0.3966005665722379
0.47619047619047616
0.5106382978723404
0.485981308411215
0.7199999999999999
0.5185185185185186
0.4556962025316456
1.0
0.37499999999999994
0.576923076923077
0.47619047619047616
0.7555555555555555
0.5255474452554744
0.6682242990654207
0.5454545454545454
0.47619047619047616
0.4686192468619247
0.41621621621621624
0.7415329768270944
0.4640883977900553
0.7349260523321958
0.5572755417956656
0.35714285714285715
0.5128205128205129
0.4260355029585799
0.5161290322580646
0.588235294117647
0.8125
0.7741935483870969
0.7554479418886199
0.5072046109510088
0.3111111111111111
0.42217484008528783
0.9123434704830053
0.4878048780487805
0.7
0.7514450867052023
0.6346153846153847
0.48484848484848486
0.4778156996587031
0.5647058823529412
0.7058823529411765
0.7692307692307693
0.5853658536585366
0.3125
0.7128712871287128
0.5714285714285715
0.5599999999999999
0.39436619718309857
0.6408450704225351
0.46905537459283386
0.967741935483871
0.5454545454545454
0.7453416149068324
0.6534653465346535
0.4888888888888889
0.625
0.6081081081081081
0.4931506849315069
0.9080047789725207
0.4226415094339622
0.8267716535433072
0.6167400881057269
0.6449864498644987
0.6340057636887607
0.4528301886792452
0.3888888888888889
0.4615384615384615
0.6965699208443272
0.38709677419354843
0.34653465346534656
0.7142857142857143
0.5555555555555556
0.4615384615384615
0.6599999999999999
0.5673352435530087
0.4988662131519274
0.6965699208443272
0.496551724137931
0.5982905982905983
0.38709677419354843
0.6226415094339622
0.5669291338582677
0.5906040268456376
0.7652173913043478
0.5714285714285715
0.41025641025641024
0.4714285714285715
0.6486486486486486
0.6446280991735538
0.5
0.717948717948718
0.7028753993610224
0.5804749340369393
0.6568421052631578
0.5217391304347826
0.6593406593406592
0.4883720930232558
0.48000000000000004
0.5106382978723405
0.4444444444444444
0.21238938053097345
0.3680981595092025
0.27272727272727276
0.5555555555555556
0.44036697247706424
0.4132841328413284
0.45283018867924524
0.6666666666666666
0.5673758865248227
0.9375
0.61875
0.5249999999999999
0.3227665706051873
0.3822525597269624
0.4954954954954955
0.4992
0.47739602169981915
0.43373493975903615
0.6666666666666666
0.5530726256983242
0.5172413793103449
0.5607476635514018
1.0
0.7228915662650601
0.5238095238095238
0.35443037974683544
0.6485260770975058
0.21428571428571427
0.6027397260273972
0.3614457831325301
0.3846153846153846
0.4982698961937716
0.6875
0.6965699208443272
0.5405405405405405
0.6989247311827957
0.4285714285714286
0.5294117647058824
0.5496828752642706
0.6122448979591836
0.673076923076923
0.5454545454545454
0.375
0.43504531722054385
0.8786610878661087
0.5333333333333333
0.6046511627906976
0.634920634920635
0.8648648648648648
0.6818181818181819
0.639344262295082
0.46315789473684216
0.5210526315789474
0.5142857142857143
0.5945945945945946
0.3636363636363636
0.680161943319838
0.6497890295358649
0.5022421524663677
0.4534412955465587
0.6545454545454545
0.3902439024390244
0.7394957983193278
0.5263157894736842
0.3636363636363636
0.6
0.7446808510638298
0.4786324786324786
0.6423357664233577
0.485981308411215
0.31999999999999995
0.40579710144927533
0.787878787878788
0.288659793814433
0.4235294117647059
0.38040345821325644
0.29411764705882354
0.6832298136645962
0.42857142857142855
0.6153846153846153
0.5283018867924528
0.6290322580645162
0.5490196078431373
0.30534351145038163
0.7001287001287002
0.6446886446886447
0.5137614678899083
0.5797101449275363
0.8061420345489443
0.6481481481481481
0.7622504537205083
0.6666666666666666
0.967741935483871
0.6060606060606061
0.43243243243243246
0.4444444444444445
0.47619047619047616
0.45161290322580644
0.39622641509433965
0.38043478260869573
0.609375
0.7070707070707072
0.5294117647058824
0.6111111111111112
0.624
0.6285714285714286
0.44171779141104295
0.5161290322580646
0.3404255319148936
0.5210526315789474
0.5855855855855856
0.5
0.46601941747572817
0.3888888888888889
0.6039076376554174
0.3448275862068966
0.5034324942791762
0.3111111111111111
0.6550868486352357
0.7027027027027027
0.547112462006079
0.5142857142857143
0.34682080924855485
0.4816053511705686
0.4864864864864865
0.6451612903225806
0.26666666666666666
0.41025641025641024
0.6358381502890174
0.8717948717948718
0.7029288702928871
0.6407766990291262
0.625250501002004
0.5940594059405941
0.972972972972973
0.5263157894736842
0.38709677419354843
0.7644970414201182
0.3614457831325301
0.5714285714285715
0.45714285714285713
0.36734693877551017
0.5286343612334802
0.6199261992619925
0.5
0.3645833333333333
0.4571428571428572
0.5823529411764706
0.7861271676300577
0.5029940119760478
0.4565217391304348
0.49606299212598426
0.5940594059405941
0.5855855855855856
0.46090534979423864
0.44117647058823534
0.5624060150375939
0.6107382550335569
0.598326359832636
0.5303030303030303
0.3703703703703704
0.7109375000000001
0.5088339222614842
0.555984555984556
0.71395881006865
0.8997214484679665
0.6305732484076433
0.680089485458613
0.5128205128205129
0.5855855855855856
0.44680851063829785
0.3255813953488372
0.6651162790697676
0.6082949308755761
0.5142857142857143
0.5142857142857142
0.40268456375838924
0.5396226415094341
0.38461538461538464
0.4864864864864865
0.6486486486486486
0.5405405405405405
0.6111111111111112
0.5
0.3654822335025381
0.5853658536585366
0.4724409448818898
0.5278592375366569
0.37837837837837834
1.0
0.42857142857142855
0.6568421052631578
0.6786632390745502
0.4864864864864865
0.625
0.5454545454545454
0.4628099173553719
0.5
0.45360824742268047
0.3614457831325301
0.588235294117647
0.40384615384615385
0.6407766990291262
0.4235294117647059
0.680161943319838
0.5714285714285715
0.3571428571428571
0.7554479418886199
0.5960264900662252
0.4416403785488959
0.5687203791469194
0.4109589041095891
0.41791044776119407
0.5513784461152882
0.6408450704225351
0.4864864864864865
0.4102564102564102
0.8415841584158417
0.7226277372262774
0.46601941747572817
0.6346153846153847
0.36721311475409835
0.4409799554565702
0.5853658536585366
0.47619047619047616
0.3146853146853147
0.5789473684210527
0.4848484848484849
0.7850467289719627
0.64
0.606060606060606
0.5
0.4907975460122699
0.6650426309378805
0.2926829268292683
0.45714285714285713
0.4195804195804196
0.4390243902439024
0.7272727272727273
0.5949656750572082
0.9203007518796993
0.3763440860215054
0.38620689655172413
0.689655172413793
0.7142857142857143
0.736196319018405
0.4891304347826087
0.6666666666666666
0.5753424657534246
0.6206896551724138
0.5468749999999999
0.4808743169398907
0.4712041884816754
0.48000000000000004
0.463235294117647
0.3673469387755102
0.4324324324324324
0.6786632390745502
0.24489795918367346
0.7368421052631577
0.5437262357414449
0.625
0.7375886524822695
0.5454545454545454
0.5945945945945946
0.5910447761194029
0.3296703296703296
0.7520661157024793
0.6588235294117646
0.33802816901408456
0.4265402843601896
0.5
0.41025641025641024
0.9455676516329704
0.7857142857142857
0.5940594059405941
0.5106382978723404
0.7896103896103897
0.3609022556390977
0.5389221556886228
0.5454545454545454
0.7801932367149759
0.37037037037037035
0.5714285714285715
0.5
0.5022831050228311
0.4444444444444444
0.5714285714285715
0.9142857142857143
0.5527638190954774
0.5063291139240506
0.5607476635514018
0.48387096774193544
0.5555555555555556
0.34710743801652894
0.39215686274509803
0.37500000000000006
0.22222222222222224
0.6582278481012659
0.6222222222222222
0.7027027027027027
0.3835616438356164
0.5084745762711864
0.6422018348623854
0.5932203389830508
0.7594936708860761
0.5727272727272726
0.4390243902439025
0.4948453608247421
0.5465838509316769
0.29015544041450775
0.5925925925925926
0.4483985765124555
0.41860465116279066
0.6392694063926941
0.7489711934156379
0.5706051873198847
0.6583541147132169
0.41584158415841577
0.2222222222222222
0.4731182795698925
0.35555555555555557
0.5641025641025641
0.49689440993788814
0.5960264900662252
0.5072463768115943
0.6055045871559633
0.4444444444444445
0.4528301886792453
0.583941605839416
0.39024390243902435
0.6175771971496438
0.5714285714285715
0.5089974293059126
0.4390243902439024
0.5142857142857143
0.6829268292682926
0.8421052631578947
0.4444444444444445
0.5732484076433121
0.6046511627906977
0.3723404255319149
0.8138297872340425
0.4028776978417266
0.6521739130434783
0.3037974683544304
0.3157894736842105
0.5617021276595744
0.3320158102766798
0.4109589041095891
0.39024390243902435
0.6734693877551021
0.6640316205533596
0.7835820895522387
0.4615384615384615
0.5137614678899083
0.5641025641025642
0.410958904109589
0.44582043343653255
0.4444444444444444
0.5274725274725275
0.4033613445378151
0.8673913043478261
0.6055045871559633
0.46601941747572817
0.5555555555555556
0.48000000000000004
0.5454545454545454
0.4921875
0.43579766536964987
0.4615384615384615
0.6640316205533596
0.5415384615384614
0.46511627906976744
0.7172413793103448
0.6204986149584488
0.5070422535211268
0.37209302325581395
0.4890829694323144
1.0
0.5673758865248227
0.48
0.5099337748344371
0.4320987654320988
0.5755395683453237
0.7303370786516855
0.6027397260273972
0.4344827586206897
0.7058823529411765
0.6666666666666666
0.4864864864864865
0.5581395348837209
0.631578947368421
0.6486486486486486
0.18750000000000003
0.5220338983050847
0.6046511627906976
0.5333333333333333
0.6358381502890174
0.4982698961937716
0.6101694915254238
0.5958333333333333
0.45714285714285713
0.38277511961722493
0.6148648648648649
0.577259475218659
0.4782608695652174
0.5249999999999999
0.9333333333333333
0.8665906499429875
0.6857142857142857
0.2857142857142857
0.358974358974359
0.5
0.5365853658536586
0.4014336917562724
0.8267716535433072
0.5940594059405941
0.6062992125984253
0.4158415841584158
0.39024390243902435
0.40449438202247195
0.4324324324324324
0.4986149584487534
0.5824847250509165
0.2105263157894737
0.726643598615917
0.7711386696730552
0.5333333333333333
0.5940594059405941
0.38709677419354843
0.5116279069767442
0.41666666666666663
0.5142857142857142
0.4158415841584158
0.2926829268292683
0.7570977917981072
0.6185567010309279
0.6857142857142857
0.6032482598607889
0.3947368421052631
0.3848797250859107
0.5185185185185186
0.509090909090909
0.380952380952381
0.3829787234042553
0.5553398058252427
0.4878048780487805
0.4666666666666667
0.5882352941176471
0.5
0.787878787878788
0.5625
0.2557077625570776
0.5612244897959184
0.6792452830188679
0.6582278481012659
0.5161290322580646
0.6842105263157895
0.5454545454545454
0.7801418439716311
0.7189542483660131
0.5116279069767442
0.6117647058823529
0.6383928571428571
0.6485260770975058
0.4392156862745098
0.8095872170439413
0.4
0.26666666666666666
0.4786324786324786
0.34782608695652173
0.5116279069767442
0.5942857142857143
0.5052631578947367
0.7776261937244201
0.5422535211267606
0.4878048780487805
0.42140468227424743
0.24489795918367344
0.5706051873198847
0.4072727272727273
0.23300970873786406
0.5641025641025641
0.972972972972973
0.5633802816901409
0.6857142857142857
0.5911330049261083
0.5978260869565217
0.30701754385964913
0.6206896551724138
0.6417112299465241
0.4294478527607362
0.7341176470588234
0.35856573705179284
0.5095541401273886
0.5373134328358209
0.6392251815980629
0.3423913043478261
0.639344262295082
0.38620689655172413
0.42424242424242425
0.4375
0.41379310344827586
0.5369127516778524
0.4483985765124555
0.6907894736842104
0.4864864864864865
0.4375
0.5438066465256798
0.4869565217391304
0.6453900709219859
