0.44799999999999995
1.0
0.21052631578947367
0.23762376237623764
0.5555555555555556
0.163265306122449
0.7894736842105262
0.4444444444444445
0.3620689655172413
0.7100591715976332
0.4986149584487534
0.6060606060606061
0.48068669527896996
0.50561797752809
0.2727272727272727
0.44919786096256686
0.36585365853658536
0.5529953917050692
0.25
1.0
0.6426966292134831
0.4324324324324324
0.5994550408719346
0.7341430499325236
0.7835820895522387
0.5
0.48979591836734687
0.5732484076433121
0.40433212996389895
0.6117647058823529
0.972972972972973
0.45
0.5384615384615384
0.6713286713286712
0.5405405405405405
0.5454545454545454
0.4615384615384615
0.4878048780487805
0.34285714285714286
0.3947368421052631
0.43750000000000006
0.4752475247524752
0.47596153846153844
0.5609065155807366
0.5625
0.3733333333333333
0.6461538461538462
0.41379310344827586
0.15999999999999998
0.6486486486486486
0.41025641025641024
0.35744680851063826
0.5465838509316769
0.37499999999999994
0.3125
0.5113636363636364
0.7843137254901961
0.8235294117647058
0.4794520547945206
0.4972375690607735
0.45
0.4247787610619469
0.4444444444444445
0.6132075471698113
0.6117647058823529
0.4472049689440994
0.5581395348837209
0.43749999999999994
0.6176470588235293
0.5294117647058824
0.3673469387755102
0.3365384615384615
0.5238095238095238
0.5806451612903225
0.6265060240963856
0.9375
0.4067796610169491
0.39344262295081966
0.8500000000000001
0.5911330049261083
0.4210526315789474
0.6244541484716158
0.6179775280898877
0.7333333333333334
0.6651162790697676
0.4324324324324324
0.5895691609977325
0.5945945945945945
0.47058823529411764
0.8254931714719271
0.3913043478260869
0.8484848484848485
0.5142857142857143
0.5
0.5906040268456376
0.42748091603053434
0.4736842105263158
0.4255319148936171
0.3097345132743363
0.3278688524590164
0.4888888888888889
0.6153846153846153
0.6594202898550725
0.4627249357326478
0.7754442649434572
0.4
0.5142857142857143
0.6567164179104478
0.6363636363636364
0.4752475247524753
0.5294117647058824
0.4666666666666667
0.5013927576601671
0.49122807017543857
0.5882352941176471
0.4571428571428571
0.3404255319148936
0.5454545454545455
0.6738660907127431
0.5932203389830508
0.4808743169398907
0.47058823529411764
0.3296703296703296
0.4958677685950413
0.6779661016949153
0.375
0.5294117647058824
0.48951048951048953
0.3482587064676617
0.5746268656716419
0.3380281690140845
0.5816554809843401
0.5
0.40268456375838924
0.45
0.4444444444444444
0.6455981941309257
0.5373134328358209
0.5161290322580646
0.08695652173913042
0.38961038961038963
0.888888888888889
0.28571428571428575
0.6217616580310882
0.4753086419753087
0.6666666666666667
0.41142857142857137
0.3981042654028436
0.25806451612903225
0.6200317965023847
0.4736842105263158
0.36842105263157887
0.4666666666666667
0.5294117647058824
0.5365853658536586
0.5555555555555555
0.2784810126582279
0.5250596658711217
0.5853658536585366
0.5942857142857143
0.5714285714285715
0.6027397260273972
0.47191011235955066
0.5384615384615384
0.47439353099730464
0.3139013452914798
0.5454545454545454
0.6033755274261603
0.42857142857142855
0.8423326133909286
0.5333333333333333
0.5454545454545454
0.35294117647058826
0.5294117647058824
0.5
0.7549019607843137
0.6575342465753425
0.6858513189448442
0.3529411764705882
0.5
0.71395881006865
0.5454545454545454
0.6419753086419754
0.2962962962962963
0.3636363636363636
0.652542372881356
0.7672131147540984
0.49009900990099015
0.7777777777777778
0.40449438202247195
0.5940594059405941
0.3125
0.6150537634408603
0.44594594594594594
0.24242424242424243
0.5
0.5853658536585366
0.717948717948718
0.81981981981982
0.8742857142857143
0.5882352941176471
0.42424242424242425
0.4324324324324324
0.49689440993788814
0.7199999999999999
0.7358490566037735
0.6101694915254238
0.39215686274509803
0.6588235294117646
0.75
0.4472049689440994
0.6734693877551021
0.6346153846153847
0.5820105820105821
0.4827586206896552
0.2112676056338028
0.5714285714285715
0.20689655172413793
0.606060606060606
0.41450777202072536
0.6371681415929203
0.6135693215339233
0.717391304347826
0.6528189910979229
0.5310344827586206
0.2285714285714286
0.4210526315789474
0.629955947136564
0.44036697247706424
0.4808743169398907
0.5789473684210527
0.3
0.4
0.49655172413793097
0.5909090909090908
0.9444444444444444
0.5517241379310345
0.6372549019607844
0.41025641025641024
0.55
0.652542372881356
0.13333333333333333
0.6018237082066871
0.2926829268292683
0.47619047619047616
0.5106382978723404
0.485981308411215
0.6898954703832753
0.5185185185185186
0.48484848484848486
1.0
0.32
0.606060606060606
0.47619047619047616
0.7555555555555555
0.48461538461538456
0.5806451612903225
0.5454545454545454
0.4458598726114649
0.4686192468619247
0.41621621621621624
0.7415329768270944
0.5
0.7349260523321958
0.5572755417956656
0.35714285714285715
0.43504531722054385
0.4260355029585799
0.5707317073170732
0.588235294117647
0.7447916666666666
0.7741935483870969
0.7554479418886199
0.5274725274725275
0.3111111111111111
0.42217484008528783
0.8856088560885608
0.4878048780487805
0.7
0.782122905027933
0.6346153846153847
0.48484848484848486
0.4186046511627907
0.5647058823529412
0.7058823529411765
0.6923076923076923
0.5853658536585366
0.3125
0.5853658536585366
0.5333333333333333
0.5599999999999999
0.39436619718309857
0.6190476190476191
0.46905537459283386
0.967741935483871
0.5714285714285715
0.7453416149068324
0.6534653465346535
0.4888888888888889
0.625
0.5496183206106869
0.5338983050847458
0.9311551925320887
0.3398058252427185
0.8267716535433072
0.593607305936073
0.6449864498644987
0.6340057636887607
0.3902439024390244
0.32
0.4615384615384615
0.6965699208443272
0.38888888888888884
0.32
0.7142857142857143
0.5263157894736842
0.4615384615384615
0.6599999999999999
0.5901639344262295
0.5465838509316769
0.6629834254143646
0.5294117647058824
0.5529953917050692
0.3829787234042553
0.6226415094339622
0.4615384615384615
0.4808743169398907
0.7162790697674419
0.4948453608247423
0.43504531722054385
0.5465838509316769
0.5365853658536586
0.6153846153846153
0.4255319148936171
0.743362831858407
0.7028753993610224
0.5804749340369393
0.6842105263157895
0.5217391304347826
0.6593406593406592
0.48484848484848486
0.4583333333333333
0.632183908045977
0.5101449275362319
0.21238938053097345
0.42328042328042326
0.27272727272727276
0.5
0.5161290322580646
0.4132841328413284
0.45283018867924524
0.6055045871559633
0.5673758865248227
0.9375
0.5789473684210527
0.5249999999999999
0.3636363636363636
0.41025641025641024
0.45454545454545453
0.52
0.43564356435643564
0.33070866141732286
0.6599999999999999
0.576
0.5
0.5882352941176471
1.0
0.6728280961182994
0.4137931034482759
0.37209302325581395
0.6724890829694322
0.3125
0.5739130434782609
0.22641509433962265
0.34782608695652173
0.47058823529411764
0.6875
0.7272727272727272
0.5128205128205129
0.6989247311827957
0.380952380952381
0.5294117647058824
0.36363636363636365
0.5932203389830508
0.673076923076923
0.4827586206896552
0.375
0.41025641025641024
0.8786610878661087
0.5333333333333333
0.6254295532646047
0.5714285714285714
0.8648648648648648
0.7272727272727272
0.639344262295082
0.46315789473684216
0.5263157894736842
0.5714285714285714
0.5405405405405405
0.4000000000000001
0.6484210526315789
0.5693430656934306
0.5022421524663677
0.39252336448598135
0.6545454545454545
0.3902439024390244
0.7394957983193278
0.49577464788732395
0.3636363636363636
0.624
0.7446808510638298
0.42
0.6423357664233577
0.5143884892086331
0.31999999999999995
0.43749999999999994
0.8179775280898876
0.3448275862068965
0.4235294117647059
0.34951456310679613
0.372093023255814
0.6832298136645962
0.4666666666666667
0.5714285714285715
0.5283018867924528
0.6138888888888888
0.5703703703703704
0.234375
0.7001287001287002
0.676056338028169
0.4444444444444445
0.5433962264150943
0.8061420345489443
0.6844444444444445
0.7622504537205083
0.6431095406360424
0.967741935483871
0.6060606060606061
0.43243243243243246
0.41791044776119407
0.38095238095238093
0.4444444444444445
0.3626943005181347
0.38043478260869573
0.5605095541401274
0.6570397111913358
0.5294117647058824
0.6111111111111112
0.6599999999999999
0.6285714285714286
0.47368421052631576
0.5161290322580646
0.3404255319148936
0.47368421052631576
0.5855855855855856
0.5
0.46601941747572817
0.38834951456310685
0.5677179962894248
0.2485207100591716
0.5034324942791762
0.3111111111111111
0.6793349168646081
0.7027027027027027
0.5194805194805195
0.5142857142857143
0.37499999999999994
0.5142857142857142
0.5128205128205129
0.5496183206106869
0.26666666666666666
0.41025641025641024
0.6358381502890174
0.8717948717948718
0.6724890829694322
0.6006825938566553
0.625250501002004
0.49606299212598426
0.972972972972973
0.5263157894736842
0.3508771929824561
0.7644970414201182
0.3614457831325301
0.5283018867924528
0.4242424242424242
0.34782608695652173
0.5286343612334802
0.6199261992619925
0.547945205479452
0.3645833333333333
0.4666666666666667
0.5823529411764706
0.7861271676300577
0.46052631578947373
0.4565217391304348
0.49606299212598426
0.5274725274725275
0.5855855855855856
0.5353159851301115
0.5228758169934641
0.48979591836734687
0.5909090909090908
0.598326359832636
0.46153846153846156
0.3703703703703704
0.7109375000000001
0.5088339222614842
0.5737051792828685
0.71395881006865
0.8997214484679665
0.6605504587155963
0.5848563968668408
0.5365853658536586
0.5855855855855856
0.3902439024390244
0.3
0.576
0.5825242718446602
0.5142857142857143
0.39647577092511016
0.43243243243243246
0.5396226415094341
0.38461538461538464
0.5533596837944664
0.6923076923076924
0.5714285714285715
0.5625000000000001
0.42857142857142855
0.34782608695652173
0.559322033898305
0.49253731343283574
0.5278592375366569
0.4666666666666667
1.0
0.42857142857142855
0.6271929824561404
0.619718309859155
0.4864864864864865
0.625
0.5454545454545454
0.39215686274509803
0.47058823529411764
0.5285285285285285
0.3157894736842105
0.588235294117647
0.42857142857142855
0.6666666666666665
0.4307692307692308
0.6568421052631578
0.5432098765432098
0.28571428571428575
0.6358381502890174
0.5960264900662252
0.39575971731448756
0.5263157894736842
0.44594594594594594
0.24390243902439027
0.5210526315789474
0.6408450704225351
0.5128205128205129
0.32
0.8415841584158417
0.6848249027237354
0.3977272727272727
0.6346153846153847
0.36721311475409835
0.4858299595141701
0.5309734513274337
0.5
0.3333333333333333
0.6818181818181818
0.4848484848484849
0.7850467289719627
0.687402799377916
0.5454545454545454
0.5500000000000002
0.5278592375366569
0.6650426309378805
0.3310344827586207
0.45714285714285713
0.46153846153846156
0.4390243902439024
0.7272727272727273
0.5949656750572082
0.9203007518796993
0.34682080924855485
0.44943820224719105
0.689655172413793
0.6419753086419754
0.6990291262135924
0.5128205128205129
0.6666666666666666
0.594059405940594
0.5853658536585366
0.504201680672269
0.4463768115942029
0.49009900990099015
0.45161290322580644
0.463235294117647
0.35036496350364954
0.4324324324324324
0.6786632390745502
0.24489795918367346
0.7368421052631577
0.5437262357414449
0.625
0.7375886524822695
0.5806451612903225
0.5945945945945946
0.5482866043613708
0.3296703296703296
0.7520661157024793
0.6588235294117646
0.33802816901408456
0.4060913705583757
0.4444444444444444
0.37209302325581395
0.9201277955271565
0.7482993197278911
0.6486486486486486
0.5429864253393666
0.7896103896103897
0.43243243243243246
0.5389221556886228
0.5454545454545454
0.7801932367149759
0.37037037037037035
0.5714285714285715
0.5
0.4761904761904762
0.47213114754098356
0.5454545454545454
0.9142857142857143
0.5527638190954774
0.45
0.5607476635514018
0.4615384615384615
0.5866666666666667
0.2926829268292683
0.42857142857142855
0.37500000000000006
0.24
0.6582278481012659
0.5833333333333334
0.7027027027027027
0.43504531722054385
0.4411764705882353
0.6006600660066007
0.6122448979591836
0.7594936708860761
0.5727272727272726
0.48484848484848486
0.4948453608247421
0.5383022774327121
0.3
0.6
0.4483985765124555
0.46692607003891046
0.6392694063926941
0.7489711934156379
0.6010928961748634
0.6583541147132169
0.47863247863247865
0.32407407407407407
0.4731182795698925
0.35555555555555557
0.5607476635514018
0.5530726256983242
0.5919282511210763
0.576923076923077
0.6055045871559633
0.41791044776119407
0.4
0.5468749999999999
0.39024390243902435
0.5940594059405941
0.5714285714285715
0.4864864864864865
0.4390243902439024
0.46315789473684216
0.5777777777777778
0.8676236044657096
0.4444444444444445
0.6666666666666667
0.6046511627906977
0.34782608695652173
0.8138297872340425
0.372093023255814
0.6521739130434783
0.2692307692307692
0.3652173913043478
0.5617021276595744
0.3076923076923077
0.39855072463768115
0.39024390243902435
0.6734693877551021
0.5365853658536586
0.7835820895522387
0.4615384615384615
0.5407725321888412
0.5641025641025642
0.4210526315789474
0.44582043343653255
0.4575163398692811
0.5517241379310345
0.38095238095238093
0.8673913043478261
0.5527638190954774
0.3333333333333333
0.5555555555555556
0.48000000000000004
0.5196850393700787
0.4666666666666667
0.41025641025641024
0.4281345565749235
0.6640316205533596
0.5739130434782609
0.4444444444444445
0.7172413793103448
0.6025824964131995
0.4878048780487805
0.2985074626865672
0.5882352941176471
1.0
0.4375
0.509090909090909
0.55
0.45161290322580644
0.5755395683453237
0.7303370786516855
0.6027397260273972
0.4132841328413284
0.6006825938566553
0.632183908045977
0.5787781350482315
0.5777777777777778
0.629955947136564
0.619718309859155
0.18750000000000003
0.5405405405405405
0.582089552238806
0.5063291139240506
0.5641025641025642
0.463235294117647
0.6101694915254238
0.5454545454545454
0.39669421487603307
0.4054054054054054
0.6603773584905661
0.5929919137466307
0.45454545454545453
0.5249999999999999
0.9333333333333333
0.8665906499429875
0.6857142857142857
0.25531914893617025
0.45714285714285713
0.49557522123893805
0.5028571428571428
0.4014336917562724
0.8267716535433072
0.5940594059405941
0.4878048780487805
0.44036697247706424
0.409090909090909
0.2962962962962963
0.4324324324324324
0.5263157894736842
0.5531914893617021
0.2105263157894737
0.726643598615917
0.7711386696730552
0.5333333333333333
0.5940594059405941
0.3620689655172413
0.45012787723785164
0.41666666666666663
0.4864864864864865
0.45161290322580644
0.2681564245810056
0.7570977917981072
0.6185567010309279
0.7100591715976332
0.5161290322580646
0.35714285714285715
0.41025641025641024
0.4984025559105431
0.5273972602739726
0.380952380952381
0.3111111111111111
0.5553398058252427
0.4878048780487805
0.4666666666666667
0.5552050473186121
0.4615384615384615
0.787878787878788
0.6305732484076433
0.30769230769230765
0.5405405405405405
0.5761772853185596
0.631578947368421
0.5538461538461538
0.7095516569200779
0.5161290322580646
0.7801418439716311
0.7189542483660131
0.4210526315789474
0.5909090909090909
0.6383928571428571
0.6226415094339622
0.4392156862745098
0.8095872170439413
0.4150943396226416
0.24691358024691357
0.43636363636363634
0.2456140350877193
0.4878048780487805
0.5714285714285714
0.43343653250773995
0.7776261937244201
0.5422535211267606
0.45112781954887216
0.4556962025316456
0.24489795918367344
0.5142857142857142
0.4072727272727273
0.25806451612903225
0.5365853658536586
0.972972972972973
0.5906040268456376
0.6857142857142857
0.5911330049261083
0.5978260869565217
0.2631578947368421
0.5517241379310345
0.5882352941176471
0.4519774011299435
0.7601809954751132
0.35856573705179284
0.5901639344262295
0.5128205128205129
0.6392251815980629
0.3423913043478261
0.6666666666666667
0.328125
0.45528455284552843
0.4375
0.48484848484848486
0.5587301587301587
0.4483985765124555
0.6431095406360424
0.43243243243243246
0.40975609756097564
0.5438066465256798
0.4765957446808511
0.5977011494252873
