0.6086956521739131
0.5
0.30769230769230765
0.28571428571428575
0.5633802816901409
0.6299212598425198
0.5
0.75
0.26666666666666666
0.7627118644067797
0.8358208955223881
0.7225806451612904
0.4444444444444445
0.6
0.43478260869565216
0.5853658536585366
0.888888888888889
0.588235294117647
0.5581395348837209
0.4
0.6
0.5194805194805195
0.6666666666666666
0.9600000000000001
0.4
0.8
0.38095238095238093
0.7
0.608695652173913
0.5660377358490566
0.7017543859649122
0.35714285714285715
0.23529411764705882
0.6976744186046512
0.5555555555555556
0.43636363636363634
0.7741935483870969
0.689655172413793
0.6521739130434783
0.7058823529411765
0.625
0.7241379310344827
0.14285714285714288
0.3333333333333333
0.17391304347826086
0.6956521739130435
0.5194805194805195
0.21621621621621623
0.5333333333333333
0.7894736842105262
0.6153846153846153
0.8571428571428571
0.6885245901639345
0.4137931034482759
0.816326530612245
0.6153846153846153
0.7999999999999999
0.6122448979591836
0.25
0.631578947368421
0.816326530612245
0.7407407407407408
0.5555555555555556
0.588235294117647
0.3243243243243243
0.7951807228915662
0.6153846153846154
0.6451612903225806
0.634920634920635
0.717948717948718
0.3157894736842105
0.7000000000000001
0.9411764705882353
0.5714285714285715
0.75
0.5555555555555556
0.7225806451612904
0.8333333333333334
0.5714285714285714
0.5
0.6461538461538462
0.7547169811320756
0.7783783783783783
0.5333333333333333
0.7636363636363638
0.3333333333333333
0.8155339805825242
0.5
0.634920634920635
0.8135593220338982
0.6486486486486486
0.8089887640449439
0.606060606060606
0.5970149253731343
0.5853658536585366
0.7142857142857143
1.0
0.6382978723404256
0.14285714285714285
0.8358208955223881
0.7929515418502203
0.5793103448275861
0.7070707070707072
0.6666666666666665
0.6857142857142857
0.4761904761904762
0.8421052631578948
0.4615384615384615
0.689655172413793
0.5333333333333333
0.588235294117647
0.7142857142857143
0.625
0.8727272727272727
0.689655172413793
0.4210526315789474
0.6956521739130435
0.22641509433962265
0.4761904761904762
0.3571428571428571
0.25
0.5714285714285715
0.49382716049382713
0.25000000000000006
0.7407407407407408
0.6857142857142857
0.6666666666666666
0.5
0.5555555555555556
0.5714285714285713
0.5882352941176471
0.4444444444444444
0.5333333333333333
0.7368421052631579
0.3333333333333333
0.30612244897959184
0.9411764705882353
0.5714285714285715
0.47619047619047616
0.4615384615384615
0.2580645161290322
0.47058823529411764
0.7894736842105262
0.5989304812834224
0.4
0.5
0.5217391304347827
0.576923076923077
0.6382978723404256
0.8750000000000001
0.2702702702702703
0.7608695652173915
0.4444444444444444
0.375
0.7058823529411765
0.6666666666666665
0.6
0.5714285714285715
0.4347826086956522
0.3333333333333333
0.4
0.2857142857142857
0.634920634920635
0.16216216216216217
0.4968944099378882
0.8873239436619719
0.28571428571428575
0.7894736842105262
0.6153846153846153
0.48979591836734687
0.6153846153846153
0.3333333333333333
0.7000000000000001
0.5633802816901409
0.8045977011494253
0.1702127659574468
0.7832167832167831
0.6
0.6153846153846154
0.631578947368421
0.25
0.7368421052631577
0.6086956521739131
0.7832167832167831
0.6818181818181818
0.26666666666666666
0.5384615384615384
0.47619047619047616
0.5714285714285715
0.6818181818181818
0.4210526315789474
0.6885245901639345
0.39999999999999997
0.591549295774648
0.5932203389830508
0.8076923076923077
0.4444444444444444
0.5555555555555556
0.625
0.48979591836734687
0.8571428571428572
0.5357142857142858
0.4
0.7058823529411765
0.48979591836734687
0.7058823529411765
0.7317073170731706
0.5555555555555556
0.3934426229508197
0.4615384615384615
0.7058823529411765
0.6486486486486486
0.43478260869565216
0.603448275862069
0.6666666666666666
0.7346938775510203
0.8089887640449439
0.3333333333333333
0.34285714285714286
0.30769230769230765
0.35294117647058826
0.9565217391304348
0.5555555555555556
0.6153846153846153
0.5555555555555556
1.0
0.7142857142857143
0.4
0.8045977011494253
0.6976744186046512
0.2222222222222222
0.6666666666666666
0.5454545454545454
0.7547169811320756
0.37499999999999994
0.4444444444444445
0.23529411764705882
0.8571428571428571
0.6666666666666666
1.0
0.6122448979591836
0.888888888888889
0.37974683544303806
0.380952380952381
0.5555555555555556
0.48979591836734687
0.5853658536585366
0.689655172413793
0.5
0.6382978723404256
0.7128712871287128
0.5217391304347826
0.6976744186046512
0.25
0.3947368421052631
0.3636363636363636
0.32786885245901637
0.631578947368421
0.6666666666666666
0.4444444444444444
0.8275862068965518
0.5555555555555556
0.5479452054794521
0.48554913294797686
0.5882352941176471
0.4444444444444445
0.8653846153846153
0.9090909090909091
0.4528301886792453
0.9090909090909091
0.6122448979591836
0.7304347826086957
0.6306306306306306
0.6818181818181818
0.606060606060606
0.75
0.39999999999999997
0.6185567010309277
0.5357142857142857
0.41666666666666663
0.5714285714285715
0.816326530612245
0.7706422018348624
0.7317073170731706
0.47058823529411764
0.5454545454545454
0.4615384615384615
0.7000000000000001
0.6
0.823529411764706
0.5633802816901409
0.6153846153846153
0.6153846153846153
0.28571428571428575
0.27272727272727276
0.375
0.43956043956043955
0.375
0.7894736842105262
0.5333333333333333
0.6187845303867403
0.26666666666666666
0.48192771084337355
0.6382978723404256
0.631578947368421
0.4615384615384615
0.9090909090909091
0.20000000000000004
0.12121212121212123
0.6666666666666665
0.5714285714285715
0.6666666666666667
0.6153846153846153
1.0
0.588235294117647
0.5283018867924528
0.8
0.47058823529411764
0.606060606060606
0.5
0.7058823529411765
0.6666666666666667
0.923076923076923
0.5970149253731343
0.4137931034482759
0.5333333333333333
0.5454545454545454
0.6666666666666666
0.7044025157232704
0.46875
0.25
0.7832167832167831
0.8148148148148148
0.5000000000000001
0.7317073170731706
0.7887323943661971
0.32
0.5633802816901409
0.6422018348623854
0.47619047619047616
0.711864406779661
0.3076923076923077
0.5084745762711864
0.6153846153846154
0.8235294117647058
0.606060606060606
0.3333333333333333
0.6857142857142857
0.4
0.34782608695652173
0.6666666666666666
0.6153846153846153
0.5714285714285715
0.7317073170731706
0.689655172413793
0.0
0.27906976744186046
0.5853658536585367
0.5
0.47058823529411764
0.5153374233128835
0.7199999999999999
0.5714285714285715
0.4210526315789474
0.43636363636363634
0.6
0.821917808219178
0.8
0.5333333333333333
0.6153846153846154
0.0
0.4
0.5
0.6486486486486486
0.625
0.0
0.9090909090909091
0.5217391304347826
0.6562499999999999
0.4736842105263159
0.4615384615384615
0.6382978723404256
0.689655172413793
0.5217391304347826
0.6666666666666665
0.3
0.673076923076923
0.6222222222222222
0.42857142857142855
0.9090909090909091
0.6774193548387097
0.4210526315789474
0.8944099378881988
0.7017543859649122
0.7070707070707072
0.7407407407407408
0.375
0.5454545454545454
0.7407407407407408
0.4210526315789474
0.5581395348837209
0.7894736842105262
0.5333333333333333
0.5581395348837209
0.37499999999999994
0.47058823529411764
0.7777777777777778
0.5
0.7766990291262137
0.36363636363636365
0.6666666666666667
0.3934426229508196
0.5194805194805195
0.8333333333333333
0.3692307692307692
0.410958904109589
0.7567567567567567
0.8155339805825242
0.42857142857142855
0.7329842931937172
0.5072463768115943
0.7225806451612904
0.3333333333333333
0.3243243243243243
0.6451612903225806
0.6176470588235293
0.4444444444444444
0.5660377358490566
0.5714285714285715
0.22222222222222224
0.5185185185185186
0.5
0.7692307692307692
0.35294117647058826
0.8235294117647058
0.5714285714285714
0.770053475935829
1.0
0.7865168539325842
0.7304347826086957
0.2857142857142857
0.3333333333333333
0.5555555555555556
0.7999999999999999
0.6871165644171779
0.5517241379310345
0.3636363636363636
0.717948717948718
0.17391304347826086
0.7547169811320756
0.7792207792207793
0.6666666666666665
0.7894736842105262
0.30769230769230765
0.5633802816901409
0.5
0.606060606060606
0.6363636363636365
0.7017543859649122
0.5555555555555556
0.375
0.7133757961783439
0.30769230769230765
0.631578947368421
0.42857142857142855
0.5333333333333333
0.75
0.5454545454545454
0.5479452054794521
0.8571428571428571
0.4
0.5333333333333333
0.6792452830188679
0.761904761904762
0.5316455696202531
0.6486486486486486
0.37974683544303806
0.7317073170731706
0.7241379310344827
0.3478260869565218
0.4615384615384615
0.8520710059171598
0.47619047619047616
0.7339449541284404
0.7674418604651163
0.4347826086956522
0.6666666666666665
0.7636363636363638
0.7317073170731706
0.6451612903225806
0.5714285714285715
0.5333333333333333
0.689655172413793
0.6666666666666666
0.4528301886792453
0.5
0.7142857142857143
0.4615384615384615
0.4528301886792453
0.8076923076923077
0.6666666666666665
0.7500000000000001
0.28571428571428575
0.923076923076923
0.5
0.9090909090909091
0.6857142857142857
0.7407407407407408
0.8571428571428571
0.6666666666666665
0.6593406593406592
0.7058823529411765
0.3636363636363636
0.7674418604651163
0.8
0.4067796610169491
0.4054054054054054
0.6666666666666666
0.923076923076923
0.5633802816901409
0.4615384615384615
0.6818181818181818
0.923076923076923
0.6451612903225806
0.5454545454545454
0.5637583892617449
0.625
0.8536585365853658
0.32876712328767127
0.5833333333333334
0.5217391304347827
0.5
0.6603773584905661
0.7875
0.5714285714285715
0.36363636363636365
0.35294117647058826
0.16
0.8571428571428571
0.5714285714285715
0.6666666666666666
0.4
0.2
0.6521739130434783
0.4
0.4615384615384615
0.26666666666666666
0.576923076923077
0.6
0.3076923076923077
0.7272727272727273
0.8333333333333333
0.689655172413793
0.7999999999999999
0.631578947368421
0.888888888888889
0.6
0.5957446808510638
0.8750000000000001
0.25531914893617025
0.8247422680412372
0.6774193548387097
0.47619047619047616
0.4255319148936171
0.4444444444444445
0.5217391304347826
0.7058823529411765
0.3636363636363636
0.7272727272727272
0.30769230769230765
0.7142857142857143
0.7272727272727273
0.8333333333333334
0.7272727272727272
0.7228915662650602
0.33333333333333326
0.7516778523489932
0.30769230769230765
0.6956521739130435
0.34285714285714286
0.6930693069306931
0.13333333333333333
0.577319587628866
0.3333333333333333
0.9411764705882353
0.7272727272727272
0.4615384615384615
0.9
0.6666666666666665
0.4597701149425288
0.5825242718446602
0.28571428571428575
0.6666666666666666
0.6153846153846153
0.4761904761904762
0.4210526315789474
0.5
0.3333333333333333
0.26666666666666666
0.4137931034482759
0.7894736842105262
0.3333333333333333
0.4166666666666667
0.3333333333333333
0.606060606060606
0.9333333333333333
0.5970149253731343
0.5
0.7766990291262137
0.3703703703703704
0.717948717948718
0.5637583892617449
0.6930693069306931
0.888888888888889
0.4444444444444444
0.7017543859649122
0.3333333333333333
0.8155339805825242
0.4615384615384615
0.6666666666666666
0.5714285714285715
0.6122448979591836
0.631578947368421
0.6666666666666666
1.0
0.28571428571428575
0.7777777777777778
0.7142857142857143
0.6
0.5714285714285715
0.42857142857142855
0.631578947368421
0.7692307692307692
0.8
0.5333333333333333
0.717948717948718
0.41379310344827586
0.45454545454545453
0.5454545454545454
0.1818181818181818
0.5714285714285715
0.6511627906976744
0.7407407407407408
0.43636363636363634
0.6451612903225806
0.7384615384615384
0.5714285714285715
0.8333333333333333
0.4528301886792453
0.28571428571428575
0.7894736842105262
0.8155339805825242
0.5555555555555556
0.5454545454545454
0.7058823529411765
0.6857142857142857
0.5633802816901409
0.45801526717557256
0.48780487804878053
0.6486486486486486
0.43636363636363634
0.46511627906976744
0.15384615384615383
0.2222222222222222
0.4528301886792453
0.6363636363636364
0.6824644549763033
0.5970149253731343
0.39999999999999997
0.689655172413793
0.846153846153846
0.7777777777777777
0.6956521739130435
0.8727272727272727
0.3076923076923077
0.761904761904762
0.375
0.5925925925925926
0.6666666666666666
0.6461538461538462
0.6153846153846154
0.3157894736842105
0.75
0.4615384615384615
0.5084745762711864
0.47058823529411764
0.7058823529411765
0.56
0.5714285714285715
0.6153846153846153
0.923076923076923
0.5
0.4210526315789474
0.375
0.5555555555555556
0.5633802816901409
0.4444444444444445
0.39999999999999997
0.7719298245614035
0.8
0.5714285714285715
0.6382978723404256
0.5217391304347827
0.5647058823529412
0.588235294117647
0.30769230769230765
0.4444444444444444
0.42857142857142855
0.27906976744186046
0.7692307692307692
0.5084745762711864
0.4
0.6451612903225806
0.5555555555555556
0.48979591836734687
0.4545454545454545
0.4615384615384615
0.47058823529411764
0.46875
0.47058823529411764
0.28571428571428575
0.631578947368421
0.7857142857142857
0.5882352941176471
0.38709677419354843
0.5333333333333333
0.6666666666666667
0.4444444444444445
0.5853658536585366
0.7272727272727273
0.6719999999999999
0.39999999999999997
0.5633802816901409
0.606060606060606
0.5333333333333333
0.8571428571428571
0.5263157894736842
0.9473684210526316
0.3636363636363636
0.5714285714285715
0.5882352941176471
0.2926829268292683
0.631578947368421
0.5833333333333334
0.43478260869565216
0.6666666666666666
0.8333333333333333
0.606060606060606
0.8571428571428571
0.4494382022471911
0.606060606060606
0.4210526315789474
0.5714285714285715
0.5454545454545454
0.4000000000000001
0.6666666666666666
0.7384615384615384
0.6153846153846153
0.16666666666666666
0.6818181818181818
0.5454545454545454
0.3389830508474576
0.5853658536585366
0.6153846153846153
0.19354838709677416
0.75
0.6666666666666666
0.6122448979591836
0.8510638297872342
0.36363636363636365
0.3243243243243243
0.717948717948718
0.7567567567567567
0.5
0.0
0.26666666666666666
0.8
0.5
0.5714285714285714
0.43636363636363634
0.4444444444444444
0.34782608695652173
0.5454545454545455
0.7325581395348836
0.6666666666666666
0.7567567567567567
0.43478260869565216
0.26666666666666666
0.5504587155963303
0.25
1.0
0.64
0.7272727272727272
0.17391304347826086
0.6363636363636364
0.6824644549763033
0.22222222222222224
0.6956521739130435
0.5
0.7017543859649122
0.7792207792207793
0.3773584905660377
0.5555555555555556
0.6
0.4
0.5633802816901409
0.37499999999999994
0.7142857142857143
0.47058823529411764
0.7692307692307692
0.8421052631578948
0.5714285714285715
0.5714285714285715
0.7368421052631579
0.5714285714285715
0.6
0.2608695652173913
0.3636363636363636
0.7017543859649122
0.2
0.7692307692307693
0.7058823529411764
0.5714285714285715
0.5479452054794521
0.8450704225352113
0.30769230769230765
0.8421052631578948
0.6666666666666666
0.9473684210526316
0.36363636363636365
0.6666666666666666
0.5333333333333333
0.5454545454545454
0.761904761904762
0.6451612903225806
0.9333333333333333
0.7499999999999999
0.3870967741935483
0.6702127659574467
0.6
0.5555555555555556
0.7499999999999999
0.7894736842105262
0.7741935483870969
0.4
0.4444444444444445
0.6306306306306306
0.3636363636363636
0.3571428571428571
0.6666666666666666
0.4615384615384615
0.5714285714285714
0.6
0.5454545454545454
0.38095238095238093
0.7865168539325842
0.27906976744186046
0.625
0.5825242718446602
0.606060606060606
0.37974683544303806
0.5714285714285715
0.4444444444444444
0.6153846153846154
0.22222222222222224
0.625
0.3333333333333333
0.75
0.26666666666666666
0.5454545454545455
0.3934426229508197
0.6250000000000001
0.5106382978723405
0.27272727272727276
0.5263157894736842
0.5185185185185186
0.4067796610169492
0.3333333333333333
0.7547169811320756
0.6260869565217392
1.0
0.689655172413793
0.8000000000000002
0.6153846153846153
0.6153846153846153
0.6719999999999999
0.48979591836734687
0.49382716049382713
0.7142857142857143
0.5
0.392156862745098
0.5405405405405405
0.47058823529411764
0.0
0.7792207792207793
0.5853658536585366
0.47058823529411764
0.7417218543046358
0.5
0.5454545454545454
0.46875
0.42857142857142855
0.7272727272727272
0.4444444444444445
1.0
0.5853658536585366
0.47619047619047616
0.6153846153846154
0.578512396694215
0.625
0.8571428571428571
0.4528301886792453
0.588235294117647
0.7368421052631577
0.3529411764705882
0.4800000000000001
0.6481481481481481
0.4597701149425288
0.6153846153846153
0.634920634920635
0.7692307692307692
0.7692307692307692
0.6956521739130435
0.7894736842105262
0.4615384615384615
0.8571428571428571
0.5217391304347826
0.7044025157232704
0.7133757961783439
0.5825242718446602
0.6153846153846153
0.7547169811320756
0.380952380952381
0.7142857142857143
0.7999999999999999
0.19354838709677416
0.4347826086956522
0.34782608695652173
0.6451612903225806
0.6818181818181818
0.9411764705882353
0.2
0.8873239436619719
0.7999999999999999
0.6185567010309277
0.1818181818181818
0.4444444444444445
0.576923076923077
0.5
0.8333333333333334
0.5
0.42857142857142855
0.5714285714285715
0.6486486486486486
0.6451612903225806
0.4958677685950413
0.23529411764705882
0.5714285714285714
0.8944099378881988
0.6885245901639345
0.6
0.8000000000000002
0.6557377049180328
0.0
0.4528301886792453
0.3703703703703704
0.6486486486486486
0.8358208955223881
0.7499999999999999
0.6122448979591836
0.5333333333333333
0.6818181818181818
0.588235294117647
0.6666666666666666
0.5714285714285714
0.7024390243902439
0.6
0.28571428571428575
0.6511627906976744
0.8333333333333334
0.6
0.5
0.4137931034482759
0.7017543859649122
0.36363636363636365
0.8235294117647058
0.36363636363636365
0.7466666666666666
0.2
0.9411764705882353
0.5454545454545455
0.5106382978723405
0.9333333333333333
1.0
0.5454545454545454
0.44943820224719094
0.9411764705882353
0.8571428571428571
0.22222222222222224
0.4210526315789474
0.45454545454545453
0.5454545454545454
0.7088607594936709
0.7058823529411765
0.3333333333333333
0.7368421052631579
0.22222222222222224
0.5714285714285715
0.6
0.3
0.689655172413793
0.7547169811320756
0.6562499999999999
0.5714285714285714
0.5555555555555556
0.5
0.6666666666666666
0.631578947368421
0.4210526315789474
0.8571428571428571
0.5
0.631578947368421
0.7792207792207793
0.25
0.6774193548387097
0.6122448979591836
0.5384615384615384
0.5714285714285715
0.7692307692307692
0.46875
0.6122448979591836
0.28571428571428575
0.48780487804878053
0.5970149253731343
0.6829268292682926
0.606060606060606
0.34782608695652173
0.7516778523489932
0.2758620689655173
0.5853658536585366
0.4848484848484849
0.3636363636363636
0.9090909090909091
0.5
0.6
0.75
0.3870967741935483
1.0
0.631578947368421
0.35294117647058826
0.4000000000000001
0.5
0.7741935483870969
0.673076923076923
0.6666666666666667
0.7368421052631577
0.5454545454545454
0.48554913294797686
1.0
0.5
0.4
0.6153846153846153
0.4958677685950413
0.48979591836734687
0.36363636363636365
0.588235294117647
0.5194805194805195
0.923076923076923
0.5454545454545454
0.816326530612245
0.3333333333333333
0.7044025157232704
0.6451612903225806
0.4210526315789473
0.5882352941176471
0.6521739130434783
0.4210526315789474
0.5714285714285715
0.6976744186046512
0.2926829268292683
0.6818181818181818
0.5309734513274336
0.4444444444444445
0.4
0.5
0.6818181818181818
0.4528301886792453
0.6666666666666666
0.9090909090909091
0.5
0.380952380952381
0.34782608695652173
0.2
0.7000000000000001
0.8235294117647058
0.3529411764705882
0.5263157894736842
0.5
0.38709677419354843
0.9411764705882353
0.6829268292682926
0.5217391304347826
0.7058823529411764
0.9523809523809523
0.5970149253731343
0.6549707602339182
0.7692307692307692
0.6486486486486486
1.0
0.8571428571428571
0.38709677419354843
0.6250000000000001
0.5333333333333333
0.5357142857142858
0.4
0.5714285714285715
0.5
0.8764940239043824
0.42857142857142855
0.4
0.4878048780487804
0.3333333333333333
0.5
0.5
0.8296296296296296
0.6666666666666665
0.5217391304347826
0.888888888888889
0.7792207792207793
0.6153846153846153
0.5106382978723405
0.7567567567567567
0.6666666666666666
0.5
0.4615384615384615
0.34285714285714286
0.7567567567567567
0.4210526315789473
0.5147058823529412
0.49382716049382713
0.26666666666666666
0.5
0.8421052631578948
0.6153846153846153
0.588235294117647
0.8818897637795274
0.17391304347826086
0.576923076923077
0.6153846153846153
0.36363636363636365
0.7368421052631579
0.888888888888889
0.5714285714285715
0.7455621301775148
0.6666666666666665
0.6153846153846153
0.6451612903225806
0.4
0.631578947368421
0.3333333333333333
0.2857142857142857
0.5714285714285715
0.6486486486486486
0.2105263157894737
0.5
0.9333333333333333
0.4444444444444444
0.816326530612245
0.39999999999999997
0.5217391304347826
0.49382716049382713
0.3243243243243243
0.588235294117647
0.6153846153846154
0.9411764705882353
0.5217391304347827
0.7894736842105262
0.5675675675675675
0.8520710059171598
0.4528301886792453
0.7499999999999999
0.7407407407407408
0.923076923076923
0.7999999999999999
0.5714285714285713
0.5405405405405406
0.35294117647058826
0.5714285714285715
0.36363636363636365
0.631578947368421
0.9
0.625
0.4000000000000001
0.2857142857142857
0.4444444444444445
0.4
0.20000000000000004
0.30769230769230765
0.6666666666666666
0.28571428571428575
0.6666666666666666
0.47058823529411764
0.4411764705882353
0.631578947368421
0.6451612903225806
0.6122448979591836
0.48979591836734687
0.7384615384615384
0.6250000000000001
0.5454545454545454
0.6306306306306306
0.6222222222222222
0.8
0.3333333333333333
0.5714285714285715
0.26666666666666666
0.6451612903225806
0.625
0.6666666666666666
0.380952380952381
0.634920634920635
0.42857142857142855
0.5172413793103449
0.823529411764706
0.375
0.5
0.15384615384615383
0.5714285714285715
0.3
0.8333333333333333
0.8000000000000002
0.6666666666666666
0.7142857142857143
0.7567567567567567
0.7058823529411765
0.6666666666666667
0.42857142857142855
0.48
0.6451612903225806
0.47244094488188976
0.7272727272727272
0.7692307692307693
0.6521739130434783
0.48
0.6481481481481481
0.5263157894736842
0.689655172413793
0.8
0.75
0.8
0.631578947368421
0.5714285714285715
0.6666666666666666
0.6250000000000001
0.6829268292682926
0.634920634920635
0.5454545454545454
0.6666666666666666
0.4615384615384615
0.6666666666666666
0.18181818181818182
0.7317073170731706
0.4444444444444445
0.7304347826086957
0.2
0.8421052631578948
0.5217391304347827
0.8089887640449439
0.9090909090909091
0.6885245901639345
0.7547169811320756
0.689655172413793
0.8818897637795274
0.7832167832167831
0.7516778523489932
0.591549295774648
0.5063291139240506
0.6666666666666666
0.3333333333333333
0.631578947368421
0.5555555555555556
0.6292134831460674
0.5797101449275363
0.5714285714285715
0.6666666666666665
0.583941605839416
0.48780487804878053
0.5555555555555556
0.7999999999999999
0.6857142857142857
0.6818181818181818
0.5454545454545454
0.5263157894736842
0.5454545454545454
0.5581395348837209
0.7088607594936709
0.5128205128205129
0.7142857142857143
0.6779661016949152
0.7228915662650602
0.64
0.6666666666666666
0.8
0.6194690265486726
0.9
0.2
0.8333333333333333
0.5263157894736842
0.7368421052631579
0.5555555555555556
0.7142857142857143
0.380952380952381
0.8333333333333333
0.888888888888889
0.8571428571428571
0.8
0.22222222222222224
0.8076923076923077
1.0
0.4210526315789474
0.39999999999999997
0.4615384615384615
0.5
0.7164179104477612
0.5
0.7894736842105262
0.4210526315789474
0.5217391304347826
0.22222222222222224
0.375
0.8456375838926175
0.4137931034482759
0.5
0.7128712871287128
0.28571428571428575
0.4444444444444445
0.7317073170731706
0.35398230088495575
0.5581395348837208
0.8275862068965518
0.7706422018348624
0.47619047619047616
0.3296703296703296
0.4
0.8818897637795274
0.6461538461538462
0.5555555555555556
0.7142857142857143
0.56
0.7741935483870969
0.6829268292682926
0.4444444444444445
0.3636363636363636
0.4597701149425288
0.631578947368421
0.2222222222222222
0.26666666666666666
0.4444444444444444
0.7777777777777778
0.6666666666666666
0.6153846153846153
0.42857142857142855
0.6857142857142857
0.6779661016949152
0.37499999999999994
0.5555555555555556
0.5
0.6976744186046512
0.4615384615384615
0.689655172413793
0.5333333333333333
0.18181818181818182
0.631578947368421
0.823529411764706
0.5714285714285713
0.9045226130653266
0.6481481481481481
0.3
0.4615384615384615
0.7058823529411765
0.6666666666666665
0.823529411764706
0.8520710059171598
0.3867403314917128
0.5283018867924528
0.5555555555555556
0.4444444444444445
0.25
0.6
0.8088235294117647
0.6666666666666666
0.577319587628866
0.2
0.38709677419354843
0.4225352112676056
0.3389830508474576
0.2105263157894737
0.7017543859649122
0.30769230769230765
0.7692307692307692
0.631578947368421
0.7407407407407408
0.3853211009174312
0.0
0.676056338028169
0.2105263157894737
0.5357142857142858
0.30769230769230765
0.8727272727272727
0.48979591836734687
0.6
0.6
0.6153846153846153
0.4666666666666666
0.6153846153846154
0.3636363636363636
0.8
0.7407407407407408
0.7088607594936709
0.8
0.7894736842105262
0.6666666666666666
0.2105263157894737
0.3333333333333333
0.6666666666666666
0.4615384615384615
0.5
0.625
0.23529411764705882
0.5
0.4444444444444445
0.2727272727272727
0.28571428571428575
0.3529411764705882
0.75
0.6
0.8571428571428571
0.49180327868852464
0.782608695652174
0.6412213740458015
0.7199999999999999
0.4
0.44776119402985076
0.4528301886792453
0.8695652173913044
0.6930693069306931
0.410958904109589
0.27586206896551724
0.30769230769230765
0.625
0.631578947368421
0.37499999999999994
0.49180327868852464
0.7741935483870969
0.47619047619047616
0.6
0.4
0.689655172413793
0.22222222222222224
0.5555555555555556
0.22222222222222224
0.1
0.4528301886792453
0.5555555555555556
0.9090909090909091
0.6
0.816326530612245
0.7058823529411765
0.48387096774193544
0.6666666666666666
0.1875
0.48
0.5714285714285715
0.7199999999999999
0.7777777777777778
0.7128712871287128
0.588235294117647
0.7317073170731706
0.6779661016949152
0.6153846153846154
0.591549295774648
0.4615384615384615
0.5925925925925926
0.6857142857142857
0.4615384615384615
0.44943820224719094
0.689655172413793
0.6521739130434783
0.7741935483870969
0.5
0.6829268292682926
0.45454545454545453
0.4210526315789474
0.816326530612245
0.6666666666666666
0.6481481481481481
0.6818181818181818
0.28571428571428575
0.4210526315789474
0.8571428571428571
0.3703703703703704
0.5783132530120482
0.19354838709677416
0.4137931034482759
0.4
0.6666666666666666
0.5194805194805195
0.5581395348837209
0.5637583892617449
0.15384615384615385
0.4615384615384615
1.0
0.576923076923077
0.5825242718446602
0.6486486486486486
0.5
0.47619047619047616
0.5633802816901409
0.6666666666666665
0.7457627118644068
0.5714285714285715
0.48
0.5454545454545454
0.7692307692307693
0.7692307692307692
0.5
0.7692307692307692
0.5106382978723405
0.5714285714285715
0.5454545454545454
0.4067796610169491
0.37499999999999994
0.7741935483870969
0.4210526315789474
0.56
0.6201550387596899
0.6153846153846153
0.4444444444444445
0.4
0.4411764705882353
0.588235294117647
0.5555555555555556
0.4054054054054054
0.5555555555555556
0.380952380952381
0.8750000000000001
0.48000000000000004
0.6222222222222222
0.4444444444444445
0.26666666666666666
0.5333333333333333
0.34782608695652173
0.8
0.8750000000000001
0.603448275862069
0.4615384615384615
0.47619047619047616
0.5333333333333333
0.4444444444444444
0.578512396694215
0.6451612903225806
0.689655172413793
0.6511627906976744
0.7446808510638298
0.631578947368421
0.36363636363636365
0.7241379310344827
0.4444444444444445
0.7999999999999999
0.35294117647058826
0.39999999999999997
0.5714285714285715
0.8333333333333333
0.23529411764705882
0.6153846153846153
0.2
0.888888888888889
0.6796116504854369
0.6511627906976744
0.6829268292682926
0.30769230769230765
0.5217391304347826
0.47058823529411764
0.6562499999999999
0.21428571428571427
0.46875
0.6666666666666667
0.48
0.888888888888889
0.23529411764705885
0.7317073170731706
0.631578947368421
0.625
0.4615384615384615
0.6779661016949152
0.4067796610169491
0.4615384615384615
0.5504587155963303
0.16666666666666666
0.7058823529411764
0.3333333333333333
0.5
0.7058823529411764
0.5217391304347826
0.49295774647887325
0.8333333333333333
0.6976744186046512
0.5797101449275363
0.375
0.8659793814432989
0.7792207792207793
0.7999999999999999
0.761904761904762
0.4137931034482759
0.4444444444444444
0.4528301886792453
0.7999999999999999
0.2222222222222222
0.7499999999999999
0.9411764705882353
0.8571428571428571
0.6719999999999999
0.4210526315789474
0.3
0.375
0.6451612903225806
0.3157894736842105
0.4255319148936171
0.4918032786885245
0.5
0.7547169811320756
0.5
0.4067796610169491
0.5217391304347826
0.28571428571428575
0.7272727272727272
0.7017543859649122
0.7241379310344827
0.6829268292682926
0.631578947368421
0.5
0.6666666666666666
0.7547169811320756
0.4
0.6741573033707865
0.816326530612245
0.5
0.5263157894736842
0.4615384615384615
0.5217391304347827
0.4615384615384615
0.5714285714285715
0.46153846153846156
0.6153846153846153
0.4
0.6451612903225806
0.631578947368421
0.7228915662650602
0.5714285714285715
0.625
0.47058823529411764
0.6250000000000001
0.5
0.7894736842105262
0.6666666666666666
0.6363636363636364
0.588235294117647
0.588235294117647
0.42857142857142855
0.8750000000000001
0.6818181818181818
0.4444444444444444
0.5454545454545454
0.7636363636363638
0.8000000000000002
0.5405405405405405
0.8275862068965518
0.6481481481481481
0.18181818181818182
0.6666666666666666
0.48387096774193544
0.375
0.2
0.5454545454545454
0.75
0.75
0.7567567567567567
0.7407407407407408
0.6153846153846154
0.6666666666666666
0.3243243243243243
0.7070707070707072
0.7207207207207208
0.5454545454545454
0.8080808080808082
0.6451612903225806
0.7407407407407408
0.380952380952381
0.375
0.5454545454545454
0.7516778523489932
0.6
0.7407407407407408
0.6
0.5714285714285715
0.816326530612245
0.24489795918367346
0.47244094488188976
0.7133757961783439
0.8235294117647058
0.7241379310344827
0.6521739130434783
0.10526315789473685
0.6779661016949152
0.5454545454545454
0.691358024691358
0.8000000000000002
0.3333333333333333
0.631578947368421
1.0
0.6363636363636365
0.6549707602339182
0.6382978723404256
0.5084745762711864
0.7058823529411765
0.5691056910569107
0.23529411764705882
0.6
0.4166666666666667
0.375
0.9090909090909091
0.6741573033707865
0.8750000000000001
0.5217391304347826
0.4444444444444445
0.5
0.691358024691358
0.4
0.689655172413793
0.8333333333333333
0.7894736842105262
0.5
0.761904761904762
0.6
0.42857142857142855
0.5333333333333333
0.33333333333333326
0.6942148760330579
0.8571428571428571
0.26666666666666666
0.6
0.48780487804878053
0.47058823529411764
0.7272727272727272
0.24
0.3333333333333333
0.3076923076923077
0.6666666666666667
0.5581395348837209
0.4067796610169491
0.30769230769230765
0.631578947368421
0.47058823529411764
0.8659793814432989
0.380952380952381
0.30769230769230765
0.3636363636363636
0.4444444444444444
0.7317073170731706
0.3669724770642202
0.6829268292682926
0.4166666666666667
0.5063291139240506
0.5333333333333333
0.6
0.375
0.5333333333333333
0.15384615384615385
0.5797101449275363
0.5853658536585366
0.3125
0.4444444444444444
0.5581395348837209
0.36363636363636365
0.48
0.6666666666666666
0.5714285714285715
0.8571428571428571
0.6666666666666666
0.4158415841584158
0.6153846153846153
0.5
0.5333333333333333
0.588235294117647
0.5625000000000001
0.5633802816901409
0.6666666666666666
0.4210526315789474
0.75
0.5957446808510638
0.3333333333333333
0.5217391304347826
0.8181818181818181
0.4528301886792453
0.3
0.8155339805825242
0.47058823529411764
0.3333333333333333
0.5333333333333333
0.5454545454545454
0.4615384615384615
0.8333333333333334
0.5
0.6075949367088608
0.6930693069306931
0.47619047619047616
0.5853658536585366
0.606060606060606
0.33333333333333326
0.7692307692307692
0.5633802816901409
0.375
0.4444444444444445
0.5633802816901409
0.5
0.5454545454545454
0.761904761904762
0.5333333333333333
0.5263157894736842
0.5
0.7777777777777778
0.6
0.4137931034482759
0.5714285714285715
0.28571428571428575
0.7384615384615384
0.8333333333333333
0.7058823529411764
0.2727272727272727
0.27906976744186046
0.5172413793103449
0.5
0.36363636363636365
0.47058823529411764
0.7272727272727272
0.8
0.43636363636363634
0.42857142857142855
0.8045977011494253
0.6818181818181818
0.6575342465753425
0.576923076923077
0.5333333333333333
0.6153846153846154
0.4444444444444445
1.0
0.7272727272727272
0.5853658536585366
0.7636363636363638
0.606060606060606
0.6176470588235293
0.5504587155963303
0.5479452054794521
0.8
0.5
0.28571428571428575
0.3636363636363636
0.576923076923077
0.2222222222222222
0.4444444444444444
0.7207207207207208
0.6451612903225806
0.6075949367088608
0.761904761904762
0.6
0.5555555555555556
0.583941605839416
0.7422680412371134
0.5454545454545454
0.5970149253731343
0.7142857142857143
0.6575342465753425
0.588235294117647
0.6956521739130435
0.3243243243243243
0.6122448979591836
0.689655172413793
0.5833333333333334
0.4395604395604396
0.816326530612245
0.7500000000000001
0.6666666666666666
0.47058823529411764
0.7058823529411765
0.14285714285714288
0.6
0.20000000000000004
0.8358208955223881
0.42857142857142855
0.5333333333333333
0.7272727272727273
