0.3333333333333333
0.6382978723404256
0.35294117647058826
0.3157894736842105
0.8571428571428571
0.6
0.3333333333333333
0.7216494845360825
0.5121951219512195
0.9473684210526316
0.5161290322580646
0.7499999999999999
0.7499999999999999
0.5454545454545454
0.8076923076923077
0.5
0.5454545454545454
0.3636363636363636
0.689655172413793
0.75
0.6481481481481481
0.5
0.3243243243243243
0.42857142857142855
0.9411764705882353
0.9333333333333333
0.6741573033707865
0.5660377358490566
0.9333333333333333
0.8275862068965518
0.634920634920635
0.9600000000000001
0.588235294117647
0.44943820224719094
0.46979865771812085
0.7407407407407408
0.6299212598425198
0.823529411764706
0.6122448979591836
0.7058823529411765
0.7
1.0
0.6666666666666666
0.504201680672269
0.6153846153846153
0.816326530612245
0.8044692737430167
0.37499999999999994
0.7692307692307693
0.9655172413793104
0.7058823529411765
0.6131386861313869
0.888888888888889
0.816326530612245
0.4615384615384615
0.8
0.6956521739130435
0.923076923076923
0.8571428571428572
0.35294117647058826
0.7627118644067797
0.38095238095238093
0.6428571428571429
0.56
0.5084745762711864
0.4444444444444444
0.6451612903225806
0.5
0.7508532423208191
0.7088607594936709
0.7516778523489932
0.6131386861313869
0.5263157894736842
0.5
0.8358208955223881
0.8944099378881988
0.770053475935829
0.5555555555555556
0.7741935483870969
0.606060606060606
0.6611570247933884
0.3870967741935483
0.6511627906976744
0.5825242718446602
0.8659793814432989
0.8818897637795274
0.717948717948718
0.6666666666666665
0.631578947368421
0.5454545454545454
0.6451612903225806
0.5263157894736842
0.7058823529411765
0.8571428571428571
0.6
0.7516778523489932
0.8421052631578948
0.6666666666666666
0.576923076923077
0.5333333333333333
0.4225352112676056
0.3333333333333333
0.5263157894736842
0.8333333333333333
0.45454545454545453
0.5
0.27272727272727276
0.8780487804878048
0.4411764705882353
0.2
0.6956521739130435
0.6603773584905661
0.7500000000000001
0.7999999999999999
0.6250000000000001
0.26086956521739135
0.5263157894736842
0.6486486486486486
0.33333333333333337
0.7228915662650602
0.5932203389830508
0.7142857142857143
0.6153846153846153
0.7929515418502203
0.6511627906976744
0.631578947368421
0.8730158730158729
0.8695652173913043
0.5128205128205129
0.816326530612245
0.6451612903225806
1.0
0.761904761904762
0.46511627906976744
0.4000000000000001
0.8450704225352113
0.6666666666666665
0.689655172413793
0.7636363636363638
0.7894736842105262
0.9
0.5405405405405405
0.4395604395604396
0.6422018348623854
0.49382716049382713
0.9090909090909091
0.6511627906976744
0.34782608695652173
0.5063291139240506
0.56
0.6153846153846154
0.5393258426966293
0.9090909090909091
0.770053475935829
0.5
0.9090909090909091
0.9411764705882353
0.7446808510638298
0.5263157894736842
0.9090909090909091
0.7031250000000001
0.6451612903225806
0.5555555555555556
0.6666666666666666
1.0
0.689655172413793
0.5
0.7547169811320756
0.8571428571428571
0.5925925925925926
0.6122448979591836
0.5333333333333333
0.48
0.6666666666666666
0.4958677685950413
0.8
0.9523809523809523
0.8659793814432989
0.27272727272727276
0.7339449541284404
0.7792207792207793
0.6666666666666666
0.9473684210526316
0.6
0.6153846153846153
0.5106382978723405
0.7741935483870969
0.46511627906976744
0.6779661016949152
0.7058823529411765
0.5
0.6260869565217392
0.21052631578947364
0.6153846153846154
0.75
1.0
0.47058823529411764
0.7887323943661971
0.631578947368421
0.7
0.4444444444444444
0.896551724137931
0.7058823529411765
0.9565217391304348
0.8089887640449439
0.3934426229508196
0.6741573033707865
0.8135593220338982
0.5797101449275363
0.8296296296296296
0.7272727272727272
0.6
0.9
0.634920634920635
0.5555555555555556
0.6
0.8333333333333333
0.823529411764706
0.6956521739130435
0.5454545454545454
0.5
0.821917808219178
0.4166666666666667
0.5185185185185186
0.28571428571428575
0.5
0.5
0.375
0.4411764705882353
0.625
0.7142857142857143
0.5333333333333333
0.5454545454545454
0.7777777777777777
0.39999999999999997
0.7894736842105262
0.6787878787878787
0.654275092936803
0.47619047619047616
0.6338028169014085
0.6702127659574467
0.9090909090909091
0.631578947368421
0.4067796610169491
0.842911877394636
0.8944099378881988
0.7058823529411765
0.7346938775510203
0.6766917293233083
0.5970149253731343
0.6412213740458015
0.5714285714285715
0.5454545454545454
0.5333333333333333
0.5454545454545454
0.6930693069306931
0.7777777777777778
0.8571428571428571
0.7999999999999999
0.45454545454545453
0.770053475935829
0.6131386861313869
0.6201550387596899
0.6666666666666665
0.28037383177570097
0.47058823529411764
0.8108108108108107
0.5263157894736842
0.6774193548387097
0.7200000000000001
0.4444444444444445
0.7058823529411765
0.43478260869565216
0.711864406779661
0.634920634920635
0.631578947368421
0.6593406593406592
0.717948717948718
0.5882352941176471
0.5
0.7466666666666666
0.3
0.75
1.0
0.6176470588235293
0.5454545454545454
0.8181818181818182
0.6787878787878787
0.7777777777777778
0.5853658536585366
0.625
0.9473684210526316
0.5
0.6666666666666666
0.48
0.631578947368421
0.5853658536585366
0.7093596059113301
0.8818897637795274
0.9473684210526316
0.689655172413793
0.8275862068965518
0.7070707070707072
0.7999999999999999
0.6
0.663157894736842
0.46153846153846156
0.5
0.8653846153846153
0.5714285714285715
0.7999999999999999
0.8421052631578948
0.47058823529411764
0.8695652173913043
0.770053475935829
0.6545454545454545
0.8256880733944955
0.6116504854368933
0.6486486486486486
0.75
0.7133757961783439
0.8235294117647058
0.5504587155963303
0.32
0.49382716049382713
0.6923076923076923
0.6666666666666666
0.8333333333333333
0.5714285714285714
0.5333333333333333
0.504201680672269
0.5333333333333333
0.5454545454545454
0.728744939271255
0.36363636363636365
0.5
0.6153846153846153
0.591549295774648
0.816326530612245
0.6451612903225806
0.4067796610169492
0.6666666666666666
0.7792207792207793
0.7368421052631579
0.8456375838926175
0.48000000000000004
0.6779661016949152
0.4444444444444445
0.7017543859649122
0.5833333333333334
0.625
0.5555555555555556
0.5333333333333333
0.5185185185185185
0.9333333333333333
0.6779661016949152
0.6511627906976744
0.7466666666666666
0.6702127659574467
0.6222222222222222
0.7058823529411765
0.888888888888889
0.6382978723404256
0.8659793814432989
0.5263157894736842
0.7741935483870969
0.7887323943661971
0.8421052631578948
0.606060606060606
0.4411764705882353
0.888888888888889
0.7567567567567567
0.5479452054794521
0.47058823529411764
0.6222222222222222
0.4444444444444444
0.44776119402985076
0.5833333333333334
0.8520710059171598
0.823529411764706
0.35294117647058826
0.6666666666666666
0.4958677685950413
0.8456375838926175
0.5
0.7272727272727272
0.46153846153846156
0.7241379310344827
0.6
0.49382716049382713
0.7482993197278911
0.7058823529411764
0.9411764705882353
0.380952380952381
0.8659793814432989
0.4444444444444444
0.9090909090909091
0.6521739130434783
0.7636363636363638
0.4444444444444445
0.47058823529411764
0.9523809523809523
0.9230769230769231
0.5357142857142858
0.4195804195804196
0.6185567010309277
0.46979865771812085
0.721311475409836
0.7446808510638298
0.7058823529411765
0.6473988439306358
0.47058823529411764
0.761904761904762
0.7516778523489932
0.7272727272727273
0.6461538461538462
0.6666666666666665
0.7272727272727272
0.606060606060606
0.6153846153846154
0.5357142857142858
0.3448275862068965
0.576923076923077
0.9411764705882353
0.2857142857142857
0.6666666666666666
0.5454545454545454
0.9128630705394191
0.888888888888889
0.5333333333333333
1.0
0.5825242718446602
0.8496732026143791
0.6486486486486486
0.5660377358490566
0.56
0.47058823529411764
0.15384615384615383
0.4411764705882353
0.8520710059171598
0.4615384615384615
0.4255319148936171
0.816326530612245
0.4
0.9523809523809523
0.47058823529411764
0.5633802816901409
0.588235294117647
0.631578947368421
0.888888888888889
0.3529411764705882
0.5853658536585366
0.717948717948718
0.6575342465753425
0.6486486486486486
0.45454545454545453
0.2727272727272727
0.631578947368421
0.6363636363636365
0.8044692737430167
0.8659793814432989
0.9523809523809523
0.5316455696202531
0.7692307692307692
0.6
0.6086956521739131
0.7567567567567567
0.6363636363636364
0.4
0.7974683544303799
0.8571428571428571
0.5
0.9090909090909091
0.7692307692307692
0.42857142857142855
0.7777777777777778
0.3065693430656934
0.88
0.5454545454545455
0.5454545454545454
0.7058823529411765
0.6395939086294417
1.0
0.5
0.5714285714285715
0.5419354838709678
0.5656565656565655
0.75
0.4
0.8750000000000001
0.5106382978723405
0.7058823529411765
0.8888888888888888
0.8076923076923077
0.6666666666666666
0.3157894736842105
0.7272727272727274
0.888888888888889
0.6250000000000001
0.6153846153846154
0.7887323943661971
0.3418803418803419
0.6451612903225806
0.5333333333333333
0.6153846153846153
0.8421052631578948
0.8659793814432989
0.7241379310344827
0.7142857142857143
0.24
0.5637583892617449
0.6787878787878787
0.6666666666666665
0.4897959183673469
0.4444444444444445
0.4615384615384615
0.7636363636363638
0.5333333333333333
0.7070707070707072
0.5714285714285715
0.6451612903225806
0.3488372093023256
0.5882352941176471
0.5
0.761904761904762
0.9411764705882353
0.5
0.8358208955223881
0.7636363636363638
0.8818897637795274
0.8571428571428571
0.625
0.7466666666666666
0.5882352941176471
0.8780487804878048
0.823529411764706
0.46511627906976744
0.6
0.7894736842105262
0.8571428571428572
0.888888888888889
0.3333333333333333
0.7317073170731706
0.5555555555555556
0.7133757961783439
0.6857142857142857
0.6187845303867403
0.7777777777777777
0.631578947368421
0.4166666666666667
0.8344370860927153
0.5853658536585366
0.9411764705882353
1.0
0.44776119402985076
0.49382716049382713
0.6363636363636364
0.5
0.5
0.7207207207207208
0.816326530612245
0.8759124087591241
0.576923076923077
0.7636363636363638
0.5109489051094891
0.7777777777777778
0.5833333333333334
0.9411764705882353
0.6363636363636364
0.4210526315789474
0.6857142857142857
0.7407407407407408
0.7929515418502203
1.0
0.6666666666666666
0.6741573033707865
0.6666666666666666
0.816326530612245
0.6666666666666666
0.4210526315789474
0.4444444444444445
0.8730158730158729
0.9230769230769231
0.7466666666666666
0.8571428571428571
0.5
0.7741935483870969
0.6395939086294417
0.676056338028169
0.6666666666666666
0.6
0.5874125874125874
0.46153846153846156
0.75
0.6451612903225806
0.3692307692307692
0.7826086956521738
0.606060606060606
0.45454545454545453
0.8045977011494253
0.7777777777777778
0.48979591836734687
0.5333333333333333
0.6787878787878787
0.5
0.821917808219178
0.5303030303030303
0.5194805194805195
0.6
0.6521739130434783
0.25
0.4
0.7999999999999999
0.25806451612903225
0.606060606060606
0.5970149253731343
0.9090909090909091
0.5263157894736842
0.4
0.9166666666666666
0.5454545454545454
0.7058823529411765
0.7000000000000001
0.6
1.0
0.5
0.75
0.8571428571428571
0.8333333333333333
0.4615384615384615
0.691358024691358
0.6857142857142857
0.8536585365853658
0.6153846153846154
0.4970414201183432
0.5660377358490566
0.42857142857142855
0.47058823529411764
0.6131386861313869
0.7088607594936709
0.9411764705882353
0.6779661016949152
0.3157894736842105
1.0
0.6153846153846153
0.6666666666666666
0.4
0.42857142857142855
0.4705882352941177
0.47058823529411764
0.5504587155963303
0.5121951219512195
0.4
0.6666666666666666
0.5217391304347826
0.7832167832167831
0.8333333333333333
0.7058823529411765
0.7777777777777778
0.5161290322580646
0.6461538461538462
0.6666666666666667
0.9473684210526316
0.49382716049382713
0.64
0.5
0.7058823529411765
0.7832167832167831
0.7200000000000001
0.4000000000000001
0.6666666666666666
0.5052631578947369
0.47058823529411764
0.5454545454545454
0.8888888888888888
0.26666666666666666
0.56
0.5572139303482587
0.23076923076923078
0.7547169811320756
0.7894736842105262
0.7692307692307692
0.8421052631578948
0.7368421052631579
0.9600000000000001
0.7636363636363638
0.5853658536585366
0.3582089552238806
0.7636363636363638
0.8089887640449439
0.7999999999999999
0.4444444444444445
0.4
0.5714285714285715
0.75
0.9473684210526316
0.43636363636363634
0.5714285714285713
0.4
0.4615384615384615
0.5454545454545454
0.7888446215139442
0.5
0.7547169811320756
0.9090909090909091
0.9090909090909091
0.5660377358490566
0.30769230769230765
0.5185185185185186
0.3278688524590164
1.0
0.6222222222222222
1.0
0.5479452054794521
0.46153846153846156
0.8256880733944955
0.8076923076923077
0.6521739130434783
0.7272727272727272
0.6250000000000001
0.7368421052631577
0.7407407407407408
0.7159090909090909
0.5853658536585366
0.7093596059113301
0.7417218543046358
0.9523809523809523
0.7567567567567567
0.7368421052631577
0.380952380952381
0.7000000000000001
0.5384615384615384
0.8470588235294118
0.888888888888889
0.9045226130653266
0.5714285714285713
0.7777777777777777
0.375
1.0
0.5853658536585366
0.7999999999999999
0.7058823529411764
0.761904761904762
0.9473684210526316
0.38834951456310685
0.5714285714285714
0.5882352941176471
0.8536585365853658
0.8888888888888888
0.8181818181818182
0.5
0.26666666666666666
0.6292134831460674
0.634920634920635
0.7317073170731706
0.9333333333333333
0.7317073170731706
0.8044692737430167
0.5833333333333334
0.75
0.6256983240223464
0.717948717948718
0.9
0.6787878787878787
0.4444444444444445
0.8516129032258064
0.6666666666666666
0.6153846153846153
0.6486486486486486
0.30769230769230765
1.0
0.4615384615384615
0.504201680672269
0.888888888888889
0.5106382978723405
0.8602150537634408
0.7241379310344827
0.8181818181818182
0.5833333333333334
0.761904761904762
0.6956521739130435
0.42857142857142855
0.7407407407407408
0.7017543859649122
0.8939828080229226
0.7692307692307692
0.6666666666666666
0.5217391304347827
0.7058823529411765
0.4123711340206186
0.8571428571428571
0.8571428571428571
0.5714285714285713
0.7692307692307692
0.46153846153846156
0.8520710059171598
0.5357142857142858
0.4
0.6122448979591836
0.8750000000000001
0.8421052631578948
0.7058823529411765
0.7777777777777777
0.7777777777777778
0.8235294117647058
0.7058823529411765
0.4166666666666667
0.8319327731092436
0.7272727272727272
0.33333333333333326
0.6486486486486486
0.8571428571428571
0.4000000000000001
0.9045226130653266
0.9230769230769231
0.9166666666666666
0.75
0.625
0.9090909090909091
0.6719999999999999
0.888888888888889
0.5714285714285714
0.6153846153846153
0.4528301886792453
0.21428571428571427
0.591549295774648
0.8296296296296296
0.7826086956521738
0.5333333333333333
0.5853658536585366
0.8296296296296296
0.7058823529411765
0.5925925925925926
0.5504587155963303
0.5555555555555556
0.6885245901639345
0.5454545454545454
0.3947368421052631
0.3333333333333333
0.5833333333333334
0.9090909090909091
0.4
0.5825242718446602
0.689655172413793
0.7093596059113301
0.39999999999999997
0.5970149253731343
0.8571428571428571
0.689655172413793
0.7777777777777777
0.5714285714285713
0.761904761904762
0.3582089552238806
0.62882096069869
0.631578947368421
0.5217391304347826
0.816326530612245
0.7741935483870969
0.8076923076923077
0.6666666666666665
0.6666666666666665
0.3636363636363636
0.4
0.9090909090909091
0.48979591836734687
0.7058823529411765
0.5263157894736842
0.46511627906976744
0.6666666666666666
0.5581395348837208
0.7636363636363638
0.6956521739130435
0.6
0.8750000000000001
0.8646288209606987
0.75
0.4
0.6666666666666666
0.4444444444444444
0.5714285714285715
0.7384615384615384
0.5882352941176471
0.5
0.6153846153846153
0.5599999999999999
0.6153846153846153
0.5521472392638037
0.5405405405405405
0.631578947368421
0.3333333333333333
0.5637583892617449
0.5714285714285715
0.5333333333333333
0.631578947368421
0.6666666666666667
0.7368421052631579
0.6131386861313869
0.48387096774193544
0.875
0.48979591836734687
0.3157894736842105
0.5333333333333333
0.7792207792207793
0.5109489051094891
0.7058823529411765
0.48000000000000004
0.7999999999999999
0.717948717948718
0.9
0.5
0.7826086956521738
0.6885245901639345
0.3333333333333333
0.8653846153846153
0.9523809523809523
0.6
0.761904761904762
0.7741935483870969
0.6666666666666666
0.7241379310344827
0.5825242718446602
0.504201680672269
0.6306306306306306
0.7999999999999999
0.8653846153846153
0.9523809523809523
0.7317073170731706
0.8333333333333333
0.5
0.7346938775510203
0.8135593220338982
0.47619047619047616
0.375
0.6857142857142857
0.8358208955223881
0.9090909090909091
0.5833333333333334
0.7499999999999999
0.8764940239043824
0.888888888888889
0.6451612903225806
0.5303030303030303
0.6299212598425198
0.861244019138756
0.631578947368421
0.5714285714285715
0.7563025210084034
0.7692307692307692
1.0
0.6666666666666666
0.8695652173913043
0.8333333333333334
0.7017543859649122
0.41379310344827586
1.0
0.4444444444444445
0.33333333333333337
0.25
0.5109489051094891
0.6268656716417911
0.7
0.631578947368421
0.6885245901639345
0.8000000000000002
1.0
0.5874125874125874
0.5714285714285715
0.625
0.4137931034482759
0.5333333333333333
0.6666666666666667
0.5454545454545454
0.8076923076923077
0.9565217391304348
0.6122448979591836
0.8873239436619719
0.631578947368421
0.47619047619047616
0.4615384615384615
0.7407407407407408
0.7058823529411765
0.7692307692307693
0.9411764705882353
0.3636363636363636
0.6153846153846154
0.39999999999999997
0.7407407407407408
0.34285714285714286
0.41379310344827586
0.7272727272727274
0.56
0.603448275862069
0.7516778523489932
0.4444444444444445
0.6
0.7216494845360825
0.5
0.28571428571428575
0.375
0.5106382978723405
0.6818181818181818
0.4615384615384615
0.5309734513274336
0.47058823529411764
0.663157894736842
0.4255319148936171
0.6194690265486726
0.4958677685950413
0.5714285714285715
0.6153846153846153
0.3333333333333333
0.23076923076923078
0.8571428571428572
0.5
0.3333333333333333
0.8917197452229298
0.5454545454545454
0.7636363636363638
0.7741935483870969
0.5555555555555556
1.0
0.761904761904762
0.606060606060606
0.6
0.674698795180723
0.7142857142857143
0.8520710059171598
0.8333333333333334
0.606060606060606
0.7368421052631579
0.380952380952381
0.8000000000000002
0.5217391304347826
0.7567567567567567
0.6176470588235293
0.761904761904762
0.7499999999999999
0.631578947368421
0.34782608695652173
0.6382978723404256
0.48780487804878053
0.25
0.5660377358490566
0.689655172413793
0.7317073170731706
0.588235294117647
0.6666666666666666
0.6666666666666666
0.3333333333333333
0.5874125874125874
0.8727272727272727
0.8653846153846153
0.6666666666666667
0.5333333333333333
0.27586206896551724
0.9166666666666666
0.6862745098039216
0.7741935483870969
0.38834951456310685
0.42857142857142855
0.42857142857142855
0.6666666666666666
0.4411764705882353
0.7706422018348624
0.7058823529411765
0.8358208955223881
0.8333333333333334
0.8450704225352113
0.8659793814432989
0.4800000000000001
0.7415730337078651
0.6722689075630253
0.7058823529411765
0.7142857142857143
0.9523809523809523
0.5714285714285713
0.8333333333333333
0.6086956521739131
0.7692307692307692
0.875
0.7741935483870969
0.5454545454545454
0.7692307692307693
0.4615384615384615
0.9090909090909091
0.8155339805825242
0.7017543859649122
0.4615384615384615
0.5
0.6829268292682926
0.5419354838709678
0.5263157894736842
0.6818181818181818
0.41666666666666663
0.888888888888889
0.7999999999999999
0.43298969072164945
0.8421052631578948
0.8
0.6666666666666666
0.5
0.3934426229508196
0.7567567567567567
0.6829268292682926
0.7783783783783783
0.7974683544303799
0.6666666666666666
0.5882352941176471
0.39999999999999997
0.8000000000000002
0.20689655172413793
0.5581395348837209
0.6666666666666665
1.0
0.6473988439306358
0.5555555555555556
0.8333333333333333
0.6666666666666666
1.0
0.4761904761904762
0.6511627906976744
0.5454545454545454
0.923076923076923
0.923076923076923
0.689655172413793
0.47058823529411764
0.9523809523809523
0.5194805194805195
0.8818897637795274
0.6818181818181818
0.689655172413793
0.8358208955223881
0.4081632653061225
0.3636363636363636
0.7461139896373057
0.761904761904762
0.8076923076923077
0.8181818181818182
0.5504587155963303
0.7368421052631577
0.6486486486486486
0.4210526315789474
0.5333333333333333
0.8520710059171598
0.6
0.56
0.591549295774648
0.9411764705882353
0.0
0.48979591836734687
0.7692307692307692
0.9166666666666666
0.5714285714285715
1.0
0.7272727272727273
0.4054054054054054
0.6451612903225806
0.7894736842105262
0.9045226130653266
0.7339449541284404
0.7567567567567567
0.4511278195488722
0.21052631578947364
0.8520710059171598
0.36585365853658536
0.4444444444444445
0.717948717948718
0.962962962962963
0.7000000000000001
0.47619047619047616
0.5194805194805195
0.6666666666666667
0.9333333333333333
0.6818181818181818
1.0
0.5555555555555556
0.588235294117647
0.4615384615384615
0.5454545454545454
0.591549295774648
0.608695652173913
0.717948717948718
0.6122448979591836
0.5454545454545454
0.8888888888888888
0.5454545454545454
0.6666666666666666
0.5316455696202531
0.4444444444444444
0.6787878787878787
0.4
0.5
0.22222222222222224
0.689655172413793
0.7260726072607261
0.6511627906976744
0.6666666666666666
0.42857142857142855
0.8571428571428571
0.6857142857142857
0.6779661016949152
0.7368421052631579
0.6810810810810811
0.3333333333333333
0.8155339805825242
0.9230769230769231
0.25
0.5633802816901409
0.7636363636363638
0.64
0.8571428571428571
0.7272727272727273
0.8044692737430167
0.6116504854368933
0.606060606060606
0.0
0.28571428571428575
0.7272727272727272
0.46153846153846156
0.8722466960352422
0.6363636363636364
0.20689655172413796
0.7272727272727273
0.12500000000000003
0.6666666666666666
0.6666666666666666
0.625
0.8333333333333334
0.717948717948718
0.6153846153846153
0.0
0.8333333333333333
0.6796116504854369
0.7875
0.48979591836734687
0.4615384615384615
0.7079646017699115
0.46875
0.717948717948718
0.7
0.8783783783783784
0.5436893203883495
0.7894736842105262
0.4615384615384615
0.8818897637795274
0.5970149253731343
0.7692307692307692
0.7407407407407408
0.5161290322580646
0.4615384615384615
0.5
0.7692307692307692
0.7133757961783439
0.7058823529411765
0.2222222222222222
0.4958677685950413
0.7466666666666666
0.34285714285714286
0.8089887640449439
0.5263157894736842
0.7070707070707072
0.5454545454545454
0.761904761904762
0.5
0.6451612903225806
0.6603773584905661
0.821917808219178
0.380952380952381
0.8
0.6557377049180327
0.4210526315789474
0.41666666666666663
0.6956521739130435
0.7692307692307693
0.5333333333333333
0.7734806629834255
0.5454545454545455
0.582995951417004
0.5555555555555556
0.7272727272727272
0.5637583892617449
0.8
0.7058823529411765
0.2727272727272727
0.37499999999999994
0.5405405405405406
0.782608695652174
0.5333333333333333
0.5
0.6256983240223464
0.4918032786885245
0.8421052631578948
0.7272727272727272
0.6511627906976744
0.26666666666666666
0.8764940239043824
0.689655172413793
0.5637583892617449
0.7692307692307693
0.5691056910569107
0.7567567567567567
0.9473684210526316
0.37499999999999994
0.631578947368421
0.631578947368421
0.8
0.6222222222222222
0.5
0.6
0.56
0.4210526315789474
0.3243243243243243
0.761904761904762
0.6486486486486486
0.34782608695652173
0.7783783783783783
0.8653846153846153
1.0
0.0
0.7499999999999999
0.7058823529411765
0.9411764705882353
0.5263157894736842
0.8
1.0
0.7272727272727273
0.6331658291457287
0.7567567567567567
0.4444444444444444
0.7832167832167831
0.6871165644171779
0.689655172413793
0.4444444444444445
0.6666666666666666
0.7272727272727273
0.75
0.3896103896103896
0.6885245901639345
0.7964601769911505
0.27906976744186046
0.4528301886792453
0.9090909090909091
0.816326530612245
0.48
0.8470588235294118
0.5217391304347827
0.6511627906976744
0.5405405405405405
0.0
0.6666666666666666
0.39999999999999997
0.26666666666666666
0.7792207792207793
0.7417218543046358
0.5853658536585367
0.6666666666666665
0.36363636363636365
0.4255319148936171
0.7241379310344827
0.8571428571428571
0.6603773584905661
0.75
0.8571428571428571
0.6306306306306306
0.7272727272727272
0.6486486486486486
0.7547169811320756
0.4511278195488722
0.375
0.392156862745098
0.888888888888889
0.6956521739130435
0.3409090909090909
0.634920634920635
0.4054054054054054
0.5714285714285715
0.42857142857142855
0.7777777777777778
0.5714285714285715
0.7368421052631577
0.8181818181818182
0.7594936708860761
0.5217391304347826
0.3636363636363636
0.576923076923077
0.9045226130653266
0.5714285714285715
0.8461538461538461
0.8076923076923077
0.5298013245033112
0.3636363636363636
0.5333333333333333
0.8333333333333333
0.7868852459016394
0.5454545454545454
0.6666666666666666
0.6923076923076923
0.5
0.5223880597014926
0.37499999999999994
0.717948717948718
0.5714285714285714
0.5882352941176471
0.923076923076923
0.5263157894736842
0.7058823529411765
0.770053475935829
0.6562499999999999
0.5217391304347827
0.6486486486486486
0.5454545454545455
0.6222222222222222
0.26086956521739135
0.5063291139240506
0.8076923076923077
0.5714285714285715
0.7777777777777778
0.4210526315789474
0.5333333333333333
0.25806451612903225
0.9230769230769231
0.7777777777777777
0.5217391304347826
0.7594936708860761
0.6
0.4137931034482759
0.48979591836734687
0.6153846153846153
0.7058823529411765
0.9090909090909091
0.6666666666666666
0.9090909090909091
0.7832167832167831
0.5970149253731343
0.5
0.6666666666666666
0.7692307692307693
0.26666666666666666
0.5633802816901409
0.923076923076923
0.6818181818181818
0.9411764705882353
0.5714285714285715
0.6021505376344085
0.6857142857142857
0.8944099378881988
0.5
0.47058823529411764
0.7
0.888888888888889
0.49382716049382713
0.5407725321888412
0.5
0.9
0.34782608695652173
0.375
0.5675675675675675
0.7407407407407408
0.6545454545454545
0.7567567567567567
0.5
0.8135593220338982
0.27906976744186046
0.8450704225352113
0.6766917293233083
0.4528301886792453
0.6871165644171779
0.7951807228915662
0.42857142857142855
0.5714285714285714
0.5333333333333333
0.861244019138756
0.375
0.6666666666666665
0.5454545454545454
0.7563025210084034
0.5714285714285715
0.4
0.5333333333333333
0.5607476635514019
0.5555555555555556
0.5454545454545454
0.6666666666666667
0.6666666666666666
0.9473684210526316
0.48
0.4615384615384615
0.2105263157894737
0.6176470588235293
1.0
0.7058823529411765
0.888888888888889
0.5714285714285713
1.0
0.7868852459016394
0.7133757961783439
0.717948717948718
0.6792452830188679
0.6250000000000001
1.0
0.5853658536585366
0.6956521739130435
0.75
0.56
0.5
0.6
0.8081632653061224
0.6153846153846153
0.29268292682926833
0.6511627906976744
0.8333333333333333
0.7894736842105262
0.717948717948718
0.6451612903225806
0.6976744186046512
0.8396946564885497
0.5833333333333334
0.792079207920792
0.6481481481481481
0.8571428571428571
0.7000000000000001
0.6666666666666665
0.4
0.7887323943661971
0.6153846153846153
0.5874125874125874
0.6818181818181818
0.823529411764706
0.5
0.46511627906976744
0.7692307692307692
0.39999999999999997
0.6153846153846153
0.5714285714285714
0.9258160237388724
0.7407407407407408
0.761904761904762
0.923076923076923
0.7894736842105262
0.5405405405405406
0.5562913907284769
0.6741573033707865
0.5882352941176471
0.6666666666666666
0.4
0.6122448979591836
0.6486486486486486
0.28571428571428575
0.6542056074766356
0.5874125874125874
0.9090909090909091
0.7943262411347517
0.6666666666666666
0.4444444444444445
0.631578947368421
0.75
0.6194690265486726
0.761904761904762
0.8421052631578948
0.5714285714285715
0.6153846153846153
0.8653846153846153
0.588235294117647
0.46511627906976744
0.7692307692307693
0.7692307692307692
0.8088235294117647
0.6666666666666666
0.8000000000000002
0.6666666666666666
0.7777777777777777
0.47058823529411764
0.46875
0.5106382978723405
0.8571428571428571
0.5490196078431373
0.588235294117647
0.7258064516129034
0.5479452054794521
0.5333333333333333
0.47058823529411764
0.6111111111111112
0.7304347826086957
0.5825242718446602
0.6176470588235293
0.5106382978723405
0.674698795180723
0.6131386861313869
0.9473684210526316
0.7317073170731706
0.7457627118644068
0.8818897637795274
0.6779661016949152
0.6857142857142857
0.8396946564885497
0.7636363636363638
0.816326530612245
0.7058823529411765
0.5714285714285715
0.7058823529411764
0.0
0.6792452830188679
0.634920634920635
0.9411764705882353
0.821917808219178
0.42857142857142855
0.6965174129353234
1.0
0.7142857142857143
0.36363636363636365
0.6
0.5217391304347826
0.6956521739130435
0.6256983240223464
0.6486486486486486
0.5454545454545454
0.3529411764705882
0.6956521739130435
0.4878048780487804
0.6131386861313869
0.3870967741935483
0.6666666666666666
0.42857142857142855
0.6122448979591836
0.5555555555555556
0.7547169811320756
0.5
0.9
0.7446808510638298
0.2105263157894737
0.6666666666666666
0.6
0.8450704225352113
0.634920634920635
0.5
0.6719999999999999
0.6885245901639345
0.6666666666666666
0.25
0.6930693069306931
0.6956521739130435
0.7384615384615384
0.7272727272727272
0.9128630705394191
0.5063291139240506
0.5
0.6666666666666666
0.4444444444444445
0.21052631578947364
0.30769230769230765
0.47058823529411764
0.8058608058608059
0.6818181818181818
0.8
0.5454545454545454
0.7999999999999999
0.9
0.5333333333333333
0.7499999999999999
0.7999999999999999
0.8296296296296296
0.8181818181818182
0.7865168539325842
0.49382716049382713
0.47619047619047616
0.5714285714285715
0.888888888888889
0.5633802816901409
0.7368421052631577
0.5
0.5555555555555556
0.48979591836734687
0.6222222222222222
0.0
0.7164179104477612
0.9411764705882353
0.5
0.8571428571428572
0.0
0.4528301886792453
0.8520710059171598
0.9090909090909091
0.861244019138756
0.4444444444444445
0.75
0.3333333333333333
0.7887323943661971
0.35714285714285715
0.6666666666666666
0.49382716049382713
1.0
1.0
0.47619047619047616
0.6511627906976744
0.7929515418502203
0.5797101449275363
0.5714285714285715
0.5714285714285715
0.8
0.7142857142857142
0.8256880733944955
0.5
0.75
0.6666666666666666
0.9198606271777002
0.6250000000000001
0.4761904761904762
0.888888888888889
0.6131386861313869
0.6603773584905661
0.7241379310344827
0.6857142857142857
0.8571428571428572
0.3636363636363636
0.6666666666666666
0.6060606060606061
0.5454545454545454
0.6457399103139013
0.6885245901639345
0.6666666666666667
0.8614457831325302
0.7368421052631577
0.3692307692307692
0.888888888888889
0.8456375838926175
0.606060606060606
0.6382978723404256
0.47058823529411764
0.8296296296296296
0.6486486486486486
0.6666666666666665
0.25
0.6857142857142857
0.5714285714285715
0.9473684210526316
0.6153846153846153
0.6486486486486486
0.8058608058608059
0.7272727272727272
0.47058823529411764
0.9600000000000001
0.8181818181818182
0.7894736842105262
0.6122448979591836
0.36585365853658536
0.7272727272727273
0.6
0.7333333333333333
0.631578947368421
0.7128712871287128
0.5
0.43636363636363634
0.8235294117647058
0.5714285714285715
0.5555555555555556
0.5454545454545454
0.5
0.7272727272727272
0.7875
0.588235294117647
0.48780487804878053
0.6
0.3333333333333333
0.7058823529411765
0.6194690265486726
0.75
0.5
0.9333333333333333
0.7659574468085106
0.631578947368421
0.8659793814432989
0.23529411764705882
0.3636363636363636
0.9230769230769231
0.35294117647058826
0.7368421052631579
0.7272727272727272
0.7777777777777778
0.6666666666666666
0.5333333333333333
0.9045226130653266
0.4444444444444445
0.6
0.75
0.823529411764706
0.3692307692307692
0.6557377049180328
0.5
0.4
0.6666666666666666
0.591549295774648
0.2222222222222222
0.8089887640449439
1.0
0.5333333333333333
0.5
0.75
0.4615384615384615
0.8076923076923077
0.875
0.6666666666666665
0.5
0.5555555555555556
0.7894736842105262
0.5
0.5333333333333333
0.3571428571428571
0.8727272727272727
0.7499999999999999
0.9523809523809523
0.30769230769230765
0.923076923076923
0.7058823529411765
0.6956521739130435
0.7887323943661971
0.7058823529411764
0.36363636363636365
0.6666666666666666
0.5599999999999999
0.5217391304347826
0.6666666666666666
0.6075949367088608
0.7017543859649122
0.7317073170731706
0.7317073170731706
0.2857142857142857
0.5714285714285713
0.6666666666666666
0.8602150537634408
0.5581395348837209
0.5
0.5454545454545454
0.3333333333333333
0.631578947368421
0.631578947368421
0.5853658536585366
0.46511627906976744
0.5309734513274336
0.42857142857142855
0.5714285714285715
0.2962962962962963
0.7636363636363638
0.5882352941176471
0.4705882352941177
0.5825242718446602
0.37499999999999994
0.8421052631578948
0.7777777777777778
0.7272727272727272
0.5555555555555556
0.7865168539325842
0.8695652173913043
0.588235294117647
0.5633802816901409
0.28571428571428575
0.6451612903225806
1.0
0.923076923076923
0.8421052631578948
0.47058823529411764
0.4444444444444445
0.7241379310344827
0.0
0.5357142857142857
0.6511627906976744
0.4800000000000001
0.888888888888889
0.5714285714285715
0.380952380952381
0.9473684210526316
0.6
0.7777777777777778
0.9411764705882353
0.8000000000000002
0.7058823529411765
0.7777777777777777
0.9090909090909091
0.6
0.8235294117647058
0.6
0.761904761904762
0.25
0.47619047619047616
0.5853658536585366
0.679245283018868
0.9187279151943463
0.6
0.7999999999999999
0.606060606060606
1.0
0.3703703703703704
0.5454545454545454
0.8155339805825242
0.4444444444444445
0.8909657320872274
0.6666666666666665
0.6829268292682926
0.6666666666666665
0.9045226130653266
0.39999999999999997
0.8076923076923077
0.7070707070707072
0.43478260869565216
0.3
0.7058823529411765
0.6779661016949152
0.3870967741935483
0.8082901554404144
0.6363636363636365
0.631578947368421
1.0
0.7843137254901961
0.6306306306306306
0.4444444444444445
0.38709677419354843
0.7207207207207208
0.6
0.5714285714285715
0.45454545454545453
0.6256983240223464
0.42857142857142855
0.4210526315789474
0.6250000000000001
0.3243243243243243
0.7317073170731706
0.6666666666666666
0.8076923076923077
0.5555555555555556
0.5625
0.6666666666666665
0.6666666666666666
0.6562499999999999
0.7272727272727272
0.5263157894736842
0.75
0.7317073170731706
0.4210526315789474
0.5454545454545454
0.7317073170731706
0.509090909090909
0.6187845303867403
0.7516778523489932
0.761904761904762
0.7317073170731706
0.6194690265486726
0.5714285714285714
0.6451612903225806
0.6250000000000001
0.6451612903225806
0.5333333333333333
0.5882352941176471
0.8076923076923077
0.5217391304347827
0.861244019138756
0.717948717948718
0.5932203389830508
0.9565217391304348
0.5263157894736842
0.923076923076923
0.56
0.4761904761904762
0.5833333333333334
0.4411764705882353
0.7228915662650602
0.7777777777777777
0.4046242774566475
0.5333333333333333
0.5
0.7832167832167831
0.6818181818181818
0.3333333333333333
0.6666666666666665
0.75
0.7894736842105262
0.8181818181818182
0.9411764705882353
0.5511811023622047
0.8520710059171598
0.6250000000000001
0.816326530612245
0.8155339805825242
0.7692307692307692
0.8461538461538461
0.3125
0.588235294117647
0.42857142857142855
0.6511627906976744
1.0
0.5504587155963303
0.42857142857142855
0.6666666666666666
0.5714285714285713
0.5970149253731343
0.631578947368421
0.9473684210526316
0.689655172413793
0.8571428571428571
0.689655172413793
0.6021505376344085
0.761904761904762
0.5454545454545454
0.8000000000000002
0.631578947368421
0.7457627118644068
0.8888888888888888
0.7058823529411765
0.8571428571428571
0.5825242718446602
0.75
1.0
0.717948717948718
0.5555555555555556
0.6306306306306306
0.9473684210526316
0.9411764705882353
0.6086956521739131
0.8155339805825242
0.5294117647058824
0.5925925925925927
0.5
0.8659793814432989
0.4615384615384615
0.7317073170731706
0.8571428571428572
0.7346938775510203
0.34782608695652173
0.2
0.38709677419354843
0.8571428571428571
0.7058823529411764
0.8275862068965518
0.23529411764705882
0.6666666666666666
0.5217391304347826
0.6473988439306358
0.6153846153846154
0.375
0.5783132530120482
0.75
0.6
0.5106382978723405
0.7446808510638298
0.8155339805825242
0.5454545454545454
0.6666666666666666
0.5263157894736842
0.8571428571428572
0.6461538461538462
0.7142857142857143
0.5217391304347826
0.3157894736842105
0.8659793814432989
0.5
0.5263157894736842
0.7317073170731706
0.4210526315789474
0.7567567567567567
0.7826086956521738
0.9
0.509090909090909
0.8859060402684563
0.9411764705882353
1.0
0.7466666666666666
0.6292134831460674
0.5217391304347826
0.48979591836734687
0.7547169811320756
0.9333333333333333
0.6
0.8917197452229298
0.7317073170731706
0.4137931034482759
0.4067796610169491
0.888888888888889
0.22222222222222224
0.6306306306306306
0.6829268292682926
0.6131386861313869
0.8000000000000002
0.9090909090909091
0.2222222222222222
0.5185185185185186
0.7999999999999999
0.6153846153846153
0.8520710059171598
0.5454545454545454
0.47619047619047616
0.4615384615384615
0.2105263157894737
0.7142857142857143
0.4
0.6792452830188679
0.6956521739130435
0.5263157894736842
0.6666666666666667
0.816326530612245
0.6250000000000001
0.47619047619047616
1.0
0.625
0.7777777777777777
0.2857142857142857
0.7659574468085106
0.40816326530612246
0.6153846153846153
0.5957446808510638
1.0
0.7384615384615384
0.8421052631578948
0.7706422018348624
0.7272727272727272
0.888888888888889
0.6857142857142857
0.6451612903225806
0.30769230769230765
0.4444444444444444
0.5263157894736842
0.5454545454545454
0.7058823529411765
0.4054054054054054
0.6829268292682926
0.9473684210526316
0.5504587155963303
0.9333333333333333
0.6194690265486726
0.5
0.888888888888889
0.6292134831460674
0.28571428571428575
0.6666666666666666
0.7741935483870969
0.7843137254901961
0.6185567010309277
0.5833333333333334
0.8181818181818182
0.7894736842105262
0.8750000000000001
0.14285714285714288
0.64
0.7777777777777778
0.8470588235294118
0.5217391304347827
0.380952380952381
0.2857142857142857
0.48611111111111116
0.6666666666666666
0.923076923076923
0.923076923076923
0.48979591836734687
0.9473684210526316
0.6233766233766234
0.4210526315789474
0.816326530612245
0.7070707070707072
0.5555555555555556
0.8456375838926175
0.9333333333333333
0.9090909090909091
0.7730061349693251
0.7407407407407408
0.5714285714285715
0.6515837104072398
0.823529411764706
0.4615384615384615
0.3636363636363636
0.23529411764705882
0.6486486486486486
0.44776119402985076
0.7272727272727273
0.6871165644171779
0.8988764044943819
0.7500000000000001
0.4
0.6666666666666666
0.7142857142857143
0.8076923076923077
0.6549707602339182
0.3636363636363636
0.4
0.5
0.7058823529411765
0.6666666666666666
0.6818181818181818
0.761904761904762
0.4347826086956522
0.8383233532934132
0.606060606060606
0.30769230769230765
0.8089887640449439
0.8421052631578948
0.3870967741935483
0.47058823529411764
0.8421052631578948
0.7031250000000001
0.48
0.39999999999999997
0.6666666666666666
0.5925925925925926
0.4
0.8695652173913044
0.375
0.6153846153846153
0.6666666666666665
0.5970149253731343
0.6201550387596899
0.8988764044943819
0.6486486486486486
0.7567567567567567
0.6829268292682926
0.6131386861313869
0.42857142857142855
0.4210526315789473
0.3333333333333333
0.875
0.717948717948718
0.5454545454545454
0.8333333333333334
0.7093596059113301
0.5479452054794521
0.5128205128205129
1.0
0.6
0.717948717948718
0.5454545454545454
0.8520710059171598
0.7058823529411765
0.588235294117647
0.5833333333333334
0.8562874251497006
0.43636363636363634
0.30769230769230765
0.42857142857142855
0.2222222222222222
0.4054054054054054
0.5454545454545454
0.9
0.2222222222222222
0.8333333333333333
0.5882352941176471
0.7164179104477612
0.7608695652173915
0.6250000000000001
0.7241379310344827
0.6292134831460674
0.6306306306306306
0.4210526315789474
0.28571428571428575
1.0
0.689655172413793
0.6857142857142857
0.6233766233766234
0.6
0.7272727272727272
0.8571428571428571
0.7422680412371134
0.6250000000000001
0.37383177570093457
0.42857142857142855
0.888888888888889
0.7058823529411765
0.7636363636363638
1.0
0.6792452830188679
0.6666666666666667
0.8181818181818182
0.4615384615384615
0.576923076923077
0.7843137254901961
0.8727272727272727
0.7999999999999999
0.6153846153846154
0.3076923076923077
0.676923076923077
0.5468749999999999
0.3333333333333333
0.8653846153846153
0.38095238095238093
0.7476635514018691
0.75
0.6521739130434783
0.45454545454545453
0.4615384615384615
0.7241379310344827
0.375
0.6562499999999999
1.0
0.8421052631578948
0.6363636363636365
0.3582089552238806
0.875
0.6
0.6593406593406592
0.7943262411347517
0.9090909090909091
0.3636363636363636
0.9
0.2
0.7466666666666666
0.6976744186046512
0.5714285714285715
0.5853658536585366
0.6122448979591836
0.4395604395604396
0.625
0.888888888888889
0.4615384615384615
0.7544910179640719
0.888888888888889
0.2
0.7058823529411765
0.7384615384615384
0.761904761904762
0.6
0.5806451612903226
0.7058823529411765
0.6363636363636364
0.5
0.6666666666666666
1.0
0.4411764705882353
0.7777777777777777
0.6176470588235293
0.7407407407407408
0.7741935483870969
0.7058823529411765
0.8181818181818182
0.6153846153846153
0.6666666666666666
0.6549707602339182
0.4
0.7346938775510203
0.75
0.8235294117647058
0.8333333333333334
0.7544910179640719
0.5803108808290155
0.30769230769230765
0.47058823529411764
0.24
0.7777777777777778
0.35294117647058826
0.5853658536585366
0.45454545454545453
0.5714285714285715
0.7142857142857143
0.9473684210526316
0.4615384615384615
0.7142857142857143
0.3333333333333333
0.44036697247706424
0.9473684210526316
0.8421052631578948
1.0
0.7894736842105262
0.9523809523809523
0.5714285714285715
0.5454545454545454
0.8256880733944955
0.6451612903225806
0.6461538461538462
0.6075949367088608
0.4615384615384615
0.7317073170731706
0.7142857142857143
0.5555555555555556
0.7142857142857143
0.6153846153846154
0.8155339805825242
0.6719999999999999
0.19047619047619047
0.5228758169934641
0.888888888888889
0.7482993197278911
0.8888888888888888
0.6451612903225806
0.6666666666666665
0.9090909090909091
0.6666666666666666
0.6515837104072398
0.5882352941176471
0.5454545454545454
0.30769230769230765
0.5970149253731343
0.8333333333333333
0.7783783783783783
0.7499999999999999
0.631578947368421
0.6222222222222222
0.6942148760330579
0.6666666666666667
0
0.3614457831325301
0.5
0.6
0.588235294117647
0.4444444444444445
0.5
0.4255319148936171
0.6603773584905661
0.48192771084337344
0.7241379310344827
0.4444444444444445
0.5454545454545454
0.8000000000000002
0.8727272727272727
0.7636363636363638
0.923076923076923
0.4444444444444444
0.6976744186046512
0.5405405405405406
0.5
0.4615384615384615
0.6666666666666666
0.6942148760330579
0.4137931034482759
0.47058823529411764
0.634920634920635
0.6086956521739131
0.7999999999999999
0.7272727272727272
0.8296296296296296
0.631578947368421
0.5333333333333333
0.674698795180723
0.9411764705882353
0.380952380952381
0.4210526315789474
0.5
0.7636363636363638
0.22222222222222224
1.0
0.7017543859649122
0.6
0.38709677419354843
0.4444444444444445
0.7692307692307692
0.7317073170731706
0.42857142857142855
0.8045977011494253
0.717948717948718
0.4
1.0
0.8750000000000001
0.5957446808510638
0.5357142857142857
0.7088607594936709
0.4
0.5060240963855421
0.6363636363636364
0.4761904761904762
0.5714285714285715
0.6666666666666666
0.888888888888889
0.7500000000000001
0.42857142857142855
0.4444444444444445
0.606060606060606
0.4444444444444444
0.4
0.606060606060606
0.634920634920635
0.8571428571428572
0.5263157894736842
0.5333333333333333
0.6486486486486486
0.8562874251497006
0.42857142857142855
0.7773851590106008
0.7384615384615384
0.8333333333333334
0.6666666666666666
0.8181818181818182
0.8450704225352113
0.5714285714285715
0.8818897637795274
0.5
0.4615384615384615
0.6666666666666667
0.588235294117647
0.8536585365853658
0.6
0.6
0.7407407407407408
0.5555555555555556
0.761904761904762
0.770053475935829
0.3846153846153846
0.8333333333333334
0.8089887640449439
0.7058823529411764
0.7384615384615384
0.34782608695652173
0.3636363636363636
0.4444444444444445
0.6363636363636365
1.0
0.9411764705882353
0.6250000000000001
0.7547169811320756
0.3333333333333333
0.5405405405405405
0.9411764705882353
0.4444444444444445
0.5
0.7466666666666666
0.7000000000000001
0.8571428571428572
0.5454545454545454
0.6153846153846153
0.42857142857142855
0.673076923076923
0.6666666666666666
0.6428571428571429
0.3692307692307692
0.3409090909090909
0.3773584905660378
0.30769230769230765
0.46875
0.5333333333333333
0.6666666666666666
0.6603773584905661
0.6451612903225806
0.7999999999999999
0.5714285714285714
0.5555555555555556
0.5263157894736842
0.6
0.8333333333333333
0.6176470588235293
0.7594936708860761
0.603448275862069
0.7999999999999999
0.588235294117647
0.8389830508474577
0.32876712328767127
0.5
0.8470588235294118
0.9523809523809523
0.6666666666666665
0.689655172413793
0.6185567010309277
0.5
0.5957446808510638
0.6774193548387097
0.6
0.3636363636363637
0.6829268292682926
0.6092307692307694
0.8256880733944955
0.7058823529411764
0.6666666666666665
0.8450704225352113
0.5932203389830508
0.6956521739130435
0.6
0.3636363636363636
0.7272727272727272
0.8450704225352113
0.9333333333333333
0.6363636363636364
0.0
0.25806451612903225
0.4040404040404041
0.6250000000000001
0.689655172413793
0.4347826086956522
0.8944099378881988
0.6
0.676056338028169
0.7058823529411765
0.1904761904761905
0.6176470588235293
0.28571428571428575
0.823529411764706
0.8372093023255814
0.6222222222222222
0.4
0.6153846153846153
0.588235294117647
0.5
0.6666666666666666
0.7692307692307692
0.6635071090047394
0.5240174672489083
0.6666666666666666
0.5194805194805195
0.5217391304347826
0.8818897637795274
0.2857142857142857
0.5
0.7476635514018691
0.4
0.7706422018348624
0.4878048780487804
0.588235294117647
0.6486486486486486
0.5357142857142858
0.4210526315789474
0.923076923076923
0.25
0.5
0.3174603174603175
0.7207207207207208
0.5932203389830508
0.26666666666666666
0.6250000000000001
0.7000000000000001
0.5333333333333333
0.4
0.48000000000000004
0.717948717948718
0.48979591836734687
0.4444444444444444
0.6824644549763033
0.6666666666666666
0.47619047619047616
0.7692307692307693
0.5714285714285715
0.6486486486486486
0.7368421052631577
0.26666666666666666
0.5504587155963303
0.6250000000000001
0.7142857142857142
0.6412213740458015
0.46511627906976744
0.6131386861313869
0.5989304812834224
0.42857142857142855
0.6956521739130435
0.7058823529411764
0.43636363636363634
0.689655172413793
0.6774193548387097
0.5454545454545454
0.576923076923077
0.6521739130434783
0.689655172413793
0.816326530612245
0.8888888888888888
0.42857142857142855
0.5333333333333333
0.9411764705882353
0.823529411764706
0.8256880733944955
0.7544910179640719
0.6521739130434783
0.7407407407407408
0.7070707070707072
0.6363636363636365
0.5957446808510638
0.6857142857142857
0.7058823529411765
0.5637583892617449
0.875
0.761904761904762
0.7017543859649122
1.0
0.5263157894736842
0.8275862068965518
0.6486486486486486
0.9333333333333333
0.7692307692307692
0.888888888888889
0.17391304347826086
0.6153846153846153
0.7476635514018691
0.3636363636363637
0.5454545454545454
0.8296296296296296
0.8
0.9473684210526316
0.576923076923077
0.28571428571428575
0.8695652173913043
0.8235294117647058
0.47058823529411764
0.875
0.761904761904762
0.8089887640449439
0.6818181818181818
0.7058823529411764
0.5714285714285715
0.6666666666666667
0.9473684210526316
0.5555555555555556
0.3636363636363636
0.7999999999999999
0.5
0.6423357664233577
0.7384615384615384
0.9090909090909091
0.8421052631578948
0.7832167832167831
0.9333333333333333
0.8155339805825242
0.28571428571428575
0.8198757763975155
0.7407407407407408
0.9166666666666666
0.5714285714285715
0.8571428571428571
0.7000000000000001
0.6923076923076923
0.6666666666666667
0.4615384615384615
0.588235294117647
0.5555555555555556
0.7142857142857143
0.5925925925925926
0.5714285714285715
0.9523809523809523
0.5714285714285715
0.42857142857142855
0.8571428571428571
0.7272727272727273
0.5
0.48780487804878053
0.7128712871287128
0.6818181818181818
0.7317073170731706
0.37499999999999994
0.26666666666666666
0.4597701149425288
0.5217391304347826
0.5303030303030303
0.7058823529411765
0.9565217391304348
0.6666666666666666
0.3333333333333333
0.6153846153846154
0.5454545454545454
0.5925925925925926
0.5333333333333333
0.6666666666666666
0.48387096774193544
0.7636363636363638
0.3846153846153846
0.9523809523809523
0.6
0.7706422018348624
0.4528301886792453
0.8235294117647058
0.6818181818181818
0.4761904761904762
0.47058823529411764
0.6787878787878787
0.16666666666666666
0.5419354838709678
0.6153846153846153
0.6
0.4444444444444444
0.16
0.42857142857142855
0.5217391304347826
0.75
0.35294117647058826
0.7199999999999999
0.691358024691358
0.6451612903225806
1.0
0.8571428571428571
0.7258064516129034
0.7309644670050762
0.7272727272727272
0.9411764705882353
0.4800000000000001
0.7272727272727272
0.36363636363636365
0.8520710059171598
0.6164383561643836
0.49411764705882355
0.9411764705882353
0.603448275862069
0.6666666666666665
0.4615384615384615
0.7093596059113301
0.7999999999999999
0.7133757961783439
0.4
0.5
0.6787878787878787
0.5194805194805195
0.39999999999999997
0.8135593220338982
0.7999999999999999
0.4615384615384615
0.47619047619047616
0.576923076923077
0.5714285714285715
0.4897959183673469
0.6422018348623854
0.8135593220338982
0.9160305343511451
0.8571428571428571
0.6666666666666665
0.631578947368421
0.7216494845360825
0.631578947368421
0.5
0.6153846153846154
0.4137931034482759
0.7964601769911505
0.5217391304347826
0.5217391304347826
0.689655172413793
0.6511627906976744
0.7999999999999999
0.6666666666666665
0.3870967741935483
0.18181818181818182
0.6256983240223464
0.48
0.3333333333333333
0.9411764705882353
0.4444444444444445
0.4615384615384615
0.6233766233766234
0.9
0.7636363636363638
0.4210526315789474
0.6451612903225806
0.47058823529411764
0.8000000000000002
0.75
0.8873239436619719
0.5263157894736842
0.4615384615384615
0.7894736842105262
0.9473684210526316
0.7133757961783439
0.6382978723404256
0.44943820224719094
0.5555555555555556
0.8275862068965518
0.6779661016949152
0.8155339805825242
0.6666666666666666
0.8708133971291866
0.8358208955223881
0.7894736842105262
0.9090909090909091
0.6666666666666665
0.7499999999999999
0.5970149253731343
1.0
0.8571428571428571
0.6187845303867403
0.43478260869565216
0.8000000000000002
0.761904761904762
0.48000000000000004
0.861244019138756
0.4761904761904762
0.9333333333333333
0.3076923076923077
0.5957446808510638
0.2857142857142857
0.8076923076923077
0.5263157894736842
0.6
0.842911877394636
0.5
0.5970149253731343
0.3636363636363636
0.75
0.6363636363636364
0.6250000000000001
0.4137931034482759
0.8076923076923077
0.8181818181818182
0.5957446808510638
0.5454545454545454
0.5194805194805195
0.5853658536585366
0.5217391304347827
0.5454545454545454
0.6666666666666666
0.9090909090909091
0.5333333333333333
0.7746478873239436
0.8695652173913043
0.47058823529411764
0.6857142857142857
0.6923076923076923
0.823529411764706
0.8818897637795274
0.5
0.6666666666666666
0.44943820224719094
1.0
0.9411764705882353
0.7783783783783783
0.5217391304347826
0.7058823529411765
0.49382716049382713
0.8333333333333333
0.6722689075630253
0.7777777777777778
0.5555555555555556
0.631578947368421
0.25
0.5454545454545454
0.7317073170731706
0.6666666666666666
0.0
0.34285714285714286
0.6666666666666665
0.5454545454545454
0.41379310344827586
0.5901639344262295
0.4615384615384615
0.35294117647058826
0.9473684210526316
0.7822222222222223
0.4444444444444445
0.8294930875576038
0.8571428571428571
0.6086956521739131
0.5517241379310345
0.4444444444444444
0.5263157894736842
0.8
0.7058823529411765
0.689655172413793
0.6153846153846153
0.7999999999999999
0.8571428571428571
0.5714285714285715
0.5
0.5714285714285715
0.7407407407407408
0.43636363636363634
0.5714285714285715
0.75
0.6956521739130435
0.9
0.375
0.3333333333333333
0.46511627906976744
0.5882352941176471
0.631578947368421
0.588235294117647
0.8294930875576038
0.5405405405405405
0.9333333333333333
0.5333333333333333
0.5405405405405405
0.8296296296296296
0.5454545454545454
0.7832167832167831
0.6824644549763033
0.5309734513274336
0.6
0.673076923076923
0.4444444444444444
0.8571428571428571
0.5833333333333334
0.634920634920635
0.5454545454545454
0.888888888888889
0.3636363636363636
0.7544910179640719
0.634920634920635
0.7133757961783439
0.6256983240223464
0.8571428571428571
0.5
0.48
0.375
0.9333333333333333
0.923076923076923
0.25
0.4347826086956522
0.7999999999999999
0.6666666666666666
0.8571428571428571
0.5
0.7058823529411765
0.32
0.8510638297872342
0.606060606060606
0.625
0.75
0.47058823529411764
0.6486486486486486
0.8333333333333333
0.8029197080291971
0.5874125874125874
0.6557377049180328
0.6
0.8818897637795274
0.4444444444444445
0.631578947368421
0.7304347826086957
0.7
0.6666666666666665
0.5
0.631578947368421
0.5714285714285713
0.6557377049180328
0.6
0.36363636363636365
0.631578947368421
0.631578947368421
0.5599999999999999
0.47058823529411764
0.8155339805825242
0.5970149253731343
0.6306306306306306
0.43636363636363634
0.7547169811320756
0.6666666666666666
0.4999999999999999
0.5454545454545454
0.7272727272727272
0.7894736842105262
0.4444444444444445
0.8333333333333333
0.2727272727272727
0.48780487804878053
0.631578947368421
0.923076923076923
0.3636363636363636
0.761904761904762
0.7741935483870969
0.5853658536585366
0.6451612903225806
0.3448275862068965
0.7272727272727272
0.7000000000000001
0.40816326530612246
0.48387096774193544
0.42857142857142855
0.8
0.6222222222222222
0.5454545454545454
0.8058608058608059
0.9411764705882353
0.9473684210526316
0.4444444444444445
0.28571428571428575
0.7999999999999999
0.5217391304347826
0.6
0.9090909090909091
0.588235294117647
0.7272727272727272
0.8
0.8750000000000001
0.6
0.75
0.9090909090909091
0.923076923076923
0.42105263157894735
0.7272727272727273
0.6153846153846154
0.0
0.5504587155963303
0.25
0.7777777777777778
0.20000000000000004
0.631578947368421
0.6857142857142857
0.6792452830188679
0.6774193548387097
0.6
0.5555555555555556
0.6666666666666665
0.5
0.7826086956521738
0.8076923076923077
0.6942148760330579
0.6976744186046512
0.9411764705882353
0.7000000000000001
0.3157894736842105
0.3773584905660378
0.5454545454545454
0.7346938775510203
0.5882352941176471
0.770053475935829
0.6588235294117646
0.5454545454545454
0.7272727272727272
0.6666666666666666
0.6153846153846154
0.3333333333333333
0.34782608695652173
0.606060606060606
0.6666666666666666
0.6086956521739131
0.875
0.4761904761904762
0.8888888888888888
0.7692307692307692
0.7636363636363638
0.4761904761904762
0.4615384615384615
0.9225806451612902
0.3636363636363636
0.75
0.8750000000000001
0.6666666666666666
0.6153846153846153
0.5806451612903226
0.4
0.9333333333333333
0.5555555555555556
0.9090909090909091
0.6363636363636365
0.7070707070707072
0.6871165644171779
0.7894736842105262
0.4210526315789474
0.6818181818181818
0.7142857142857143
0.46511627906976744
0.9090909090909091
0.7692307692307692
0.5121951219512195
0.5454545454545455
0.888888888888889
0.5
0.5714285714285715
0.2105263157894737
0.6153846153846153
0.6299212598425198
0.4800000000000001
0.923076923076923
0.7627118644067797
0.6741573033707865
0.45454545454545453
0.689655172413793
0.923076923076923
0.48
0.6486486486486486
0.7516778523489932
0.6256983240223464
0.7272727272727272
0.4772727272727273
0.48000000000000004
0.6461538461538462
0.9411764705882353
0.6185567010309277
0.9166666666666666
0.48
0.7865168539325842
0.5333333333333333
0.861244019138756
0.6857142857142857
0.4615384615384615
0.923076923076923
0.9090909090909091
0.6930693069306931
0.7943262411347517
0.6222222222222222
0.631578947368421
0.5714285714285715
0.923076923076923
0.3333333333333333
0.5217391304347826
0.4897959183673469
0.6666666666666665
0.6292134831460674
0.8571428571428572
0.8333333333333333
0.5714285714285715
0.7260726072607261
0.7058823529411765
0.7636363636363638
0.689655172413793
0.75
0.32
0.7079646017699115
0.47619047619047616
0.6545454545454545
1.0
0.4745762711864407
0.7044025157232704
0.606060606060606
0.6666666666666666
0.5106382978723405
0.6511627906976744
0.631578947368421
0.8333333333333334
0.6486486486486486
0.6428571428571429
0.3773584905660378
0.4123711340206186
0.606060606060606
0.75
0.42857142857142855
0.7636363636363638
0.5263157894736842
0.5806451612903226
0.4347826086956522
0.56
0.8488745980707394
0.8727272727272727
0.6796116504854369
0.7857142857142856
0.8275862068965518
0.6829268292682926
0.9090909090909091
0.576923076923077
0.5714285714285715
0.44776119402985076
0.6990291262135921
0.6666666666666665
0.7692307692307692
0.45454545454545453
0.5714285714285714
0.5
0.5833333333333334
0.7159090909090909
0.6829268292682926
0.9333333333333333
0.4067796610169491
0.6956521739130435
0.8045977011494253
0.6666666666666666
0.631578947368421
0.5714285714285715
0.5555555555555556
0.28571428571428575
0.9523809523809523
0.23076923076923075
0.6486486486486486
0.5853658536585366
0.5675675675675675
0.5714285714285715
0.4615384615384615
0.760806916426513
0.6829268292682926
0.7058823529411764
0.6829268292682926
0.5
0.7088607594936709
0.6086956521739131
0.6511627906976744
0.6
0.8421052631578948
0.9523809523809523
0.5454545454545454
0.8089887640449439
0.5714285714285715
0.676056338028169
0.8536585365853658
0.9411764705882353
0.6486486486486486
0.6666666666666666
0.4000000000000001
0.3125
0.4
0.3
0.5633802816901409
0.606060606060606
0.5925925925925926
0.5882352941176471
0.7407407407407408
0.6
0.5
0.75
0.5405405405405406
0.888888888888889
0.7317073170731706
0.5263157894736842
0.8456375838926175
0.4958677685950413
0.7894736842105262
0.4
0.49411764705882355
0.7017543859649122
0.4
0.5
0.5393258426966293
0.3333333333333333
0.689655172413793
0.6153846153846153
0.5637583892617449
0.923076923076923
0.26086956521739135
0.6451612903225806
1.0
0.7777777777777777
0.5217391304347827
0.8571428571428571
0.7317073170731706
0.6451612903225806
0.6131386861313869
0.6666666666666666
0.5263157894736842
0.5853658536585367
0.7228915662650602
0.45454545454545453
0.7159090909090909
0.5
0.7422680412371134
0.8450704225352113
0.6779661016949152
0.25
0.7368421052631577
0.8571428571428572
0.8275862068965518
0.5
0.6557377049180328
0.6774193548387097
0.42857142857142855
0.6741573033707865
0.7368421052631577
0.6829268292682926
0.7093596059113301
0.3636363636363636
0.4
0.35398230088495575
0.8571428571428571
0.4444444444444445
0.375
0.47058823529411764
0.4444444444444445
0.8653846153846153
0.7567567567567567
0.7058823529411765
0.8333333333333333
0.5128205128205129
0.6250000000000001
0.8450704225352113
0.7368421052631579
0.42857142857142855
0.6666666666666666
0.5263157894736842
0.5
0.4918032786885245
0.6
0.7133757961783439
0.689655172413793
0.8
0.22222222222222224
0.888888888888889
0.45801526717557256
0.7058823529411765
0.5479452054794521
0.6956521739130435
0.6603773584905661
0.7000000000000001
0.6
0.25
0.6549707602339182
0.3692307692307692
0.5
0.5555555555555556
0.7777777777777777
0.5957446808510638
0.6666666666666666
0.4
0.14814814814814814
0.28571428571428575
0.39999999999999997
0.8181818181818181
0.6
0.8181818181818182
0.689655172413793
0.4166666666666667
0.45454545454545453
0.9333333333333333
0.6956521739130435
0.4444444444444445
0.44943820224719094
0.9411764705882353
0.7142857142857143
0.6956521739130435
0.8536585365853658
0.9090909090909091
0.9523809523809523
0.8470588235294118
0.6521739130434783
1.0
0.7078651685393258
0.4615384615384615
0.8421052631578948
0.5971563981042655
0.8888888888888888
0.48
0.8722466960352422
0.7093596059113301
0.48192771084337344
0.674698795180723
0.8659793814432989
0.6603773584905661
0.7407407407407408
0.5217391304347826
0.3333333333333333
0.7547169811320756
0.24
0.375
0.4615384615384615
0.6222222222222222
0.5217391304347826
0.9411764705882353
1.0
0.6451612903225806
0.6451612903225806
0.8461538461538461
0.761904761904762
0.823529411764706
0.823529411764706
0.7792207792207793
0.6486486486486486
0.22222222222222224
0.861244019138756
0.8520710059171598
0.38095238095238093
0.37499999999999994
0.631578947368421
0.8571428571428571
0.8
0.5853658536585367
0.537313432835821
0.5
0.7692307692307692
0.7024390243902439
0.4761904761904762
0.5333333333333333
0.5
0.7446808510638298
0.45454545454545453
0.9090909090909091
0.8695652173913044
0.888888888888889
0.8888888888888888
0.5660377358490566
0.6250000000000001
0.5743589743589744
0.75
0.42857142857142855
0.8044692737430167
0.631578947368421
0.3636363636363636
0.923076923076923
0.6666666666666666
1.0
0.5333333333333333
0.8333333333333333
0.44943820224719094
0.6451612903225806
0.4444444444444444
0.5853658536585366
0.5172413793103448
0.9523809523809523
0.8571428571428571
0.8571428571428571
0.7741935483870969
0.7801418439716311
0.6722689075630253
0.5637583892617449
0.5504587155963303
0.7659574468085106
0.6956521739130435
0.5
0.6562499999999999
0.7058823529411765
0.42857142857142855
0.4166666666666667
0.7272727272727272
0.5853658536585366
0.4166666666666667
0.75
0.8000000000000002
0.7133757961783439
0.5894736842105263
0.8076923076923077
0.4800000000000001
0.5283018867924528
0.5217391304347826
0.6461538461538462
0.6222222222222222
0.5691056910569107
0.7384615384615384
0.5970149253731343
0.5
0.854368932038835
0.7826086956521738
0.7241379310344827
0.8571428571428571
0.6666666666666666
0.7761194029850746
0.42857142857142855
0.4511278195488722
0.9523809523809523
0.9198606271777002
0.8571428571428571
0.7777777777777777
0.7547169811320756
0.8571428571428571
0.5
0.8571428571428571
0.9090909090909091
0.7826086956521738
0.588235294117647
0.7
0.8181818181818182
0.6153846153846153
0.5714285714285713
0.6
0.7692307692307693
0.8294930875576038
0.7706422018348624
0.7741935483870969
0.6956521739130435
0.4444444444444445
0.64
0.816326530612245
0.8571428571428571
0.75
0.6
0.888888888888889
0.37499999999999994
0.7368421052631577
0.576923076923077
0.8333333333333333
0.888888888888889
0.5
0.7927927927927927
0.7777777777777777
0.16
0.42857142857142855
0.27272727272727276
0.8
0.32
0.5874125874125874
0.8571428571428571
0.4411764705882353
0.6666666666666666
0.25
0.5743589743589744
0.26666666666666666
0.6549707602339182
0.5084745762711864
0.875
0.8089887640449439
0.717948717948718
0.33333333333333326
0.5
0.5555555555555556
0.7826086956521738
0.6250000000000001
0.6
0.6153846153846154
0.6122448979591836
0.42857142857142855
0.5
0.7706422018348624
0.64
0.8044692737430167
0.6075949367088608
0.4444444444444444
0.5333333333333333
0.4800000000000001
0.5454545454545454
0.2
0.9565217391304348
0.9160305343511451
0.2608695652173913
0.42857142857142855
0.7516778523489932
0.6829268292682926
0.3636363636363636
0.5217391304347826
0.6176470588235293
0.7792207792207793
0.62882096069869
0.7272727272727272
0.5405405405405405
0.6021505376344085
0.5
1.0
0.23529411764705882
0.5
0.7142857142857143
0.23529411764705882
0.5217391304347826
0.6086956521739131
0.7225806451612904
0.3243243243243243
0.6511627906976744
0.6666666666666666
0.49382716049382713
0.7058823529411765
0.8695652173913044
0.8045977011494253
0.6153846153846154
0.8571428571428571
0.5479452054794521
0.8256880733944955
0.7832167832167831
0.6194690265486726
0.7567567567567567
0.6222222222222222
0.5333333333333333
0.7692307692307692
0.6
0.7133757961783439
0.6666666666666666
0.1875
0.6666666666666665
0.6857142857142857
0.8
0.6666666666666667
0.7017543859649122
0.5333333333333333
0.4444444444444444
0.5833333333333334
0.6176470588235293
0.3582089552238806
0.5714285714285715
0.75
0.4869565217391304
0.8148148148148148
0.875
0.7228915662650602
0.5
0.6666666666666666
0.5084745762711864
0.625
0.8695652173913044
0.6521739130434783
0.631578947368421
0.8333333333333333
0.603448275862069
0.7058823529411765
0.4970414201183432
0.9600000000000001
0.2
0.7894736842105262
0.7544910179640719
0.631578947368421
0.5853658536585366
0.6851211072664359
0.5263157894736842
0.5217391304347827
0.4444444444444445
0.6153846153846153
0.8333333333333334
0.8235294117647058
0.4615384615384615
0.8333333333333333
1.0
0.19047619047619047
0.4210526315789474
0.5581395348837209
0.25
0.7272727272727272
0.8358208955223881
0.4528301886792453
0.16666666666666666
0.36363636363636365
0.7159090909090909
0.7500000000000001
0.5333333333333333
0.25
0.7368421052631577
0.8750000000000001
0.625
0.6122448979591836
0.4615384615384615
0.6521739130434783
0.9333333333333333
0.7999999999999999
1.0
0.6153846153846153
0.770053475935829
0.6451612903225806
0.8333333333333333
0.4301075268817204
0.923076923076923
0.4444444444444444
0.5714285714285715
0.6511627906976744
0.7499999999999999
0.7272727272727272
0.6956521739130435
0.2790697674418604
0.7058823529411765
0.816326530612245
0.8659793814432989
0.4528301886792453
0.7777777777777778
0.7368421052631579
0.625
0.47058823529411764
0.8470588235294118
0.6666666666666666
0.6486486486486486
0.6666666666666665
0.6153846153846153
0.5333333333333333
0.5454545454545454
0.8396946564885497
0.8888888888888888
0.8653846153846153
0.5853658536585366
0.625
0.5
0.7133757961783439
0.6021505376344085
0.5
0.8888888888888888
0.8333333333333334
0.8571428571428571
0.5063291139240506
0.588235294117647
0.4615384615384615
0.5853658536585366
0.7730061349693251
0.5714285714285713
0.6588235294117646
0.7516778523489932
0.7692307692307693
0.7741935483870969
0.47058823529411764
0.7142857142857143
0.8571428571428571
0.4597701149425288
0.6666666666666666
0.5
0.5384615384615384
0.8089887640449439
0.717948717948718
0.625
0.625
0.7999999999999999
0.34782608695652173
0.676056338028169
0.7652173913043478
0.5714285714285715
0.44943820224719094
0.689655172413793
0.6666666666666665
0.7826086956521738
0.48000000000000004
0.8
0.6829268292682926
0.5
1.0
0.26666666666666666
0.6176470588235293
0.8333333333333333
0.5
0.3636363636363636
0.5454545454545454
0.8155339805825242
0.6984126984126984
0.8089887640449439
0.5
0.5333333333333333
0.48780487804878053
0.5675675675675675
0.45454545454545453
0.13333333333333333
0.5714285714285713
0.6194690265486726
0.8000000000000002
0.22222222222222224
0.9473684210526316
0.673076923076923
0.689655172413793
0.7734375
0.5454545454545454
0.5714285714285715
0.888888888888889
0.6153846153846153
0.7887323943661971
0.6075949367088608
0.7142857142857143
0.7407407407407408
0.9090909090909091
0.576923076923077
0.689655172413793
0.6451612903225806
0.3636363636363636
0.7000000000000001
0.4444444444444445
0.888888888888889
0.3636363636363636
0.16666666666666666
0.3448275862068966
0.8333333333333333
0.625
0.6153846153846154
0.761904761904762
0.8461538461538461
0.28571428571428575
0.7200000000000001
0.9473684210526316
0.375
0.5882352941176471
0.5
0.7894736842105262
0.7999999999999999
0.6086956521739131
0.75
0.42857142857142855
0.8450704225352113
0.821917808219178
0.6486486486486486
0.6436781609195402
0.7999999999999999
0.7777777777777778
0.8000000000000002
0.6015037593984961
0.8333333333333333
0.6956521739130435
0.7317073170731706
0.7407407407407408
0.631578947368421
0.9258160237388724
0.6666666666666666
0.5
0.28571428571428575
0.6131386861313869
0.6461538461538462
1.0
0.8235294117647058
0.5989304812834224
0.7974683544303799
0.9090909090909091
0.3157894736842105
0.7826086956521738
0.6382978723404256
0.6511627906976744
0.5217391304347826
0.8571428571428572
0.6194690265486726
0.2891566265060241
0.717948717948718
0.6930693069306931
0.6451612903225806
0.6824644549763033
0.7741935483870969
0.7887323943661971
0.535031847133758
0.6153846153846153
0.75
0.816326530612245
0.5555555555555556
0.6206896551724137
0.5
0.7142857142857142
0.6871165644171779
0.7999999999999999
0.711864406779661
0.7317073170731706
1.0
0.8421052631578948
0.7777777777777777
0.6486486486486486
0.4137931034482759
0.7407407407407408
0.9473684210526316
0.3870967741935484
0.7777777777777777
0.7927927927927927
0.7692307692307692
0.6153846153846154
0.9090909090909091
0.46153846153846156
0.4968944099378882
0.4444444444444445
0.6871165644171779
0.6075949367088608
0.5970149253731343
0.9333333333333333
0.7207207207207208
0.5555555555555556
0.8520710059171598
0.7241379310344827
0.42857142857142855
0.6779661016949152
0.6185567010309277
0.4444444444444444
0.4666666666666667
0.8421052631578948
0.23529411764705882
0.7547169811320756
0.7500000000000001
0.8358208955223881
0.6153846153846153
0.7499999999999999
0.5063291139240506
0.7894736842105262
0.631578947368421
0.4
0.5357142857142858
0.7368421052631577
0.7070707070707072
0.47619047619047616
0.45454545454545453
0.7189542483660131
