0.7017543859649122
0.5468749999999999
0.17142857142857143
0.5
0.27906976744186046
0.7133757961783439
0.29629629629629634
0.8750000000000001
0.4210526315789474
0.842911877394636
0.7943262411347517
0.8181818181818181
0.7058823529411765
0.6
0.3333333333333333
0.6549707602339182
1.0
0.588235294117647
0.4210526315789473
0.25
0.3
0.5194805194805195
0.6666666666666666
0.7162790697674419
0.5333333333333333
0.8
0.30769230769230765
0.6153846153846154
0.6021505376344085
0.42857142857142855
0.7017543859649122
0.3389830508474576
0.47058823529411764
0.6976744186046512
0.4
0.7741935483870969
0.7741935483870969
0.6451612903225806
0.6521739130434783
0.7058823529411765
0.5333333333333333
0.39999999999999997
0.2727272727272727
0.576923076923077
0.19354838709677416
0.5825242718446602
0.34285714285714286
0.21621621621621623
0.3508771929824561
0.8155339805825242
0.5714285714285714
0.8571428571428571
0.603448275862069
0.5357142857142858
0.7272727272727272
0.625
0.6
0.5853658536585366
0.22222222222222224
0.8333333333333334
0.888888888888889
0.7407407407407408
0.717948717948718
0.588235294117647
0.2790697674418604
0.6311475409836065
0.7741935483870969
0.7741935483870969
0.6666666666666666
0.4958677685950413
0.5
0.6666666666666666
0.7741935483870969
0.48192771084337355
0.75
0.5333333333333333
0.5185185185185186
0.7142857142857143
0.7088607594936709
0.4255319148936171
0.674698795180723
0.5714285714285715
0.7272727272727274
0.5217391304347826
0.7636363636363638
0.6666666666666666
0.8155339805825242
0.4
0.5333333333333333
0.7636363636363638
0.5
0.861244019138756
0.7894736842105262
0.509090909090909
0.7547169811320756
0.7692307692307692
0.8
0.7547169811320756
0.5825242718446602
0.7241379310344827
0.7346938775510203
0.4878048780487804
0.8750000000000001
0.42857142857142855
0.6153846153846154
0.7411764705882353
0.8750000000000001
0.5060240963855421
0.6923076923076924
0.7974683544303799
0.3582089552238806
0.634920634920635
0.588235294117647
0.7272727272727272
0.5106382978723405
0.6666666666666666
0.6222222222222222
0.3947368421052631
0.4
0.6176470588235293
0.23529411764705882
0.7142857142857143
0.5405405405405405
0.6194690265486726
0.5217391304347826
0.9333333333333333
0.5333333333333333
0.4444444444444445
0.6268656716417911
0.6021505376344085
0.5882352941176471
0.5
0.6
0.6885245901639345
0.22222222222222224
0.6
0.5714285714285715
0.6818181818181818
0.4597701149425288
0.47058823529411764
0.4166666666666667
0.6666666666666666
0.7317073170731706
0.676056338028169
0.4
0.5
0.4444444444444444
0.45801526717557256
0.5333333333333333
0.5479452054794521
0.3870967741935483
0.7608695652173915
0.38095238095238093
0.8181818181818182
0.6428571428571429
0.4615384615384615
0.6857142857142857
0.48979591836734687
0.6428571428571429
0.35294117647058826
0.5
0.4444444444444445
0.42857142857142855
0.14814814814814814
0.5161290322580646
0.8873239436619719
0.5454545454545454
0.7894736842105262
0.5
0.634920634920635
0.8450704225352113
0.375
0.631578947368421
0.5633802816901409
0.5882352941176471
0.27586206896551724
0.717948717948718
0.5106382978723405
0.6153846153846154
0.5555555555555556
0.25
0.7058823529411765
0.6557377049180328
0.6461538461538462
0.7272727272727272
0.761904761904762
0.7346938775510203
0.5932203389830508
0.5932203389830508
0.8818897637795274
0.38095238095238093
0.5217391304347826
0.6451612903225806
0.5153374233128835
0.4528301886792453
0.6666666666666666
0.6557377049180328
0.4
0.625
0.5555555555555556
0.5874125874125874
0.5263157894736842
0.4210526315789474
0.7317073170731706
0.5333333333333333
0.7741935483870969
0.7241379310344827
0.6666666666666665
0.38709677419354843
0.30769230769230765
0.75
0.4
0.43478260869565216
0.782608695652174
0.5333333333333333
0.7199999999999999
0.8089887640449439
0.375
0.5454545454545454
0.4800000000000001
0.47058823529411764
0.7142857142857142
0.711864406779661
0.689655172413793
0.5882352941176471
1.0
0.7142857142857143
0.25
0.8045977011494253
0.7225806451612904
0.5970149253731343
0.4444444444444445
0.5454545454545454
0.5970149253731343
0.6206896551724137
0.4081632653061225
0.7317073170731706
0.5581395348837209
0.8080808080808082
1.0
0.7241379310344827
0.6666666666666665
0.45454545454545453
0.4528301886792453
0.591549295774648
0.6451612903225806
0.7894736842105262
0.6250000000000001
0.7272727272727272
0.6818181818181818
0.6363636363636365
0.689655172413793
0.4210526315789474
0.5
0.5309734513274336
0.3333333333333333
0.45528455284552843
0.6857142857142857
0.8571428571428571
0.6666666666666666
0.8275862068965518
0.4
0.7058823529411765
0.5714285714285715
0.5882352941176471
0.4444444444444445
0.7272727272727272
0.9090909090909091
0.4615384615384615
0.8
0.6976744186046512
0.6
0.5384615384615384
0.6796116504854369
0.2727272727272727
0.8659793814432989
0.25
0.5825242718446602
0.631578947368421
0.6428571428571429
0.8181818181818181
0.6666666666666666
0.8135593220338982
0.7317073170731706
0.47058823529411764
0.42857142857142855
0.4444444444444445
0.7000000000000001
0.47619047619047616
0.8888888888888888
0.8358208955223881
0.48387096774193544
0.7999999999999999
0.3225806451612903
0.5454545454545454
0.4137931034482759
0.39160839160839167
0.28571428571428575
0.6666666666666667
0.5970149253731343
0.6187845303867403
0.5217391304347826
0.5
0.8235294117647058
0.6
0.3636363636363636
0.7692307692307692
0.25
0.33333333333333337
0.6719999999999999
0.5555555555555556
0.7868852459016394
0.56
0.9333333333333333
0.606060606060606
0.3896103896103896
0.6885245901639345
0.24242424242424243
0.6829268292682926
0.3636363636363636
0.717948717948718
0.6666666666666667
0.7792207792207793
0.6666666666666667
0.47619047619047616
0.9333333333333333
0.7272727272727272
0.7309644670050762
0.7044025157232704
0.6818181818181818
0.25
0.39999999999999997
0.6187845303867403
0.37499999999999994
0.6666666666666665
0.7
0.47058823529411764
0.5853658536585366
0.8333333333333333
0.36363636363636365
0.5194805194805195
0.4210526315789474
0.5263157894736842
0.8571428571428572
0.8235294117647058
0.6961325966850829
0.56
0.631578947368421
0.588235294117647
0.5
0.30769230769230765
0.6153846153846153
0.5714285714285715
0.7058823529411765
0.689655172413793
0.375
0.6
0.8727272727272727
0.3333333333333333
0.5882352941176471
0.5185185185185186
0.7652173913043478
0.6666666666666666
0.8135593220338982
0.42857142857142855
0.7516778523489932
0.923076923076923
0.7317073170731706
0.48979591836734687
0.5714285714285715
0.3636363636363636
0.5454545454545454
0.6451612903225806
0.5594405594405595
0.5263157894736842
0.588235294117647
0.8695652173913044
0.5691056910569107
0.47058823529411764
0.6260869565217392
0.34782608695652173
0.39999999999999997
0.689655172413793
0.3243243243243243
0.25
0.6930693069306931
0.6131386861313869
0.6829268292682926
0.5
0.888888888888889
0.6774193548387097
0.5
0.5384615384615384
0.37499999999999994
0.7368421052631579
0.8333333333333334
0.5714285714285715
0.8450704225352113
0.7407407407407408
0.8750000000000001
0.30769230769230765
0.8155339805825242
0.5882352941176471
0.6153846153846154
0.5106382978723405
0.6461538461538462
0.7499999999999999
0.576923076923077
0.8275862068965518
0.34782608695652173
0.42105263157894735
0.3934426229508196
0.631578947368421
0.5217391304347826
0.5217391304347826
0.2727272727272727
0.7417218543046358
0.7783783783783783
0.410958904109589
0.5517241379310345
0.5217391304347827
0.8181818181818181
0.5555555555555556
0.36363636363636365
0.5
0.6511627906976744
0.6666666666666666
0.674698795180723
0.42857142857142855
0.6
0.6603773584905661
0.7777777777777777
0.7692307692307692
0.4210526315789474
0.8358208955223881
0.4363636363636363
0.8181818181818182
0.7317073170731706
0.6
0.7499999999999999
0.5263157894736842
0.3333333333333333
0.689655172413793
0.7999999999999999
0.6
0.64
0.34285714285714286
0.578512396694215
0.4067796610169491
0.6451612903225806
0.8076923076923077
0.5454545454545454
0.8155339805825242
0.36363636363636365
0.5333333333333333
0.6511627906976744
0.6829268292682926
0.6233766233766234
0.7058823529411765
0.5
0.7407407407407408
0.5
0.4615384615384615
0.5853658536585366
0.3870967741935483
0.5
0.2105263157894737
0.6122448979591836
0.5
0.888888888888889
0.5217391304347826
0.4528301886792453
0.4615384615384615
0.75
0.7024390243902439
0.6153846153846153
0.6222222222222222
0.5675675675675675
0.48
0.20689655172413793
0.3
0.6075949367088608
0.41379310344827586
0.5454545454545454
0.6331658291457287
0.43478260869565216
0.6
0.6722689075630253
0.5
0.75
0.4705882352941177
0.3243243243243243
0.6153846153846154
0.446927374301676
0.4528301886792453
0.34782608695652173
0.6829268292682926
0.47058823529411764
0.4528301886792453
0.6818181818181818
0.6382978723404256
0.6930693069306931
0.2727272727272727
0.689655172413793
0.4615384615384615
0.8333333333333333
0.6976744186046512
0.7407407407407408
0.816326530612245
0.5217391304347827
0.5405405405405406
0.7875
0.588235294117647
0.8496732026143791
0.8333333333333333
0.7659574468085106
0.75
0.5511811023622047
0.8571428571428571
0.5633802816901409
0.3333333333333333
0.6774193548387097
0.923076923076923
0.5691056910569107
0.7346938775510203
0.5454545454545454
0.5333333333333333
0.8873239436619719
0.5517241379310345
0.5233644859813084
0.5128205128205129
0.6
0.9045226130653266
0.4958677685950413
0.4
0.2
0.3333333333333333
0.3333333333333333
0.7499999999999999
0.5714285714285715
0.6741573033707865
0.6
0.5454545454545454
0.26666666666666666
0.45454545454545453
0.5217391304347826
0.4
0.6857142857142857
0.7272727272727272
0.3076923076923077
0.8571428571428571
0.823529411764706
0.5084745762711864
0.7044025157232704
0.631578947368421
0.888888888888889
0.5660377358490566
0.5442176870748299
0.9411764705882353
0.5714285714285713
0.6611570247933884
0.7346938775510203
0.38095238095238093
0.5172413793103449
0.5
0.6
0.6122448979591836
0.4615384615384615
0.7272727272727272
0.3333333333333333
0.7706422018348624
0.8181818181818182
0.689655172413793
0.6666666666666666
0.35714285714285715
0.32
0.5714285714285715
0.30769230769230765
0.8944099378881988
0.21428571428571427
0.7777777777777778
0.7058823529411765
0.5454545454545454
0.375
0.8358208955223881
0.7384615384615384
0.28571428571428575
0.606060606060606
0.816326530612245
0.5468749999999999
0.7943262411347517
0.2857142857142857
0.631578947368421
0.2758620689655173
0.5675675675675675
0.5714285714285715
0.5825242718446602
0.4444444444444445
0.3157894736842105
0.4615384615384615
0.7894736842105262
0.5333333333333333
0.3333333333333333
0.4444444444444444
0.8
0.7636363636363638
0.5555555555555556
0.5555555555555556
0.7894736842105262
0.4897959183673469
0.6956521739130435
0.43478260869565216
0.3157894736842105
0.9090909090909091
0.4444444444444444
0.6428571428571429
0.4545454545454545
0.8155339805825242
0.7692307692307692
0.8750000000000001
0.6666666666666666
0.32876712328767127
0.4444444444444444
0.6666666666666666
1.0
0.5217391304347826
0.7627118644067797
0.7142857142857143
0.7
0.6153846153846153
0.689655172413793
0.4
0.7482993197278911
0.7272727272727273
0.6021505376344085
0.8571428571428572
0.5882352941176471
0.4761904761904762
0.3333333333333333
0.5316455696202531
0.4210526315789474
0.49295774647887325
0.6857142857142857
0.8450704225352113
0.6451612903225806
0.8917197452229298
0.7241379310344827
0.6779661016949152
0.5194805194805195
0.14285714285714288
0.7058823529411765
0.8155339805825242
0.4444444444444445
0.5454545454545454
0.8045977011494253
0.3076923076923077
0.5
0.6549707602339182
0.5
0.6486486486486486
0.6741573033707865
0.6666666666666666
0.5217391304347826
0.3157894736842105
0.5333333333333333
0.6702127659574467
0.4166666666666667
0.35294117647058826
0.3157894736842105
0.6521739130434783
0.846153846153846
0.7567567567567567
0.5714285714285715
0.5555555555555556
0.5454545454545454
0.7
0.46875
0.6021505376344085
0.6956521739130435
0.4225352112676056
0.6857142857142857
0.6
0.6
0.42857142857142855
0.4444444444444445
0.5128205128205129
0.6666666666666666
0.7608695652173915
0.42857142857142855
0.7142857142857143
0.8659793814432989
0.5
0.4444444444444445
0.23076923076923078
0.4444444444444445
0.8456375838926175
0.7547169811320756
0.4615384615384615
0.7200000000000001
0.9090909090909091
0.4
0.6194690265486726
0.42857142857142855
0.7547169811320756
0.5970149253731343
0.2926829268292683
0.4444444444444444
0.6461538461538462
0.25531914893617025
0.75
0.7339449541284404
0.48
0.6451612903225806
0.631578947368421
0.48979591836734687
0.7783783783783783
0.5217391304347826
0.4
0.6382978723404256
0.5853658536585366
0.3934426229508197
0.48979591836734687
0.8730158730158729
0.48979591836734687
0.38709677419354843
0.3296703296703296
0.5263157894736842
0.5106382978723405
0.6306306306306306
0.923076923076923
0.6956521739130435
0.5
0.7272727272727272
0.6666666666666666
0.6451612903225806
0.8571428571428571
0.4444444444444445
0.9473684210526316
0.5853658536585366
0.5217391304347827
0.5882352941176471
0.4615384615384615
0.5
0.6549707602339182
0.3773584905660377
0.5217391304347826
0.8333333333333333
0.7
0.6
0.5063291139240506
0.7272727272727272
0.15384615384615385
0.6810810810810811
0.4615384615384615
0.5
0.7058823529411765
0.5517241379310345
0.49382716049382713
0.380952380952381
0.37499999999999994
0.5
0.770053475935829
0.5
0.47058823529411764
0.3773584905660377
0.6976744186046512
0.5
0.6122448979591836
0.6666666666666666
0.4615384615384615
0.8235294117647058
0.717948717948718
0.75
0.7417218543046358
0.27272727272727276
0.3333333333333333
0.8
0.5
0.6153846153846153
0.4827586206896552
0.7142857142857142
0.28571428571428575
0.5333333333333333
0.5783132530120482
0.8450704225352113
0.35294117647058826
0.47058823529411764
0.16666666666666666
0.5637583892617449
0.6
0.8571428571428571
0.64
0.7272727272727272
0.3243243243243243
0.5454545454545454
0.8571428571428571
0.375
0.45454545454545453
0.42857142857142855
0.26666666666666666
0.634920634920635
0.14285714285714288
0.6818181818181818
0.4000000000000001
0.5555555555555556
0.4444444444444445
0.2758620689655173
0.5454545454545454
0.3278688524590164
0.7999999999999999
0.7516778523489932
0.5714285714285714
0.47058823529411764
0.8187134502923977
0.5882352941176471
0.7272727272727272
0.2608695652173913
0.8358208955223881
0.6857142857142857
0.42857142857142855
0.8659793814432989
0.4878048780487804
0.4
0.6382978723404256
0.7894736842105262
0.42857142857142855
0.782608695652174
0.4444444444444444
0.5153374233128835
0.4615384615384615
0.6666666666666666
0.7407407407407408
0.33333333333333337
0.6829268292682926
0.5263157894736842
0.7058823529411764
0.7499999999999999
0.5
0.6176470588235293
0.6
0.8358208955223881
0.7499999999999999
0.821917808219178
0.7741935483870969
0.4444444444444445
0.48979591836734687
0.9166666666666666
0.7652173913043478
0.43478260869565216
0.8571428571428572
0.5806451612903226
0.634920634920635
0.6562499999999999
0.5853658536585366
0.5217391304347826
0.35294117647058826
0.8
0.7741935483870969
0.5882352941176471
0.5333333333333333
0.4444444444444445
0.5333333333333333
0.5714285714285715
0.7547169811320756
0.3333333333333333
0.588235294117647
0.3333333333333333
0.5714285714285715
0.48387096774193544
0.5084745762711864
0.4
0.7659574468085107
0.4800000000000001
0.27272727272727276
0.7832167832167831
0.41379310344827586
0.46511627906976744
0.3333333333333333
0.7317073170731706
0.6260869565217392
0.9333333333333333
0.7142857142857143
0.48
0.689655172413793
0.5217391304347827
0.578512396694215
0.16666666666666666
0.7
0.8421052631578948
0.5625000000000001
0.392156862745098
0.35294117647058826
0.47058823529411764
0.4444444444444444
0.7792207792207793
0.8256880733944955
0.47058823529411764
0.5581395348837209
0.5217391304347826
0.5333333333333333
0.6201550387596899
0.4395604395604396
0.6666666666666666
0.48979591836734687
0.75
0.5714285714285714
0.4210526315789474
0.5
0.7000000000000001
0.6250000000000001
0.6818181818181818
0.46875
0.2857142857142857
0.7241379310344827
0.4137931034482759
0.4615384615384615
0.6176470588235293
0.5
0.6153846153846153
0.7974683544303799
0.7692307692307692
0.8450704225352113
0.5419354838709678
0.7346938775510203
0.588235294117647
0.8155339805825242
0.42857142857142855
0.6666666666666666
0.7951807228915662
0.7368421052631577
0.6153846153846153
0.47058823529411764
0.6885245901639345
0.7228915662650602
0.8076923076923077
0.34285714285714286
0.6666666666666666
0.4444444444444444
0.631578947368421
0.7547169811320756
0.9473684210526316
0.2727272727272727
0.7368421052631577
0.7384615384615384
0.6
0.42857142857142855
0.4210526315789474
0.576923076923077
0.6101694915254238
0.8571428571428571
0.5333333333333333
0.39999999999999997
0.5989304812834224
0.8659793814432989
0.5633802816901409
0.4347826086956522
0.2
0.6250000000000001
0.8
0.674698795180723
0.45161290322580644
0.5714285714285714
0.5970149253731343
0.625
0.761904761904762
0.6956521739130435
0.8333333333333333
1.0
0.7499999999999999
0.6122448979591836
0.5333333333333333
0.5714285714285715
0.6942148760330579
0.5581395348837209
0.5970149253731343
0.6923076923076923
0.6
0.4166666666666667
0.6176470588235293
0.5194805194805195
0.25
0.5714285714285715
0.6741573033707865
0.6666666666666666
0.4
0.8
0.4705882352941177
0.6060606060606061
0.4
0.4958677685950413
0.5454545454545454
0.6382978723404256
0.9333333333333333
0.75
0.7741935483870969
0.4301075268817204
0.923076923076923
0.47058823529411764
0.30769230769230765
0.19047619047619047
0.3708609271523179
0.5454545454545454
0.9166666666666666
0.4166666666666667
0.4444444444444445
0.761904761904762
0.22222222222222224
0.6
0.6
0.5263157894736842
0.5970149253731343
0.43636363636363634
0.5555555555555556
0.7999999999999999
0.6829268292682926
0.631578947368421
0.4827586206896552
0.7741935483870969
0.5714285714285715
0.5581395348837209
0.6153846153846154
0.6521739130434783
0.7142857142857143
0.36363636363636365
0.6363636363636365
0.6885245901639345
0.7200000000000001
0.6666666666666666
0.8571428571428571
0.6666666666666666
0.6306306306306306
0.25
0.48780487804878053
0.5970149253731343
0.591549295774648
0.823529411764706
0.46979865771812085
0.816326530612245
0.3582089552238806
0.7547169811320756
0.5714285714285715
0.7272727272727272
0.9090909090909091
0.6956521739130435
0.6
0.823529411764706
0.7272727272727272
0.7792207792207793
0.7058823529411765
0.6666666666666666
0.5333333333333333
0.7692307692307692
0.9090909090909091
0.5217391304347826
0.6923076923076924
0.5925925925925926
0.6153846153846153
0.6050420168067226
0.8873239436619719
0.5333333333333333
0.37499999999999994
0.7943262411347517
0.4210526315789474
0.8076923076923077
0.8235294117647058
0.5333333333333333
0.6
0.923076923076923
0.5454545454545454
0.923076923076923
0.4210526315789474
0.6363636363636364
0.46511627906976744
0.5405405405405406
0.6461538461538462
0.6666666666666665
0.5106382978723405
0.5714285714285715
0.4615384615384615
0.3076923076923077
0.5
0.47058823529411764
0.5263157894736842
0.7306273062730628
0.6451612903225806
0.5714285714285715
0.4705882352941177
0.6461538461538462
0.8944099378881988
0.6666666666666665
0.6666666666666666
0.7304347826086957
0.19047619047619047
0.6871165644171779
0.64
0.48192771084337355
0.631578947368421
0.48979591836734687
0.4444444444444445
0.6930693069306931
0.3703703703703704
0.6562499999999999
0.7058823529411764
0.7730061349693251
0.6666666666666666
0.6422018348623854
0.7692307692307692
0.7272727272727272
0.7058823529411765
0.8
0.7466666666666666
0.5555555555555556
0.603448275862069
0.48979591836734687
0.47619047619047616
0.6603773584905661
0.48
0.9166666666666666
0.28571428571428575
0.36363636363636365
0.6268656716417911
0.3333333333333333
0.48
0.42857142857142855
0.7466666666666666
0.7272727272727273
0.5833333333333334
1.0
0.5555555555555556
0.5714285714285715
0.47058823529411764
0.8333333333333333
0.4
0.4444444444444445
0.4615384615384615
0.5217391304347826
0.5633802816901409
0.3870967741935483
0.5526315789473685
0.711864406779661
0.39999999999999997
0.30769230769230765
0.6140350877192982
0.6153846153846153
0.5607476635514019
0.7058823529411765
0.47058823529411764
0.576923076923077
0.588235294117647
0.48780487804878053
0.7000000000000001
0.6857142857142857
0.5714285714285715
0.6131386861313869
0.6486486486486486
0.7058823529411764
0.5656565656565655
0.4363636363636363
0.631578947368421
0.5
0.2857142857142857
0.5714285714285715
0.47058823529411764
0.2608695652173913
0.5853658536585366
0.7368421052631577
0.631578947368421
0.816326530612245
0.45454545454545453
0.761904761904762
0.410958904109589
0.4958677685950413
0.375
0.6593406593406592
0.9523809523809523
0.5217391304347827
0.7894736842105262
0.4347826086956522
0.8571428571428572
0.6451612903225806
0.5
0.7547169811320756
0.923076923076923
0.8275862068965518
0.6331658291457287
0.5405405405405406
0.4
0.5714285714285715
0.48387096774193544
0.6557377049180328
0.9
0.4444444444444445
0.6666666666666666
0.19047619047619047
0.5714285714285715
0.2033898305084746
0.5
0.5925925925925926
0.7317073170731706
0.30769230769230765
0.923076923076923
0.631578947368421
0.4210526315789474
0.4958677685950413
0.8358208955223881
0.6222222222222222
0.44776119402985076
0.7974683544303799
0.375
0.5263157894736842
0.6562499999999999
0.47619047619047616
0.923076923076923
0.6
0.380952380952381
0.6486486486486486
0.48780487804878053
0.5714285714285715
0.6666666666666666
0.631578947368421
0.6818181818181818
0.8571428571428572
0.29411764705882354
0.3157894736842105
0.375
0.2285714285714286
0.38095238095238093
0.5853658536585366
0.7516778523489932
0.6382978723404256
0.6
0.6818181818181818
0.588235294117647
0.8571428571428572
0.7058823529411765
0.375
0.17391304347826086
0.48
0.689655172413793
0.6923076923076924
0.8536585365853658
0.5454545454545454
0.7017543859649122
0.48
0.5
0.576923076923077
0.6779661016949152
0.6
0.75
0.6666666666666666
0.4444444444444444
0.48387096774193544
0.6666666666666665
0.5357142857142858
0.6299212598425198
0.761904761904762
0.4444444444444444
0.6666666666666666
0.48387096774193544
0.75
0.2105263157894737
0.6250000000000001
0.5970149253731343
0.7516778523489932
0.17391304347826086
0.7826086956521738
0.8000000000000002
0.761904761904762
0.8000000000000002
0.6306306306306306
0.7142857142857143
0.7547169811320756
0.7272727272727272
0.8421052631578948
0.7887323943661971
0.6824644549763033
0.6666666666666665
0.6666666666666666
0.4444444444444444
0.6666666666666665
0.625
0.6292134831460674
0.6818181818181818
0.7706422018348624
0.5454545454545454
0.6545454545454545
0.6719999999999999
0.5555555555555556
0.9333333333333333
0.47619047619047616
0.7446808510638298
0.5504587155963303
0.6060606060606061
0.5454545454545454
0.6666666666666666
0.7088607594936709
0.6176470588235293
0.7142857142857143
0.34782608695652173
0.5490196078431373
0.5714285714285715
0.7894736842105262
1.0
0.591549295774648
0.8456375838926175
0.5555555555555556
0.8750000000000001
0.8235294117647058
0.7826086956521738
0.6857142857142857
0.6306306306306306
0.3636363636363636
0.8695652173913044
0.8571428571428571
0.7792207792207793
0.8
0.30769230769230765
0.8888888888888888
0.7547169811320756
0.5555555555555556
0.2962962962962963
0.34285714285714286
0.6829268292682926
0.47619047619047616
0.5
0.689655172413793
0.7887323943661971
0.5217391304347826
0.4000000000000001
0.5217391304347827
0.9
0.43636363636363634
0.6666666666666666
0.7128712871287128
0.28571428571428575
0.34782608695652173
0.5436893203883495
0.43795620437956206
0.5581395348837208
0.8275862068965518
0.7706422018348624
0.4970414201183432
0.625
0.5
0.5555555555555556
0.631578947368421
0.5882352941176471
0.5
0.4444444444444445
0.6153846153846154
0.5172413793103449
0.2105263157894737
0.5714285714285715
0.5084745762711864
0.631578947368421
0.5333333333333333
0.3529411764705882
0.26666666666666666
0.6481481481481481
0.6885245901639345
0.6702127659574467
0.3157894736842105
0.5333333333333333
0.8076923076923077
0.34285714285714286
0.7567567567567567
0.6666666666666666
0.6153846153846154
0.6131386861313869
0.7317073170731706
0.4528301886792453
0.2
0.7608695652173915
0.5555555555555556
0.6260869565217392
0.7159090909090909
0.6382978723404256
0.3
0.48979591836734687
0.6829268292682926
0.7499999999999999
0.823529411764706
0.9523809523809523
0.3333333333333333
0.4166666666666667
0.8076923076923077
0.28571428571428575
0.5511811023622047
0.5
0.8041237113402062
0.4615384615384615
0.7333333333333334
0.5333333333333333
0.38709677419354843
0.8275862068965518
0.6990291262135921
0.39999999999999997
0.7499999999999999
0.375
0.4615384615384615
0.6779661016949152
0.6153846153846153
0.6515837104072398
0.7317073170731706
0.9090909090909091
0.3870967741935483
0.16666666666666666
0.2857142857142857
0.8045977011494253
0.28571428571428575
0.5581395348837209
0.8000000000000002
0.7927927927927927
0.6461538461538462
0.7272727272727272
0.3636363636363636
0.9411764705882353
0.75
0.761904761904762
0.5797101449275363
0.7058823529411764
0.4800000000000001
0.6
0.5454545454545454
0.6
0.6451612903225806
0.6
0.7368421052631577
0.34285714285714286
0.34285714285714286
0.3636363636363636
0.380952380952381
0.5333333333333333
0.6829268292682926
0.7894736842105262
0.6
0.8
0.6666666666666666
0.6666666666666666
0.6511627906976744
0.6146341463414634
0.75
0.6588235294117646
0.6666666666666666
0.8695652173913044
0.5106382978723405
0.583941605839416
0.410958904109589
0.4615384615384615
0.7999999999999999
0.631578947368421
0.6569343065693432
0.5217391304347826
0.8750000000000001
0.5263157894736842
0.6
0.5
0.5714285714285715
0.22222222222222224
0.5263157894736842
0.2222222222222222
0.588235294117647
0.1818181818181818
0.717948717948718
0.6666666666666666
0.6
0.9565217391304348
0.6
0.588235294117647
0.6666666666666666
0.23529411764705882
0.25
0.4
0.7652173913043478
0.7777777777777778
0.842911877394636
0.3076923076923077
0.5
0.9090909090909091
0.5333333333333333
0.5217391304347826
0.6666666666666666
0.6101694915254238
0.6666666666666665
0.3243243243243243
0.7368421052631577
0.689655172413793
0.6521739130434783
0.3636363636363636
0.7000000000000001
0.5233644859813084
0.5217391304347826
0.608695652173913
0.5714285714285715
0.7499999999999999
0.717948717948718
0.8333333333333333
0.42857142857142855
0.3703703703703704
0.75
0.3703703703703704
0.6395939086294417
0.30769230769230765
0.606060606060606
0.8450704225352113
0.4210526315789474
0.4897959183673469
0.5
0.5957446808510638
0.5106382978723405
0.42857142857142855
0.7741935483870969
0.49382716049382713
0.8659793814432989
0.47058823529411764
0.5
0.5970149253731343
0.4615384615384615
0.5714285714285715
0.4242424242424242
1.0
0.5714285714285715
0.5555555555555556
0.8
0.923076923076923
0.5555555555555556
0.7228915662650602
0.5106382978723405
0.7407407407407408
0.5714285714285715
0.4615384615384615
0.6086956521739131
0.7741935483870969
0.5555555555555556
0.4958677685950413
0.6412213740458015
0.631578947368421
0.3636363636363636
0.3636363636363636
0.5581395348837208
0.6
0.5555555555555556
0.4054054054054054
0.7088607594936709
0.380952380952381
0.606060606060606
0.48000000000000004
0.6233766233766234
0.42857142857142855
0.35294117647058826
0.588235294117647
0.4210526315789474
0.6395939086294417
0.7417218543046358
0.7446808510638298
0.4411764705882353
0.375
0.5333333333333333
0.5
0.6766917293233083
0.3636363636363636
0.48780487804878053
0.5714285714285715
0.7058823529411765
0.5714285714285715
0.4
0.7133757961783439
0.4444444444444445
0.5
0.5970149253731343
0.375
0.7692307692307692
0.7692307692307693
0.28571428571428575
0.6779661016949152
0.5
0.888888888888889
0.4
0.2926829268292683
0.8294930875576038
0.380952380952381
0.6666666666666666
0.3636363636363636
0.6562499999999999
0.5
0.43636363636363634
0.7368421052631579
0.5333333333333333
0.9090909090909091
0.3582089552238806
0.5263157894736842
0.5217391304347827
0.7058823529411765
0.23529411764705882
0.634920634920635
0.47058823529411764
0.4
0.5
0.5581395348837209
0.7058823529411764
0.28571428571428575
0.6666666666666666
0.608695652173913
0.588235294117647
0.7531380753138075
0.6000000000000001
0.5714285714285715
0.5797101449275363
0.380952380952381
0.7058823529411765
0.6857142857142857
0.7636363636363638
0.761904761904762
0.5333333333333333
0.7133757961783439
0.8944099378881988
0.8421052631578948
0.28571428571428575
0.7272727272727274
0.9473684210526316
0.631578947368421
0.5172413793103449
0.30769230769230765
0.4444444444444444
0.6422018348623854
0.8421052631578948
0.3037974683544304
0.4255319148936171
0.22222222222222224
0.7368421052631577
0.5
0.42857142857142855
0.5882352941176471
0.6956521739130435
0.28571428571428575
0.7017543859649122
0.923076923076923
0.7241379310344827
0.6829268292682926
0.7058823529411765
0.44943820224719094
0.631578947368421
0.4421052631578948
0.4615384615384615
0.7000000000000001
0.6545454545454545
0.5
0.45652173913043476
0.5
0.25
0.5882352941176471
0.5263157894736842
0.6486486486486486
0.6451612903225806
0.6930693069306931
0.5263157894736842
0.6
0.4
0.5217391304347827
0.4705882352941177
0.875
0.8
0.4444444444444445
0.8045977011494253
0.7241379310344827
0.7044025157232704
0.631578947368421
0.4615384615384615
0.5333333333333333
0.9
0.6818181818181818
0.4444444444444444
0.8
0.7887323943661971
0.5454545454545454
0.4444444444444444
0.6
0.6481481481481481
0.5106382978723405
1.0
0.606060606060606
0.3636363636363636
0.30769230769230765
0.634920634920635
0.816326530612245
0.7368421052631579
0.8750000000000001
0.7407407407407408
0.6666666666666666
0.6666666666666666
0.3243243243243243
0.7241379310344827
0.6306306306306306
0.7142857142857143
0.6
0.47058823529411764
0.823529411764706
0.6086956521739131
0.5853658536585366
0.576923076923077
0.5
0.5
0.606060606060606
0.8247422680412372
0.6122448979591836
0.7407407407407408
0.24000000000000002
0.38834951456310685
0.7384615384615384
0.8235294117647058
0.7070707070707072
0.5853658536585366
0.3846153846153846
0.5517241379310344
0.47058823529411764
0.7272727272727273
0.875
0.5333333333333333
0.6363636363636364
0.7547169811320756
0.8571428571428572
0.6549707602339182
0.9473684210526316
0.5333333333333333
0.7272727272727272
0.5691056910569107
0.5454545454545454
0.5454545454545454
0.43478260869565216
0.38095238095238093
0.6557377049180327
0.7999999999999999
0.8181818181818182
0.6486486486486486
0.4444444444444445
0.42857142857142855
0.6461538461538462
0.6153846153846153
0.588235294117647
0.8333333333333333
0.7407407407407408
0.7142857142857143
0.5637583892617449
0.7894736842105262
0.5970149253731343
0.6511627906976744
0.4
0.7225806451612904
0.7692307692307693
0.2857142857142857
0.6
0.46153846153846156
0.1875
0.9090909090909091
0.4
0.6153846153846154
0.5714285714285715
0.7499999999999999
0.6153846153846154
0.5853658536585366
0.30769230769230765
0.7999999999999999
0.1818181818181818
0.6575342465753425
0.4210526315789474
0.6153846153846154
0.5333333333333333
0.41379310344827586
0.75
0.1142857142857143
0.5
0.4800000000000001
0.4444444444444445
0.5797101449275363
0.5185185185185186
0.4210526315789474
0.6666666666666666
0.6557377049180328
0.5825242718446602
0.7792207792207793
0.5714285714285714
0.5
0.4166666666666667
0.6086956521739131
0.48
0.6666666666666666
0.5714285714285715
0.7692307692307693
0.6666666666666666
0.38709677419354843
0.5970149253731343
0.25
0.5333333333333333
0.7142857142857143
0.4
0.43636363636363634
0.9090909090909091
0.7058823529411765
0.8750000000000001
0.6153846153846153
0.8333333333333333
0.676056338028169
0.7783783783783783
0.75
0.3
0.5970149253731343
0.5454545454545454
0.5172413793103449
0.5333333333333333
0.625
0.5333333333333333
0.8333333333333333
0.5
0.6666666666666666
0.5970149253731343
0.4347826086956522
0.42857142857142855
0.6666666666666667
0.43478260869565216
0.9090909090909091
0.6451612903225806
0.47058823529411764
0.3076923076923077
0.689655172413793
0.3
0.5454545454545454
0.761904761904762
0.5333333333333333
0.5217391304347826
0.711864406779661
0.761904761904762
0.25
0.6153846153846154
0.625
0.46511627906976744
0.673076923076923
0.5581395348837208
0.689655172413793
0.46052631578947373
0.823529411764706
0.25000000000000006
0.5
0.48780487804878053
0.8076923076923077
0.8333333333333334
0.8
0.4
0.4
0.631578947368421
0.75
0.6363636363636364
0.8296296296296296
0.7142857142857143
0.7499999999999999
0.5
0.8750000000000001
0.30769230769230765
0.6511627906976744
0.7636363636363638
0.5
0.5504587155963303
0.7636363636363638
0.41379310344827586
1.0
0.4
0.28571428571428575
0.38709677419354843
0.7142857142857143
0.4
0.7304347826086957
0.4137931034482759
0.8089887640449439
0.6153846153846153
0.6889952153110048
0.25
0.761904761904762
0.64
0.6187845303867403
0.5714285714285715
0.37499999999999994
0.75
0.9523809523809523
0.6521739130434783
0.5825242718446602
0.43478260869565216
0.4210526315789474
0.7368421052631577
0.6885245901639345
0.2727272727272727
0.816326530612245
0.8365019011406845
0.7466666666666666
0.7692307692307692
0.7058823529411765
0.5333333333333333
0.6666666666666666
0.1818181818181818
0.888888888888889
0.28571428571428575
0.3333333333333333
0.7272727272727273
