0.36363636363636365
0.7368421052631577
0.4137931034482759
0.5405405405405405
0.5
0.8
0.3333333333333333
0.8275862068965517
0.7058823529411765
0.8333333333333333
0.5
0.6153846153846154
0.8571428571428571
0.6666666666666666
0.75
0.5454545454545454
0.5084745762711864
0.6666666666666666
0.689655172413793
0.4615384615384615
0.6930693069306931
0.7272727272727273
0.6616541353383457
0.6250000000000001
0.8818897637795274
0.9473684210526316
0.6741573033707865
0.4528301886792453
0.9333333333333333
0.8344370860927153
0.588235294117647
0.9600000000000001
0.5
0.5714285714285713
0.6116504854368933
0.689655172413793
0.6299212598425198
0.8296296296296296
0.3
0.4615384615384615
0.7875
0.5714285714285715
0.8
0.6787878787878787
0.7563025210084034
0.923076923076923
0.8333333333333334
0.9
0.37499999999999994
0.8571428571428571
0.8876080691642652
0.7028753993610224
0.5172413793103449
0.8181818181818182
0.9473684210526316
0.6153846153846153
0.4615384615384615
0.8
0.7974683544303799
0.923076923076923
0.8695652173913043
0.5714285714285714
0.9166666666666666
0.7407407407407408
0.6885245901639345
0.6787878787878787
0.8045977011494253
0.4444444444444445
0.6153846153846153
0.5
0.676923076923077
1.0
0.535031847133758
0.3902439024390244
0.49382716049382713
0.5
0.8358208955223881
0.8089887640449439
0.5714285714285715
0.7070707070707072
0.6
0.6666666666666666
0.7792207792207793
0.35398230088495575
0.6131386861313869
0.5
0.5555555555555556
0.8659793814432989
0.6885245901639345
0.7304347826086957
0.631578947368421
0.6
0.42857142857142855
0.8
0.8235294117647058
0.875
0.46153846153846156
0.6549707602339182
0.8571428571428572
0.7999999999999999
0.6829268292682926
0.48387096774193544
0.6306306306306306
0.5479452054794521
0.5454545454545454
0.689655172413793
0.761904761904762
0.861244019138756
0.5263157894736842
0.5633802816901409
0.888888888888889
0.588235294117647
0.5454545454545454
0.4444444444444444
0.7516778523489932
0.7929515418502203
0.823529411764706
0.7999999999999999
0.576923076923077
0.5172413793103449
0.6153846153846153
0.4444444444444444
0.6741573033707865
0.5932203389830508
0.6521739130434783
0.6829268292682926
0.5714285714285715
0.721311475409836
0.608695652173913
0.46875
0.6779661016949152
0.75
0.5
0.8333333333333333
0.6451612903225806
0.7407407407407408
0.761904761904762
0.606060606060606
0.3076923076923077
0.9333333333333333
0.5882352941176471
0.5128205128205129
0.7999999999999999
0.7636363636363638
0.5691056910569107
0.7142857142857143
0.6545454545454545
0.7516778523489932
0.6666666666666666
0.47058823529411764
0.3947368421052631
0.26666666666666666
0.7407407407407408
0.8256880733944955
0.4067796610169491
0.5063291139240506
0.5217391304347826
0.26666666666666666
0.4640883977900553
0.49079754601226994
0.8470588235294118
0.7766990291262137
0.4137931034482759
0.5853658536585366
0.7
0.7241379310344827
0.7741935483870969
0.5263157894736842
0.8181818181818182
0.816326530612245
0.8297872340425532
0.5
0.5333333333333333
0.5555555555555556
0.6666666666666666
1.0
0.689655172413793
0.44776119402985076
0.7547169811320756
0.861878453038674
0.6268656716417911
0.6153846153846154
0.816326530612245
0.48
0.6666666666666666
0.728744939271255
0.5454545454545454
0.9090909090909091
0.7058823529411765
0.7777777777777777
0.5333333333333333
0.7792207792207793
0.7346938775510203
0.7887323943661971
0.5989304812834224
0.6818181818181818
0.7
0.7058823529411765
0.6719999999999999
0.5
0.7741935483870969
0.6779661016949152
0.7927927927927927
0.7407407407407408
0.6486486486486486
0.8571428571428571
1.0
0.4210526315789474
0.7272727272727273
0.5
0.6545454545454545
0.5454545454545454
0.900990099009901
0.7272727272727272
0.9230769230769231
0.5874125874125874
0.27272727272727276
0.7417218543046358
0.888888888888889
0.6486486486486486
0.6557377049180328
0.6306306306306306
0.8296296296296296
0.8646288209606987
0.8571428571428571
0.5333333333333333
0.6153846153846154
0.5333333333333333
0.5333333333333333
0.6666666666666666
0.6131386861313869
0.25
0.6666666666666665
0.6810810810810811
0.27906976744186046
0.7857142857142856
0.4444444444444444
0.7070707070707072
0.923076923076923
0.4666666666666666
0.4444444444444444
0.7407407407407408
0.7142857142857143
0.6153846153846153
0.26666666666666666
0.7741935483870969
0.6666666666666666
0.9333333333333333
0.6562499999999999
0.45161290322580644
0.5714285714285715
0.5
0.816326530612245
0.8333333333333334
0.631578947368421
0.38709677419354843
0.8823529411764706
0.6961325966850829
0.8450704225352113
0.6792452830188679
0.5454545454545454
0.5555555555555556
0.46875
0.5
0.576923076923077
0.5333333333333333
0.631578947368421
0.6
0.6486486486486486
0.7058823529411765
0.7142857142857143
0.9090909090909091
0.577319587628866
0.770053475935829
0.28235294117647064
0.6449511400651466
0.6666666666666666
0.6902654867256637
0.761904761904762
0.7927927927927927
0.46511627906976744
0.6774193548387097
0.6116504854368933
0.47058823529411764
0.45454545454545453
0.5263157894736842
0.8470588235294118
0.8571428571428571
0.6588235294117646
0.6942148760330579
0.5714285714285715
0.4444444444444444
0.6666666666666665
0.8421052631578948
0.2790697674418604
0.75
0.5
0.5217391304347826
0.5637583892617449
0.7692307692307693
0.75
0.7826086956521738
0.7777777777777778
0.5853658536585366
0.4528301886792453
0.8391608391608392
0.5283018867924528
1.0
0.888888888888889
0.631578947368421
0.3333333333333333
0.8294930875576038
0.8873239436619719
0.9
0.7317073170731706
0.8275862068965518
0.8155339805825242
1.0
0.5714285714285713
0.6057692307692307
0.46153846153846156
0.631578947368421
0.8
0.634920634920635
0.5
0.8888888888888888
0.7142857142857143
1.0
0.7368421052631577
0.6
0.4210526315789474
0.5714285714285713
0.6930693069306931
0.5
0.6562499999999999
0.4528301886792453
0.625
0.43478260869565216
0.3157894736842105
0.576923076923077
0.6923076923076923
0.5109489051094891
0.625
0.5714285714285714
0.625
0.4
0.5714285714285715
0.5106382978723405
0.8148148148148148
0.36363636363636365
0.6549707602339182
0.43636363636363634
0.7766990291262137
0.816326530612245
0.6451612903225806
0.7159090909090909
0.5333333333333333
0.634920634920635
0.5263157894736842
0.8456375838926175
0.34285714285714286
0.41666666666666663
0.7499999999999999
0.8108108108108107
0.5970149253731343
0.6666666666666666
0.4444444444444444
0.5555555555555556
0.5333333333333333
0.6605504587155964
0.380952380952381
0.6779661016949152
0.6222222222222222
0.8470588235294118
0.6824644549763033
0.4970414201183432
0.5882352941176471
0.8000000000000002
0.5581395348837209
0.6451612903225806
0.34782608695652173
0.5783132530120482
0.6666666666666666
0.8571428571428571
0.7058823529411765
0.5803108808290155
0.888888888888889
0.6451612903225806
0.717948717948718
0.47058823529411764
0.75
0.5
0.7826086956521738
0.7384615384615384
0.4615384615384615
0.8000000000000002
0.8000000000000002
0.7516778523489932
0.47619047619047616
0.6829268292682926
0.7133757961783439
0.7516778523489932
0.8456375838926175
0.923076923076923
0.6666666666666666
0.46153846153846156
0.6122448979591836
0.6
0.717948717948718
0.4864864864864864
0.30769230769230765
0.9523809523809523
0.44943820224719094
0.75
0.923076923076923
0.7133757961783439
0.6521739130434783
0.8602150537634408
0.7325581395348836
0.4444444444444445
0.5
0.7476635514018691
0.7133757961783439
0.9166666666666666
0.631578947368421
0.6542056074766356
0.48192771084337344
0.5161290322580646
0.770053475935829
0.5333333333333333
0.7058823529411765
0.75
0.5436893203883495
0.9090909090909091
0.9473684210526316
0.7407407407407408
0.47058823529411764
0.5581395348837209
0.6153846153846154
0.606060606060606
0.6153846153846154
0.6
0.8488745980707394
0.770053475935829
0.7777777777777778
0.3243243243243243
0.5957446808510638
0.8450704225352113
0.8
0.64
0.8421052631578948
0.888888888888889
0.6412213740458015
0.8496732026143791
0.689655172413793
0.5660377358490566
0.7128712871287128
0.1904761904761905
0.25
0.6666666666666666
0.7516778523489932
0.375
0.45801526717557256
0.6666666666666666
0.7476635514018691
0.816326530612245
0.5
0.8695652173913044
0.46153846153846156
0.5633802816901409
0.4528301886792453
0.7943262411347517
0.888888888888889
0.7000000000000001
0.4411764705882353
0.7272727272727274
0.6575342465753425
0.6451612903225806
0.861244019138756
0.2926829268292683
0.41666666666666663
0.6363636363636365
0.8722466960352422
0.8988764044943819
0.6299212598425198
0.6292134831460674
0.6451612903225806
0.6363636363636364
0.6956521739130435
0.7567567567567567
0.782608695652174
0.691358024691358
0.6779661016949152
0.5882352941176471
0.8818897637795274
0.5333333333333333
0.7058823529411765
0.4411764705882353
0.5454545454545454
0.7368421052631577
0.588235294117647
0.7696793002915452
0.5263157894736842
0.5
0.6666666666666666
0.689655172413793
0.923076923076923
0.5
0.4210526315789474
0.6395939086294417
0.4511278195488722
0.75
0.5714285714285715
0.6796116504854369
0.5454545454545454
0.7058823529411765
0.9473684210526316
0.8333333333333333
0.5384615384615384
0.5217391304347826
0.75
0.8
0.7241379310344827
0.5581395348837209
0.8044692737430167
0.32
0.625
0.634920634920635
0.6153846153846153
0.6787878787878787
0.7384615384615384
0.6122448979591836
0.7133757961783439
0.7999999999999999
0.6666666666666666
0.5874125874125874
0.6086956521739131
0.6719999999999999
0.6412213740458015
0.4444444444444445
0.4
0.6412213740458015
0.375
0.6666666666666665
0.6
0.6728971962616823
0.7317073170731706
0.35294117647058826
0.888888888888889
0.6666666666666665
0.5
0.8520710059171598
0.7317073170731706
0.7636363636363638
0.8571428571428571
0.625
0.6
0.3529411764705882
0.888888888888889
0.823529411764706
0.6666666666666665
0.6515837104072398
0.8450704225352113
0.7133757961783439
0.7133757961783439
0.4615384615384615
0.7317073170731706
0.6666666666666667
0.7088607594936709
0.75
0.6515837104072398
0.7058823529411764
0.588235294117647
0.4166666666666667
0.7692307692307693
0.7636363636363638
0.6153846153846153
0.6857142857142857
0.8818897637795274
0.5
0.4
0.8510638297872342
0.6363636363636364
0.47619047619047616
0.6930693069306931
0.7207207207207208
0.7199999999999999
0.7894736842105262
0.4444444444444445
0.9411764705882353
0.43478260869565216
0.7777777777777778
0.8089887640449439
0.9411764705882353
0.9
0.4210526315789474
0.375
0.7272727272727273
0.8333333333333333
0.7964601769911505
0.7272727272727272
0.8
0.7058823529411765
0.6666666666666666
0.8275862068965518
0.7058823529411765
0.4395604395604396
0.6666666666666667
0.676056338028169
0.6741573033707865
0.8510638297872342
0.4615384615384615
0.5454545454545454
0.8256880733944955
0.717391304347826
0.676056338028169
0.689655172413793
0.39999999999999997
0.631578947368421
0.4137931034482759
0.7058823529411765
0.6857142857142857
0.5555555555555556
0.8722466960352422
0.823529411764706
0.6331658291457287
0.8750000000000001
0.7826086956521738
0.606060606060606
0.5333333333333333
0.3529411764705882
0.7272727272727273
0.5
0.8646288209606987
0.3116883116883117
0.5
0.4444444444444444
0.7241379310344827
0.25
0.5
0.7999999999999999
0.4
0.26666666666666666
0.5555555555555556
0.888888888888889
0.5333333333333333
0.6976744186046512
0.9230769230769231
0.6666666666666666
0.6486486486486486
0.7000000000000001
0.5714285714285715
0.9090909090909091
0.6101694915254238
0.75
0.923076923076923
0.8983957219251337
0.923076923076923
0.691358024691358
0.7692307692307692
0.8450704225352113
0.5714285714285715
0.7741935483870969
0.7773851590106008
0.5714285714285715
0.4444444444444445
0.36363636363636365
0.5833333333333334
0.7
0.8296296296296296
0.672782874617737
0.6
0.9090909090909091
0.4705882352941177
0.5714285714285715
0.1875
0.5
0.3529411764705882
0.6666666666666666
0.5217391304347826
0.6222222222222222
0.3529411764705882
0.4
0.5263157894736842
0.634920634920635
0.5714285714285715
0.9166666666666666
0.7142857142857142
0.7777777777777778
0.5209302325581395
0.6486486486486486
0.7692307692307692
0.8695652173913043
0.6486486486486486
0.5714285714285715
0.5
0.8296296296296296
0.8181818181818182
0.6233766233766234
0.4000000000000001
0.5970149253731343
0.3692307692307692
0.8421052631578948
0.6122448979591836
0.8888888888888888
0.20689655172413796
0.5637583892617449
0.5517241379310344
0.6461538461538462
0.7547169811320756
0.9473684210526316
0.7692307692307692
0.7777777777777777
0.6956521739130435
0.8
0.9285714285714286
0.7636363636363638
0.689655172413793
0.45454545454545453
0.7446808510638298
0.6741573033707865
0.8181818181818182
0.6
0.6857142857142857
0.3333333333333333
0.5555555555555556
0.410958904109589
0.823529411764706
0.8730158730158729
0.2926829268292683
0.3333333333333333
0.4444444444444445
0.6666666666666666
0.5675675675675675
0.6779661016949152
0.5
0.9032258064516129
0.8571428571428571
0.9045226130653266
0.9090909090909091
0.7692307692307692
0.6153846153846153
0.5185185185185186
0.5714285714285715
0.5853658536585366
0.5454545454545454
1.0
0.588235294117647
0.6666666666666666
0.5562913907284769
0.42857142857142855
0.6896551724137931
0.7272727272727273
0.7943262411347517
0.8695652173913043
1.0
0.6338028169014085
0.4137931034482759
0.5743589743589744
0.7272727272727272
0.7951807228915662
0.7887323943661971
0.375
0.631578947368421
0.88
0.43956043956043955
0.625
0.7777777777777778
0.5714285714285713
0.4000000000000001
0.4
0.962962962962963
0.7567567567567567
0.7058823529411764
0.6
0.6176470588235293
0.6871165644171779
0.6382978723404256
0.47058823529411764
0.4
0.7159090909090909
0.770053475935829
0.6486486486486486
0.48
0.7241379310344827
0.8571428571428571
0.588235294117647
0.6976744186046512
0.7317073170731706
0.7317073170731706
0.8053691275167787
0.5
0.75
0.8987654320987654
0.7368421052631577
0.6956521739130435
0.7264150943396226
0.5
0.7988826815642458
0.7142857142857143
0.6153846153846153
0.5333333333333333
0.7706422018348624
0.30769230769230765
1.0
0.6666666666666666
0.5581395348837209
0.7499999999999999
0.5
0.5384615384615384
0.6956521739130435
0.6603773584905661
0.9090909090909091
0.9090909090909091
0.6
0.75
0.375
0.634920634920635
0.5825242718446602
0.689655172413793
0.6153846153846153
0.7792207792207793
0.5454545454545454
0.5333333333333333
0.3773584905660378
0.8571428571428571
0.588235294117647
0.4
0.6256983240223464
0.6666666666666666
0.8421052631578948
0.689655172413793
0.8536585365853658
0.6666666666666665
0.6511627906976744
0.823529411764706
0.7088607594936709
0.7741935483870969
0.8076923076923077
0.7499999999999999
0.8750000000000001
0.5454545454545454
0.4615384615384615
0.8333333333333333
0.842911877394636
0.5555555555555556
0.6233766233766235
0.631578947368421
0.3636363636363636
0.3636363636363636
0.9523809523809523
0.728744939271255
0.7031250000000001
0.689655172413793
0.42857142857142855
0.75
0.5833333333333334
0.3
0.6666666666666666
0.5263157894736842
0.3529411764705882
0.39999999999999997
0.9166666666666666
0.75
0.5932203389830508
0.47058823529411764
0.6
0.7826086956521738
0.6611570247933884
0.5925925925925926
0.5504587155963303
0.5454545454545454
0.6956521739130435
0.5989304812834224
0.3947368421052631
0.7636363636363638
0.5
0.9090909090909091
0.4000000000000001
0.5581395348837208
0.6422018348623854
0.7766990291262137
0.5
0.5970149253731343
0.689655172413793
0.7407407407407408
0.6666666666666665
0.6666666666666666
0.761904761904762
0.4210526315789474
0.7801418439716311
0.7272727272727272
0.816326530612245
0.816326530612245
0.8181818181818182
0.48780487804878053
0.631578947368421
0.8571428571428571
0.5217391304347826
0.5
0.6666666666666666
1.0
0.6436781609195402
0.7773851590106008
0.6824644549763033
0.5217391304347826
0.7058823529411765
0.578512396694215
0.5217391304347826
0.7329842931937172
0.36923076923076925
0.0
0.7368421052631579
0.7766990291262137
0.7777777777777778
0.5714285714285715
0.7741935483870969
0.7272727272727272
0.8000000000000002
0.7860262008733625
0.6666666666666666
0.5
0.588235294117647
0.4411764705882353
0.7142857142857143
0.5925925925925926
0.5454545454545454
0.6153846153846154
0.47058823529411764
0.6222222222222222
0.6885245901639345
0.7142857142857143
0.5405405405405405
0.631578947368421
0.8235294117647058
0.6
0.3773584905660378
0.8571428571428571
0.875
0.5333333333333333
0.5185185185185186
0.6382978723404256
0.5970149253731343
0.4347826086956522
0.7368421052631577
0.4444444444444445
0.5384615384615384
0.8818897637795274
0.5405405405405405
0.4225352112676056
0.8
0.7407407407407408
0.8256880733944955
0.0
0.7407407407407408
0.761904761904762
0.9523809523809523
0.7741935483870969
0.35294117647058826
0.7368421052631577
0.5454545454545454
0.48000000000000004
0.7466666666666666
0.8571428571428572
0.9198606271777002
0.770053475935829
0.7317073170731706
0.7164179104477612
0.75
0.6666666666666666
0.34782608695652173
0.6956521739130435
0.5633802816901409
0.4615384615384615
0.7088607594936709
0.9090909090909091
0.7058823529411765
0.816326530612245
0.39215686274509803
0.8
0.888888888888889
0.5882352941176471
0.4081632653061225
0.6299212598425198
0.8256880733944955
0.7199999999999999
0.7999999999999999
0.8461538461538461
0.8333333333333334
1.0
0.6666666666666666
0.8764940239043824
0.9090909090909091
0.3
0.4444444444444445
1.0
0.4444444444444445
0.24
0.5217391304347826
0.5384615384615384
0.535031847133758
0.7368421052631577
0.8045977011494253
0.5637583892617449
0.6363636363636364
1.0
0.75
0.4255319148936171
0.6719999999999999
0.39999999999999997
0.7407407407407408
0.586046511627907
0.5454545454545454
0.6818181818181818
0.8062015503875969
0.689655172413793
0.7832167832167831
0.6666666666666665
0.631578947368421
0.5714285714285713
0.4615384615384615
0.35294117647058826
0.37974683544303806
0.8571428571428571
0.7999999999999999
0.380952380952381
0.6
0.689655172413793
0.75
0.3243243243243243
0.4363636363636363
0.8520710059171598
0.5874125874125874
0.7368421052631577
0.5454545454545454
0.6666666666666666
0.6122448979591836
0.39999999999999997
0.22222222222222224
0.5
0.3333333333333333
0.8
0.7706422018348624
0.5
0.47058823529411764
0.8333333333333334
0.5517241379310345
0.7999999999999999
0.5
0.6043165467625898
0.8333333333333333
0.5454545454545454
0.4545454545454545
0.8695652173913043
0.4
0.25
0.6666666666666665
0.6187845303867403
0.8247422680412372
0.8520710059171598
0.3333333333333333
0.962962962962963
0.8344370860927153
0.576923076923077
0.6
0.8
0.5714285714285713
0.9166666666666666
0.8333333333333333
0.7777777777777778
0.7368421052631579
0.576923076923077
0.8000000000000002
0.38834951456310685
0.7258064516129034
0.6774193548387097
0.8044692737430167
1.0
0.7133757961783439
0.6666666666666666
0.5
0.5599999999999999
0.6562499999999999
0.7058823529411764
0.631578947368421
0.674698795180723
0.8155339805825242
0.6021505376344085
0.7567567567567567
0.6779661016949152
0.6292134831460674
0.4444444444444444
0.39999999999999997
0.42857142857142855
0.6787878787878787
0.594059405940594
0.7929515418502203
0.6666666666666667
0.4210526315789474
0.5263157894736842
0.9166666666666666
0.6741573033707865
0.888888888888889
0.6222222222222222
0.47058823529411764
0.6451612903225806
0.5555555555555556
0.4615384615384615
0.8750000000000001
0.5989304812834224
0.8818897637795274
0.7058823529411765
0.8358208955223881
0.7692307692307692
0.9090909090909091
0.46875
0.4255319148936171
0.8666666666666666
0.7058823529411765
1.0
0.75
0.9473684210526316
0.5714285714285715
0.9166666666666666
0.6086956521739131
0.4528301886792453
0.875
0.8456375838926175
0.888888888888889
0.7333333333333333
0.5714285714285715
0.728744939271255
1.0
0.5714285714285715
0.4444444444444445
0.38709677419354843
0.4067796610169491
0.4444444444444445
0.6666666666666667
0.6511627906976744
0.7272727272727272
0.4307692307692308
0.7142857142857143
0.5853658536585366
0.624113475177305
0.8470588235294118
0.888888888888889
0.6666666666666666
0.28571428571428575
0.39999999999999997
0.7384615384615384
0.5555555555555556
0.5263157894736842
0.6666666666666666
0.6666666666666666
0.6603773584905661
0.3846153846153846
0.8421052631578948
0.5
0.5555555555555556
0.6666666666666665
0.9230769230769231
0.4999999999999999
0.7017543859649122
0.7216494845360825
0.5647058823529412
1.0
0.6956521739130435
0.47619047619047616
0.34285714285714286
0.8536585365853658
0.923076923076923
0.7446808510638298
0.9473684210526316
0.9523809523809523
0.5194805194805195
0.6829268292682926
0.717948717948718
0.5
0.908256880733945
0.47244094488188976
0.5333333333333333
0.5714285714285715
0.6588235294117646
0.6666666666666666
0.5436893203883495
0.6153846153846153
0.8358208955223881
0.6363636363636365
0.5194805194805195
0.5384615384615384
0.7894736842105262
0.7783783783783783
0.5172413793103449
0.5957446808510638
0.7000000000000001
0.6451612903225806
0.861244019138756
0.6666666666666666
0.30769230769230765
0.689655172413793
0.7692307692307692
0.5714285714285714
0.7272727272727273
0.7999999999999999
0.7466666666666666
0.46511627906976744
0.761904761904762
1.0
0.9045226130653266
0.9333333333333333
0.7567567567567567
0.7586206896551724
0.19047619047619047
0.6075949367088608
0.504201680672269
0.4444444444444445
0.717948717948718
0.8198757763975155
0.5217391304347826
0.7133757961783439
0.5194805194805195
0.8
0.8235294117647058
0.6666666666666666
0.9090909090909091
0.7133757961783439
0.4444444444444445
0.5454545454545454
0.6511627906976744
0.608695652173913
0.6461538461538462
0.6122448979591836
0.7761194029850746
0.7024390243902439
0.7741935483870969
0.8319327731092436
0.5809128630705394
0.5419354838709678
0.5675675675675675
0.4
0.6250000000000001
0.7272727272727272
0.689655172413793
0.7272727272727272
0.8461538461538461
0.6666666666666666
0.588235294117647
0.6666666666666666
0.8358208955223881
0.5454545454545454
0.5333333333333333
0.7000000000000001
0.6
0.3333333333333333
0.6521739130434783
0.9473684210526316
0.888888888888889
0.36363636363636365
0.5633802816901409
0.606060606060606
0.7578947368421053
0.8571428571428571
0.7692307692307693
0.9523809523809523
0.4210526315789474
0.6
0.6
0.375
0.8
0.42857142857142855
0.7741935483870969
0.6588235294117646
0.47058823529411764
0.8
0.2222222222222222
0.7766990291262137
0.6451612903225806
0.6666666666666666
0.7777777777777778
0.5714285714285713
0.4444444444444445
0.8536585365853658
0.8076923076923077
0.7875
0.5714285714285715
0.42857142857142855
0.7199999999999999
0.4
0.7843137254901961
0.9281767955801106
0.6829268292682926
0.8461538461538461
0.5
0.625
0.5479452054794521
0.38095238095238093
0.7317073170731706
0.5121951219512195
0.8818897637795274
0.42857142857142855
0.6666666666666666
0.6511627906976744
0.5263157894736842
0.5581395348837209
0.47058823529411764
0.4958677685950413
0.380952380952381
0.8181818181818181
0.5384615384615384
0.5263157894736842
0.7070707070707072
0.5743589743589744
0.6451612903225806
0.5333333333333333
0.5263157894736842
0.3636363636363636
0.821917808219178
0.6
1.0
0.7615384615384616
0.7241379310344827
0.4794520547945205
0.47619047619047616
0.8333333333333333
0.8341232227488152
0.8421052631578948
0.689655172413793
0.5405405405405405
0.7272727272727272
0.5581395348837208
0.7692307692307692
0.4210526315789474
0.25
0.48000000000000004
0.5128205128205129
0.6889952153110048
0.6486486486486486
0.6666666666666666
0.4210526315789474
0.39999999999999997
0.7058823529411765
0.3333333333333333
0.7929515418502203
0.6871165644171779
0.5
0.5185185185185186
0.30769230769230765
0.4444444444444444
0.9473684210526316
0.5172413793103449
0.7070707070707072
0.7563025210084034
0.4
0.8571428571428571
0.75
0.6
0.6857142857142857
0.48000000000000004
0.43636363636363634
0.608695652173913
0.6486486486486486
0.3703703703703704
0.6666666666666667
0.9565217391304348
0.7003891050583658
0.42857142857142855
0.6666666666666665
0.9
0.689655172413793
0.6222222222222222
0.888888888888889
1.0
0.8045977011494253
0.8461538461538461
0.6222222222222222
0.6382978723404256
0.2962962962962963
0.7384615384615384
0.6871165644171779
0.64
0.49557522123893805
0.7272727272727272
0.7741935483870969
0.75
0.34782608695652173
0.6961325966850829
0.7659574468085106
0.3636363636363636
0.4210526315789474
0.9090909090909091
0.7407407407407408
0.48
0.9
0.6153846153846154
0.7241379310344827
0.9411764705882353
0.42857142857142855
0.5063291139240506
0.8571428571428571
0.5
0.5106382978723405
0.7228915662650602
0.8695652173913043
0.42857142857142855
0.5405405405405405
0.3870967741935483
0.47619047619047616
0.7241379310344827
0.6666666666666665
0.6
0.7636363636363638
0.42857142857142855
0.8695652173913044
0.7943262411347517
0.8
0.6268656716417911
0.7142857142857143
0.8
0.7407407407407408
0.4800000000000001
0.888888888888889
0.8695652173913044
0.48192771084337344
0.7058823529411765
0.8571428571428571
0.504201680672269
0.4444444444444445
0.6412213740458015
0.34285714285714286
0.761904761904762
1.0
0.8
0.42857142857142855
0.6666666666666666
0.5172413793103449
0.8000000000000002
0.6250000000000001
0.6766917293233083
0.761904761904762
0.6256983240223464
0.4444444444444445
0.3333333333333333
0.6857142857142857
0.7943262411347517
0.4444444444444445
0.6
0.6837606837606838
0.7142857142857143
0.5517241379310345
0.4301075268817204
0.5555555555555556
0.6779661016949152
0.5714285714285715
0.9333333333333333
0.7384615384615384
0.7058823529411765
0.7659574468085106
0.5945945945945945
0.5
0.5853658536585366
0.7142857142857143
0.3448275862068966
0.7594936708860761
0.8659793814432989
0.5825242718446602
0.5555555555555556
0.7272727272727272
0.7777777777777778
0.4210526315789474
0.5333333333333333
0.631578947368421
0.8450704225352113
0.5714285714285715
0.5217391304347826
0.6515837104072398
0.8520710059171598
0.7792207792207793
0.36363636363636365
0.4615384615384615
0.7894736842105262
0.8080808080808082
0.7832167832167831
0.6153846153846153
0.34782608695652173
0.6956521739130435
0.6122448979591836
0.5194805194805195
0.7706422018348624
0.923076923076923
0.5714285714285714
0.9411764705882353
0.41666666666666663
0.6021505376344085
0.6857142857142857
0.7777777777777778
0.6140350877192982
0.34782608695652173
0.861244019138756
0.8076923076923077
0.5263157894736842
0.40268456375838935
0.5714285714285713
0.9
0.34782608695652173
0.7272727272727272
0.43795620437956206
0.7692307692307692
0.8250000000000001
0.8235294117647058
0.5217391304347826
0.6930693069306931
1.0
0.6766917293233083
0.17142857142857143
0.6871165644171779
0.7894736842105262
0.6666666666666666
0.26666666666666666
0.689655172413793
0.5263157894736842
0.861244019138756
0.34782608695652173
0.7017543859649122
0.5
0.6956521739130435
0.4772727272727273
0.5555555555555556
0.5333333333333333
0.5607476635514019
0.7317073170731706
0.4255319148936171
0.7228915662650602
0.7142857142857143
0.9411764705882353
0.8450704225352113
0.4615384615384615
0.6666666666666665
0.46783625730994155
1.0
0.761904761904762
0.888888888888889
0.7500000000000001
0.8058608058608059
0.673076923076923
0.816326530612245
0.7741935483870969
0.6792452830188679
0.5217391304347826
0.9411764705882353
0.5
0.43636363636363634
0.75
0.6451612903225806
0.5714285714285715
0.7272727272727273
0.7272727272727272
0.6153846153846153
0.6176470588235293
0.7692307692307692
0.7894736842105262
0.8000000000000002
0.6702127659574467
0.8173374613003097
0.5853658536585367
0.792079207920792
0.6481481481481481
0.7228915662650602
0.6
0.8275862068965518
0.6857142857142857
0.6666666666666665
0.3157894736842105
0.5714285714285713
0.6818181818181818
0.9333333333333333
0.8421052631578948
0.6666666666666666
0.56
0.689655172413793
0.47619047619047616
0.5333333333333333
0.5106382978723405
0.8108108108108107
0.7407407407407408
0.631578947368421
0.8571428571428572
0.923076923076923
0.23529411764705882
0.6250000000000001
0.5161290322580646
0.6741573033707865
0.5384615384615384
0.6666666666666666
0.689655172413793
0.5333333333333333
0.48387096774193544
0.3636363636363636
0.792079207920792
0.7692307692307693
0.923076923076923
0.7943262411347517
0.7272727272727272
0.3333333333333333
0.631578947368421
0.6
0.4210526315789474
0.7272727272727273
0.7832167832167831
0.6666666666666666
0.5803108808290155
0.7241379310344827
0.8000000000000002
0.7142857142857143
0.7692307692307692
0.8289855072463768
0.8000000000000002
0.6666666666666666
1.0
0.5
0.6588235294117646
0.576923076923077
0.8571428571428571
0.6122448979591836
0.5714285714285715
0.6792452830188679
0.24242424242424243
0.6810810810810811
0.6486486486486486
0.6666666666666666
0.8076923076923077
0.7741935483870969
0.4761904761904762
0.6666666666666666
0.6829268292682926
0.9473684210526316
0.6829268292682926
0.6976744186046512
1.0
0.5
0.7602339181286549
1.0
0.8470588235294118
1.0
0.15384615384615385
0.8750000000000001
0.6122448979591836
0.7777777777777778
0.30769230769230765
0.854368932038835
0.7547169811320756
0.9473684210526316
0.8695652173913043
0.7093596059113301
0.7272727272727272
0.634920634920635
0.36363636363636365
0.6486486486486486
0.7826086956521738
0.5233644859813084
0.47058823529411764
0.6486486486486486
0.5714285714285715
0.6451612903225806
0.29268292682926833
0.8181818181818182
0.6486486486486486
0.6787878787878787
0.9090909090909091
1.0
0.6666666666666666
0.6666666666666666
0.6557377049180328
0.4918032786885245
0.8450704225352113
0.5714285714285715
0.7241379310344827
0.7894736842105262
0.15384615384615383
0.6666666666666666
0.923076923076923
0.6923076923076924
0.588235294117647
0.4897959183673469
0.7777777777777778
0.7999999999999999
0.7887323943661971
0.47058823529411764
0.49382716049382713
0.7826086956521738
0.728744939271255
0.7272727272727272
0.9128630705394191
0.46153846153846156
0.7272727272727272
0.6666666666666665
0.4137931034482759
0.4
0.38709677419354843
0.7746478873239436
0.4745762711864407
0.8
0.5989304812834224
0.9473684210526316
0.8695652173913043
0.7088607594936709
0.9523809523809523
0.7466666666666666
0.7865168539325842
0.5
0.8135593220338982
0.5714285714285715
1.0
0.631578947368421
0.591549295774648
0.7291666666666666
0.5555555555555556
0.75
0.5594405594405595
0.18181818181818182
0.88
0.9333333333333333
0.44943820224719094
0.8571428571428572
0.8571428571428571
0.25000000000000006
0.6363636363636364
0.9090909090909091
0.7306273062730628
0.1818181818181818
0.576923076923077
0.5
0.606060606060606
0.46875
0.5
0.8888888888888888
1.0
0.8571428571428571
0.56
0.6829268292682926
0.8450704225352113
0.5405405405405406
0.6666666666666666
0.6666666666666666
0.29629629629629634
0.7508532423208191
0.7272727272727272
0.8
0.8155339805825242
0.75
0.6666666666666666
0.49777777777777776
0.5333333333333333
0.5
0.6857142857142857
0.5874125874125874
0.823529411764706
0.6412213740458015
0.588235294117647
0.9
0.6818181818181818
0.8888888888888888
0.5294117647058824
0.5454545454545454
0.6000000000000001
0.631578947368421
0.4615384615384615
0.8676056338028169
0.7
0.4528301886792453
0.923076923076923
0.6603773584905661
0.606060606060606
0.48000000000000004
0.5714285714285713
0.8659793814432989
0.6412213740458015
0.6
0.6140350877192982
0.8333333333333333
0.6122448979591836
0.9473684210526316
0.6666666666666666
0.6486486486486486
0.537313432835821
0.6575342465753425
0.47058823529411764
0.7534246575342466
0.8571428571428571
0.8450704225352113
0.6511627906976744
0.4666666666666666
0.8333333333333333
0.7407407407407408
0.6358381502890174
0.631578947368421
0.62882096069869
0.7446808510638298
0.3636363636363636
0.7407407407407408
0.5714285714285715
0.5
0.5454545454545454
0.6666666666666666
0.5
0.8944099378881988
0.47619047619047616
0.588235294117647
0.5333333333333333
0.5333333333333333
0.7974683544303799
0.7000000000000001
0.4545454545454546
0.5333333333333333
0.6451612903225806
0.4444444444444444
1.0
0.8
0.8
0.9230769230769231
0.6666666666666666
0.7730061349693251
0.7272727272727272
0.7777777777777778
0.577319587628866
0.631578947368421
0.7843137254901961
0.37499999999999994
0.4
0.5555555555555556
0.8873239436619719
0.6185567010309277
0.15384615384615383
0.5263157894736842
0.4
0.8235294117647058
0.8365019011406845
0.5
0.6787878787878787
0.7822222222222223
0.7999999999999999
0.5633802816901409
0.7741935483870969
0.689655172413793
0.9473684210526316
0.7999999999999999
0.8235294117647058
0.5405405405405405
0.6666666666666665
0.5454545454545454
0.588235294117647
0.5333333333333333
0.859504132231405
0.9
0.7499999999999999
0.7999999999999999
0.36363636363636365
0.5333333333333333
0.5647058823529412
0.6824644549763033
0.8089887640449439
0.7058823529411764
0.36363636363636365
0.6666666666666666
0.4081632653061225
0.45454545454545453
0.6363636363636365
0.8155339805825242
0.7317073170731706
0.7241379310344827
0.5333333333333333
0.8181818181818182
0.7272727272727273
0.8602150537634408
1.0
0.5454545454545454
0.5874125874125874
0.625
0.721311475409836
0.7
0.6666666666666666
0.5217391304347826
0.5309734513274336
0.5882352941176471
0.3835616438356164
0.3157894736842105
0.5263157894736842
0.711864406779661
0.7142857142857143
0.6741573033707865
0.5333333333333333
0.15789473684210528
0.888888888888889
0.6741573033707865
0.9523809523809523
0.6131386861313869
0.8659793814432989
0.8181818181818182
0.7241379310344827
0.4067796610169491
0.6451612903225806
1.0
0.923076923076923
0.8988764044943819
0.5714285714285715
0.48
0.6306306306306306
0.7943262411347517
0.7317073170731706
0.5
0.6292134831460674
0.32
0.588235294117647
0.5714285714285715
0.8818897637795274
0.6666666666666666
0.6976744186046512
0.5217391304347826
0.888888888888889
1.0
0.6666666666666666
0.47058823529411764
0.7272727272727272
0.6666666666666665
0.75
0.6451612903225806
0.5691056910569107
0.5
0.5714285714285715
0.689655172413793
0.6176470588235293
0.6306306306306306
0.6857142857142857
0.6086956521739131
0.9523809523809523
0.49411764705882355
0.6521739130434783
0.8155339805825242
0.7741935483870969
0.6824644549763033
0.8135593220338982
0.6787878787878787
0.6666666666666665
0.7741935483870969
0.5714285714285715
0.5714285714285713
0.7088607594936709
0.689655172413793
0.56
0.13953488372093023
0.9090909090909091
0.6779661016949152
0.6666666666666666
0.8016194331983806
0.7159090909090909
0.5853658536585367
0.875
0.7773851590106008
0.5581395348837208
0.5263157894736842
0.5333333333333333
0.9600000000000001
0.9090909090909091
0.5714285714285714
0.4615384615384615
0.48000000000000004
0.6
0.4
0.6250000000000001
0.1875
0.689655172413793
0.4137931034482759
0.7058823529411765
0.6666666666666666
0.4395604395604396
0.7500000000000001
0.6153846153846154
0.888888888888889
0.7070707070707072
0.6818181818181818
0.6382978723404256
0.75
0.396039603960396
0.634920634920635
0.4497991967871486
0.5308056872037915
0.7368421052631579
0.761904761904762
0.625
0.5454545454545454
0.5970149253731343
0.6885245901639345
0.3947368421052631
0.606060606060606
0.6666666666666666
0.5882352941176471
0.75
0.5217391304347827
0.7508532423208191
0.5714285714285715
0.761904761904762
0.923076923076923
0.9333333333333333
0.8358208955223881
0.3333333333333333
0.4
0.7058823529411765
0.5109489051094891
0.5479452054794521
0.8000000000000002
0.42424242424242425
0.6666666666666666
0.7142857142857143
0.7832167832167831
0.5333333333333333
0.3870967741935483
0.6486486486486486
0.7058823529411764
0.26666666666666666
0.7500000000000001
0.7826086956521738
0.7272727272727272
0.6153846153846153
0.6412213740458015
0.816326530612245
0.8
0.8450704225352113
0.8695652173913044
0.5063291139240506
0.6666666666666666
0.4444444444444445
0.7826086956521738
0.8695652173913043
0.46153846153846156
0.6857142857142857
0.5217391304347826
0.888888888888889
0.42857142857142855
0.5882352941176471
0.576923076923077
0.7407407407407408
0.8470588235294118
0.8333333333333333
0.8520710059171598
0.7093596059113301
0.5
0.5454545454545454
0.7692307692307692
0.7999999999999999
0.7133757961783439
0.634920634920635
0.4000000000000001
0.7567567567567567
1.0
0.606060606060606
0.5
0.6942148760330579
0.9523809523809523
0.9411764705882353
0.5217391304347826
0.7384615384615384
0.7773851590106008
0.5106382978723405
0.6741573033707865
0.6666666666666666
0.43298969072164945
0.7317073170731706
0.6222222222222222
0.7258064516129034
0.4123711340206186
0.36363636363636365
0.5853658536585366
0.7894736842105262
0.6666666666666665
0.7868852459016394
0.42857142857142855
0.4444444444444444
0.5217391304347826
0.761904761904762
0.9333333333333333
0.8659793814432989
0.8396946564885497
0.7692307692307692
0.6666666666666666
0.6722689075630253
0.888888888888889
0.5454545454545454
0.9128630705394191
0.6666666666666666
0.5263157894736842
0.7384615384615384
0.8461538461538461
0.6930693069306931
0.6947368421052633
0.16666666666666666
0.75
0.5357142857142858
0.3636363636363636
0.5714285714285715
0.5637583892617449
0.717948717948718
0.6
0.9045226130653266
0.5714285714285713
0.5274725274725274
1.0
0.7692307692307692
0.7466666666666666
0.6153846153846153
0.8181818181818181
0.47058823529411764
0.7547169811320756
0.7058823529411765
0.8536585365853658
0.8294930875576038
0.6930693069306931
0.5555555555555556
0.5628140703517589
0.7516778523489932
0.375
0.6306306306306306
0.8944099378881988
0.5172413793103449
0.816326530612245
0.9090909090909091
0.3
0.7142857142857142
0.7659574468085106
0.4444444444444445
0.8470588235294118
0.5
0.4597701149425288
0.6666666666666666
0.3243243243243243
0.5714285714285714
0.7692307692307693
0.6545454545454545
0.6956521739130435
0.6176470588235293
0.7741935483870969
0.8000000000000002
0.4411764705882353
0.6666666666666666
0.8155339805825242
0.9411764705882353
0.3333333333333333
0.6666666666666667
0.2857142857142857
0.375
0.5263157894736842
0.7741935483870969
0.6206896551724138
0.875
0.75
0.8421052631578948
0.5714285714285715
0.7272727272727272
0.7777777777777777
0.7142857142857143
0.3
0.47058823529411764
0.5833333333333334
0.582995951417004
0.6774193548387097
0.816326530612245
0.5333333333333333
0.18181818181818182
0.576923076923077
0.6451612903225806
0.44943820224719094
0.8727272727272727
0.7659574468085106
0.689655172413793
0.8181818181818181
0.48780487804878053
0.4
0.4444444444444445
0.45454545454545453
0.8224299065420562
0.6185567010309277
0.770053475935829
0.6956521739130435
0.7894736842105262
0.7317073170731706
0.36363636363636365
0.6923076923076923
0.7368421052631577
0.9045226130653266
0.5217391304347827
0.8571428571428571
0.8155339805825242
0.823529411764706
0.9090909090909091
0.8358208955223881
0.7999999999999999
0.5333333333333333
0.761904761904762
0.5
0.5405405405405405
0.816326530612245
0.5714285714285715
0.4
0.6871165644171779
0.689655172413793
0.9090909090909091
0.6702127659574467
0.7407407407407408
0.6666666666666667
0.7547169811320756
0.7058823529411765
0.5
0.5217391304347827
0.4210526315789474
0.6666666666666666
0.4
0.6666666666666666
0.8135593220338982
0.6511627906976744
0.8695652173913043
0.36363636363636365
0.5925925925925927
0.6428571428571429
0.717948717948718
0.6222222222222222
0.23529411764705882
0.6250000000000001
0.5714285714285715
0.9333333333333333
0.8181818181818182
0.761904761904762
0.7674418604651163
0.7241379310344827
0.47619047619047616
0.30769230769230765
0.761904761904762
0.7777777777777777
0.4210526315789474
0.3636363636363636
0.888888888888889
0.6260869565217392
0.9090909090909091
0.5633802816901409
0.6486486486486486
0.5925925925925926
0.5797101449275363
0.8333333333333333
1.0
0.5555555555555556
0.7783783783783783
0.9411764705882353
0.6043165467625898
0.7887323943661971
0.4
0.39999999999999997
0.42553191489361697
0.3333333333333333
0.875
0.7368421052631577
0.47619047619047616
0.8450704225352113
0.5599999999999999
0.5479452054794521
0.6343612334801763
1.0
0.5185185185185186
0.7368421052631577
0.6194690265486726
0.9523809523809523
0.9333333333333333
0.578512396694215
0.5194805194805195
0.9166666666666666
0.6
0.42857142857142855
0.816326530612245
0.6153846153846154
0.6829268292682926
0.6666666666666666
0.7407407407407408
0.3692307692307692
0.7466666666666666
0.5882352941176471
0.6774193548387097
0.7659574468085107
0.5454545454545454
0.9045226130653266
0.8275862068965518
0.8235294117647058
0.4615384615384615
0.4615384615384615
0.9333333333333333
0.9090909090909091
0.631578947368421
0.8044692737430167
0.25
0.7272727272727272
0.7567567567567567
0.7586206896551724
0.75
0.2926829268292683
0.47058823529411764
0.6666666666666666
0.816326530612245
0.8659793814432989
0.8818897637795274
0.6515837104072398
0.7241379310344827
0.5490196078431373
0.8181818181818182
0.634920634920635
0.4705882352941177
0.9258160237388724
0.9333333333333333
0.761904761904762
0.7692307692307692
0.5714285714285715
0.6050420168067226
0.591549295774648
0.5333333333333333
0.9090909090909091
0.6818181818181818
0.4210526315789474
0.7407407407407408
0.823529411764706
0.6766917293233083
0.4615384615384615
0.48000000000000004
0.5970149253731343
0.8000000000000002
0.9333333333333333
0.47619047619047616
0.5714285714285713
0.6774193548387097
0.9411764705882353
0.5454545454545454
0.6
0.7943262411347517
0.9090909090909091
0.3636363636363636
0.7692307692307693
0.6521739130434783
0.7133757961783439
0.6521739130434783
0.5714285714285715
0.7317073170731706
0.6451612903225806
0.6549707602339182
0.625
0.5217391304347826
0.6153846153846153
0.6885245901639345
0.888888888888889
0.7446808510638298
0.30769230769230765
0.5263157894736842
0.6885245901639345
0.8044692737430167
0.6153846153846154
0.6000000000000001
0.888888888888889
0.56
0.7093596059113301
0.7031250000000001
1.0
0.8456375838926175
0.8296296296296296
0.676056338028169
0.5384615384615384
0.7317073170731706
0.6666666666666665
0.8571428571428572
0.4
0.7058823529411765
0.7329842931937172
0.6451612903225806
0.8
0.6222222222222222
0.8235294117647058
0.7142857142857143
0.7627118644067797
0.48000000000000004
0.4347826086956522
0.631578947368421
0.2222222222222222
0.6666666666666665
0.35294117647058826
0.8
0.3333333333333333
0.5217391304347827
0.7142857142857143
0.9333333333333333
1.0
0.6666666666666666
0.19354838709677416
0.41379310344827586
0.888888888888889
1.0
1.0
0.6201550387596899
0.9565217391304348
0.5
0.5454545454545454
0.8
0.8536585365853658
0.6829268292682926
0.7199999999999999
0.5333333333333333
0.6588235294117646
0.8155339805825242
0.5882352941176471
0.5263157894736842
0.4772727272727273
0.5063291139240506
0.588235294117647
0.380952380952381
0.6363636363636364
0.888888888888889
0.7652173913043478
0.8461538461538461
0.6185567010309277
0.6666666666666666
0.6473988439306358
0.8333333333333333
0.823529411764706
0.49411764705882355
0.6
0.5
0.2926829268292683
0.6075949367088608
0.6666666666666666
0.591549295774648
0.541871921182266
0.6666666666666666
0.6666666666666666
0.5925925925925926
0.6153846153846153
0.49382716049382713
0.5217391304347826
0.8571428571428571
0.4444444444444444
0.5803108808290155
0.6
0.6611570247933884
0.4615384615384615
0.8256880733944955
0.8000000000000002
0.43478260869565216
0.6122448979591836
0.923076923076923
0.4444444444444444
0.5263157894736842
0.5217391304347827
0.588235294117647
0.6666666666666666
0.7317073170731706
0.4137931034482759
0.7058823529411765
0.634920634920635
0.5957446808510638
0.8155339805825242
0.6792452830188679
0.7999999999999999
0.5
0.9411764705882353
0.7272727272727272
0.9565217391304348
0.4528301886792453
0.5932203389830508
0.634920634920635
0.6521739130434783
0.4705882352941177
1.0
0.5454545454545454
0.5714285714285715
0.7142857142857143
0.9090909090909091
0.6
0.7317073170731706
0.38709677419354843
0.689655172413793
0.6666666666666666
0.6086956521739131
0.7407407407407408
0.8344370860927153
0.7692307692307692
0.75
0.5
0.4
0.7138810198300283
0.8888888888888888
0.5
0.6588235294117646
0.6976744186046512
0.7887323943661971
0.9166666666666666
0.42857142857142855
0.5714285714285715
0.3846153846153846
0.5660377358490566
0.6829268292682926
0.42857142857142855
0.6176470588235293
0.6153846153846153
0.9090909090909091
0.42857142857142855
0.23529411764705882
0.7516778523489932
0.7801418439716311
0.4528301886792453
0.9285714285714286
0.6021505376344085
0.8
0.6923076923076923
0.8764940239043824
0.7142857142857143
0.5882352941176471
0.7636363636363638
1.0
0.410958904109589
0.625
0.6666666666666665
0.8536585365853658
0.42857142857142855
0.5263157894736842
0.5714285714285715
0.7058823529411765
0.7058823529411764
0.761904761904762
0.6575342465753425
0.7407407407407408
0.761904761904762
0.711864406779661
0.45454545454545453
0.6829268292682926
0.5217391304347826
0.48780487804878053
0.5454545454545454
1.0
0.6250000000000001
0.5454545454545454
0.8659793814432989
0.6131386861313869
0.7368421052631579
0.5
0.5454545454545454
0.6363636363636364
0.45454545454545453
0.7741935483870969
0.588235294117647
0.8173374613003097
0.4054054054054054
0.9333333333333333
0.47058823529411764
0.6557377049180328
0.4137931034482759
0.6473988439306358
0.6176470588235293
0.5263157894736842
0.6666666666666666
0.631578947368421
0.5555555555555556
0.6306306306306306
0.761904761904762
0.761904761904762
0.5333333333333333
0.9
0.7272727272727272
0.6122448979591836
0.9333333333333333
0.6829268292682926
0.7594936708860761
0.5217391304347826
0.7058823529411764
0.711864406779661
0.6702127659574467
0.4067796610169492
0.5
0.7567567567567567
0.88
0.6666666666666665
0.689655172413793
0.6185567010309277
0.28571428571428575
0.5753424657534245
0.6774193548387097
0.5581395348837209
0.6562499999999999
0.6829268292682926
0.7096774193548386
0.7766990291262137
0.8135593220338982
0.6666666666666665
0.8450704225352113
0.5333333333333333
0.5714285714285713
0.6796116504854369
0.3636363636363636
0.7692307692307692
0.8450704225352113
0.717948717948718
0.6222222222222222
0.4615384615384615
0.5714285714285715
0.7407407407407408
0.56
0.6666666666666666
0.689655172413793
0.6871165644171779
0.8421052631578948
0.6
0.6796116504854369
0.6
0.5217391304347826
0.7974683544303799
0.28571428571428575
0.75
0.6422018348623854
0.717948717948718
0.5217391304347827
0.6451612903225806
0.5124555160142348
0.5
0.8
0.7692307692307692
0.5106382978723405
0.5384615384615384
0.5263157894736842
0.6774193548387097
0.6862745098039216
0.8818897637795274
0.19047619047619047
0.689655172413793
0.6116504854368933
0.6666666666666665
0.8076923076923077
0.5217391304347826
0.6153846153846154
0.5128205128205129
0.7317073170731706
0.5357142857142858
0.634920634920635
0.7272727272727272
0.25
0.823529411764706
0.5172413793103449
0.75
1.0
0.5581395348837209
0.6250000000000001
0.5
0.7058823529411765
0.5970149253731343
0.7457627118644068
0.35000000000000003
0.588235294117647
0.34285714285714286
0.4528301886792453
0.5581395348837208
0.8135593220338982
0.4444444444444445
0.7746478873239436
0.7999999999999999
0.6153846153846153
1.0
0.5263157894736842
0.5217391304347826
0.6250000000000001
0.6451612903225806
0.8799999999999999
0.7159090909090909
0.7
0.5303030303030303
0.7317073170731706
0.39999999999999997
0.8088235294117647
0.888888888888889
0.3529411764705882
0.5970149253731343
0.6774193548387097
0.717948717948718
0.4081632653061225
0.37499999999999994
0.5479452054794521
0.7547169811320756
0.7887323943661971
0.4615384615384615
0.7058823529411764
0.8818897637795274
0.88
0.6829268292682926
0.44943820224719094
0.6153846153846153
0.8155339805825242
0.4347826086956522
0.7317073170731706
0.48
0.7058823529411764
0.7384615384615384
0.75
0.3692307692307692
0.6153846153846154
0.8333333333333333
0.7674418604651163
0.888888888888889
0.8571428571428572
0.6741573033707865
0.7894736842105262
0.888888888888889
0.5233644859813084
0.5333333333333333
0.8396946564885497
0.6976744186046512
0.8450704225352113
0.5555555555555556
0.7017543859649122
0.4444444444444444
0.4444444444444444
0.8695652173913043
0.7943262411347517
0.5454545454545454
0.823529411764706
0.7875
0.8089887640449439
0.8076923076923077
0.7017543859649122
0.3157894736842105
0.7142857142857143
0.861244019138756
0.6382978723404256
0.3333333333333333
0.5555555555555556
0.6666666666666665
0.6423357664233577
0.4067796610169492
0.9090909090909091
0.9565217391304348
0.7832167832167831
0.631578947368421
0.717948717948718
0.28571428571428575
0.888888888888889
0.6976744186046512
0.888888888888889
0.6930693069306931
0.7142857142857143
0.7567567567567567
0.6
0.8016194331983806
0.4615384615384615
0.22222222222222224
0.5555555555555556
0.7692307692307692
0.5714285714285715
0.631578947368421
0.816326530612245
0.5333333333333333
0.5581395348837209
0.8135593220338982
0.7692307692307693
0.5714285714285715
0.6201550387596899
0.9523809523809523
1.0
0.8750000000000001
0.5454545454545454
0.29268292682926833
0.583941605839416
0.4210526315789474
0.6528189910979229
0.6818181818181818
0.8
0.7636363636363638
0.75
0.5825242718446602
0.5803108808290155
0.7
0.717948717948718
0.6666666666666666
0.4137931034482759
0.6923076923076923
0.3846153846153846
0.962962962962963
0.6792452830188679
0.6521739130434783
0.6666666666666666
0.8
0.6818181818181818
0.3658536585365853
0.33333333333333326
0.761904761904762
0.3
0.6116504854368933
0.5
0.6666666666666666
0.75
0.5263157894736842
0.24742268041237114
0.5714285714285714
0.8076923076923077
0.27272727272727276
0.7199999999999999
0.5555555555555556
0.6451612903225806
1.0
0.8695652173913044
0.6451612903225806
0.8
1.0
0.588235294117647
0.5217391304347826
0.3278688524590164
0.8089887640449439
0.64
0.4137931034482759
0.603448275862069
0.6666666666666665
0.42857142857142855
0.9032258064516129
0.75
0.380952380952381
0.7058823529411765
0.4000000000000001
0.7317073170731706
0.8076923076923077
0.9565217391304348
0.6521739130434783
0.4
0.4210526315789474
0.56
0.47058823529411764
0.5
0.5925925925925926
0.8135593220338982
1.0
0.888888888888889
0.6923076923076923
0.7058823529411765
0.7216494845360825
0.5853658536585367
0.6
0.6557377049180328
0.4444444444444444
0.5833333333333334
0.4615384615384615
0.5599999999999999
0.7777777777777777
0.9090909090909091
0.625
0.7058823529411765
0.35294117647058826
0.689655172413793
0.5
0.5217391304347827
0.3333333333333333
0.9333333333333333
0.4444444444444445
0.14285714285714288
0.5783132530120482
0.9
0.5555555555555556
0.5714285714285715
0.5
0.49382716049382713
0.625
0.7887323943661971
0.5
0.4615384615384615
0.8
0.7368421052631577
0.6956521739130435
0.6829268292682926
0.6306306306306306
0.5
0.8155339805825242
0.6666666666666666
0.8749999999999999
0.8873239436619719
0.9333333333333333
0.8944099378881988
0.75
0.6
0.3
1.0
0.8421052631578948
0.48192771084337344
0.717948717948718
0.7692307692307693
0.6363636363636365
0.4000000000000001
0.8256880733944955
0.6
0.888888888888889
0.5454545454545454
0.5185185185185186
0.6857142857142857
0.6829268292682926
0.6511627906976744
0.6818181818181818
0.8319327731092436
0.5194805194805195
0.14285714285714288
0.4444444444444445
0.6666666666666666
0.6956521739130435
0.43956043956043955
0.6153846153846154
0.8235294117647058
0.7773851590106008
0.676056338028169
0.7272727272727272
0.9473684210526316
0.7070707070707072
0.8000000000000002
0.3692307692307692
0.6521739130434783
0.9128630705394191
0.5714285714285715
0.7615384615384616
0.75
0.888888888888889
0.49382716049382713
0.6923076923076923
0.8750000000000001
0.9411764705882353
0.5555555555555556
0.6666666666666666
0.5185185185185186
1.0
1.0
0.7943262411347517
0.689655172413793
0.8571428571428571
0.5607476635514019
0.6885245901639345
0.64
0.5454545454545454
0.5925925925925926
0.2222222222222222
0.509090909090909
0.7241379310344827
0.6787878787878787
0.3636363636363636
0.34285714285714286
0.6666666666666665
0.5454545454545454
0.606060606060606
0.6360424028268552
0.19047619047619047
0.5333333333333333
0.7974683544303799
0.6473988439306358
0.6153846153846154
0.8294930875576038
0.816326530612245
0.75
0.5454545454545455
0.5825242718446602
0.4444444444444444
0.7927927927927927
0.6976744186046512
0.8764940239043824
0.7407407407407408
0.5882352941176471
0.6185567010309277
0.6666666666666666
0.6562499999999999
0.5263157894736842
0.48780487804878053
0.35294117647058826
0.48780487804878053
0.7894736842105262
0.5970149253731343
0.6666666666666666
0.7627118644067797
0.7368421052631577
0.5384615384615384
0.46511627906976744
0.75
0.7832167832167831
0.8076923076923077
0.8470588235294118
0.5753424657534245
0.9411764705882353
0.634920634920635
0.43410852713178294
0.8296296296296296
0.34782608695652173
0.6857142857142857
0.7407407407407408
0.5454545454545455
0.6
0.9
0.5797101449275363
0.7894736842105262
0.42857142857142855
0.8571428571428571
0.48
1.0
0.631578947368421
0.9045226130653266
0.7142857142857143
0.6176470588235293
0.75
0.9
0.631578947368421
0.48
0.30769230769230765
0.8750000000000001
0.6086956521739131
0.6363636363636364
0.75
0.5
0.6857142857142857
0.5853658536585366
0.9
0.504201680672269
0.7894736842105262
0.32
0.7875
0.6666666666666665
0.75
0.5
0.6976744186046512
0.588235294117647
0.8333333333333333
0.8365019011406845
0.45454545454545453
0.5454545454545454
0.5454545454545455
0.761904761904762
0.25
0.5
0.6818181818181818
0.7272727272727273
0.5263157894736842
0.6666666666666666
0.47619047619047616
0.6451612903225806
0.3333333333333333
0.5853658536585366
0.43478260869565216
0.375
0.7508532423208191
0.7894736842105262
0.7058823529411764
0.689655172413793
0.4597701149425288
0.711864406779661
0.7547169811320756
0.5
0.6515837104072398
0.5454545454545454
0.7272727272727272
0.7272727272727272
0.9333333333333333
0.8333333333333333
0.24
0.631578947368421
0.5333333333333333
0.4615384615384615
0.3333333333333333
0.6194690265486726
0.5454545454545454
0.5333333333333333
0.6451612903225806
0.33333333333333337
0.923076923076923
1.0
0.6412213740458015
0.4799999999999999
0.5925925925925927
0.8571428571428571
0.8470588235294118
0.8520710059171598
0.7159090909090909
0.676056338028169
0.8944099378881988
0.4444444444444445
0.5217391304347826
0.5633802816901409
0.6779661016949152
0.7407407407407408
0.6666666666666665
0.5
0.8
0.8750000000000001
0.5825242718446602
0.75
0.7346938775510203
0.6976744186046512
0.8044692737430167
0.6153846153846154
0.5
0.7499999999999999
0.6666666666666666
0.18181818181818182
0.6511627906976744
0.32
0.7466666666666666
0.7547169811320756
0.6611570247933884
0.6774193548387097
0.7088607594936709
0.7692307692307693
0.6666666666666665
0.5
0.64
0.8
0.6976744186046512
0.888888888888889
0.6363636363636365
0.6131386861313869
0.5454545454545454
0.6923076923076923
0.37499999999999994
0.8256880733944955
0.792079207920792
0.631578947368421
0.4
0.7407407407407408
0.48
0.8
0.29268292682926833
0.7317073170731706
0.6363636363636364
0.5806451612903226
0.875
0.6
0.8000000000000002
0.7692307692307692
0.7368421052631577
0.5714285714285715
0.6153846153846153
0.9281767955801106
0.3333333333333333
0.75
1.0
0.6956521739130435
0.4444444444444444
0.7199999999999999
0.7228915662650602
0.7058823529411765
0.48192771084337355
0.75
0.8089887640449439
0.6075949367088608
0.7346938775510203
0.9090909090909091
0.7741935483870969
0.4
0.8888888888888888
0.5454545454545454
0.5853658536585366
0.30769230769230765
0.6140350877192982
0.8275862068965518
0.375
0.5714285714285715
0.6075949367088608
0.7142857142857143
0.56
0.7142857142857143
0.8333333333333333
0.5806451612903225
0.588235294117647
0.5714285714285715
0.689655172413793
0.9411764705882353
0.6486486486486486
0.45454545454545453
0.7272727272727272
0.8799999999999999
0.27272727272727276
0.8089887640449439
0.8571428571428572
0.7860262008733625
0.7894736842105262
0.5333333333333333
0.47058823529411764
0.27906976744186046
0.9198606271777002
0.8944099378881988
0.6774193548387097
0.5454545454545454
0.8456375838926175
0.7792207792207793
0.6666666666666666
0.631578947368421
0.8722466960352422
0.923076923076923
0.3333333333333333
0.5833333333333334
0.34782608695652173
0.6666666666666665
0.5660377358490566
0.5833333333333334
0.7142857142857143
0.9090909090909091
0.8666666666666666
0.6857142857142857
0.6222222222222222
0.3934426229508197
0.6
0.6299212598425198
0.7079646017699115
0.5599999999999999
0.672782874617737
1.0
0.4
0.7826086956521738
0.47191011235955066
0.7499999999999999
0.7017543859649122
0.5714285714285715
0.6
0.5217391304347826
0.48979591836734687
0.5384615384615384
0.48
0.7346938775510203
0.7058823529411765
0.6153846153846154
0.711864406779661
0.631578947368421
0.4067796610169491
0.5161290322580646
0.7346938775510203
0.7329842931937172
0.7839195979899497
0.7291666666666666
0.5517241379310345
0.5555555555555556
0.5833333333333334
0.4444444444444445
0.6829268292682926
0.6575342465753425
0.6222222222222222
0.5714285714285715
0.6153846153846153
0.45454545454545453
0.5333333333333333
0.606060606060606
0.5803108808290155
0.8118081180811808
0.7636363636363638
0.7133757961783439
0.9333333333333333
0.7070707070707072
0.6260869565217392
0.5714285714285715
0.6025104602510459
0.5217391304347827
0.5263157894736842
0.7058823529411765
0.28571428571428575
0.9565217391304348
0.24489795918367346
0.5853658536585366
0.5333333333333333
0.4958677685950413
0.5454545454545454
0.5
0.7894736842105262
0.6829268292682926
0.7241379310344827
0.5
0.6050420168067226
0.6511627906976744
0.46511627906976744
0.6
0.8421052631578948
0.6382978723404256
0.5874125874125874
0.7159090909090909
0.5714285714285715
0.5957446808510638
0.9411764705882353
0.8659793814432989
0.5714285714285715
0.28571428571428575
0.410958904109589
0.5
0.3
0.5555555555555556
0.6461538461538462
0.7339449541284404
0.4225352112676056
0.75
0.6862745098039216
0.6153846153846154
0.6451612903225806
0.7058823529411764
0.7368421052631577
0.823529411764706
0.5263157894736842
0.6511627906976744
0.7741935483870969
0.5479452054794521
0.7228915662650602
0.553846153846154
0.606060606060606
0.6451612903225806
0.5685279187817259
0.56
0.4615384615384615
0.634920634920635
1.0
0.8461538461538461
0.7499999999999999
0.5957446808510638
0.606060606060606
0.7272727272727272
0.8181818181818182
0.3529411764705882
0.8818897637795274
0.7317073170731706
0.5555555555555556
0.6961325966850829
0.6666666666666666
0.608695652173913
0.676056338028169
0.7228915662650602
0.56
0.7887323943661971
0.631578947368421
0.8764940239043824
0.8659793814432989
0.7692307692307693
0.25
0.7241379310344827
0.8818897637795274
0.5714285714285715
0.5
0.6666666666666666
0.7500000000000001
0.5
0.631578947368421
0.7
0.7832167832167831
0.6722689075630253
0.4912280701754386
0.5504587155963303
0.27906976744186046
0.7692307692307693
0.38709677419354843
0.48780487804878053
0.6545454545454545
0.8722466960352422
0.6153846153846153
0.7317073170731706
0.8181818181818182
0.7567567567567567
0.75
0.6609442060085837
0.3333333333333333
0.7943262411347517
0.5
0.5691056910569107
0.5555555555555556
0.9090909090909091
0.6956521739130435
0.25
0.7407407407407408
0.22222222222222224
0.25
0.5833333333333334
0.8
0.5333333333333333
0.8029197080291971
0.6774193548387097
0.7000000000000001
0.3488372093023256
0.689655172413793
0.7000000000000001
0.3692307692307692
0.689655172413793
0.5454545454545454
0.6451612903225806
0.6965174129353234
0.78
0.4
0.14814814814814814
0.6
0.33333333333333326
0.5384615384615384
0.38709677419354843
0.75
0.8333333333333334
0.5436893203883495
0.6545454545454545
0.8727272727272727
0.4827586206896552
0.6666666666666666
0.6
0.7974683544303799
0.75
0.8722466960352422
0.7407407407407408
0.47244094488188976
0.8333333333333333
0.9090909090909091
0.689655172413793
0.4
0.7422680412371134
0.380952380952381
0.823529411764706
0.631578947368421
0.8944099378881988
0.631578947368421
0.8653846153846153
0.7093596059113301
0.3582089552238806
0.5901639344262295
0.8659793814432989
0.6461538461538462
0.8333333333333334
0.48979591836734687
0.5
0.5853658536585366
0.47058823529411764
0.4444444444444444
0.4615384615384615
0.8764940239043824
0.5833333333333334
1.0
0.6666666666666665
0.7058823529411765
0.8058608058608059
0.6511627906976744
0.8510638297872342
0.8358208955223881
0.689655172413793
0.7407407407407408
0.3333333333333333
0.861244019138756
0.8520710059171598
0.3636363636363636
0.6153846153846154
0.923076923076923
0.8
0.5797101449275363
0.6050420168067226
0.5
0.7317073170731706
0.7024390243902439
0.7929515418502203
0.7086614173228345
0.6461538461538462
0.7058823529411764
0.8198757763975155
0.9090909090909091
0.9523809523809523
0.5957446808510638
0.9090909090909091
0.41379310344827586
0.75
0.6353790613718412
0.7999999999999999
0.5
0.6774193548387097
0.5555555555555556
0.9333333333333333
0.923076923076923
0.7777777777777777
1.0
0.5384615384615384
0.8333333333333333
0.8520710059171598
0.47619047619047616
0.4444444444444444
0.5853658536585366
0.8750000000000001
0.9285714285714286
0.8
0.43636363636363634
0.7741935483870969
0.7674418604651163
0.5517241379310345
0.6666666666666666
0.676056338028169
0.4897959183673469
0.5106382978723405
0.8296296296296296
0.3333333333333333
0.7133757961783439
0.631578947368421
0.47244094488188976
0.625
0.4615384615384615
0.7466666666666666
0.5894736842105263
0.6818181818181818
0.75
0.47058823529411764
0.7258064516129034
0.606060606060606
0.6829268292682926
0.7044025157232704
0.6818181818181818
0.631578947368421
0.7260726072607261
0.5555555555555556
0.6666666666666666
0.7021276595744681
0.35294117647058826
0.30769230769230765
0.9523809523809523
0.6901960784313727
0.6451612903225806
0.6837606837606838
0.48
0.5217391304347827
0.5217391304347826
0.7407407407407408
0.923076923076923
0.6990291262135921
0.875
0.6486486486486486
0.8181818181818182
0.6153846153846154
0.761904761904762
0.6153846153846153
0.8198757763975155
0.9166666666666666
0.64
0.5989304812834224
0.7563025210084034
0.4444444444444445
0.7516778523489932
0.631578947368421
0.9333333333333333
0.26666666666666666
0.6486486486486486
0.8421052631578948
0.631578947368421
0.6956521739130435
0.576923076923077
0.6153846153846154
0.7272727272727273
0.5333333333333333
0.923076923076923
0.6774193548387097
0.6557377049180328
0.4615384615384615
0.46511627906976744
0.6666666666666666
0.4615384615384615
0.7516778523489932
0.8571428571428571
0.5825242718446602
0.888888888888889
0.4137931034482759
0.4347826086956522
0.26666666666666666
0.5925925925925926
0.39999999999999997
0.875
0.7627118644067797
0.7777777777777778
0.38834951456310685
0.6666666666666665
0.504201680672269
0.5517241379310345
0.4210526315789474
0.5
0.3333333333333333
0.5825242718446602
0.35294117647058826
0.7692307692307692
0.6976744186046512
0.7446808510638298
0.6
0.6829268292682926
0.4210526315789474
0.7777777777777777
0.4800000000000001
0.45454545454545453
0.43478260869565216
0.9565217391304348
0.5853658536585366
0.6898954703832753
0.47058823529411764
0.9045226130653266
0.5714285714285714
0.5
0.7476635514018691
0.5454545454545454
0.625
0.5217391304347826
0.9090909090909091
0.7777777777777777
0.6818181818181818
0.8235294117647058
0.2926829268292683
0.5333333333333333
0.9473684210526316
0.7225806451612904
0.5
0.48000000000000004
0.5333333333333333
0.7133757961783439
0.7078651685393258
0.6666666666666666
0.8750000000000001
0.5479452054794521
0.5957446808510638
0.6666666666666665
0.3333333333333333
0.4
0.5925925925925926
0.5333333333333333
0.7692307692307692
0.5
0.7133757961783439
0.717948717948718
0.5970149253731343
0.6
0.9090909090909091
0.7741935483870969
0.6666666666666667
0.6666666666666667
0.7317073170731706
0.6153846153846153
0.4615384615384615
0.674698795180723
0.48000000000000004
0.5882352941176471
0.7887323943661971
0.5783132530120482
0.6293706293706294
0.7777777777777778
0.6857142857142857
0.25
0.7093596059113301
0.42857142857142855
0.6382978723404256
0.56
0.48
0.6250000000000001
0.6428571428571429
0.8294930875576038
0.8496732026143791
0.7999999999999999
0.9090909090909091
0.4
0.8333333333333334
0.8000000000000002
0.6521739130434783
0.672782874617737
0.48
0.5217391304347827
0.33333333333333337
0.606060606060606
0.8333333333333334
0.8571428571428571
0.7317073170731706
0.7692307692307692
1.0
0.5
0.4597701149425288
0.4444444444444445
0.25
0.6666666666666666
0.5544554455445544
0.4067796610169492
0.7317073170731706
0.588235294117647
0.6511627906976744
0.923076923076923
0.5714285714285715
0.4
0.7272727272727273
0.48
0.8045977011494253
0.5504587155963303
0.5
0.6666666666666666
0.7999999999999999
0.7943262411347517
0.7058823529411765
0.6486486486486486
0.770053475935829
0.5274725274725274
0.8571428571428571
0.380952380952381
0.9333333333333333
0.5714285714285715
0.48192771084337344
0.5217391304347826
0.8089887640449439
0.4999999999999999
0.380952380952381
0.8571428571428571
0.9128630705394191
0.8571428571428571
0.7999999999999999
0.7058823529411765
0.47058823529411764
1.0
0.3703703703703704
0.8089887640449439
0.7272727272727273
0.7272727272727273
0.5217391304347826
0.6153846153846153
0.8275862068965517
0.7904191616766466
0.717948717948718
0.5217391304347826
0.8488745980707394
0.5
0.7133757961783439
0.7636363636363638
0.6722689075630253
0.47058823529411764
0.8421052631578948
0.5743589743589744
0.8571428571428571
0.5555555555555556
0.588235294117647
0.8333333333333333
0.6871165644171779
0.4999999999999999
0.888888888888889
0.6511627906976744
0.8198757763975155
0.7741935483870969
0.6122448979591836
0.6481481481481481
0.6666666666666666
0.5106382978723405
0.6829268292682926
0.8
0.42857142857142855
0.7500000000000001
0.8296296296296296
0.625
0.7692307692307693
0.7999999999999999
0.8000000000000002
0.7711864406779662
0.4
0.47058823529411764
0.6122448979591836
0.8
0.6976744186046512
0.5217391304347826
0.8
0.3582089552238806
0.8888888888888888
0.9565217391304348
0.5714285714285715
0.8089887640449439
0.7407407407407408
0.5
0.4615384615384615
1.0
0.47058823529411764
0.7207207207207208
0.9045226130653266
0.5925925925925926
0.6857142857142857
0.7216494845360825
0.5217391304347826
0.48000000000000004
0.2926829268292683
0.7258064516129034
0.717948717948718
0.7407407407407408
0.4444444444444444
0.4210526315789474
0.673076923076923
0.8571428571428571
0.7122302158273381
0.5454545454545454
0.5555555555555556
0.7832167832167831
0.5
0.7887323943661971
0.8
0.7142857142857143
0.8571428571428571
0.9090909090909091
0.5454545454545454
0.5555555555555556
0.578512396694215
0.4615384615384615
0.8695652173913043
0.8
0.6666666666666666
0.4067796610169491
0.608695652173913
0.6666666666666666
0.7228915662650602
0.6779661016949152
0.8333333333333334
0.8333333333333333
0.28571428571428575
0.6
0.7368421052631577
0.34285714285714286
0.9411764705882353
1.0
0.7777777777777778
0.7368421052631577
0.7777777777777778
0.6557377049180328
0.8450704225352113
0.8080808080808082
0.6363636363636364
0.41379310344827586
0.6131386861313869
1.0
0.8000000000000002
0.64
0.8297872340425532
0.8450704225352113
0.8888888888888888
0.816326530612245
0.7894736842105262
0.8571428571428571
0.6666666666666666
0.606060606060606
0.5901639344262295
0.5185185185185186
1.0
0.7692307692307692
0.5789473684210527
0.7368421052631579
0.7317073170731706
0.4210526315789474
0.75
0.5
0.6176470588235293
0.380952380952381
0.8
0.6774193548387097
0.4166666666666667
0.7422680412371134
0.5825242718446602
0.6930693069306931
0.32432432432432434
0.8571428571428571
0.7368421052631577
0.5358851674641149
0.6666666666666666
0.5333333333333333
0.5
0.5521472392638037
0.5
0.6256983240223464
0.7070707070707072
0.8520710059171598
0.3870967741935484
0.9
0.631578947368421
0.6666666666666666
0.5853658536585366
0.4
0.7407407407407408
0.4761904761904762
0.5957446808510638
0.5504587155963303
0.7547169811320756
0.7999999999999999
0.8
0.8571428571428571
0.5901639344262295
0.676056338028169
0.7272727272727272
0.7843137254901961
0.6457399103139013
0.6
1.0
0.7741935483870969
0.5405405405405405
0.8571428571428572
0.6395939086294417
0.634920634920635
0.8
0.588235294117647
0.6666666666666666
0.6068965517241379
1.0
0.5970149253731343
0.7547169811320756
0.6131386861313869
0.8358208955223881
0.38095238095238093
0.9523809523809523
0.5333333333333333
0.923076923076923
0.7999999999999999
0.5
0.5263157894736842
0.5637583892617449
0.7706422018348624
0.4067796610169491
0.5153374233128835
0.5
