0.5333333333333333
1.0
0.3349282296650718
0.3614457831325301
0.5870967741935484
0.303030303030303
0.8030592734225621
0.4731182795698925
0.45161290322580644
0.45833333333333326
0.41543026706231456
0.631578947368421
0.5185185185185186
0.5714285714285715
0.787878787878788
0.3940886699507389
0.3696369636963696
0.34285714285714286
0.4371584699453551
1.0
0.7514450867052023
0.48484848484848486
0.6211764705882353
0.577319587628866
0.7711864406779662
0.5940594059405941
0.3822525597269624
0.5142857142857143
0.4444444444444445
0.6582278481012659
0.972972972972973
0.3529411764705882
0.4864864864864865
0.6568421052631578
0.47058823529411764
0.5714285714285715
0.4242424242424242
0.5028571428571428
0.4324324324324324
0.38834951456310685
0.35398230088495575
0.4692737430167598
0.35
0.42911877394636017
0.3243243243243243
0.4444444444444445
0.6292134831460674
0.45454545454545453
0.24
0.5739130434782609
0.26666666666666666
0.24852071005917156
0.3495145631067961
0.2580645161290323
0.10256410256410256
0.5820105820105821
0.7958115183246073
0.7857142857142857
0.6039076376554174
0.4444444444444445
0.3243243243243243
0.4851752021563342
0.4444444444444445
0.6111111111111113
0.7554479418886199
0.375
0.36842105263157887
0.48000000000000004
0.5255474452554744
0.5970149253731343
0.35294117647058826
0.35294117647058826
0.5263157894736842
0.5970149253731343
0.658307210031348
0.7096774193548386
0.4210526315789474
0.26666666666666666
0.7894736842105262
0.6132075471698113
0.48387096774193544
0.875
0.55
0.75
0.5220338983050847
0.46006389776357826
0.6101694915254238
0.6666666666666665
0.582995951417004
0.7692307692307692
0.35207823960880197
0.9032258064516129
0.6451612903225806
0.7420494699646643
0.35331230283911674
0.4033613445378152
0.44692737430167595
0.43902439024390244
0.49689440993788814
0.43853820598006643
0.32653061224489793
0.6497890295358649
0.4666666666666667
0.5128205128205129
0.8292682926829269
0.49180327868852464
0.5879732739420935
0.7887323943661971
0.4832214765100672
0.5625000000000001
0.5706051873198847
0.5298013245033113
0.37499999999999994
0.4827586206896552
0.7741935483870969
0.6285714285714286
0.4528301886792453
0.5072463768115943
0.45454545454545453
0.7500000000000001
0.3870967741935484
0.41739130434782606
0.38461538461538464
0.5797101449275363
0.514018691588785
0.3409090909090909
0.5
0.5294117647058824
0.4173913043478261
0.48979591836734687
0.4320987654320988
0.5454545454545454
0.4571428571428572
0.39024390243902435
0.5555555555555556
0.5128205128205129
0.583554376657825
0.35555555555555557
0.5217391304347826
0.0909090909090909
0.3773584905660378
0.888888888888889
0.6091370558375635
0.6483790523690773
0.45161290322580644
0.6
0.25531914893617025
0.4242424242424242
0.5454545454545454
0.6567607726597324
0.5333333333333333
0.3286384976525822
0.40579710144927533
0.4228187919463087
0.4639175257731959
0.5673352435530087
0.27586206896551724
0.47058823529411764
0.5
0.7692307692307692
0.6486486486486486
0.6148648648648649
0.42857142857142855
0.6792452830188679
0.5764192139737991
0.47058823529411764
0.3716814159292035
0.6376811594202899
0.42857142857142855
0.7679324894514769
0.6371681415929203
0.5750798722044728
0.4444444444444445
0.5625
0.5641025641025641
0.7069486404833838
0.7601809954751132
0.6372549019607844
0.32
0.5517241379310345
0.5820105820105821
0.5490196078431373
0.8047337278106509
0.5405405405405405
0.39252336448598135
0.7027027027027027
0.4397905759162303
0.4972375690607735
0.7857142857142856
0.6470588235294118
0.4392156862745098
0.4148148148148148
0.5438066465256798
0.5555555555555556
0.0
0.5250596658711217
0.6486486486486486
0.5764966740576497
0.7887323943661971
0.6582278481012659
0.6101694915254238
0.45161290322580644
0.49508840864440073
0.6392251815980629
0.6451612903225806
0.6366559485530546
0.37037037037037035
0.41237113402061853
0.6153846153846153
0.631578947368421
0.37994722955145116
0.7512038523274479
0.48813559322033895
0.6091370558375635
0.3660130718954248
0.48484848484848486
0.5945945945945945
0.27906976744186046
0.5095541401273886
0.27692307692307694
0.6989247311827957
0.4790419161676646
0.5405405405405405
0.5124555160142348
0.396039603960396
0.25641025641025644
0.34710743801652894
0.816326530612245
0.5813148788927335
0.4878048780487805
0.44887780548628425
0.32183908045977017
0.5925925925925927
0.5263157894736842
0.6470588235294118
0.9411764705882353
0.5625000000000001
0.7241379310344827
0.47904191616766467
0.65
0.6542056074766356
0.1388888888888889
0.5142857142857143
0.5
0.6419753086419754
0.46315789473684216
0.4615384615384615
0.64
0.5185185185185186
0.4675324675324675
1.0
0.4819277108433735
0.5172413793103449
0.5373134328358209
0.7861271676300577
0.5607476635514018
0.47014925373134325
0.44295302013422816
0.48484848484848486
0.4827586206896552
0.4263959390862944
0.7466666666666666
0.4666666666666667
0.7838616714697406
0.5555555555555556
0.30379746835443033
0.5820105820105821
0.41543026706231456
0.5371900826446281
0.4186046511627907
0.34285714285714286
0.9090909090909091
0.6962025316455697
0.5309734513274337
0.17777777777777778
0.5266457680250783
0.8086642599277979
0.6215139442231075
0.7559055118110236
0.6426966292134831
0.5405405405405405
0.4320987654320988
0.4869565217391304
0.30434782608695654
0.8125
0.6428571428571429
0.5641025641025642
0.29850746268656714
0.6611570247933884
0.5669291338582677
0.6646884272997033
0.4148148148148148
0.622754491017964
0.5820105820105821
0.9375
0.5853658536585366
0.7502467917077985
0.6527196652719665
0.31674208144796384
0.4709480122324159
0.5932203389830508
0.6626506024096386
0.7692307692307692
0.4033613445378151
0.7692307692307692
0.6858513189448442
0.6359712230215828
0.7044334975369457
0.6866952789699571
0.823529411764706
1.0
0.6451612903225806
0.41791044776119407
0.3243243243243243
0.7218045112781954
0.4444444444444445
0.6122448979591836
0.5851063829787234
0.5095541401273886
0.4615384615384615
0.5
0.547945205479452
0.5090909090909091
0.4864864864864865
0.29629629629629634
0.6644295302013423
0.43750000000000006
0.6021505376344085
0.5172413793103449
0.4081632653061224
0.5333333333333333
0.5714285714285714
0.8000000000000002
0.46511627906976744
0.6582278481012659
0.7913043478260868
0.7436619718309859
0.6382978723404256
0.39669421487603307
0.5
0.45161290322580644
0.5224274406332453
0.37558685446009393
0.5587301587301587
0.3333333333333333
0.8045977011494253
0.7554479418886199
0.55
0.3060109289617486
0.4046242774566475
0.5142857142857143
0.6567164179104478
0.45161290322580644
0.8387096774193549
0.37433155080213903
0.5384615384615384
0.3446153846153846
0.5194805194805195
0.6179775280898877
0.3846153846153846
0.5365853658536586
0.5250596658711217
0.7361963190184049
0.55
0.47619047619047616
0.4166666666666667
1.0
0.5263157894736842
0.45
0.3932584269662921
0.6174142480211082
0.41791044776119407
0.7228915662650602
0.42857142857142855
0.38095238095238093
0.5142857142857143
0.5128205128205129
0.6644295302013423
0.35820895522388063
0.5113636363636364
0.41025641025641024
0.6060606060606061
0.5294117647058824
0.5
0.5892857142857143
0.5454545454545454
0.273972602739726
0.6153846153846153
0.9393346379647749
0.5442176870748299
0.6363636363636365
0.446215139442231
0.7728237791932058
0.386058981233244
0.5113636363636364
0.3822525597269624
0.47493403693931396
0.3853211009174312
0.4878048780487805
0.3571428571428571
0.636144578313253
0.7403685092127302
0.5106382978723405
0.4534412955465587
0.5675675675675675
0.2807017543859649
0.6962025316455697
0.5128205128205129
0.4117647058823529
0.6194690265486726
0.7294589178356713
0.5581395348837209
0.6423357664233577
0.4390243902439024
0.6122448979591837
0.48484848484848486
0.7058823529411765
0.3482587064676617
0.5128205128205129
0.4196185286103542
0.3225806451612903
0.5925925925925926
0.38709677419354843
0.6545454545454545
0.36180904522613067
0.5962732919254657
0.5806451612903226
0.446215139442231
0.6808510638297872
0.3564356435643565
0.5454545454545454
0.5806451612903226
0.7294589178356713
0.5031446540880503
0.7491638795986622
0.7241379310344827
0.9655172413793104
0.5882352941176471
0.536741214057508
0.4210526315789474
0.42328042328042326
0.41379310344827586
0.5
0.391304347826087
0.5465838509316769
0.7330827067669173
0.38626609442060084
0.6767895878524945
0.592814371257485
0.636144578313253
0.6
0.45161290322580644
0.49411764705882344
0.6753246753246753
0.689655172413793
0.6075949367088608
0.45652173913043476
0.26666666666666666
0.5490196078431373
0.358974358974359
0.6412213740458016
0.5142857142857143
0.5714285714285715
0.7129798903107861
0.6043956043956045
0.6043956043956045
0.43298969072164945
0.544891640866873
0.4851752021563342
0.5714285714285715
0.386058981233244
0.4948453608247421
0.6470588235294118
0.8035450516986705
0.7474332648870635
0.7123287671232877
0.4986149584487534
0.6265822784810128
1.0
0.6486486486486486
0.372093023255814
0.6222222222222223
0.26666666666666666
0.6965699208443272
0.5675675675675675
0.5714285714285715
0.5013927576601671
0.6150537634408603
0.4324324324324324
0.4615384615384615
0.44036697247706424
0.41025641025641024
0.5357142857142857
0.3442622950819672
0.6088992974238876
0.555956678700361
0.29629629629629634
0.4851752021563342
0.3603603603603604
0.42857142857142855
0.485981308411215
0.29447852760736193
0.5089974293059126
0.4692737430167598
0.5309734513274337
0.6406570841889117
0.4487179487179487
0.5080645161290323
0.7216494845360825
0.8547486033519553
0.6792452830188679
0.6307490144546649
0.48484848484848486
0.6842105263157895
0.2274881516587678
0.3973509933774835
0.5429864253393666
0.5699481865284974
0.7341176470588234
0.6305732484076433
0.5555555555555556
0.719640179910045
0.4666666666666667
0.4761904761904762
0.6233766233766235
0.5806451612903226
0.5333333333333333
0.5496183206106869
0.446215139442231
0.576923076923077
0.6
0.39622641509433965
0.3431372549019608
1.0
0.4421052631578948
0.6211764705882353
0.45487364620938625
0.583554376657825
0.6589861751152074
0.5236363636363636
0.42535787321063395
0.4132841328413284
0.47368421052631576
0.6101694915254238
0.345679012345679
0.24390243902439027
0.6122448979591836
0.39622641509433965
0.5816554809843401
0.5797101449275363
0.4123711340206186
0.6122448979591836
0.6491803278688525
0.5809128630705395
0.5787781350482315
0.3389830508474576
0.5249999999999999
0.5994550408719346
0.7109375000000001
0.5911330049261083
0.3636363636363636
0.8856088560885608
0.5029940119760478
0.6
0.625250501002004
0.603448275862069
0.6486486486486486
0.6407766990291262
0.4603580562659847
0.3050847457627119
0.3060109289617486
0.5373134328358209
0.8008213552361396
0.5689277899343546
0.4864864864864864
0.4819277108433735
0.5063291139240507
0.6666666666666666
0.30882352941176466
0.40104166666666663
0.6666666666666666
0.6521739130434783
0.7541345093715545
0.8362369337979094
0.8903436988543372
0.3225806451612903
0.6416666666666667
0.6392251815980629
0.6070038910505837
0.6692015209125475
0.4444444444444445
0.7272727272727273
0.7331536388140162
0.588235294117647
0.5057471264367817
0.3333333333333333
0.47058823529411764
0.2222222222222222
0.625
0.391304347826087
0.411764705882353
0.7999999999999999
0.23529411764705882
0.7222222222222222
0.6582278481012659
0.742857142857143
0.75
0.45487364620938625
0.8086642599277979
0.4000000000000001
0.3108808290155441
0.4534412955465587
0.5957446808510638
0.39215686274509803
0.30769230769230765
0.5750798722044728
0.5633802816901409
0.9173693086003373
0.7384615384615384
0.7154471544715447
0.45
0.7142857142857143
0.45425867507886436
0.34285714285714286
0.5727272727272726
0.6720516962843296
0.36363636363636365
0.48000000000000004
0.42857142857142855
0.5267034990791897
0.4072398190045249
0.5194805194805195
0.9473684210526315
0.6902654867256637
0.5194805194805195
0.6388384754990926
0.4344827586206897
0.4768211920529801
0.515625
0.7384615384615384
0.42
0.2040816326530612
0.6461538461538462
0.7843137254901961
0.8425925925925926
0.43243243243243246
0.5
0.5687203791469194
0.6070038910505837
0.5806451612903226
0.41791044776119407
0.3364485981308411
0.5247813411078717
0.4678362573099415
0.2758620689655172
0.5587301587301587
0.5405405405405405
0.6006600660066007
0.5527638190954774
0.6933333333333334
0.7400881057268723
0.7123287671232877
0.42424242424242425
0.5365853658536585
0.6162464985994398
0.5405405405405405
0.5714285714285715
0.33333333333333326
0.4260355029585799
0.4827586206896552
0.39999999999999997
0.4324324324324324
0.4255319148936171
0.6451612903225806
0.5095541401273886
0.6091370558375635
0.7489711934156379
0.4271186440677966
0.5936395759717314
0.4752475247524753
0.5879732739420935
0.8421052631578947
0.3380281690140845
0.5901639344262295
0.7611940298507464
0.3314917127071823
0.9069212410501194
0.37209302325581395
0.5161290322580646
0.4033613445378152
0.49295774647887325
0.5672727272727273
0.42748091603053434
0.6554621848739496
0.5799648506151143
0.6250000000000001
0.7
0.56
0.5555555555555556
0.6423357664233577
0.6190476190476191
0.410958904109589
0.7058823529411765
0.5294117647058824
0.6060606060606061
0.41721854304635764
0.7046979865771811
0.5336927223719677
0.3902439024390244
0.6122448979591836
0.5384615384615384
0.6107382550335569
0.6340057636887607
0.48813559322033895
0.46601941747572817
0.5303030303030303
0.3153153153153153
0.30434782608695654
0.7859649122807016
0.7157894736842105
0.45161290322580644
0.3333333333333333
0.33333333333333337
1.0
0.48484848484848486
0.32061068702290074
0.3658536585365853
0.5294117647058824
0.5806451612903226
0.7695560253699789
0.6545454545454545
0.45714285714285713
0.7058823529411765
0.7549019607843137
0.4426877470355731
0.5392156862745098
0.5751633986928104
0.4985835694050991
0.3932584269662921
0.632183908045977
0.4891304347826087
0.5179856115107914
0.5313653136531366
0.35398230088495575
0.5410628019323671
0.6965699208443272
0.39024390243902435
0.34782608695652173
0.5106382978723404
0.4935897435897436
0.7804878048780488
0.45454545454545453
0.8914285714285715
0.7516778523489932
0.6206896551724138
0.2631578947368421
0.6145251396648045
0.7317073170731706
0.5089974293059126
0.358974358974359
0.9428076256499133
0.5442176870748299
0.4615384615384615
0.35294117647058826
0.46511627906976744
0.5853658536585366
0.45012787723785164
0.5809859154929577
0.5438066465256798
0.4158415841584158
0.743362831858407
0.6593406593406593
0.5823529411764706
0.7806691449814126
0.5185185185185186
0.4977375565610859
0.5333333333333333
0.4754716981132075
0.5
0.3185840707964602
0.7692307692307692
0.4869565217391304
0.6857142857142857
0.5217391304347826
0.48484848484848486
0.36363636363636365
0.4056338028169014
0.4883720930232558
0.365296803652968
0.44582043343653255
0.5977011494252873
0.6511627906976744
0.43504531722054385
0.48813559322033895
0.5
0.3431372549019608
0.5863192182410423
0.3076923076923077
0.5548780487804877
0.5783132530120482
0.4137931034482759
0.40975609756097564
0.7407407407407408
0.4528301886792453
0.923076923076923
0.8148148148148148
0.47619047619047616
0.6542056074766356
0.532258064516129
0.6593406593406592
0.5124555160142348
0.5194805194805195
0.3529411764705882
0.24242424242424243
0.6153846153846153
0.39716312056737585
0.42777777777777776
0.5853658536585366
0.5714285714285714
0.7207207207207208
0.5
0.4324324324324324
0.44117647058823534
0.35000000000000003
0.5751633986928104
0.5797101449275363
0.2
0.6753246753246753
0.972972972972973
0.48484848484848486
0.6629834254143646
0.7044334975369457
0.7489711934156379
0.4258555133079847
0.7457627118644068
0.4316546762589928
0.4444444444444444
0.7142857142857142
0.28571428571428575
0.5797101449275363
0.5
0.6550868486352357
0.2531645569620253
0.5405405405405405
0.619718309859155
0.47058823529411764
0.4522613065326633
0.6603773584905661
0.6583541147132169
0.45528455284552843
0.6740740740740739
0.5714285714285715
0.35714285714285715
0.4666666666666667
0.3571428571428571
0.6763285024154588
