0.5106382978723405
1.0
0.3349282296650718
0.2941176470588235
0.6086956521739131
0.303030303030303
0.8030592734225621
0.46153846153846156
0.37004405286343617
0.5233644859813085
0.39622641509433965
0.631578947368421
0.41176470588235287
0.5196850393700787
0.787878787878788
0.4615384615384615
0.4011461318051576
0.3125
0.3134328358208955
1.0
0.7514450867052023
0.45714285714285713
0.5405405405405405
0.577319587628866
0.8549618320610687
0.5940594059405941
0.43373493975903615
0.45714285714285713
0.4
0.6582278481012659
0.972972972972973
0.3888888888888889
0.4864864864864865
0.6568421052631578
0.47058823529411764
0.5714285714285715
0.4890829694323144
0.5028571428571428
0.4324324324324324
0.38834951456310685
0.3125
0.5052631578947367
0.40127388535031844
0.39999999999999997
0.3243243243243243
0.4444444444444445
0.6292134831460674
0.4787234042553191
0.17142857142857143
0.6
0.28187919463087246
0.2594594594594595
0.3902439024390244
0.30379746835443033
0.10256410256410256
0.5263157894736842
0.7958115183246073
0.851190476190476
0.4745762711864407
0.46511627906976744
0.35
0.46153846153846156
0.4827586206896552
0.583554376657825
0.7554479418886199
0.4077669902912621
0.39160839160839156
0.44919786096256686
0.5255474452554744
0.5294117647058824
0.37113402061855666
0.29411764705882354
0.48387096774193544
0.5669291338582677
0.6363636363636364
0.7096774193548386
0.4210526315789474
0.2568807339449541
0.7894736842105262
0.5911330049261083
0.380952380952381
0.875
0.55
0.75
0.5220338983050847
0.43887147335423193
0.6451612903225806
0.6666666666666665
0.582995951417004
0.794701986754967
0.35207823960880197
0.9032258064516129
0.6451612903225806
0.7420494699646643
0.3221476510067114
0.463235294117647
0.44692737430167595
0.5286343612334802
0.49689440993788814
0.46204620462046203
0.373887240356083
0.6497890295358649
0.35502958579881655
0.4864864864864865
0.8292682926829269
0.49180327868852464
0.5879732739420935
0.7887323943661971
0.46698113207547176
0.588235294117647
0.5128205128205129
0.5298013245033113
0.4117647058823529
0.4397905759162304
0.7741935483870969
0.6285714285714286
0.4528301886792453
0.4210526315789474
0.45454545454545453
0.6392694063926941
0.37113402061855666
0.37558685446009393
0.3333333333333333
0.5797101449275363
0.4888888888888889
0.3125
0.5
0.5
0.4173913043478261
0.4988662131519274
0.3252032520325204
0.5
0.4307692307692308
0.42748091603053434
0.5555555555555556
0.5128205128205129
0.583554376657825
0.4020100502512563
0.4411764705882353
0.0909090909090909
0.4046242774566475
0.888888888888889
0.5530726256983242
0.6483790523690773
0.48484848484848486
0.6382978723404256
0.18421052631578946
0.45714285714285713
0.41666666666666663
0.6567607726597324
0.5625000000000001
0.39999999999999997
0.4019138755980862
0.4228187919463087
0.43902439024390244
0.5673352435530087
0.27586206896551724
0.47058823529411764
0.5
0.7692307692307692
0.619718309859155
0.631578947368421
0.46875
0.5806451612903226
0.6008403361344539
0.37668161434977576
0.19834710743801653
0.6376811594202899
0.42857142857142855
0.7679324894514769
0.622754491017964
0.5405405405405405
0.4444444444444445
0.5625
0.5294117647058824
0.7069486404833838
0.7601809954751132
0.6682242990654207
0.3669724770642202
0.4827586206896552
0.5820105820105821
0.4832214765100671
0.8047337278106509
0.5405405405405405
0.2684563758389262
0.6485260770975058
0.5070422535211268
0.4972375690607735
0.7857142857142856
0.6470588235294118
0.4235294117647059
0.4444444444444444
0.5438066465256798
0.5
0.18181818181818182
0.5250596658711217
0.6486486486486486
0.5467289719626168
0.759124087591241
0.6582278481012659
0.5714285714285715
0.45161290322580644
0.4775510204081633
0.6392251815980629
0.6164383561643836
0.6366559485530546
0.38834951456310673
0.41237113402061853
0.6153846153846153
0.631578947368421
0.35555555555555557
0.7512038523274479
0.48813559322033895
0.6091370558375635
0.4
0.4786324786324786
0.5945945945945945
0.27906976744186046
0.5421686746987951
0.34285714285714286
0.6989247311827957
0.4790419161676646
0.5405405405405405
0.5124555160142348
0.3723404255319149
0.2112676056338028
0.2926829268292683
0.816326530612245
0.42452830188679247
0.4560260586319218
0.42857142857142855
0.48484848484848486
0.5517241379310345
0.5073170731707317
0.6470588235294118
0.9411764705882353
0.5034965034965034
0.7241379310344827
0.532258064516129
0.5958333333333333
0.6651162790697676
0.1388888888888889
0.46006389776357826
0.4736842105263158
0.6419753086419754
0.46315789473684216
0.45012787723785164
0.5957446808510638
0.5185185185185186
0.4736842105263158
1.0
0.4585987261146497
0.5405405405405405
0.5584725536992841
0.8089887640449439
0.5298013245033113
0.43373493975903615
0.44295302013422816
0.48484848484848486
0.4827586206896552
0.4615384615384615
0.7466666666666666
0.45652173913043476
0.7838616714697406
0.5194805194805195
0.30379746835443033
0.5555555555555556
0.41543026706231456
0.4422110552763819
0.4210526315789474
0.37500000000000006
0.9090909090909091
0.6962025316455697
0.559322033898305
0.17777777777777778
0.5266457680250783
0.8321678321678322
0.6215139442231075
0.7559055118110236
0.6738660907127431
0.5405405405405405
0.4320987654320988
0.42211055276381904
0.42857142857142855
0.8125
0.6428571428571429
0.5641025641025642
0.29850746268656714
0.4772727272727273
0.5669291338582677
0.6646884272997033
0.4148148148148148
0.622754491017964
0.5820105820105821
0.9375
0.6153846153846153
0.7502467917077985
0.6527196652719665
0.31674208144796384
0.4709480122324159
0.5504587155963303
0.6
0.7446808510638298
0.38961038961038963
0.7692307692307692
0.6858513189448442
0.6359712230215828
0.7044334975369457
0.6866952789699571
0.7567567567567567
1.0
0.5454545454545454
0.4736842105263158
0.2727272727272727
0.7218045112781954
0.5806451612903225
0.6122448979591836
0.5851063829787234
0.5317220543806647
0.5333333333333333
0.5
0.6395348837209303
0.49322493224932257
0.46588235294117647
0.27586206896551724
0.5970149253731343
0.35714285714285715
0.6021505376344085
0.42328042328042326
0.5106382978723404
0.5581395348837208
0.5128205128205129
0.8000000000000002
0.3956043956043956
0.629955947136564
0.7913043478260868
0.7436619718309859
0.6470588235294118
0.4565217391304348
0.5
0.41379310344827586
0.5224274406332453
0.4390243902439025
0.48484848484848486
0.3333333333333333
0.8045977011494253
0.7554479418886199
0.55
0.3060109289617486
0.2937062937062937
0.5142857142857143
0.5847176079734219
0.45161290322580644
0.8387096774193549
0.37433155080213903
0.577319587628866
0.3446153846153846
0.5194805194805195
0.6101694915254238
0.3846153846153846
0.5092592592592592
0.44692737430167595
0.7559055118110236
0.6101694915254238
0.5
0.4444444444444445
1.0
0.5263157894736842
0.39622641509433965
0.41666666666666663
0.6763285024154588
0.4444444444444445
0.6206896551724139
0.25
0.375
0.48484848484848486
0.5128205128205129
0.7006369426751592
0.35820895522388063
0.5113636363636364
0.4793028322440087
0.6629834254143646
0.47696476964769646
0.4628099173553719
0.5892857142857143
0.5454545454545454
0.32608695652173914
0.5853658536585366
0.9393346379647749
0.5442176870748299
0.5909090909090909
0.446215139442231
0.7728237791932058
0.4090909090909091
0.5113636363636364
0.3822525597269624
0.47493403693931396
0.4444444444444445
0.4615384615384615
0.3870967741935484
0.6111111111111113
0.7132867132867132
0.5106382978723405
0.39252336448598135
0.5675675675675675
0.2807017543859649
0.6962025316455697
0.4808743169398907
0.4117647058823529
0.6629526462395543
0.7294589178356713
0.4864864864864865
0.6423357664233577
0.4126074498567336
0.5357142857142858
0.48484848484848486
0.7415730337078651
0.37668161434977576
0.5128205128205129
0.4137931034482759
0.4705882352941177
0.5925925925925926
0.3508771929824561
0.6153846153846153
0.36180904522613067
0.5962732919254657
0.5577689243027889
0.4173913043478261
0.6808510638297872
0.32374100719424465
0.5283018867924528
0.6081081081081081
0.7294589178356713
0.5389221556886228
0.7491638795986622
0.7
0.9655172413793104
0.5882352941176471
0.5783132530120482
0.42567567567567566
0.42328042328042326
0.37037037037037035
0.47058823529411764
0.4433497536945813
0.5194805194805195
0.7330827067669173
0.38626609442060084
0.6486486486486486
0.6521739130434783
0.636144578313253
0.6265060240963856
0.45161290322580644
0.49411764705882344
0.5882352941176471
0.689655172413793
0.5675675675675675
0.42857142857142855
0.2926829268292683
0.5137614678899082
0.2898550724637681
0.6666666666666665
0.5405405405405405
0.5714285714285715
0.7129798903107861
0.577259475218659
0.6043956043956045
0.4666666666666667
0.6050420168067226
0.4851752021563342
0.4848484848484848
0.33027522935779813
0.4948453608247421
0.6470588235294118
0.8035450516986705
0.5804749340369393
0.7123287671232877
0.4986149584487534
0.5263157894736842
1.0
0.6486486486486486
0.326530612244898
0.5986842105263158
0.26666666666666666
0.6965699208443272
0.5579710144927537
0.5714285714285715
0.5541561712846348
0.6150537634408603
0.5309734513274337
0.4615384615384615
0.3076923076923077
0.41025641025641024
0.5357142857142857
0.3243243243243243
0.6088992974238876
0.555956678700361
0.29629629629629634
0.4851752021563342
0.4210526315789474
0.45
0.47058823529411764
0.3404255319148936
0.5089974293059126
0.3973509933774835
0.4444444444444444
0.6153846153846154
0.4195804195804196
0.5333333333333333
0.7216494845360825
0.8547486033519553
0.6428571428571429
0.5923836389280677
0.48484848484848486
0.6842105263157895
0.2448979591836735
0.37894736842105264
0.6
0.5424657534246576
0.7341176470588234
0.4675324675324675
0.5263157894736842
0.7906976744186046
0.4666666666666667
0.4954954954954955
0.6233766233766235
0.5806451612903226
0.49557522123893805
0.45161290322580644
0.4772727272727273
0.5454545454545454
0.598326359832636
0.39622641509433965
0.3800904977375566
1.0
0.4421052631578948
0.5911330049261083
0.4778156996587031
0.5530726256983242
0.6589861751152074
0.5236363636363636
0.41025641025641024
0.3956043956043956
0.36
0.6101694915254238
0.345679012345679
0.28776978417266186
0.6111111111111112
0.3626943005181347
0.5816554809843401
0.6068965517241379
0.291970802919708
0.5475285171102662
0.6451612903225806
0.5809128630705395
0.5454545454545454
0.37656903765690375
0.4307692307692308
0.5714285714285715
0.7109375000000001
0.5911330049261083
0.2962962962962963
0.8856088560885608
0.49079754601226994
0.5647058823529412
0.625250501002004
0.603448275862069
0.5250596658711217
0.5806451612903225
0.4603580562659847
0.3255813953488372
0.35175879396984927
0.5373134328358209
0.8008213552361396
0.5882352941176471
0.41666666666666663
0.5128205128205129
0.5142857142857143
0.6666666666666666
0.35443037974683544
0.40104166666666663
0.7058823529411765
0.6521739130434783
0.7541345093715545
0.8362369337979094
0.8903436988543372
0.3550295857988166
0.6416666666666667
0.6392251815980629
0.5365853658536586
0.6692015209125475
0.4117647058823529
0.6910994764397905
0.7331536388140162
0.48979591836734687
0.48780487804878053
0.3333333333333333
0.5
0.303030303030303
0.5940594059405941
0.391304347826087
0.411764705882353
0.7999999999999999
0.23529411764705882
0.7222222222222222
0.680628272251309
0.742857142857143
0.721311475409836
0.45487364620938625
0.8086642599277979
0.35928143712574856
0.34285714285714286
0.4534412955465587
0.5777777777777778
0.39215686274509803
0.2758620689655172
0.5142857142857143
0.5531914893617021
0.9173693086003373
0.6956521739130435
0.6779661016949153
0.3696369636963696
0.7142857142857143
0.45425867507886436
0.3076923076923077
0.5727272727272726
0.6720516962843296
0.36363636363636365
0.48000000000000004
0.4406779661016949
0.48192771084337344
0.38647342995169076
0.496551724137931
0.9473684210526315
0.6902654867256637
0.4615384615384615
0.6388384754990926
0.4344827586206897
0.5063291139240506
0.515625
0.7384615384615384
0.42
0.27906976744186046
0.6461538461538462
0.6961325966850829
0.8425925925925926
0.43243243243243246
0.5
0.5315161839863713
0.6341463414634148
0.6143344709897611
0.4444444444444445
0.40111420612813375
0.5247813411078717
0.41447368421052627
0.2777777777777778
0.6206896551724139
0.5405405405405405
0.5519713261648745
0.5527638190954774
0.6933333333333334
0.7400881057268723
0.7123287671232877
0.48484848484848486
0.5116279069767442
0.5572755417956656
0.4891304347826087
0.606060606060606
0.38888888888888884
0.4046242774566474
0.4827586206896552
0.39999999999999997
0.4324324324324324
0.4444444444444445
0.6164383561643836
0.5142857142857143
0.583554376657825
0.7489711934156379
0.4819277108433735
0.5936395759717314
0.4752475247524753
0.5777777777777778
0.8149405772495756
0.3380281690140845
0.509090909090909
0.7611940298507464
0.32653061224489793
0.9069212410501194
0.37209302325581395
0.5454545454545454
0.37815126050420167
0.45801526717557256
0.5672727272727273
0.39999999999999997
0.631578947368421
0.5651376146788991
0.606060606060606
0.624
0.56
0.5232558139534884
0.6545454545454545
0.6408450704225351
0.4210526315789474
0.7058823529411765
0.48951048951048953
0.6060606060606061
0.41721854304635764
0.7046979865771811
0.5336927223719677
0.3333333333333333
0.6006825938566553
0.5384615384615384
0.5833333333333334
0.6666666666666667
0.4827586206896552
0.4590163934426229
0.5303030303030303
0.3684210526315789
0.25531914893617025
0.7859649122807016
0.6037151702786377
0.41379310344827586
0.21739130434782608
0.358974358974359
1.0
0.38216560509554137
0.3149606299212599
0.39999999999999997
0.4412607449856733
0.5806451612903226
0.7695560253699789
0.6545454545454545
0.43243243243243246
0.6666666666666665
0.759124087591241
0.5294117647058824
0.6376811594202899
0.547945205479452
0.4430379746835443
0.3932584269662921
0.6666666666666666
0.46242774566473993
0.4974874371859296
0.49606299212598426
0.37004405286343617
0.5410628019323671
0.7272727272727272
0.36842105263157887
0.43478260869565216
0.5106382978723404
0.5031446540880503
0.7804878048780488
0.45454545454545453
0.8914285714285715
0.7516778523489932
0.5853658536585366
0.3191489361702128
0.5882352941176471
0.7317073170731706
0.47696476964769646
0.358974358974359
0.9428076256499133
0.5106382978723405
0.380952380952381
0.37837837837837834
0.38399999999999995
0.5092592592592592
0.45012787723785164
0.5909090909090909
0.5438066465256798
0.45161290322580644
0.743362831858407
0.6593406593406593
0.5882352941176471
0.7806691449814126
0.48000000000000004
0.43781094527363185
0.48461538461538456
0.45161290322580644
0.5901639344262295
0.2571428571428572
0.7692307692307692
0.4528301886792453
0.7100591715976332
0.5538461538461538
0.45161290322580644
0.34782608695652173
0.44783715012722647
0.509090909090909
0.4102564102564102
0.340080971659919
0.5714285714285715
0.6511627906976744
0.43504531722054385
0.5161290322580646
0.5
0.3431372549019608
0.625
0.2803738317757009
0.5994236311239194
0.5783132530120482
0.4137931034482759
0.3535353535353535
0.7692307692307692
0.4123711340206186
0.923076923076923
0.8148148148148148
0.45
0.6542056074766356
0.5853658536585366
0.6724890829694322
0.5124555160142348
0.5194805194805195
0.3646408839779005
0.24242424242424243
0.5906040268456376
0.2962962962962963
0.37499999999999994
0.5031446540880503
0.5031446540880503
0.7207207207207208
0.4921875
0.4324324324324324
0.44117647058823534
0.35000000000000003
0.547945205479452
0.6068965517241379
0.21818181818181814
0.7
0.972972972972973
0.4265402843601896
0.6358381502890174
0.7044334975369457
0.7489711934156379
0.4682274247491639
0.6025104602510459
0.3846153846153846
0.4210526315789474
0.6741573033707865
0.28571428571428575
0.5405405405405405
0.5764192139737991
0.6550868486352357
0.2790697674418604
0.509915014164306
0.5882352941176471
0.5017421602787456
0.40223463687150834
0.6372549019607844
0.6583541147132169
0.45528455284552843
0.624
0.5142857142857143
0.4077669902912621
0.4666666666666667
0.31496062992125984
0.629757785467128
